{'total_steps': 2500000.0, 'learning_rate': 0.0005, 'epsilon': 1e-05, 'state_dict_name': 'policy_d'}
Start Training...
Step: 8192
Mean test reward: 0.3125
Mean eval reward: 0.625
Successful test levels: 33.33333333333333 %
Successful eval levels: 22.22222222222222 %
Step: 16384
Mean test reward: 3.125
Mean eval reward: 0.3125
Successful test levels: 66.66666666666666 %
Successful eval levels: 20.0 %
Step: 24576
Mean test reward: 3.125
Mean eval reward: 5.3125
Successful test levels: 76.92307692307693 %
Successful eval levels: 89.47368421052632 %
Step: 32768
Mean test reward: 6.5625
Mean eval reward: 2.8125
Successful test levels: 52.5 %
Successful eval levels: 29.03225806451613 %
Step: 40960
Mean test reward: 7.8125
Mean eval reward: 8.125
Successful test levels: 59.523809523809526 %
Successful eval levels: 56.52173913043478 %
Step: 49152
Mean test reward: 9.375
Mean eval reward: 7.5
Successful test levels: 63.829787234042556 %
Successful eval levels: 50.0 %
Step: 57344
Mean test reward: 9.6875
Mean eval reward: 7.5
Successful test levels: 56.36363636363636 %
Successful eval levels: 43.63636363636363 %
Step: 65536
Mean test reward: 12.5
Mean eval reward: 10.3125
Successful test levels: 70.17543859649122 %
Successful eval levels: 44.0 %
Step: 73728
Mean test reward: 14.375
Mean eval reward: 10.3125
Successful test levels: 58.22784810126582 %
Successful eval levels: 42.30769230769231 %
Step: 81920
Mean test reward: 16.25
Mean eval reward: 15.9375
Successful test levels: 56.52173913043478 %
Successful eval levels: 56.043956043956044 %
Step: 90112
Mean test reward: 19.375
Mean eval reward: 14.6875
Successful test levels: 68.13186813186813 %
Successful eval levels: 54.65116279069767 %
Step: 98304
Mean test reward: 18.125
Mean eval reward: 15.0
Successful test levels: 57.99999999999999 %
Successful eval levels: 51.61290322580645 %
Step: 106496
Mean test reward: 19.6875
Mean eval reward: 15.3125
Successful test levels: 60.0 %
Successful eval levels: 53.2608695652174 %
Step: 114688
Mean test reward: 25.0
Mean eval reward: 19.0625
Successful test levels: 68.96551724137932 %
Successful eval levels: 55.96330275229357 %
Step: 122880
Mean test reward: 23.75
Mean eval reward: 17.1875
Successful test levels: 62.295081967213115 %
Successful eval levels: 49.549549549549546 %
Step: 131072
Mean test reward: 23.125
Mean eval reward: 23.125
Successful test levels: 64.34782608695652 %
Successful eval levels: 59.199999999999996 %
Step: 139264
Mean test reward: 24.375
Mean eval reward: 18.75
Successful test levels: 60.46511627906976 %
Successful eval levels: 54.054054054054056 %
Step: 147456
Mean test reward: 25.3125
Mean eval reward: 22.5
Successful test levels: 60.447761194029844 %
Successful eval levels: 61.53846153846154 %
Step: 155648
Mean test reward: 30.625
Mean eval reward: 21.25
Successful test levels: 71.53284671532847 %
Successful eval levels: 55.73770491803278 %
Step: 163840
Mean test reward: 24.375
Mean eval reward: 22.5
Successful test levels: 60.9375 %
Successful eval levels: 59.01639344262295 %
Step: 172032
Mean test reward: 29.375
Mean eval reward: 23.4375
Successful test levels: 68.11594202898551 %
Successful eval levels: 59.055118110236215 %
Step: 180224
Mean test reward: 25.0
Mean eval reward: 21.25
Successful test levels: 61.53846153846154 %
Successful eval levels: 51.908396946564885 %
Step: 188416
Mean test reward: 22.8125
Mean eval reward: 22.8125
Successful test levels: 54.47761194029851 %
Successful eval levels: 55.3030303030303 %
Step: 196608
Mean test reward: 29.6875
Mean eval reward: 25.625
Successful test levels: 73.07692307692307 %
Successful eval levels: 63.565891472868216 %
Step: 204800
Mean test reward: 24.6875
Mean eval reward: 25.9375
Successful test levels: 61.71875 %
Successful eval levels: 61.48148148148148 %
Step: 212992
Mean test reward: 29.375
Mean eval reward: 28.75
Successful test levels: 65.73426573426573 %
Successful eval levels: 73.01587301587301 %
Step: 221184
Mean test reward: 31.25
Mean eval reward: 25.0
Successful test levels: 68.02721088435374 %
Successful eval levels: 62.99212598425197 %
Step: 229376
Mean test reward: 33.125
Mean eval reward: 27.1875
Successful test levels: 71.14093959731544 %
Successful eval levels: 63.04347826086957 %
Step: 237568
Mean test reward: 27.8125
Mean eval reward: 24.375
Successful test levels: 64.02877697841727 %
Successful eval levels: 59.541984732824424 %
Step: 245760
Mean test reward: 34.0625
Mean eval reward: 29.6875
Successful test levels: 69.87179487179486 %
Successful eval levels: 66.43356643356644 %
Step: 253952
Mean test reward: 30.3125
Mean eval reward: 25.0
Successful test levels: 64.23841059602648 %
Successful eval levels: 67.79661016949152 %
Step: 262144
Mean test reward: 30.0
Mean eval reward: 22.5
Successful test levels: 61.935483870967744 %
Successful eval levels: 54.54545454545454 %
Step: 270336
Mean test reward: 34.375
Mean eval reward: 25.3125
Successful test levels: 66.26506024096386 %
Successful eval levels: 59.55882352941176 %
Step: 278528
Mean test reward: 28.125
Mean eval reward: 24.375
Successful test levels: 62.5 %
Successful eval levels: 57.77777777777777 %
Step: 286720
Mean test reward: 29.375
Mean eval reward: 26.5625
Successful test levels: 65.27777777777779 %
Successful eval levels: 60.71428571428571 %
Step: 294912
Mean test reward: 36.875
Mean eval reward: 24.0625
Successful test levels: 74.21383647798741 %
Successful eval levels: 61.6 %
Step: 303104
Mean test reward: 27.1875
Mean eval reward: 24.6875
Successful test levels: 62.589928057553955 %
Successful eval levels: 60.76923076923077 %
Step: 311296
Mean test reward: 25.3125
Mean eval reward: 24.6875
Successful test levels: 58.69565217391305 %
Successful eval levels: 59.84848484848485 %
Step: 319488
Mean test reward: 31.875
Mean eval reward: 27.1875
Successful test levels: 68.45637583892618 %
Successful eval levels: 63.970588235294116 %
Step: 327680
Mean test reward: 33.4375
Mean eval reward: 23.4375
Successful test levels: 70.39473684210526 %
Successful eval levels: 56.81818181818182 %
Step: 335872
Mean test reward: 30.625
Mean eval reward: 25.3125
Successful test levels: 63.63636363636363 %
Successful eval levels: 58.27338129496403 %
Step: 344064
Mean test reward: 32.5
Mean eval reward: 29.6875
Successful test levels: 71.72413793103448 %
Successful eval levels: 63.33333333333333 %
Step: 352256
Mean test reward: 35.0
Mean eval reward: 29.375
Successful test levels: 64.73988439306359 %
Successful eval levels: 66.19718309859155 %
Step: 360448
Mean test reward: 38.4375
Mean eval reward: 27.5
Successful test levels: 70.6896551724138 %
Successful eval levels: 57.14285714285714 %
Step: 368640
Mean test reward: 35.9375
Mean eval reward: 30.625
Successful test levels: 66.86046511627907 %
Successful eval levels: 63.2258064516129 %
Step: 376832
Mean test reward: 35.0
Mean eval reward: 30.625
Successful test levels: 67.06586826347305 %
Successful eval levels: 63.63636363636363 %
Step: 385024
Mean test reward: 42.5
Mean eval reward: 32.8125
Successful test levels: 74.72527472527473 %
Successful eval levels: 64.02439024390245 %
Step: 393216
Mean test reward: 44.6875
Mean eval reward: 34.6875
Successful test levels: 73.71134020618557 %
Successful eval levels: 71.15384615384616 %
Step: 401408
Mean test reward: 36.25
Mean eval reward: 30.9375
Successful test levels: 67.05202312138728 %
Successful eval levels: 59.63855421686747 %
Step: 409600
Mean test reward: 39.0625
Mean eval reward: 34.0625
Successful test levels: 73.96449704142012 %
Successful eval levels: 59.56284153005464 %
Step: 417792
Mean test reward: 42.1875
Mean eval reward: 30.9375
Successful test levels: 71.80851063829788 %
Successful eval levels: 63.87096774193548 %
Step: 425984
Mean test reward: 45.9375
Mean eval reward: 37.1875
Successful test levels: 76.16580310880829 %
Successful eval levels: 63.297872340425535 %
Step: 434176
Mean test reward: 39.6875
Mean eval reward: 35.0
Successful test levels: 67.5531914893617 %
Successful eval levels: 62.92134831460674 %
Step: 442368
Mean test reward: 44.6875
Mean eval reward: 37.8125
Successful test levels: 72.58883248730965 %
Successful eval levels: 65.76086956521739 %
Step: 450560
Mean test reward: 42.8125
Mean eval reward: 37.8125
Successful test levels: 69.54314720812182 %
Successful eval levels: 68.36158192090396 %
Step: 458752
Mean test reward: 41.5625
Mean eval reward: 33.75
Successful test levels: 71.89189189189189 %
Successful eval levels: 67.08074534161491 %
Step: 466944
Mean test reward: 46.5625
Mean eval reward: 37.5
Successful test levels: 77.2020725388601 %
Successful eval levels: 63.1578947368421 %
Step: 475136
Mean test reward: 43.125
Mean eval reward: 34.375
Successful test levels: 75.0 %
Successful eval levels: 68.75 %
Step: 483328
Mean test reward: 44.6875
Mean eval reward: 36.25
Successful test levels: 72.95918367346938 %
Successful eval levels: 68.23529411764706 %
Step: 491520
Mean test reward: 44.375
Mean eval reward: 34.6875
Successful test levels: 71.0 %
Successful eval levels: 67.6829268292683 %
Step: 499712
Mean test reward: 44.6875
Mean eval reward: 32.5
Successful test levels: 68.0952380952381 %
Successful eval levels: 62.65060240963856 %
Step: 507904
Mean test reward: 45.9375
Mean eval reward: 35.9375
Successful test levels: 72.77227722772277 %
Successful eval levels: 61.82795698924731 %
Step: 516096
Mean test reward: 45.3125
Mean eval reward: 34.0625
Successful test levels: 76.31578947368422 %
Successful eval levels: 65.26946107784431 %
Step: 524288
Mean test reward: 44.6875
Mean eval reward: 30.0
Successful test levels: 77.29729729729729 %
Successful eval levels: 63.1578947368421 %
Step: 532480
Mean test reward: 45.3125
Mean eval reward: 33.4375
Successful test levels: 76.71957671957672 %
Successful eval levels: 64.07185628742515 %
Step: 540672
Mean test reward: 41.5625
Mean eval reward: 34.6875
Successful test levels: 76.0 %
Successful eval levels: 66.46706586826348 %
Step: 548864
Mean test reward: 45.625
Mean eval reward: 34.375
Successful test levels: 74.48979591836735 %
Successful eval levels: 63.95348837209303 %
Step: 557056
Mean test reward: 47.1875
Mean eval reward: 37.8125
Successful test levels: 77.83505154639175 %
Successful eval levels: 70.76023391812866 %
Step: 565248
Mean test reward: 50.0
Mean eval reward: 29.375
Successful test levels: 80.8080808080808 %
Successful eval levels: 59.11949685534591 %
Step: 573440
Mean test reward: 48.4375
Mean eval reward: 34.6875
Successful test levels: 76.73267326732673 %
Successful eval levels: 66.86746987951807 %
Step: 581632
Mean test reward: 44.0625
Mean eval reward: 35.3125
Successful test levels: 76.21621621621621 %
Successful eval levels: 67.26190476190477 %
Step: 589824
Mean test reward: 43.4375
Mean eval reward: 33.125
Successful test levels: 78.53107344632768 %
Successful eval levels: 69.28104575163398 %
Step: 598016
Mean test reward: 38.75
Mean eval reward: 34.6875
Successful test levels: 77.9874213836478 %
Successful eval levels: 71.15384615384616 %
Step: 606208
Mean test reward: 46.25
Mean eval reward: 36.25
Successful test levels: 77.4869109947644 %
Successful eval levels: 68.23529411764706 %
Step: 614400
Mean test reward: 41.875
Mean eval reward: 29.0625
Successful test levels: 78.3625730994152 %
Successful eval levels: 55.35714285714286 %
Step: 622592
Mean test reward: 41.5625
Mean eval reward: 30.0
Successful test levels: 74.71910112359551 %
Successful eval levels: 58.536585365853654 %
Step: 630784
Mean test reward: 45.0
Mean eval reward: 27.1875
Successful test levels: 78.26086956521739 %
Successful eval levels: 57.99999999999999 %
Step: 638976
Mean test reward: 46.25
Mean eval reward: 30.9375
Successful test levels: 78.3068783068783 %
Successful eval levels: 63.05732484076433 %
Step: 647168
Mean test reward: 44.375
Mean eval reward: 31.557281494140625
Successful test levels: 78.45303867403315 %
Successful eval levels: 61.212121212121204 %
Step: 655360
Mean test reward: 46.25
Mean eval reward: 32.134422302246094
Successful test levels: 76.28865979381443 %
Successful eval levels: 68.66666666666667 %
Step: 663552
Mean test reward: 44.0625
Mean eval reward: 31.469402313232422
Successful test levels: 75.80645161290323 %
Successful eval levels: 65.16129032258064 %
Step: 671744
Mean test reward: 47.8125
Mean eval reward: 37.3213996887207
Successful test levels: 81.81818181818183 %
Successful eval levels: 68.18181818181817 %
Step: 679936
Mean test reward: 42.5
Mean eval reward: 38.45505905151367
Successful test levels: 76.40449438202246 %
Successful eval levels: 70.05649717514125 %
Step: 688128
Mean test reward: 45.9375
Mean eval reward: 36.19200897216797
Successful test levels: 76.96335078534031 %
Successful eval levels: 68.82352941176471 %
Step: 696320
Mean test reward: 46.5625
Mean eval reward: 37.958683013916016
Successful test levels: 82.32044198895028 %
Successful eval levels: 65.42553191489363 %
Step: 704512
Mean test reward: 46.875
Mean eval reward: 32.95293426513672
Successful test levels: 79.7872340425532 %
Successful eval levels: 68.15286624203821 %
Step: 712704
Mean test reward: 40.625
Mean eval reward: 27.384490966796875
Successful test levels: 72.62569832402235 %
Successful eval levels: 56.68789808917197 %
Step: 720896
Mean test reward: 41.875
Mean eval reward: 30.74016761779785
Successful test levels: 73.224043715847 %
Successful eval levels: 60.60606060606061 %
Step: 729088
Mean test reward: 45.0
Mean eval reward: 30.72203826904297
Successful test levels: 76.19047619047619 %
Successful eval levels: 66.22516556291392 %
Step: 737280
Mean test reward: 43.75
Mean eval reward: 33.1340217590332
Successful test levels: 78.65168539325843 %
Successful eval levels: 65.06024096385542 %
Step: 745472
Mean test reward: 43.4375
Mean eval reward: 27.281160354614258
Successful test levels: 75.54347826086956 %
Successful eval levels: 63.12056737588653 %
Step: 753664
Mean test reward: 49.375
Mean eval reward: 37.97232437133789
Successful test levels: 77.07317073170732 %
Successful eval levels: 71.26436781609196 %
Step: 761856
Mean test reward: 52.1875
Mean eval reward: 36.04829406738281
Successful test levels: 81.06796116504854 %
Successful eval levels: 65.92178770949721 %
Step: 770048
Mean test reward: 48.75
Mean eval reward: 31.726858139038086
Successful test levels: 79.59183673469387 %
Successful eval levels: 62.65060240963856 %
Step: 778240
Mean test reward: 48.4375
Mean eval reward: 32.30415344238281
Successful test levels: 79.48717948717949 %
Successful eval levels: 65.4320987654321 %
Step: 786432
Mean test reward: 49.0625
Mean eval reward: 31.05161476135254
Successful test levels: 78.89447236180904 %
Successful eval levels: 67.54966887417218 %
Step: 794624
Mean test reward: 46.875
Mean eval reward: 34.66566467285156
Successful test levels: 81.9672131147541 %
Successful eval levels: 67.05882352941175 %
Step: 802816
Mean test reward: 44.375
Mean eval reward: 32.188629150390625
Successful test levels: 80.68181818181817 %
Successful eval levels: 61.27167630057804 %
Step: 811008
Mean test reward: 46.25
Mean eval reward: 34.27404022216797
Successful test levels: 72.9064039408867 %
Successful eval levels: 64.57142857142857 %
Step: 819200
Mean test reward: 41.5625
Mean eval reward: 35.43431091308594
Successful test levels: 75.56818181818183 %
Successful eval levels: 65.0 %
Step: 827392
Mean test reward: 48.4375
Mean eval reward: 32.35896682739258
Successful test levels: 83.33333333333334 %
Successful eval levels: 65.2439024390244 %
Step: 835584
Mean test reward: 51.25
Mean eval reward: 32.627174377441406
Successful test levels: 85.86387434554975 %
Successful eval levels: 63.905325443786985 %
Step: 843776
Mean test reward: 58.4375
Mean eval reward: 30.486549377441406
Successful test levels: 87.38317757009347 %
Successful eval levels: 64.3312101910828 %
Step: 851968
Mean test reward: 46.875
Mean eval reward: 32.575687408447266
Successful test levels: 80.64516129032258 %
Successful eval levels: 66.66666666666666 %
Step: 860160
Mean test reward: 48.125
Mean eval reward: 35.8459587097168
Successful test levels: 78.1725888324873 %
Successful eval levels: 68.78612716763006 %
Step: 868352
Mean test reward: 48.4375
Mean eval reward: 32.786800384521484
Successful test levels: 82.88770053475936 %
Successful eval levels: 63.74269005847953 %
Step: 876544
Mean test reward: 43.4375
Mean eval reward: 35.74545669555664
Successful test levels: 83.73493975903614 %
Successful eval levels: 69.18604651162791 %
Step: 884736
Mean test reward: 42.1875
Mean eval reward: 32.3966064453125
Successful test levels: 74.17582417582418 %
Successful eval levels: 66.66666666666666 %
Step: 892928
Mean test reward: 46.25
Mean eval reward: 31.47873306274414
Successful test levels: 79.14438502673798 %
Successful eval levels: 67.74193548387096 %
Step: 901120
Mean test reward: 41.5625
Mean eval reward: 36.82781982421875
Successful test levels: 77.32558139534885 %
Successful eval levels: 75.0 %
Step: 909312
Mean test reward: 54.375
Mean eval reward: 34.98467254638672
Successful test levels: 86.56716417910447 %
Successful eval levels: 66.85714285714286 %
Step: 917504
Mean test reward: 50.9375
Mean eval reward: 34.939231872558594
Successful test levels: 79.12621359223301 %
Successful eval levels: 67.63005780346822 %
Step: 925696
Mean test reward: 42.1875
Mean eval reward: 28.940048217773438
Successful test levels: 79.88165680473372 %
Successful eval levels: 62.17948717948718 %
Step: 933888
Mean test reward: 47.1875
Mean eval reward: 25.35909652709961
Successful test levels: 84.35754189944134 %
Successful eval levels: 57.04697986577181 %
Step: 942080
Mean test reward: 45.9375
Mean eval reward: 26.56570053100586
Successful test levels: 84.0 %
Successful eval levels: 60.13513513513513 %
Step: 950272
Mean test reward: 51.25
Mean eval reward: 32.813011169433594
Successful test levels: 85.86387434554975 %
Successful eval levels: 70.51282051282051 %
Step: 958464
Mean test reward: 41.25
Mean eval reward: 25.34889030456543
Successful test levels: 77.64705882352942 %
Successful eval levels: 63.90977443609023 %
Step: 966656
Mean test reward: 42.5
Mean eval reward: 30.119068145751953
Successful test levels: 83.9506172839506 %
Successful eval levels: 69.17808219178082 %
Step: 974848
Mean test reward: 47.1875
Mean eval reward: 33.66728210449219
Successful test levels: 83.88888888888889 %
Successful eval levels: 73.37662337662337 %
Step: 983040
Mean test reward: 45.625
Mean eval reward: 27.108234405517578
Successful test levels: 84.88372093023256 %
Successful eval levels: 61.07382550335571 %
Step: 991232
Mean test reward: 42.1875
Mean eval reward: 34.23233413696289
Successful test levels: 83.85093167701864 %
Successful eval levels: 67.2514619883041 %
Step: 999424
Mean test reward: 45.3125
Mean eval reward: 30.930147171020508
Successful test levels: 84.7953216374269 %
Successful eval levels: 65.82278481012658 %
Step: 1007616
Mean test reward: 45.9375
Mean eval reward: 25.57103729248047
Successful test levels: 84.0 %
Successful eval levels: 58.108108108108105 %
Step: 1015808
Mean test reward: 39.0625
Mean eval reward: 27.064931869506836
Successful test levels: 87.41258741258741 %
Successful eval levels: 59.47712418300654 %
Step: 1024000
Mean test reward: 46.25
Mean eval reward: 32.406982421875
Successful test levels: 85.0574712643678 %
Successful eval levels: 68.9873417721519 %
Step: 1032192
Mean test reward: 47.5
Mean eval reward: 30.603971481323242
Successful test levels: 85.39325842696628 %
Successful eval levels: 69.12751677852349 %
Step: 1040384
Mean test reward: 46.5625
Mean eval reward: 23.475149154663086
Successful test levels: 85.14285714285714 %
Successful eval levels: 58.51851851851851 %
Step: 1048576
Mean test reward: 42.8125
Mean eval reward: 28.82171630859375
Successful test levels: 83.53658536585365 %
Successful eval levels: 68.79432624113475 %
Step: 1056768
Mean test reward: 49.0625
Mean eval reward: 31.490428924560547
Successful test levels: 86.74033149171271 %
Successful eval levels: 64.24242424242425 %
Step: 1064960
Mean test reward: 54.375
Mean eval reward: 27.61749267578125
Successful test levels: 85.71428571428571 %
Successful eval levels: 64.13793103448275 %
Step: 1073152
Mean test reward: 43.75
Mean eval reward: 32.35856628417969
Successful test levels: 81.87134502923976 %
Successful eval levels: 65.26946107784431 %
Step: 1081344
Mean test reward: 52.5
Mean eval reward: 29.673904418945312
Successful test levels: 87.95811518324608 %
Successful eval levels: 64.93506493506493 %
Step: 1089536
Mean test reward: 47.1875
Mean eval reward: 26.992271423339844
Successful test levels: 83.42541436464089 %
Successful eval levels: 63.19444444444444 %
Step: 1097728
Mean test reward: 45.625
Mean eval reward: 27.882211685180664
Successful test levels: 85.38011695906432 %
Successful eval levels: 67.14285714285714 %
Step: 1105920
Mean test reward: 42.8125
Mean eval reward: 29.07369613647461
Successful test levels: 82.03592814371258 %
Successful eval levels: 66.66666666666666 %
Step: 1114112
Mean test reward: 44.6875
Mean eval reward: 34.08563995361328
Successful test levels: 87.1951219512195 %
Successful eval levels: 70.5521472392638 %
Step: 1122304
Mean test reward: 48.125
Mean eval reward: 32.282310485839844
Successful test levels: 87.00564971751412 %
Successful eval levels: 68.55345911949685 %
Step: 1130496
Mean test reward: 44.0625
Mean eval reward: 32.56304931640625
Successful test levels: 80.11363636363636 %
Successful eval levels: 69.62025316455697 %
Step: 1138688
Mean test reward: 51.25
Mean eval reward: 32.53872299194336
Successful test levels: 87.70053475935828 %
Successful eval levels: 68.32298136645963 %
Step: 1146880
Mean test reward: 49.6875
Mean eval reward: 28.387351989746094
Successful test levels: 87.84530386740332 %
Successful eval levels: 67.13286713286713 %
Step: 1155072
Mean test reward: 42.5
Mean eval reward: 35.45363235473633
Successful test levels: 79.53216374269006 %
Successful eval levels: 73.17073170731707 %
Step: 1163264
Mean test reward: 40.0
Mean eval reward: 32.77171325683594
Successful test levels: 84.21052631578947 %
Successful eval levels: 68.94409937888199 %
Step: 1171456
Mean test reward: 39.0625
Mean eval reward: 30.684389114379883
Successful test levels: 81.69934640522875 %
Successful eval levels: 64.19753086419753 %
Step: 1179648
Mean test reward: 43.75
Mean eval reward: 33.034183502197266
Successful test levels: 85.36585365853658 %
Successful eval levels: 69.1358024691358 %
Step: 1187840
Mean test reward: 43.125
Mean eval reward: 33.00633239746094
Successful test levels: 86.79245283018868 %
Successful eval levels: 70.0 %
Step: 1196032
Mean test reward: 43.75
Mean eval reward: 25.92992401123047
Successful test levels: 86.41975308641975 %
Successful eval levels: 66.66666666666666 %
Step: 1204224
Mean test reward: 42.1875
Mean eval reward: 24.170644760131836
Successful test levels: 82.3170731707317 %
Successful eval levels: 64.56692913385827 %
Step: 1212416
Mean test reward: 42.8125
Mean eval reward: 25.94412612915039
Successful test levels: 79.65116279069767 %
Successful eval levels: 64.70588235294117 %
Step: 1220608
Mean test reward: 42.5
Mean eval reward: 25.36348533630371
Successful test levels: 89.47368421052632 %
Successful eval levels: 61.87050359712231 %
Step: 1228800
Mean test reward: 39.0625
Mean eval reward: 31.253707885742188
Successful test levels: 82.23684210526315 %
Successful eval levels: 72.6027397260274 %
Step: 1236992
Mean test reward: 48.4375
Mean eval reward: 22.999683380126953
Successful test levels: 88.06818181818183 %
Successful eval levels: 60.0 %
Step: 1245184
Mean test reward: 45.3125
Mean eval reward: 28.904081344604492
Successful test levels: 86.30952380952381 %
Successful eval levels: 63.63636363636363 %
Step: 1253376
Mean test reward: 45.0
Mean eval reward: 33.31036376953125
Successful test levels: 88.88888888888889 %
Successful eval levels: 70.625 %
Step: 1261568
Mean test reward: 42.8125
Mean eval reward: 33.583152770996094
Successful test levels: 88.96103896103897 %
Successful eval levels: 73.07692307692307 %
Step: 1269760
Mean test reward: 45.3125
Mean eval reward: 29.738525390625
Successful test levels: 86.82634730538922 %
Successful eval levels: 69.17808219178082 %
Step: 1277952
Mean test reward: 43.125
Mean eval reward: 32.07809066772461
Successful test levels: 84.66257668711657 %
Successful eval levels: 75.69444444444444 %
Step: 1286144
Mean test reward: 43.75
Mean eval reward: 32.65200424194336
Successful test levels: 86.41975308641975 %
Successful eval levels: 75.51020408163265 %
Step: 1294336
Mean test reward: 45.625
Mean eval reward: 32.924442291259766
Successful test levels: 86.90476190476191 %
Successful eval levels: 69.56521739130434 %
Step: 1302528
Mean test reward: 42.5
Mean eval reward: 27.62262725830078
Successful test levels: 90.06622516556291 %
Successful eval levels: 64.38356164383562 %
Step: 1310720
Mean test reward: 45.625
Mean eval reward: 36.13046646118164
Successful test levels: 86.90476190476191 %
Successful eval levels: 74.09638554216868 %
Step: 1318912
Mean test reward: 45.625
Mean eval reward: 29.067035675048828
Successful test levels: 84.39306358381504 %
Successful eval levels: 64.28571428571429 %
Step: 1327104
Mean test reward: 43.4375
Mean eval reward: 34.04053497314453
Successful test levels: 85.2760736196319 %
Successful eval levels: 70.3030303030303 %
Step: 1335296
Mean test reward: 42.5
Mean eval reward: 29.621490478515625
Successful test levels: 88.31168831168831 %
Successful eval levels: 70.62937062937063 %
Step: 1343488
Mean test reward: 36.875
Mean eval reward: 30.49645233154297
Successful test levels: 78.1456953642384 %
Successful eval levels: 70.74829931972789 %
Step: 1351680
Mean test reward: 49.6875
Mean eval reward: 34.57747268676758
Successful test levels: 89.32584269662921 %
Successful eval levels: 75.64102564102564 %
Step: 1359872
Mean test reward: 42.8125
Mean eval reward: 32.507869720458984
Successful test levels: 88.96103896103897 %
Successful eval levels: 70.25316455696202 %
Step: 1368064
Mean test reward: 44.0625
Mean eval reward: 23.723163604736328
Successful test levels: 91.55844155844156 %
Successful eval levels: 58.27338129496403 %
Step: 1376256
Mean test reward: 40.625
Mean eval reward: 29.874584197998047
Successful test levels: 80.74534161490683 %
Successful eval levels: 72.3404255319149 %
Step: 1384448
Mean test reward: 46.5625
Mean eval reward: 28.112733840942383
Successful test levels: 87.13450292397661 %
Successful eval levels: 66.20689655172414 %
Step: 1392640
Mean test reward: 43.75
Mean eval reward: 28.40793800354004
Successful test levels: 86.41975308641975 %
Successful eval levels: 65.98639455782312 %
Step: 1400832
Mean test reward: 40.3125
Mean eval reward: 30.447799682617188
Successful test levels: 83.76623376623377 %
Successful eval levels: 68.87417218543047 %
Step: 1409024
Mean test reward: 40.625
Mean eval reward: 24.007123947143555
Successful test levels: 84.4155844155844 %
Successful eval levels: 61.65413533834586 %
Step: 1417216
Mean test reward: 46.25
Mean eval reward: 30.74651336669922
Successful test levels: 90.2439024390244 %
Successful eval levels: 66.87898089171973 %
Step: 1425408
Mean test reward: 43.75
Mean eval reward: 31.90391731262207
Successful test levels: 83.33333333333334 %
Successful eval levels: 65.26946107784431 %
Step: 1433600
Mean test reward: 45.0
Mean eval reward: 30.71808624267578
Successful test levels: 87.8048780487805 %
Successful eval levels: 68.62745098039215 %
Step: 1441792
Mean test reward: 43.125
Mean eval reward: 24.28630256652832
Successful test levels: 88.46153846153845 %
Successful eval levels: 66.4 %
Step: 1449984
Mean test reward: 40.3125
Mean eval reward: 26.337907791137695
Successful test levels: 87.16216216216216 %
Successful eval levels: 65.21739130434783 %
Step: 1458176
Mean test reward: 40.0
Mean eval reward: 28.9740047454834
Successful test levels: 79.5031055900621 %
Successful eval levels: 62.65822784810127 %
Step: 1466368
Mean test reward: 42.5
Mean eval reward: 29.264999389648438
Successful test levels: 86.07594936708861 %
Successful eval levels: 66.22516556291392 %
Step: 1474560
Mean test reward: 45.625
Mean eval reward: 27.794376373291016
Successful test levels: 85.88235294117646 %
Successful eval levels: 67.37588652482269 %
Step: 1482752
Mean test reward: 43.4375
Mean eval reward: 30.423900604248047
Successful test levels: 85.2760736196319 %
Successful eval levels: 68.87417218543047 %
Step: 1490944
Mean test reward: 49.0625
Mean eval reward: 31.290252685546875
Successful test levels: 92.89940828402366 %
Successful eval levels: 69.03225806451613 %
Step: 1499136
Mean test reward: 48.125
Mean eval reward: 27.48389434814453
Successful test levels: 89.53488372093024 %
Successful eval levels: 60.64516129032258 %
Step: 1507328
Mean test reward: 45.625
Mean eval reward: 29.526309967041016
Successful test levels: 82.48587570621469 %
Successful eval levels: 66.44736842105263 %
Step: 1515520
Mean test reward: 44.0625
Mean eval reward: 29.529552459716797
Successful test levels: 86.50306748466258 %
Successful eval levels: 68.70748299319727 %
Step: 1523712
Mean test reward: 46.5625
Mean eval reward: 31.560779571533203
Successful test levels: 86.1271676300578 %
Successful eval levels: 77.6978417266187 %
Step: 1531904
Mean test reward: 50.9375
Mean eval reward: 30.677385330200195
Successful test levels: 87.16577540106952 %
Successful eval levels: 67.74193548387096 %
Step: 1540096
Mean test reward: 49.0625
Mean eval reward: 29.50202751159668
Successful test levels: 88.20224719101124 %
Successful eval levels: 69.6551724137931 %
Step: 1548288
Mean test reward: 44.375
Mean eval reward: 32.99794387817383
Successful test levels: 85.54216867469879 %
Successful eval levels: 69.75308641975309 %
Step: 1556480
Mean test reward: 44.0625
Mean eval reward: 34.14418411254883
Successful test levels: 89.80891719745223 %
Successful eval levels: 75.48387096774194 %
Step: 1564672
Mean test reward: 47.5
Mean eval reward: 29.4645938873291
Successful test levels: 86.85714285714286 %
Successful eval levels: 70.62937062937063 %
Step: 1572864
Mean test reward: 48.125
Mean eval reward: 28.292150497436523
Successful test levels: 88.50574712643679 %
Successful eval levels: 68.30985915492957 %
Step: 1581056
Mean test reward: 53.125
Mean eval reward: 31.495559692382812
Successful test levels: 88.54166666666666 %
Successful eval levels: 65.06024096385542 %
Step: 1589248
Mean test reward: 40.3125
Mean eval reward: 30.612497329711914
Successful test levels: 84.86842105263158 %
Successful eval levels: 71.91780821917808 %
Step: 1597440
Mean test reward: 43.4375
Mean eval reward: 30.02175521850586
Successful test levels: 86.875 %
Successful eval levels: 68.21192052980133 %
Step: 1605632
Mean test reward: 41.25
Mean eval reward: 36.41191101074219
Successful test levels: 88.0 %
Successful eval levels: 78.61635220125787 %
Step: 1613824
Mean test reward: 44.375
Mean eval reward: 32.31707763671875
Successful test levels: 88.75 %
Successful eval levels: 74.49664429530202 %
Step: 1622016
Mean test reward: 42.5
Mean eval reward: 28.522329330444336
Successful test levels: 86.07594936708861 %
Successful eval levels: 70.0 %
Step: 1630208
Mean test reward: 45.625
Mean eval reward: 24.1622314453125
Successful test levels: 88.48484848484848 %
Successful eval levels: 64.84375 %
Step: 1638400
Mean test reward: 44.0625
Mean eval reward: 23.58739471435547
Successful test levels: 87.03703703703704 %
Successful eval levels: 64.28571428571429 %
Step: 1646592
Mean test reward: 38.75
Mean eval reward: 23.015451431274414
Successful test levels: 82.66666666666667 %
Successful eval levels: 65.28925619834712 %
Step: 1654784
Mean test reward: 40.625
Mean eval reward: 21.570363998413086
Successful test levels: 84.4155844155844 %
Successful eval levels: 67.27272727272727 %
Step: 1662976
Mean test reward: 44.375
Mean eval reward: 22.16229820251465
Successful test levels: 88.19875776397515 %
Successful eval levels: 73.7864077669903 %
Step: 1671168
Mean test reward: 41.875
Mean eval reward: 28.877010345458984
Successful test levels: 89.93288590604027 %
Successful eval levels: 81.81818181818183 %
Step: 1679360
Mean test reward: 37.1875
Mean eval reward: 19.25676155090332
Successful test levels: 86.86131386861314 %
Successful eval levels: 64.70588235294117 %
Step: 1687552
Mean test reward: 38.125
Mean eval reward: 19.856403350830078
Successful test levels: 90.37037037037037 %
Successful eval levels: 68.0 %
Step: 1695744
Mean test reward: 37.1875
Mean eval reward: 24.248212814331055
Successful test levels: 90.15151515151516 %
Successful eval levels: 76.85185185185185 %
Step: 1703936
Mean test reward: 47.8125
Mean eval reward: 24.545862197875977
Successful test levels: 90.53254437869822 %
Successful eval levels: 68.29268292682927 %
Step: 1712128
Mean test reward: 39.6875
Mean eval reward: 24.844804763793945
Successful test levels: 85.8108108108108 %
Successful eval levels: 71.42857142857143 %
Step: 1720320
Mean test reward: 49.6875
Mean eval reward: 28.06104850769043
Successful test levels: 89.83050847457628 %
Successful eval levels: 73.2824427480916 %
Step: 1728512
Mean test reward: 42.5
Mean eval reward: 26.015182495117188
Successful test levels: 88.31168831168831 %
Successful eval levels: 68.9922480620155 %
Step: 1736704
Mean test reward: 48.75
Mean eval reward: 28.941450119018555
Successful test levels: 90.17341040462428 %
Successful eval levels: 69.23076923076923 %
Step: 1744896
Mean test reward: 49.375
Mean eval reward: 28.062747955322266
Successful test levels: 88.26815642458101 %
Successful eval levels: 64.0 %
Step: 1753088
Mean test reward: 43.4375
Mean eval reward: 30.106128692626953
Successful test levels: 92.05298013245033 %
Successful eval levels: 76.86567164179104 %
Step: 1761280
Mean test reward: 45.0
Mean eval reward: 28.929149627685547
Successful test levels: 88.88888888888889 %
Successful eval levels: 72.26277372262774 %
Step: 1769472
Mean test reward: 42.5
Mean eval reward: 25.719898223876953
Successful test levels: 88.31168831168831 %
Successful eval levels: 70.96774193548387 %
Step: 1777664
Mean test reward: 43.75
Mean eval reward: 28.056537628173828
Successful test levels: 89.74358974358975 %
Successful eval levels: 68.08510638297872 %
Step: 1785856
Mean test reward: 42.5
Mean eval reward: 25.719181060791016
Successful test levels: 87.74193548387098 %
Successful eval levels: 64.70588235294117 %
Step: 1794048
Mean test reward: 40.9375
Mean eval reward: 30.689002990722656
Successful test levels: 90.3448275862069 %
Successful eval levels: 78.35820895522389 %
Step: 1802240
Mean test reward: 45.3125
Mean eval reward: 29.217941284179688
Successful test levels: 88.41463414634147 %
Successful eval levels: 73.52941176470588 %
Step: 1810432
Mean test reward: 46.875
Mean eval reward: 27.76142120361328
Successful test levels: 89.28571428571429 %
Successful eval levels: 68.84057971014492 %
Step: 1818624
Mean test reward: 41.25
Mean eval reward: 23.673521041870117
Successful test levels: 84.61538461538461 %
Successful eval levels: 65.85365853658537 %
Step: 1826816
Mean test reward: 39.375
Mean eval reward: 27.186344146728516
Successful test levels: 93.33333333333333 %
Successful eval levels: 64.13793103448275 %
Step: 1835008
Mean test reward: 37.5
Mean eval reward: 31.56381607055664
Successful test levels: 91.6030534351145 %
Successful eval levels: 73.97260273972603 %
Step: 1843200
Mean test reward: 36.5625
Mean eval reward: 27.76361656188965
Successful test levels: 89.31297709923665 %
Successful eval levels: 70.37037037037037 %
Step: 1851392
Mean test reward: 33.75
Mean eval reward: 29.512989044189453
Successful test levels: 85.03937007874016 %
Successful eval levels: 73.72262773722628 %
Step: 1859584
Mean test reward: 42.8125
Mean eval reward: 29.797666549682617
Successful test levels: 88.96103896103897 %
Successful eval levels: 70.83333333333334 %
Step: 1867776
Mean test reward: 37.8125
Mean eval reward: 26.293413162231445
Successful test levels: 85.81560283687944 %
Successful eval levels: 69.76744186046511 %
Step: 1875968
Mean test reward: 44.0625
Mean eval reward: 29.800281524658203
Successful test levels: 88.67924528301887 %
Successful eval levels: 69.86301369863014 %
Step: 1884160
Mean test reward: 43.75
Mean eval reward: 24.249469757080078
Successful test levels: 89.74358974358975 %
Successful eval levels: 68.59504132231406 %
Step: 1892352
Mean test reward: 39.0625
Mean eval reward: 28.925888061523438
Successful test levels: 92.5925925925926 %
Successful eval levels: 71.22302158273382 %
Step: 1900544
Mean test reward: 37.8125
Mean eval reward: 33.008304595947266
Successful test levels: 85.81560283687944 %
Successful eval levels: 75.83892617449665 %
Step: 1908736
Mean test reward: 37.5
Mean eval reward: 33.5751953125
Successful test levels: 86.95652173913044 %
Successful eval levels: 69.6969696969697 %
Step: 1916928
Mean test reward: 39.0625
Mean eval reward: 34.72827911376953
Successful test levels: 85.61643835616438 %
Successful eval levels: 70.41420118343196 %
Step: 1925120
Mean test reward: 42.8125
Mean eval reward: 31.214086532592773
Successful test levels: 93.19727891156462 %
Successful eval levels: 76.42857142857142 %
Step: 1933312
Mean test reward: 42.8125
Mean eval reward: 34.69767761230469
Successful test levels: 87.82051282051282 %
Successful eval levels: 75.31645569620254 %
Step: 1941504
Mean test reward: 34.375
Mean eval reward: 31.47705078125
Successful test levels: 88.70967741935483 %
Successful eval levels: 71.52317880794702 %
Step: 1949696
Mean test reward: 41.875
Mean eval reward: 29.435407638549805
Successful test levels: 91.15646258503402 %
Successful eval levels: 69.6551724137931 %
Step: 1957888
Mean test reward: 34.375
Mean eval reward: 26.51706314086914
Successful test levels: 85.9375 %
Successful eval levels: 65.0 %
Step: 1966080
Mean test reward: 41.5625
Mean eval reward: 26.23335075378418
Successful test levels: 87.5 %
Successful eval levels: 72.0 %
Step: 1974272
Mean test reward: 40.625
Mean eval reward: 23.03065299987793
Successful test levels: 86.66666666666667 %
Successful eval levels: 63.2 %
Step: 1982464
Mean test reward: 39.0625
Mean eval reward: 22.746456146240234
Successful test levels: 94.6969696969697 %
Successful eval levels: 67.24137931034483 %
Step: 1990656
Mean test reward: 38.75
Mean eval reward: 23.045867919921875
Successful test levels: 91.85185185185185 %
Successful eval levels: 61.71875 %
Step: 1998848
Mean test reward: 40.0
Mean eval reward: 25.972639083862305
Successful test levels: 90.14084507042254 %
Successful eval levels: 77.39130434782608 %
Step: 2007040
Mean test reward: 36.25
Mean eval reward: 28.886192321777344
Successful test levels: 89.23076923076924 %
Successful eval levels: 75.0 %
Step: 2015232
Mean test reward: 40.0
Mean eval reward: 25.385622024536133
Successful test levels: 88.27586206896552 %
Successful eval levels: 72.5 %
Step: 2023424
Mean test reward: 42.1875
Mean eval reward: 28.600963592529297
Successful test levels: 92.46575342465754 %
Successful eval levels: 70.50359712230215 %
Step: 2031616
Mean test reward: 47.8125
Mean eval reward: 27.72291374206543
Successful test levels: 90.0 %
Successful eval levels: 73.07692307692307 %
Step: 2039808
Mean test reward: 39.6875
Mean eval reward: 34.715946197509766
Successful test levels: 90.0709219858156 %
Successful eval levels: 66.85393258426966 %
Step: 2048000
Mean test reward: 40.625
Mean eval reward: 26.252105712890625
Successful test levels: 84.9673202614379 %
Successful eval levels: 69.76744186046511 %
Step: 2056192
Mean test reward: 49.0625
Mean eval reward: 25.08991050720215
Successful test levels: 93.45238095238095 %
Successful eval levels: 59.72222222222222 %
Step: 2064384
Mean test reward: 40.9375
Mean eval reward: 27.134090423583984
Successful test levels: 89.1156462585034 %
Successful eval levels: 65.95744680851064 %
Step: 2072576
Mean test reward: 41.5625
Mean eval reward: 30.04969024658203
Successful test levels: 85.80645161290322 %
Successful eval levels: 70.54794520547945 %
Step: 2080768
Mean test reward: 38.4375
Mean eval reward: 31.502805709838867
Successful test levels: 87.85714285714286 %
Successful eval levels: 66.66666666666666 %
Step: 2088960
Mean test reward: 34.0625
Mean eval reward: 25.956226348876953
Successful test levels: 84.49612403100775 %
Successful eval levels: 72.35772357723577 %
Step: 2097152
Mean test reward: 33.4375
Mean eval reward: 24.21468734741211
Successful test levels: 86.29032258064517 %
Successful eval levels: 67.47967479674797 %
Step: 2105344
Mean test reward: 36.875
Mean eval reward: 28.592430114746094
Successful test levels: 86.13138686131386 %
Successful eval levels: 66.21621621621621 %
Step: 2113536
Mean test reward: 30.3125
Mean eval reward: 31.504539489746094
Successful test levels: 82.20338983050848 %
Successful eval levels: 72.48322147651007 %
Step: 2121728
Mean test reward: 31.875
Mean eval reward: 31.492542266845703
Successful test levels: 86.4406779661017 %
Successful eval levels: 65.85365853658537 %
Step: 2129920
Mean test reward: 35.0
Mean eval reward: 23.04149055480957
Successful test levels: 90.32258064516128 %
Successful eval levels: 63.70967741935484 %
Step: 2138112
Mean test reward: 35.3125
Mean eval reward: 32.954349517822266
Successful test levels: 88.28125 %
Successful eval levels: 71.97452229299363 %
Step: 2146304
Mean test reward: 35.9375
Mean eval reward: 28.57455825805664
Successful test levels: 86.46616541353383 %
Successful eval levels: 67.12328767123287 %
Step: 2154496
Mean test reward: 37.8125
Mean eval reward: 29.735332489013672
Successful test levels: 91.66666666666666 %
Successful eval levels: 67.10526315789474 %
Step: 2162688
Mean test reward: 35.3125
Mean eval reward: 26.82089614868164
Successful test levels: 84.32835820895522 %
Successful eval levels: 72.44094488188976 %
Step: 2170880
Mean test reward: 34.0625
Mean eval reward: 30.31650161743164
Successful test levels: 86.5079365079365 %
Successful eval levels: 67.53246753246754 %
Step: 2179072
Mean test reward: 28.75
Mean eval reward: 26.526752471923828
Successful test levels: 85.98130841121495 %
Successful eval levels: 74.59016393442623 %
Step: 2187264
Mean test reward: 34.375
Mean eval reward: 25.945743560791016
Successful test levels: 88.0 %
Successful eval levels: 66.4179104477612 %
Step: 2195456
Mean test reward: 35.3125
Mean eval reward: 24.20473861694336
Successful test levels: 91.12903225806451 %
Successful eval levels: 69.74789915966386 %
Step: 2203648
Mean test reward: 34.6875
Mean eval reward: 29.44832420349121
Successful test levels: 88.09523809523809 %
Successful eval levels: 72.14285714285714 %
Step: 2211840
Mean test reward: 45.3125
Mean eval reward: 27.41018295288086
Successful test levels: 92.35668789808918 %
Successful eval levels: 65.27777777777779 %
Step: 2220032
Mean test reward: 31.875
Mean eval reward: 22.45636558532715
Successful test levels: 85.0 %
Successful eval levels: 64.70588235294117 %
Step: 2228224
Mean test reward: 30.625
Mean eval reward: 29.169124603271484
Successful test levels: 89.0909090909091 %
Successful eval levels: 72.99270072992701 %
Step: 2236416
Mean test reward: 33.125
Mean eval reward: 23.335891723632812
Successful test levels: 89.07563025210085 %
Successful eval levels: 64.0 %
Step: 2244608
Mean test reward: 42.5
Mean eval reward: 24.80158805847168
Successful test levels: 90.06622516556291 %
Successful eval levels: 72.03389830508475 %
Step: 2252800
Mean test reward: 40.625
Mean eval reward: 29.472915649414062
Successful test levels: 86.09271523178808 %
Successful eval levels: 74.26470588235294 %
Step: 2260992
Mean test reward: 36.875
Mean eval reward: 26.842975616455078
Successful test levels: 90.07633587786259 %
Successful eval levels: 69.6969696969697 %
Step: 2269184
Mean test reward: 30.0
Mean eval reward: 30.0532169342041
Successful test levels: 93.20388349514563 %
Successful eval levels: 70.54794520547945 %
Step: 2277376
Mean test reward: 29.6875
Mean eval reward: 23.34217071533203
Successful test levels: 86.36363636363636 %
Successful eval levels: 65.57377049180327 %
Step: 2285568
Mean test reward: 38.4375
Mean eval reward: 25.975582122802734
Successful test levels: 84.82758620689656 %
Successful eval levels: 65.44117647058823 %
Step: 2293760
Mean test reward: 32.8125
Mean eval reward: 26.85523796081543
Successful test levels: 86.77685950413223 %
Successful eval levels: 70.76923076923077 %
Step: 2301952
Mean test reward: 27.8125
Mean eval reward: 21.02122688293457
Successful test levels: 88.11881188118812 %
Successful eval levels: 55.81395348837209 %
Step: 2310144
Mean test reward: 35.625
Mean eval reward: 24.530712127685547
Successful test levels: 97.43589743589743 %
Successful eval levels: 65.11627906976744 %
Step: 2318336
Mean test reward: 27.5
Mean eval reward: 24.535465240478516
Successful test levels: 90.72164948453609 %
Successful eval levels: 71.1864406779661 %
Step: 2326528
Mean test reward: 34.375
Mean eval reward: 30.088245391845703
Successful test levels: 87.3015873015873 %
Successful eval levels: 72.02797202797203 %
Step: 2334720
Mean test reward: 32.8125
Mean eval reward: 25.413318634033203
Successful test levels: 90.51724137931035 %
Successful eval levels: 74.35897435897436 %
Step: 2342912
Mean test reward: 27.8125
Mean eval reward: 22.205312728881836
Successful test levels: 86.40776699029125 %
Successful eval levels: 71.69811320754717 %
Step: 2351104
Mean test reward: 32.5
Mean eval reward: 27.764427185058594
Successful test levels: 90.43478260869566 %
Successful eval levels: 62.5 %
Step: 2359296
Mean test reward: 35.625
Mean eval reward: 20.169048309326172
Successful test levels: 89.76377952755905 %
Successful eval levels: 61.60714285714286 %
Step: 2367488
Mean test reward: 39.375
Mean eval reward: 28.941665649414062
Successful test levels: 91.30434782608695 %
Successful eval levels: 67.3469387755102 %
Step: 2375680
Mean test reward: 31.5625
Mean eval reward: 23.97335433959961
Successful test levels: 87.06896551724138 %
Successful eval levels: 62.59541984732825 %
Step: 2383872
Mean test reward: 31.25
Mean eval reward: 30.408899307250977
Successful test levels: 84.03361344537815 %
Successful eval levels: 70.27027027027027 %
Step: 2392064
Mean test reward: 40.3125
Mean eval reward: 27.770320892333984
Successful test levels: 90.20979020979021 %
Successful eval levels: 67.37588652482269 %
Step: 2400256
Mean test reward: 32.5
Mean eval reward: 31.57123374938965
Successful test levels: 86.66666666666667 %
Successful eval levels: 72.0 %
Step: 2408448
Mean test reward: 30.3125
Mean eval reward: 26.89006996154785
Successful test levels: 90.65420560747664 %
Successful eval levels: 65.71428571428571 %
Step: 2416640
Mean test reward: 32.5
Mean eval reward: 25.431846618652344
Successful test levels: 90.43478260869566 %
Successful eval levels: 63.503649635036496 %
Step: 2424832
Mean test reward: 31.875
Mean eval reward: 27.191335678100586
Successful test levels: 85.0 %
Successful eval levels: 64.58333333333334 %
Step: 2433024
Mean test reward: 32.8125
Mean eval reward: 27.77273941040039
Successful test levels: 82.67716535433071 %
Successful eval levels: 65.51724137931035 %
Step: 2441216
Mean test reward: 38.4375
Mean eval reward: 25.72897720336914
Successful test levels: 89.13043478260869 %
Successful eval levels: 64.23357664233576 %
Step: 2449408
Mean test reward: 42.5
Mean eval reward: 24.560646057128906
Successful test levels: 92.51700680272108 %
Successful eval levels: 64.61538461538461 %
Step: 2457600
Mean test reward: 40.9375
Mean eval reward: 29.238719940185547
Successful test levels: 90.97222222222221 %
Successful eval levels: 70.92198581560284 %
Step: 2465792
Mean test reward: 40.3125
Mean eval reward: 33.32710647583008
Successful test levels: 89.58333333333334 %
Successful eval levels: 73.07692307692307 %
Step: 2473984
Mean test reward: 39.375
Mean eval reward: 28.060791015625
Successful test levels: 88.11188811188812 %
Successful eval levels: 68.08510638297872 %
Step: 2482176
Mean test reward: 38.125
Mean eval reward: 33.02706527709961
Successful test levels: 89.70588235294117 %
Successful eval levels: 71.51898734177216 %
Step: 2490368
Mean test reward: 45.625
Mean eval reward: 23.962966918945312
Successful test levels: 93.58974358974359 %
Successful eval levels: 62.121212121212125 %
Step: 2498560
Mean test reward: 39.0625
Mean eval reward: 26.30731964111328
Successful test levels: 89.28571428571429 %
Successful eval levels: 69.23076923076923 %
Step: 2506752
Mean test reward: 36.25
Mean eval reward: 35.067867279052734
Successful test levels: 91.33858267716536 %
Successful eval levels: 75.9493670886076 %
Completed training!
{'total_steps': 2500000.0, 'learning_rate': 0.0005, 'epsilon': 1e-05, 'state_dict_name': 'policy_d'}
Start Training...
Step: 8192
Mean test reward: 0.3125
Mean eval reward: 0.625
Successful test levels: 33.33333333333333 %
Successful eval levels: 22.22222222222222 %
Step: 16384
Mean test reward: 3.125
Mean eval reward: 0.3125
Successful test levels: 66.66666666666666 %
Successful eval levels: 20.0 %
Step: 24576
Mean test reward: 3.125
Mean eval reward: 5.3125
Successful test levels: 76.92307692307693 %
Successful eval levels: 89.47368421052632 %
Step: 32768
Mean test reward: 6.5625
Mean eval reward: 2.8125
Successful test levels: 52.5 %
Successful eval levels: 29.03225806451613 %
Step: 40960
Mean test reward: 7.8125
Mean eval reward: 8.125
Successful test levels: 59.523809523809526 %
Successful eval levels: 56.52173913043478 %
Step: 49152
Mean test reward: 9.375
Mean eval reward: 7.5
Successful test levels: 63.829787234042556 %
Successful eval levels: 50.0 %
Step: 57344
Mean test reward: 9.6875
Mean eval reward: 7.5
Successful test levels: 56.36363636363636 %
Successful eval levels: 43.63636363636363 %
Step: 65536
Mean test reward: 12.5
Mean eval reward: 10.3125
Successful test levels: 70.17543859649122 %
Successful eval levels: 44.0 %
Step: 73728
Mean test reward: 14.375
Mean eval reward: 10.3125
Successful test levels: 58.22784810126582 %
Successful eval levels: 42.30769230769231 %
Step: 81920
Mean test reward: 16.25
Mean eval reward: 15.9375
Successful test levels: 56.52173913043478 %
Successful eval levels: 56.043956043956044 %
Step: 90112
Mean test reward: 19.375
Mean eval reward: 14.6875
Successful test levels: 68.13186813186813 %
Successful eval levels: 54.65116279069767 %
Step: 98304
Mean test reward: 18.125
Mean eval reward: 15.0
Successful test levels: 57.99999999999999 %
Successful eval levels: 51.61290322580645 %
Step: 106496
Mean test reward: 19.6875
Mean eval reward: 15.3125
Successful test levels: 60.0 %
Successful eval levels: 53.2608695652174 %
Step: 114688
Mean test reward: 25.0
Mean eval reward: 19.0625
Successful test levels: 68.96551724137932 %
Successful eval levels: 55.96330275229357 %
Step: 122880
Mean test reward: 23.75
Mean eval reward: 17.1875
Successful test levels: 62.295081967213115 %
Successful eval levels: 49.549549549549546 %
Step: 131072
Mean test reward: 23.125
Mean eval reward: 23.125
Successful test levels: 64.34782608695652 %
Successful eval levels: 59.199999999999996 %
Step: 139264
Mean test reward: 24.375
Mean eval reward: 18.75
Successful test levels: 60.46511627906976 %
Successful eval levels: 54.054054054054056 %
Step: 147456
Mean test reward: 25.3125
Mean eval reward: 22.5
Successful test levels: 60.447761194029844 %
Successful eval levels: 61.53846153846154 %
Step: 155648
Mean test reward: 30.625
Mean eval reward: 21.25
Successful test levels: 71.53284671532847 %
Successful eval levels: 55.73770491803278 %
Step: 163840
Mean test reward: 24.375
Mean eval reward: 22.5
Successful test levels: 60.9375 %
Successful eval levels: 59.01639344262295 %
Step: 172032
Mean test reward: 29.375
Mean eval reward: 23.4375
Successful test levels: 68.11594202898551 %
Successful eval levels: 59.055118110236215 %
Step: 180224
Mean test reward: 25.0
Mean eval reward: 21.25
Successful test levels: 61.53846153846154 %
Successful eval levels: 51.908396946564885 %
Step: 188416
Mean test reward: 22.8125
Mean eval reward: 22.8125
Successful test levels: 54.47761194029851 %
Successful eval levels: 55.3030303030303 %
Step: 196608
Mean test reward: 29.6875
Mean eval reward: 25.625
Successful test levels: 73.07692307692307 %
Successful eval levels: 63.565891472868216 %
Step: 204800
Mean test reward: 24.6875
Mean eval reward: 25.9375
Successful test levels: 61.71875 %
Successful eval levels: 61.48148148148148 %
Step: 212992
Mean test reward: 29.375
Mean eval reward: 28.75
Successful test levels: 65.73426573426573 %
Successful eval levels: 73.01587301587301 %
Step: 221184
Mean test reward: 31.25
Mean eval reward: 25.0
Successful test levels: 68.02721088435374 %
Successful eval levels: 62.99212598425197 %
Step: 229376
Mean test reward: 33.125
Mean eval reward: 27.1875
Successful test levels: 71.14093959731544 %
Successful eval levels: 63.04347826086957 %
Step: 237568
Mean test reward: 27.8125
Mean eval reward: 24.375
Successful test levels: 64.02877697841727 %
Successful eval levels: 59.541984732824424 %
Step: 245760
Mean test reward: 34.0625
Mean eval reward: 29.6875
Successful test levels: 69.87179487179486 %
Successful eval levels: 66.43356643356644 %
Step: 253952
Mean test reward: 30.3125
Mean eval reward: 25.0
Successful test levels: 64.23841059602648 %
Successful eval levels: 67.79661016949152 %
Step: 262144
Mean test reward: 30.0
Mean eval reward: 22.5
Successful test levels: 61.935483870967744 %
Successful eval levels: 54.54545454545454 %
Step: 270336
Mean test reward: 34.375
Mean eval reward: 25.3125
Successful test levels: 66.26506024096386 %
Successful eval levels: 59.55882352941176 %
Step: 278528
Mean test reward: 28.125
Mean eval reward: 24.375
Successful test levels: 62.5 %
Successful eval levels: 57.77777777777777 %
Step: 286720
Mean test reward: 29.375
Mean eval reward: 26.5625
Successful test levels: 65.27777777777779 %
Successful eval levels: 60.71428571428571 %
Step: 294912
Mean test reward: 36.875
Mean eval reward: 24.0625
Successful test levels: 74.21383647798741 %
Successful eval levels: 61.6 %
Step: 303104
Mean test reward: 27.1875
Mean eval reward: 24.6875
Successful test levels: 62.589928057553955 %
Successful eval levels: 60.76923076923077 %
Step: 311296
Mean test reward: 25.3125
Mean eval reward: 24.6875
Successful test levels: 58.69565217391305 %
Successful eval levels: 59.84848484848485 %
Step: 319488
Mean test reward: 31.875
Mean eval reward: 27.1875
Successful test levels: 68.45637583892618 %
Successful eval levels: 63.970588235294116 %
Step: 327680
Mean test reward: 33.4375
Mean eval reward: 23.4375
Successful test levels: 70.39473684210526 %
Successful eval levels: 56.81818181818182 %
Step: 335872
Mean test reward: 30.625
Mean eval reward: 25.3125
Successful test levels: 63.63636363636363 %
Successful eval levels: 58.27338129496403 %
Step: 344064
Mean test reward: 32.5
Mean eval reward: 29.6875
Successful test levels: 71.72413793103448 %
Successful eval levels: 63.33333333333333 %
Step: 352256
Mean test reward: 35.0
Mean eval reward: 29.375
Successful test levels: 64.73988439306359 %
Successful eval levels: 66.19718309859155 %
Step: 360448
Mean test reward: 38.4375
Mean eval reward: 27.5
Successful test levels: 70.6896551724138 %
Successful eval levels: 57.14285714285714 %
Step: 368640
Mean test reward: 35.9375
Mean eval reward: 30.625
Successful test levels: 66.86046511627907 %
Successful eval levels: 63.2258064516129 %
Step: 376832
Mean test reward: 35.0
Mean eval reward: 30.625
Successful test levels: 67.06586826347305 %
Successful eval levels: 63.63636363636363 %
Step: 385024
Mean test reward: 42.5
Mean eval reward: 32.8125
Successful test levels: 74.72527472527473 %
Successful eval levels: 64.02439024390245 %
Step: 393216
Mean test reward: 44.6875
Mean eval reward: 34.6875
Successful test levels: 73.71134020618557 %
Successful eval levels: 71.15384615384616 %
Step: 401408
Mean test reward: 36.25
Mean eval reward: 30.9375
Successful test levels: 67.05202312138728 %
Successful eval levels: 59.63855421686747 %
Step: 409600
Mean test reward: 39.0625
Mean eval reward: 34.0625
Successful test levels: 73.96449704142012 %
Successful eval levels: 59.56284153005464 %
Step: 417792
Mean test reward: 42.1875
Mean eval reward: 30.9375
Successful test levels: 71.80851063829788 %
Successful eval levels: 63.87096774193548 %
Step: 425984
Mean test reward: 45.9375
Mean eval reward: 37.1875
Successful test levels: 76.16580310880829 %
Successful eval levels: 63.297872340425535 %
Step: 434176
Mean test reward: 39.6875
Mean eval reward: 35.0
Successful test levels: 67.5531914893617 %
Successful eval levels: 62.92134831460674 %
Step: 442368
Mean test reward: 44.6875
Mean eval reward: 37.8125
Successful test levels: 72.58883248730965 %
Successful eval levels: 65.76086956521739 %
Step: 450560
Mean test reward: 42.8125
Mean eval reward: 37.8125
Successful test levels: 69.54314720812182 %
Successful eval levels: 68.36158192090396 %
Step: 458752
Mean test reward: 41.5625
Mean eval reward: 33.75
Successful test levels: 71.89189189189189 %
Successful eval levels: 67.08074534161491 %
Step: 466944
Mean test reward: 46.5625
Mean eval reward: 37.5
Successful test levels: 77.2020725388601 %
Successful eval levels: 63.1578947368421 %
Step: 475136
Mean test reward: 43.125
Mean eval reward: 34.375
Successful test levels: 75.0 %
Successful eval levels: 68.75 %
Step: 483328
Mean test reward: 44.6875
Mean eval reward: 36.25
Successful test levels: 72.95918367346938 %
Successful eval levels: 68.23529411764706 %
Step: 491520
Mean test reward: 44.375
Mean eval reward: 34.6875
Successful test levels: 71.0 %
Successful eval levels: 67.6829268292683 %
Step: 499712
Mean test reward: 44.6875
Mean eval reward: 32.5
Successful test levels: 68.0952380952381 %
Successful eval levels: 62.65060240963856 %
Step: 507904
Mean test reward: 45.9375
Mean eval reward: 35.9375
Successful test levels: 72.77227722772277 %
Successful eval levels: 61.82795698924731 %
Step: 516096
Mean test reward: 45.3125
Mean eval reward: 34.0625
Successful test levels: 76.31578947368422 %
Successful eval levels: 65.26946107784431 %
Step: 524288
Mean test reward: 44.6875
Mean eval reward: 30.0
Successful test levels: 77.29729729729729 %
Successful eval levels: 63.1578947368421 %
Step: 532480
Mean test reward: 45.3125
Mean eval reward: 33.4375
Successful test levels: 76.71957671957672 %
Successful eval levels: 64.07185628742515 %
Step: 540672
Mean test reward: 41.5625
Mean eval reward: 34.6875
Successful test levels: 76.0 %
Successful eval levels: 66.46706586826348 %
Step: 548864
Mean test reward: 45.625
Mean eval reward: 34.375
Successful test levels: 74.48979591836735 %
Successful eval levels: 63.95348837209303 %
Step: 557056
Mean test reward: 47.1875
Mean eval reward: 37.8125
Successful test levels: 77.83505154639175 %
Successful eval levels: 70.76023391812866 %
Step: 565248
Mean test reward: 50.0
Mean eval reward: 29.375
Successful test levels: 80.8080808080808 %
Successful eval levels: 59.11949685534591 %
Step: 573440
Mean test reward: 48.4375
Mean eval reward: 34.6875
Successful test levels: 76.73267326732673 %
Successful eval levels: 66.86746987951807 %
Step: 581632
Mean test reward: 44.0625
Mean eval reward: 35.3125
Successful test levels: 76.21621621621621 %
Successful eval levels: 67.26190476190477 %
Step: 589824
Mean test reward: 43.4375
Mean eval reward: 33.125
Successful test levels: 78.53107344632768 %
Successful eval levels: 69.28104575163398 %
Step: 598016
Mean test reward: 38.75
Mean eval reward: 34.6875
Successful test levels: 77.9874213836478 %
Successful eval levels: 71.15384615384616 %
Step: 606208
Mean test reward: 46.25
Mean eval reward: 36.25
Successful test levels: 77.4869109947644 %
Successful eval levels: 68.23529411764706 %
Step: 614400
Mean test reward: 41.875
Mean eval reward: 29.0625
Successful test levels: 78.3625730994152 %
Successful eval levels: 55.35714285714286 %
Step: 622592
Mean test reward: 41.5625
Mean eval reward: 30.0
Successful test levels: 74.71910112359551 %
Successful eval levels: 58.536585365853654 %
Step: 630784
Mean test reward: 45.0
Mean eval reward: 27.1875
Successful test levels: 78.26086956521739 %
Successful eval levels: 57.99999999999999 %
Step: 638976
Mean test reward: 46.25
Mean eval reward: 30.9375
Successful test levels: 78.3068783068783 %
Successful eval levels: 63.05732484076433 %
Step: 647168
Mean test reward: 44.375
Mean eval reward: 31.557281494140625
Successful test levels: 78.45303867403315 %
Successful eval levels: 61.212121212121204 %
Step: 655360
Mean test reward: 46.25
Mean eval reward: 32.134422302246094
Successful test levels: 76.28865979381443 %
Successful eval levels: 68.66666666666667 %
Step: 663552
Mean test reward: 44.0625
Mean eval reward: 31.469402313232422
Successful test levels: 75.80645161290323 %
Successful eval levels: 65.16129032258064 %
Step: 671744
Mean test reward: 47.8125
Mean eval reward: 37.3213996887207
Successful test levels: 81.81818181818183 %
Successful eval levels: 68.18181818181817 %
Step: 679936
Mean test reward: 42.5
Mean eval reward: 38.45505905151367
Successful test levels: 76.40449438202246 %
Successful eval levels: 70.05649717514125 %
Step: 688128
Mean test reward: 45.9375
Mean eval reward: 36.19200897216797
Successful test levels: 76.96335078534031 %
Successful eval levels: 68.82352941176471 %
Step: 696320
Mean test reward: 46.5625
Mean eval reward: 37.958683013916016
Successful test levels: 82.32044198895028 %
Successful eval levels: 65.42553191489363 %
Step: 704512
Mean test reward: 46.875
Mean eval reward: 32.95293426513672
Successful test levels: 79.7872340425532 %
Successful eval levels: 68.15286624203821 %
Step: 712704
Mean test reward: 40.625
Mean eval reward: 27.384490966796875
Successful test levels: 72.62569832402235 %
Successful eval levels: 56.68789808917197 %
Step: 720896
Mean test reward: 41.875
Mean eval reward: 30.74016761779785
Successful test levels: 73.224043715847 %
Successful eval levels: 60.60606060606061 %
Step: 729088
Mean test reward: 45.0
Mean eval reward: 30.72203826904297
Successful test levels: 76.19047619047619 %
Successful eval levels: 66.22516556291392 %
Step: 737280
Mean test reward: 43.75
Mean eval reward: 33.1340217590332
Successful test levels: 78.65168539325843 %
Successful eval levels: 65.06024096385542 %
Step: 745472
Mean test reward: 43.4375
Mean eval reward: 27.281160354614258
Successful test levels: 75.54347826086956 %
Successful eval levels: 63.12056737588653 %
Step: 753664
Mean test reward: 49.375
Mean eval reward: 37.97232437133789
Successful test levels: 77.07317073170732 %
Successful eval levels: 71.26436781609196 %
Step: 761856
Mean test reward: 52.1875
Mean eval reward: 36.04829406738281
Successful test levels: 81.06796116504854 %
Successful eval levels: 65.92178770949721 %
Step: 770048
Mean test reward: 48.75
Mean eval reward: 31.726858139038086
Successful test levels: 79.59183673469387 %
Successful eval levels: 62.65060240963856 %
Step: 778240
Mean test reward: 48.4375
Mean eval reward: 32.30415344238281
Successful test levels: 79.48717948717949 %
Successful eval levels: 65.4320987654321 %
Step: 786432
Mean test reward: 49.0625
Mean eval reward: 31.05161476135254
Successful test levels: 78.89447236180904 %
Successful eval levels: 67.54966887417218 %
Step: 794624
Mean test reward: 46.875
Mean eval reward: 34.66566467285156
Successful test levels: 81.9672131147541 %
Successful eval levels: 67.05882352941175 %
Step: 802816
Mean test reward: 44.375
Mean eval reward: 32.188629150390625
Successful test levels: 80.68181818181817 %
Successful eval levels: 61.27167630057804 %
Step: 811008
Mean test reward: 46.25
Mean eval reward: 34.27404022216797
Successful test levels: 72.9064039408867 %
Successful eval levels: 64.57142857142857 %
Step: 819200
Mean test reward: 41.5625
Mean eval reward: 35.43431091308594
Successful test levels: 75.56818181818183 %
Successful eval levels: 65.0 %
Step: 827392
Mean test reward: 48.4375
Mean eval reward: 32.35896682739258
Successful test levels: 83.33333333333334 %
Successful eval levels: 65.2439024390244 %
Step: 835584
Mean test reward: 51.25
Mean eval reward: 32.627174377441406
Successful test levels: 85.86387434554975 %
Successful eval levels: 63.905325443786985 %
Step: 843776
Mean test reward: 58.4375
Mean eval reward: 30.486549377441406
Successful test levels: 87.38317757009347 %
Successful eval levels: 64.3312101910828 %
Step: 851968
Mean test reward: 46.875
Mean eval reward: 32.575687408447266
Successful test levels: 80.64516129032258 %
Successful eval levels: 66.66666666666666 %
Step: 860160
Mean test reward: 48.125
Mean eval reward: 35.8459587097168
Successful test levels: 78.1725888324873 %
Successful eval levels: 68.78612716763006 %
Step: 868352
Mean test reward: 48.4375
Mean eval reward: 32.786800384521484
Successful test levels: 82.88770053475936 %
Successful eval levels: 63.74269005847953 %
Step: 876544
Mean test reward: 43.4375
Mean eval reward: 35.74545669555664
Successful test levels: 83.73493975903614 %
Successful eval levels: 69.18604651162791 %
Step: 884736
Mean test reward: 42.1875
Mean eval reward: 32.3966064453125
Successful test levels: 74.17582417582418 %
Successful eval levels: 66.66666666666666 %
Step: 892928
Mean test reward: 46.25
Mean eval reward: 31.47873306274414
Successful test levels: 79.14438502673798 %
Successful eval levels: 67.74193548387096 %
Step: 901120
Mean test reward: 41.5625
Mean eval reward: 36.82781982421875
Successful test levels: 77.32558139534885 %
Successful eval levels: 75.0 %
Step: 909312
Mean test reward: 54.375
Mean eval reward: 34.98467254638672
Successful test levels: 86.56716417910447 %
Successful eval levels: 66.85714285714286 %
Step: 917504
Mean test reward: 50.9375
Mean eval reward: 34.939231872558594
Successful test levels: 79.12621359223301 %
Successful eval levels: 67.63005780346822 %
Step: 925696
Mean test reward: 42.1875
Mean eval reward: 28.940048217773438
Successful test levels: 79.88165680473372 %
Successful eval levels: 62.17948717948718 %
Step: 933888
Mean test reward: 47.1875
Mean eval reward: 25.35909652709961
Successful test levels: 84.35754189944134 %
Successful eval levels: 57.04697986577181 %
Step: 942080
Mean test reward: 45.9375
Mean eval reward: 26.56570053100586
Successful test levels: 84.0 %
Successful eval levels: 60.13513513513513 %
Step: 950272
Mean test reward: 51.25
Mean eval reward: 32.813011169433594
Successful test levels: 85.86387434554975 %
Successful eval levels: 70.51282051282051 %
Step: 958464
Mean test reward: 41.25
Mean eval reward: 25.34889030456543
Successful test levels: 77.64705882352942 %
Successful eval levels: 63.90977443609023 %
Step: 966656
Mean test reward: 42.5
Mean eval reward: 30.119068145751953
Successful test levels: 83.9506172839506 %
Successful eval levels: 69.17808219178082 %
Step: 974848
Mean test reward: 47.1875
Mean eval reward: 33.66728210449219
Successful test levels: 83.88888888888889 %
Successful eval levels: 73.37662337662337 %
Step: 983040
Mean test reward: 45.625
Mean eval reward: 27.108234405517578
Successful test levels: 84.88372093023256 %
Successful eval levels: 61.07382550335571 %
Step: 991232
Mean test reward: 42.1875
Mean eval reward: 34.23233413696289
Successful test levels: 83.85093167701864 %
Successful eval levels: 67.2514619883041 %
Step: 999424
Mean test reward: 45.3125
Mean eval reward: 30.930147171020508
Successful test levels: 84.7953216374269 %
Successful eval levels: 65.82278481012658 %
Step: 1007616
Mean test reward: 45.9375
Mean eval reward: 25.57103729248047
Successful test levels: 84.0 %
Successful eval levels: 58.108108108108105 %
Step: 1015808
Mean test reward: 39.0625
Mean eval reward: 27.064931869506836
Successful test levels: 87.41258741258741 %
Successful eval levels: 59.47712418300654 %
Step: 1024000
Mean test reward: 46.25
Mean eval reward: 32.406982421875
Successful test levels: 85.0574712643678 %
Successful eval levels: 68.9873417721519 %
Step: 1032192
Mean test reward: 47.5
Mean eval reward: 30.603971481323242
Successful test levels: 85.39325842696628 %
Successful eval levels: 69.12751677852349 %
Step: 1040384
Mean test reward: 46.5625
Mean eval reward: 23.475149154663086
Successful test levels: 85.14285714285714 %
Successful eval levels: 58.51851851851851 %
Step: 1048576
Mean test reward: 42.8125
Mean eval reward: 28.82171630859375
Successful test levels: 83.53658536585365 %
Successful eval levels: 68.79432624113475 %
Step: 1056768
Mean test reward: 49.0625
Mean eval reward: 31.490428924560547
Successful test levels: 86.74033149171271 %
Successful eval levels: 64.24242424242425 %
Step: 1064960
Mean test reward: 54.375
Mean eval reward: 27.61749267578125
Successful test levels: 85.71428571428571 %
Successful eval levels: 64.13793103448275 %
Step: 1073152
Mean test reward: 43.75
Mean eval reward: 32.35856628417969
Successful test levels: 81.87134502923976 %
Successful eval levels: 65.26946107784431 %
Step: 1081344
Mean test reward: 52.5
Mean eval reward: 29.673904418945312
Successful test levels: 87.95811518324608 %
Successful eval levels: 64.93506493506493 %
Step: 1089536
Mean test reward: 47.1875
Mean eval reward: 26.992271423339844
Successful test levels: 83.42541436464089 %
Successful eval levels: 63.19444444444444 %
Step: 1097728
Mean test reward: 45.625
Mean eval reward: 27.882211685180664
Successful test levels: 85.38011695906432 %
Successful eval levels: 67.14285714285714 %
Step: 1105920
Mean test reward: 42.8125
Mean eval reward: 29.07369613647461
Successful test levels: 82.03592814371258 %
Successful eval levels: 66.66666666666666 %
Step: 1114112
Mean test reward: 44.6875
Mean eval reward: 34.08563995361328
Successful test levels: 87.1951219512195 %
Successful eval levels: 70.5521472392638 %
Step: 1122304
Mean test reward: 48.125
Mean eval reward: 32.282310485839844
Successful test levels: 87.00564971751412 %
Successful eval levels: 68.55345911949685 %
Step: 1130496
Mean test reward: 44.0625
Mean eval reward: 32.56304931640625
Successful test levels: 80.11363636363636 %
Successful eval levels: 69.62025316455697 %
Step: 1138688
Mean test reward: 51.25
Mean eval reward: 32.53872299194336
Successful test levels: 87.70053475935828 %
Successful eval levels: 68.32298136645963 %
Step: 1146880
Mean test reward: 49.6875
Mean eval reward: 28.387351989746094
Successful test levels: 87.84530386740332 %
Successful eval levels: 67.13286713286713 %
Step: 1155072
Mean test reward: 42.5
Mean eval reward: 35.45363235473633
Successful test levels: 79.53216374269006 %
Successful eval levels: 73.17073170731707 %
Step: 1163264
Mean test reward: 40.0
Mean eval reward: 32.77171325683594
Successful test levels: 84.21052631578947 %
Successful eval levels: 68.94409937888199 %
Step: 1171456
Mean test reward: 39.0625
Mean eval reward: 30.684389114379883
Successful test levels: 81.69934640522875 %
Successful eval levels: 64.19753086419753 %
Step: 1179648
Mean test reward: 43.75
Mean eval reward: 33.034183502197266
Successful test levels: 85.36585365853658 %
Successful eval levels: 69.1358024691358 %
Step: 1187840
Mean test reward: 43.125
Mean eval reward: 33.00633239746094
Successful test levels: 86.79245283018868 %
Successful eval levels: 70.0 %
Step: 1196032
Mean test reward: 43.75
Mean eval reward: 25.92992401123047
Successful test levels: 86.41975308641975 %
Successful eval levels: 66.66666666666666 %
Step: 1204224
Mean test reward: 42.1875
Mean eval reward: 24.170644760131836
Successful test levels: 82.3170731707317 %
Successful eval levels: 64.56692913385827 %
Step: 1212416
Mean test reward: 42.8125
Mean eval reward: 25.94412612915039
Successful test levels: 79.65116279069767 %
Successful eval levels: 64.70588235294117 %
Step: 1220608
Mean test reward: 42.5
Mean eval reward: 25.36348533630371
Successful test levels: 89.47368421052632 %
Successful eval levels: 61.87050359712231 %
Step: 1228800
Mean test reward: 39.0625
Mean eval reward: 31.253707885742188
Successful test levels: 82.23684210526315 %
Successful eval levels: 72.6027397260274 %
Step: 1236992
Mean test reward: 48.4375
Mean eval reward: 22.999683380126953
Successful test levels: 88.06818181818183 %
Successful eval levels: 60.0 %
Step: 1245184
Mean test reward: 45.3125
Mean eval reward: 28.904081344604492
Successful test levels: 86.30952380952381 %
Successful eval levels: 63.63636363636363 %
Step: 1253376
Mean test reward: 45.0
Mean eval reward: 33.31036376953125
Successful test levels: 88.88888888888889 %
Successful eval levels: 70.625 %
Step: 1261568
Mean test reward: 42.8125
Mean eval reward: 33.583152770996094
Successful test levels: 88.96103896103897 %
Successful eval levels: 73.07692307692307 %
Step: 1269760
Mean test reward: 45.3125
Mean eval reward: 29.738525390625
Successful test levels: 86.82634730538922 %
Successful eval levels: 69.17808219178082 %
Step: 1277952
Mean test reward: 43.125
Mean eval reward: 32.07809066772461
Successful test levels: 84.66257668711657 %
Successful eval levels: 75.69444444444444 %
Step: 1286144
Mean test reward: 43.75
Mean eval reward: 32.65200424194336
Successful test levels: 86.41975308641975 %
Successful eval levels: 75.51020408163265 %
Step: 1294336
Mean test reward: 45.625
Mean eval reward: 32.924442291259766
Successful test levels: 86.90476190476191 %
Successful eval levels: 69.56521739130434 %
Step: 1302528
Mean test reward: 42.5
Mean eval reward: 27.62262725830078
Successful test levels: 90.06622516556291 %
Successful eval levels: 64.38356164383562 %
Step: 1310720
Mean test reward: 45.625
Mean eval reward: 36.13046646118164
Successful test levels: 86.90476190476191 %
Successful eval levels: 74.09638554216868 %
Step: 1318912
Mean test reward: 45.625
Mean eval reward: 29.067035675048828
Successful test levels: 84.39306358381504 %
Successful eval levels: 64.28571428571429 %
Step: 1327104
Mean test reward: 43.4375
Mean eval reward: 34.04053497314453
Successful test levels: 85.2760736196319 %
Successful eval levels: 70.3030303030303 %
Step: 1335296
Mean test reward: 42.5
Mean eval reward: 29.621490478515625
Successful test levels: 88.31168831168831 %
Successful eval levels: 70.62937062937063 %
Step: 1343488
Mean test reward: 36.875
Mean eval reward: 30.49645233154297
Successful test levels: 78.1456953642384 %
Successful eval levels: 70.74829931972789 %
Step: 1351680
Mean test reward: 49.6875
Mean eval reward: 34.57747268676758
Successful test levels: 89.32584269662921 %
Successful eval levels: 75.64102564102564 %
Step: 1359872
Mean test reward: 42.8125
Mean eval reward: 32.507869720458984
Successful test levels: 88.96103896103897 %
Successful eval levels: 70.25316455696202 %
Step: 1368064
Mean test reward: 44.0625
Mean eval reward: 23.723163604736328
Successful test levels: 91.55844155844156 %
Successful eval levels: 58.27338129496403 %
Step: 1376256
Mean test reward: 40.625
Mean eval reward: 29.874584197998047
Successful test levels: 80.74534161490683 %
Successful eval levels: 72.3404255319149 %
Step: 1384448
Mean test reward: 46.5625
Mean eval reward: 28.112733840942383
Successful test levels: 87.13450292397661 %
Successful eval levels: 66.20689655172414 %
Step: 1392640
Mean test reward: 43.75
Mean eval reward: 28.40793800354004
Successful test levels: 86.41975308641975 %
Successful eval levels: 65.98639455782312 %
Step: 1400832
Mean test reward: 40.3125
Mean eval reward: 30.447799682617188
Successful test levels: 83.76623376623377 %
Successful eval levels: 68.87417218543047 %
Step: 1409024
Mean test reward: 40.625
Mean eval reward: 24.007123947143555
Successful test levels: 84.4155844155844 %
Successful eval levels: 61.65413533834586 %
Step: 1417216
Mean test reward: 46.25
Mean eval reward: 30.74651336669922
Successful test levels: 90.2439024390244 %
Successful eval levels: 66.87898089171973 %
Step: 1425408
Mean test reward: 43.75
Mean eval reward: 31.90391731262207
Successful test levels: 83.33333333333334 %
Successful eval levels: 65.26946107784431 %
Step: 1433600
Mean test reward: 45.0
Mean eval reward: 30.71808624267578
Successful test levels: 87.8048780487805 %
Successful eval levels: 68.62745098039215 %
Step: 1441792
Mean test reward: 43.125
Mean eval reward: 24.28630256652832
Successful test levels: 88.46153846153845 %
Successful eval levels: 66.4 %
Step: 1449984
Mean test reward: 40.3125
Mean eval reward: 26.337907791137695
Successful test levels: 87.16216216216216 %
Successful eval levels: 65.21739130434783 %
Step: 1458176
Mean test reward: 40.0
Mean eval reward: 28.9740047454834
Successful test levels: 79.5031055900621 %
Successful eval levels: 62.65822784810127 %
Step: 1466368
Mean test reward: 42.5
Mean eval reward: 29.264999389648438
Successful test levels: 86.07594936708861 %
Successful eval levels: 66.22516556291392 %
Step: 1474560
Mean test reward: 45.625
Mean eval reward: 27.794376373291016
Successful test levels: 85.88235294117646 %
Successful eval levels: 67.37588652482269 %
Step: 1482752
Mean test reward: 43.4375
Mean eval reward: 30.423900604248047
Successful test levels: 85.2760736196319 %
Successful eval levels: 68.87417218543047 %
Step: 1490944
Mean test reward: 49.0625
Mean eval reward: 31.290252685546875
Successful test levels: 92.89940828402366 %
Successful eval levels: 69.03225806451613 %
Step: 1499136
Mean test reward: 48.125
Mean eval reward: 27.48389434814453
Successful test levels: 89.53488372093024 %
Successful eval levels: 60.64516129032258 %
Step: 1507328
Mean test reward: 45.625
Mean eval reward: 29.526309967041016
Successful test levels: 82.48587570621469 %
Successful eval levels: 66.44736842105263 %
Step: 1515520
Mean test reward: 44.0625
Mean eval reward: 29.529552459716797
Successful test levels: 86.50306748466258 %
Successful eval levels: 68.70748299319727 %
Step: 1523712
Mean test reward: 46.5625
Mean eval reward: 31.560779571533203
Successful test levels: 86.1271676300578 %
Successful eval levels: 77.6978417266187 %
Step: 1531904
Mean test reward: 50.9375
Mean eval reward: 30.677385330200195
Successful test levels: 87.16577540106952 %
Successful eval levels: 67.74193548387096 %
Step: 1540096
Mean test reward: 49.0625
Mean eval reward: 29.50202751159668
Successful test levels: 88.20224719101124 %
Successful eval levels: 69.6551724137931 %
Step: 1548288
Mean test reward: 44.375
Mean eval reward: 32.99794387817383
Successful test levels: 85.54216867469879 %
Successful eval levels: 69.75308641975309 %
Step: 1556480
Mean test reward: 44.0625
Mean eval reward: 34.14418411254883
Successful test levels: 89.80891719745223 %
Successful eval levels: 75.48387096774194 %
Step: 1564672
Mean test reward: 47.5
Mean eval reward: 29.4645938873291
Successful test levels: 86.85714285714286 %
Successful eval levels: 70.62937062937063 %
Step: 1572864
Mean test reward: 48.125
Mean eval reward: 28.292150497436523
Successful test levels: 88.50574712643679 %
Successful eval levels: 68.30985915492957 %
Step: 1581056
Mean test reward: 53.125
Mean eval reward: 31.495559692382812
Successful test levels: 88.54166666666666 %
Successful eval levels: 65.06024096385542 %
Step: 1589248
Mean test reward: 40.3125
Mean eval reward: 30.612497329711914
Successful test levels: 84.86842105263158 %
Successful eval levels: 71.91780821917808 %
Step: 1597440
Mean test reward: 43.4375
Mean eval reward: 30.02175521850586
Successful test levels: 86.875 %
Successful eval levels: 68.21192052980133 %
Step: 1605632
Mean test reward: 41.25
Mean eval reward: 36.41191101074219
Successful test levels: 88.0 %
Successful eval levels: 78.61635220125787 %
Step: 1613824
Mean test reward: 44.375
Mean eval reward: 32.31707763671875
Successful test levels: 88.75 %
Successful eval levels: 74.49664429530202 %
Step: 1622016
Mean test reward: 42.5
Mean eval reward: 28.522329330444336
Successful test levels: 86.07594936708861 %
Successful eval levels: 70.0 %
Step: 1630208
Mean test reward: 45.625
Mean eval reward: 24.1622314453125
Successful test levels: 88.48484848484848 %
Successful eval levels: 64.84375 %
Step: 1638400
Mean test reward: 44.0625
Mean eval reward: 23.58739471435547
Successful test levels: 87.03703703703704 %
Successful eval levels: 64.28571428571429 %
Step: 1646592
Mean test reward: 38.75
Mean eval reward: 23.015451431274414
Successful test levels: 82.66666666666667 %
Successful eval levels: 65.28925619834712 %
Step: 1654784
Mean test reward: 40.625
Mean eval reward: 21.570363998413086
Successful test levels: 84.4155844155844 %
Successful eval levels: 67.27272727272727 %
Step: 1662976
Mean test reward: 44.375
Mean eval reward: 22.16229820251465
Successful test levels: 88.19875776397515 %
Successful eval levels: 73.7864077669903 %
Step: 1671168
Mean test reward: 41.875
Mean eval reward: 28.877010345458984
Successful test levels: 89.93288590604027 %
Successful eval levels: 81.81818181818183 %
Step: 1679360
Mean test reward: 37.1875
Mean eval reward: 19.25676155090332
Successful test levels: 86.86131386861314 %
Successful eval levels: 64.70588235294117 %
Step: 1687552
Mean test reward: 38.125
Mean eval reward: 19.856403350830078
Successful test levels: 90.37037037037037 %
Successful eval levels: 68.0 %
Step: 1695744
Mean test reward: 37.1875
Mean eval reward: 24.248212814331055
Successful test levels: 90.15151515151516 %
Successful eval levels: 76.85185185185185 %
Step: 1703936
Mean test reward: 47.8125
Mean eval reward: 24.545862197875977
Successful test levels: 90.53254437869822 %
Successful eval levels: 68.29268292682927 %
Step: 1712128
Mean test reward: 39.6875
Mean eval reward: 24.844804763793945
Successful test levels: 85.8108108108108 %
Successful eval levels: 71.42857142857143 %
Step: 1720320
Mean test reward: 49.6875
Mean eval reward: 28.06104850769043
Successful test levels: 89.83050847457628 %
Successful eval levels: 73.2824427480916 %
Step: 1728512
Mean test reward: 42.5
Mean eval reward: 26.015182495117188
Successful test levels: 88.31168831168831 %
Successful eval levels: 68.9922480620155 %
Step: 1736704
Mean test reward: 48.75
Mean eval reward: 28.941450119018555
Successful test levels: 90.17341040462428 %
Successful eval levels: 69.23076923076923 %
Step: 1744896
Mean test reward: 49.375
Mean eval reward: 28.062747955322266
Successful test levels: 88.26815642458101 %
Successful eval levels: 64.0 %
Step: 1753088
Mean test reward: 43.4375
Mean eval reward: 30.106128692626953
Successful test levels: 92.05298013245033 %
Successful eval levels: 76.86567164179104 %
Step: 1761280
Mean test reward: 45.0
Mean eval reward: 28.929149627685547
Successful test levels: 88.88888888888889 %
Successful eval levels: 72.26277372262774 %
Step: 1769472
Mean test reward: 42.5
Mean eval reward: 25.719898223876953
Successful test levels: 88.31168831168831 %
Successful eval levels: 70.96774193548387 %
Step: 1777664
Mean test reward: 43.75
Mean eval reward: 28.056537628173828
Successful test levels: 89.74358974358975 %
Successful eval levels: 68.08510638297872 %
Step: 1785856
Mean test reward: 42.5
Mean eval reward: 25.719181060791016
Successful test levels: 87.74193548387098 %
Successful eval levels: 64.70588235294117 %
Step: 1794048
Mean test reward: 40.9375
Mean eval reward: 30.689002990722656
Successful test levels: 90.3448275862069 %
Successful eval levels: 78.35820895522389 %
Step: 1802240
Mean test reward: 45.3125
Mean eval reward: 29.217941284179688
Successful test levels: 88.41463414634147 %
Successful eval levels: 73.52941176470588 %
Step: 1810432
Mean test reward: 46.875
Mean eval reward: 27.76142120361328
Successful test levels: 89.28571428571429 %
Successful eval levels: 68.84057971014492 %
Step: 1818624
Mean test reward: 41.25
Mean eval reward: 23.673521041870117
Successful test levels: 84.61538461538461 %
Successful eval levels: 65.85365853658537 %
Step: 1826816
Mean test reward: 39.375
Mean eval reward: 27.186344146728516
Successful test levels: 93.33333333333333 %
Successful eval levels: 64.13793103448275 %
Step: 1835008
Mean test reward: 37.5
Mean eval reward: 31.56381607055664
Successful test levels: 91.6030534351145 %
Successful eval levels: 73.97260273972603 %
Step: 1843200
Mean test reward: 36.5625
Mean eval reward: 27.76361656188965
Successful test levels: 89.31297709923665 %
Successful eval levels: 70.37037037037037 %
Step: 1851392
Mean test reward: 33.75
Mean eval reward: 29.512989044189453
Successful test levels: 85.03937007874016 %
Successful eval levels: 73.72262773722628 %
Step: 1859584
Mean test reward: 42.8125
Mean eval reward: 29.797666549682617
Successful test levels: 88.96103896103897 %
Successful eval levels: 70.83333333333334 %
Step: 1867776
Mean test reward: 37.8125
Mean eval reward: 26.293413162231445
Successful test levels: 85.81560283687944 %
Successful eval levels: 69.76744186046511 %
Step: 1875968
Mean test reward: 44.0625
Mean eval reward: 29.800281524658203
Successful test levels: 88.67924528301887 %
Successful eval levels: 69.86301369863014 %
Step: 1884160
Mean test reward: 43.75
Mean eval reward: 24.249469757080078
Successful test levels: 89.74358974358975 %
Successful eval levels: 68.59504132231406 %
Step: 1892352
Mean test reward: 39.0625
Mean eval reward: 28.925888061523438
Successful test levels: 92.5925925925926 %
Successful eval levels: 71.22302158273382 %
Step: 1900544
Mean test reward: 37.8125
Mean eval reward: 33.008304595947266
Successful test levels: 85.81560283687944 %
Successful eval levels: 75.83892617449665 %
Step: 1908736
Mean test reward: 37.5
Mean eval reward: 33.5751953125
Successful test levels: 86.95652173913044 %
Successful eval levels: 69.6969696969697 %
Step: 1916928
Mean test reward: 39.0625
Mean eval reward: 34.72827911376953
Successful test levels: 85.61643835616438 %
Successful eval levels: 70.41420118343196 %
Step: 1925120
Mean test reward: 42.8125
Mean eval reward: 31.214086532592773
Successful test levels: 93.19727891156462 %
Successful eval levels: 76.42857142857142 %
Step: 1933312
Mean test reward: 42.8125
Mean eval reward: 34.69767761230469
Successful test levels: 87.82051282051282 %
Successful eval levels: 75.31645569620254 %
Step: 1941504
Mean test reward: 34.375
Mean eval reward: 31.47705078125
Successful test levels: 88.70967741935483 %
Successful eval levels: 71.52317880794702 %
Step: 1949696
Mean test reward: 41.875
Mean eval reward: 29.435407638549805
Successful test levels: 91.15646258503402 %
Successful eval levels: 69.6551724137931 %
Step: 1957888
Mean test reward: 34.375
Mean eval reward: 26.51706314086914
Successful test levels: 85.9375 %
Successful eval levels: 65.0 %
Step: 1966080
Mean test reward: 41.5625
Mean eval reward: 26.23335075378418
Successful test levels: 87.5 %
Successful eval levels: 72.0 %
Step: 1974272
Mean test reward: 40.625
Mean eval reward: 23.03065299987793
Successful test levels: 86.66666666666667 %
Successful eval levels: 63.2 %
Step: 1982464
Mean test reward: 39.0625
Mean eval reward: 22.746456146240234
Successful test levels: 94.6969696969697 %
Successful eval levels: 67.24137931034483 %
Step: 1990656
Mean test reward: 38.75
Mean eval reward: 23.045867919921875
Successful test levels: 91.85185185185185 %
Successful eval levels: 61.71875 %
Step: 1998848
Mean test reward: 40.0
Mean eval reward: 25.972639083862305
Successful test levels: 90.14084507042254 %
Successful eval levels: 77.39130434782608 %
Step: 2007040
Mean test reward: 36.25
Mean eval reward: 28.886192321777344
Successful test levels: 89.23076923076924 %
Successful eval levels: 75.0 %
Step: 2015232
Mean test reward: 40.0
Mean eval reward: 25.385622024536133
Successful test levels: 88.27586206896552 %
Successful eval levels: 72.5 %
Step: 2023424
Mean test reward: 42.1875
Mean eval reward: 28.600963592529297
Successful test levels: 92.46575342465754 %
Successful eval levels: 70.50359712230215 %
Step: 2031616
Mean test reward: 47.8125
Mean eval reward: 27.72291374206543
Successful test levels: 90.0 %
Successful eval levels: 73.07692307692307 %
Step: 2039808
Mean test reward: 39.6875
Mean eval reward: 34.715946197509766
Successful test levels: 90.0709219858156 %
Successful eval levels: 66.85393258426966 %
Step: 2048000
Mean test reward: 40.625
Mean eval reward: 26.252105712890625
Successful test levels: 84.9673202614379 %
Successful eval levels: 69.76744186046511 %
Step: 2056192
Mean test reward: 49.0625
Mean eval reward: 25.08991050720215
Successful test levels: 93.45238095238095 %
Successful eval levels: 59.72222222222222 %
Step: 2064384
Mean test reward: 40.9375
Mean eval reward: 27.134090423583984
Successful test levels: 89.1156462585034 %
Successful eval levels: 65.95744680851064 %
Step: 2072576
Mean test reward: 41.5625
Mean eval reward: 30.04969024658203
Successful test levels: 85.80645161290322 %
Successful eval levels: 70.54794520547945 %
Step: 2080768
Mean test reward: 38.4375
Mean eval reward: 31.502805709838867
Successful test levels: 87.85714285714286 %
Successful eval levels: 66.66666666666666 %
Step: 2088960
Mean test reward: 34.0625
Mean eval reward: 25.956226348876953
Successful test levels: 84.49612403100775 %
Successful eval levels: 72.35772357723577 %
Step: 2097152
Mean test reward: 33.4375
Mean eval reward: 24.21468734741211
Successful test levels: 86.29032258064517 %
Successful eval levels: 67.47967479674797 %
Step: 2105344
Mean test reward: 36.875
Mean eval reward: 28.592430114746094
Successful test levels: 86.13138686131386 %
Successful eval levels: 66.21621621621621 %
Step: 2113536
Mean test reward: 30.3125
Mean eval reward: 31.504539489746094
Successful test levels: 82.20338983050848 %
Successful eval levels: 72.48322147651007 %
Step: 2121728
Mean test reward: 31.875
Mean eval reward: 31.492542266845703
Successful test levels: 86.4406779661017 %
Successful eval levels: 65.85365853658537 %
Step: 2129920
Mean test reward: 35.0
Mean eval reward: 23.04149055480957
Successful test levels: 90.32258064516128 %
Successful eval levels: 63.70967741935484 %
Step: 2138112
Mean test reward: 35.3125
Mean eval reward: 32.954349517822266
Successful test levels: 88.28125 %
Successful eval levels: 71.97452229299363 %
Step: 2146304
Mean test reward: 35.9375
Mean eval reward: 28.57455825805664
Successful test levels: 86.46616541353383 %
Successful eval levels: 67.12328767123287 %
Step: 2154496
Mean test reward: 37.8125
Mean eval reward: 29.735332489013672
Successful test levels: 91.66666666666666 %
Successful eval levels: 67.10526315789474 %
Step: 2162688
Mean test reward: 35.3125
Mean eval reward: 26.82089614868164
Successful test levels: 84.32835820895522 %
Successful eval levels: 72.44094488188976 %
Step: 2170880
Mean test reward: 34.0625
Mean eval reward: 30.31650161743164
Successful test levels: 86.5079365079365 %
Successful eval levels: 67.53246753246754 %
Step: 2179072
Mean test reward: 28.75
Mean eval reward: 26.526752471923828
Successful test levels: 85.98130841121495 %
Successful eval levels: 74.59016393442623 %
Step: 2187264
Mean test reward: 34.375
Mean eval reward: 25.945743560791016
Successful test levels: 88.0 %
Successful eval levels: 66.4179104477612 %
Step: 2195456
Mean test reward: 35.3125
Mean eval reward: 24.20473861694336
Successful test levels: 91.12903225806451 %
Successful eval levels: 69.74789915966386 %
Step: 2203648
Mean test reward: 34.6875
Mean eval reward: 29.44832420349121
Successful test levels: 88.09523809523809 %
Successful eval levels: 72.14285714285714 %
Step: 2211840
Mean test reward: 45.3125
Mean eval reward: 27.41018295288086
Successful test levels: 92.35668789808918 %
Successful eval levels: 65.27777777777779 %
Step: 2220032
Mean test reward: 31.875
Mean eval reward: 22.45636558532715
Successful test levels: 85.0 %
Successful eval levels: 64.70588235294117 %
Step: 2228224
Mean test reward: 30.625
Mean eval reward: 29.169124603271484
Successful test levels: 89.0909090909091 %
Successful eval levels: 72.99270072992701 %
Step: 2236416
Mean test reward: 33.125
Mean eval reward: 23.335891723632812
Successful test levels: 89.07563025210085 %
Successful eval levels: 64.0 %
Step: 2244608
Mean test reward: 42.5
Mean eval reward: 24.80158805847168
Successful test levels: 90.06622516556291 %
Successful eval levels: 72.03389830508475 %
Step: 2252800
Mean test reward: 40.625
Mean eval reward: 29.472915649414062
Successful test levels: 86.09271523178808 %
Successful eval levels: 74.26470588235294 %
Step: 2260992
Mean test reward: 36.875
Mean eval reward: 26.842975616455078
Successful test levels: 90.07633587786259 %
Successful eval levels: 69.6969696969697 %
Step: 2269184
Mean test reward: 30.0
Mean eval reward: 30.0532169342041
Successful test levels: 93.20388349514563 %
Successful eval levels: 70.54794520547945 %
Step: 2277376
Mean test reward: 29.6875
Mean eval reward: 23.34217071533203
Successful test levels: 86.36363636363636 %
Successful eval levels: 65.57377049180327 %
Step: 2285568
Mean test reward: 38.4375
Mean eval reward: 25.975582122802734
Successful test levels: 84.82758620689656 %
Successful eval levels: 65.44117647058823 %
Step: 2293760
Mean test reward: 32.8125
Mean eval reward: 26.85523796081543
Successful test levels: 86.77685950413223 %
Successful eval levels: 70.76923076923077 %
Step: 2301952
Mean test reward: 27.8125
Mean eval reward: 21.02122688293457
Successful test levels: 88.11881188118812 %
Successful eval levels: 55.81395348837209 %
Step: 2310144
Mean test reward: 35.625
Mean eval reward: 24.530712127685547
Successful test levels: 97.43589743589743 %
Successful eval levels: 65.11627906976744 %
Step: 2318336
Mean test reward: 27.5
Mean eval reward: 24.535465240478516
Successful test levels: 90.72164948453609 %
Successful eval levels: 71.1864406779661 %
Step: 2326528
Mean test reward: 34.375
Mean eval reward: 30.088245391845703
Successful test levels: 87.3015873015873 %
Successful eval levels: 72.02797202797203 %
Step: 2334720
Mean test reward: 32.8125
Mean eval reward: 25.413318634033203
Successful test levels: 90.51724137931035 %
Successful eval levels: 74.35897435897436 %
Step: 2342912
Mean test reward: 27.8125
Mean eval reward: 22.205312728881836
Successful test levels: 86.40776699029125 %
Successful eval levels: 71.69811320754717 %
Step: 2351104
Mean test reward: 32.5
Mean eval reward: 27.764427185058594
Successful test levels: 90.43478260869566 %
Successful eval levels: 62.5 %
Step: 2359296
Mean test reward: 35.625
Mean eval reward: 20.169048309326172
Successful test levels: 89.76377952755905 %
Successful eval levels: 61.60714285714286 %
Step: 2367488
Mean test reward: 39.375
Mean eval reward: 28.941665649414062
Successful test levels: 91.30434782608695 %
Successful eval levels: 67.3469387755102 %
Step: 2375680
Mean test reward: 31.5625
Mean eval reward: 23.97335433959961
Successful test levels: 87.06896551724138 %
Successful eval levels: 62.59541984732825 %
Step: 2383872
Mean test reward: 31.25
Mean eval reward: 30.408899307250977
Successful test levels: 84.03361344537815 %
Successful eval levels: 70.27027027027027 %
Step: 2392064
Mean test reward: 40.3125
Mean eval reward: 27.770320892333984
Successful test levels: 90.20979020979021 %
Successful eval levels: 67.37588652482269 %
Step: 2400256
Mean test reward: 32.5
Mean eval reward: 31.57123374938965
Successful test levels: 86.66666666666667 %
Successful eval levels: 72.0 %
Step: 2408448
Mean test reward: 30.3125
Mean eval reward: 26.89006996154785
Successful test levels: 90.65420560747664 %
Successful eval levels: 65.71428571428571 %
Step: 2416640
Mean test reward: 32.5
Mean eval reward: 25.431846618652344
Successful test levels: 90.43478260869566 %
Successful eval levels: 63.503649635036496 %
Step: 2424832
Mean test reward: 31.875
Mean eval reward: 27.191335678100586
Successful test levels: 85.0 %
Successful eval levels: 64.58333333333334 %
Step: 2433024
Mean test reward: 32.8125
Mean eval reward: 27.77273941040039
Successful test levels: 82.67716535433071 %
Successful eval levels: 65.51724137931035 %
Step: 2441216
Mean test reward: 38.4375
Mean eval reward: 25.72897720336914
Successful test levels: 89.13043478260869 %
Successful eval levels: 64.23357664233576 %
Step: 2449408
Mean test reward: 42.5
Mean eval reward: 24.560646057128906
Successful test levels: 92.51700680272108 %
Successful eval levels: 64.61538461538461 %
Step: 2457600
Mean test reward: 40.9375
Mean eval reward: 29.238719940185547
Successful test levels: 90.97222222222221 %
Successful eval levels: 70.92198581560284 %
Step: 2465792
Mean test reward: 40.3125
Mean eval reward: 33.32710647583008
Successful test levels: 89.58333333333334 %
Successful eval levels: 73.07692307692307 %
Step: 2473984
Mean test reward: 39.375
Mean eval reward: 28.060791015625
Successful test levels: 88.11188811188812 %
Successful eval levels: 68.08510638297872 %
Step: 2482176
Mean test reward: 38.125
Mean eval reward: 33.02706527709961
Successful test levels: 89.70588235294117 %
Successful eval levels: 71.51898734177216 %
Step: 2490368
Mean test reward: 45.625
Mean eval reward: 23.962966918945312
Successful test levels: 93.58974358974359 %
Successful eval levels: 62.121212121212125 %
Step: 2498560
Mean test reward: 39.0625
Mean eval reward: 26.30731964111328
Successful test levels: 89.28571428571429 %
Successful eval levels: 69.23076923076923 %
Step: 2506752
Mean test reward: 36.25
Mean eval reward: 35.067867279052734
Successful test levels: 91.33858267716536 %
Successful eval levels: 75.9493670886076 %
Completed training!
