{'total_steps': 2500000.0, 'learning_rate': 0.0005, 'epsilon': 1e-05, 'state_dict_name': 'policy_d', 'seed': 'random'}
Start Training...
Step: 8192
Mean test reward: 0.3125
Mean eval reward: 0.3125
Successful test levels: 25.0 %
Successful eval levels: 14.285714285714285 %
Step: 16384
Mean test reward: 1.25
Mean eval reward: 0.9375
Successful test levels: 40.0 %
Successful eval levels: 75.0 %
Step: 24576
Mean test reward: 3.125
Mean eval reward: 0.9375
Successful test levels: 55.55555555555556 %
Successful eval levels: 23.076923076923077 %
Step: 32768
Mean test reward: 6.25
Mean eval reward: 4.6875
Successful test levels: 55.55555555555556 %
Successful eval levels: 40.54054054054054 %
Step: 40960
Mean test reward: 9.0625
Mean eval reward: 6.5625
Successful test levels: 63.04347826086957 %
Successful eval levels: 48.837209302325576 %
Step: 49152
Mean test reward: 8.4375
Mean eval reward: 8.4375
Successful test levels: 69.23076923076923 %
Successful eval levels: 48.214285714285715 %
Step: 57344
Mean test reward: 9.0625
Mean eval reward: 10.0
Successful test levels: 45.3125 %
Successful eval levels: 50.0 %
Step: 65536
Mean test reward: 9.6875
Mean eval reward: 7.5
Successful test levels: 60.78431372549019 %
Successful eval levels: 44.44444444444444 %
Step: 73728
Mean test reward: 8.125
Mean eval reward: 9.375
Successful test levels: 54.166666666666664 %
Successful eval levels: 50.0 %
Step: 81920
Mean test reward: 10.9375
Mean eval reward: 10.625
Successful test levels: 54.6875 %
Successful eval levels: 53.96825396825397 %
Step: 90112
Mean test reward: 14.0625
Mean eval reward: 12.8125
Successful test levels: 57.692307692307686 %
Successful eval levels: 67.21311475409836 %
Step: 98304
Mean test reward: 12.1875
Mean eval reward: 10.625
Successful test levels: 49.36708860759494 %
Successful eval levels: 48.57142857142857 %
Step: 106496
Mean test reward: 14.0625
Mean eval reward: 10.9375
Successful test levels: 57.692307692307686 %
Successful eval levels: 46.05263157894737 %
Step: 114688
Mean test reward: 17.5
Mean eval reward: 9.0625
Successful test levels: 67.46987951807229 %
Successful eval levels: 38.15789473684211 %
Step: 122880
Mean test reward: 14.0625
Mean eval reward: 17.8125
Successful test levels: 51.724137931034484 %
Successful eval levels: 63.33333333333333 %
Step: 131072
Mean test reward: 17.8125
Mean eval reward: 12.5
Successful test levels: 64.04494382022472 %
Successful eval levels: 44.9438202247191 %
Step: 139264
Mean test reward: 17.1875
Mean eval reward: 12.1875
Successful test levels: 67.07317073170732 %
Successful eval levels: 51.31578947368421 %
Step: 147456
Mean test reward: 16.25
Mean eval reward: 13.75
Successful test levels: 61.904761904761905 %
Successful eval levels: 54.32098765432099 %
Step: 155648
Mean test reward: 16.875
Mean eval reward: 15.9375
Successful test levels: 63.52941176470588 %
Successful eval levels: 55.434782608695656 %
Step: 163840
Mean test reward: 17.1875
Mean eval reward: 13.125
Successful test levels: 56.70103092783505 %
Successful eval levels: 50.0 %
Step: 172032
Mean test reward: 18.75
Mean eval reward: 14.6875
Successful test levels: 65.93406593406593 %
Successful eval levels: 58.0246913580247 %
Step: 180224
Mean test reward: 19.375
Mean eval reward: 14.0625
Successful test levels: 62.62626262626263 %
Successful eval levels: 48.91304347826087 %
Step: 188416
Mean test reward: 16.25
Mean eval reward: 16.5625
Successful test levels: 55.319148936170215 %
Successful eval levels: 56.98924731182796 %
Step: 196608
Mean test reward: 20.0
Mean eval reward: 20.3125
Successful test levels: 64.0 %
Successful eval levels: 60.747663551401864 %
Step: 204800
Mean test reward: 21.25
Mean eval reward: 14.6875
Successful test levels: 68.0 %
Successful eval levels: 54.65116279069767 %
Step: 212992
Mean test reward: 17.1875
Mean eval reward: 17.1875
Successful test levels: 57.89473684210527 %
Successful eval levels: 55.00000000000001 %
Step: 221184
Mean test reward: 20.9375
Mean eval reward: 15.3125
Successful test levels: 60.909090909090914 %
Successful eval levels: 51.041666666666664 %
Step: 229376
Mean test reward: 22.8125
Mean eval reward: 22.5
Successful test levels: 70.87378640776699 %
Successful eval levels: 66.66666666666666 %
Step: 237568
Mean test reward: 22.1875
Mean eval reward: 17.1875
Successful test levels: 62.83185840707964 %
Successful eval levels: 51.886792452830186 %
Step: 245760
Mean test reward: 24.0625
Mean eval reward: 19.0625
Successful test levels: 68.75 %
Successful eval levels: 57.54716981132076 %
Step: 253952
Mean test reward: 27.5
Mean eval reward: 18.75
Successful test levels: 72.1311475409836 %
Successful eval levels: 56.074766355140184 %
Step: 262144
Mean test reward: 24.0625
Mean eval reward: 21.875
Successful test levels: 63.63636363636363 %
Successful eval levels: 60.3448275862069 %
Step: 270336
Mean test reward: 25.9375
Mean eval reward: 23.4375
Successful test levels: 62.878787878787875 %
Successful eval levels: 59.055118110236215 %
Step: 278528
Mean test reward: 25.0
Mean eval reward: 21.25
Successful test levels: 62.99212598425197 %
Successful eval levels: 58.620689655172406 %
Step: 286720
Mean test reward: 25.3125
Mean eval reward: 24.6875
Successful test levels: 64.28571428571429 %
Successful eval levels: 65.83333333333333 %
Step: 294912
Mean test reward: 27.1875
Mean eval reward: 19.0625
Successful test levels: 64.44444444444444 %
Successful eval levels: 56.481481481481474 %
Step: 303104
Mean test reward: 26.25
Mean eval reward: 18.4375
Successful test levels: 65.625 %
Successful eval levels: 53.153153153153156 %
Step: 311296
Mean test reward: 30.625
Mean eval reward: 20.9375
Successful test levels: 75.96899224806202 %
Successful eval levels: 59.82142857142857 %
Step: 319488
Mean test reward: 32.8125
Mean eval reward: 20.3125
Successful test levels: 73.42657342657343 %
Successful eval levels: 53.71900826446281 %
Step: 327680
Mean test reward: 31.25
Mean eval reward: 24.0625
Successful test levels: 68.4931506849315 %
Successful eval levels: 58.333333333333336 %
Step: 335872
Mean test reward: 29.375
Mean eval reward: 23.75
Successful test levels: 67.62589928057554 %
Successful eval levels: 55.88235294117647 %
Step: 344064
Mean test reward: 29.375
Mean eval reward: 23.75
Successful test levels: 68.11594202898551 %
Successful eval levels: 59.84251968503938 %
Step: 352256
Mean test reward: 25.3125
Mean eval reward: 25.625
Successful test levels: 58.69565217391305 %
Successful eval levels: 63.565891472868216 %
Step: 360448
Mean test reward: 21.875
Mean eval reward: 28.125
Successful test levels: 57.85123966942148 %
Successful eval levels: 62.93706293706294 %
Step: 368640
Mean test reward: 29.6875
Mean eval reward: 20.625
Successful test levels: 69.34306569343066 %
Successful eval levels: 54.09836065573771 %
Step: 376832
Mean test reward: 35.9375
Mean eval reward: 25.0
Successful test levels: 71.875 %
Successful eval levels: 62.5 %
Step: 385024
Mean test reward: 33.4375
Mean eval reward: 25.625
Successful test levels: 67.29559748427673 %
Successful eval levels: 59.854014598540154 %
Step: 393216
Mean test reward: 30.625
Mean eval reward: 25.3125
Successful test levels: 69.01408450704226 %
Successful eval levels: 59.55882352941176 %
Step: 401408
Mean test reward: 32.1875
Mean eval reward: 27.5
Successful test levels: 73.04964539007092 %
Successful eval levels: 60.273972602739725 %
Step: 409600
Mean test reward: 31.5625
Mean eval reward: 26.25
Successful test levels: 67.78523489932886 %
Successful eval levels: 61.76470588235294 %
Step: 417792
Mean test reward: 35.3125
Mean eval reward: 26.875
Successful test levels: 70.1863354037267 %
Successful eval levels: 53.086419753086425 %
Step: 425984
Mean test reward: 34.0625
Mean eval reward: 25.625
Successful test levels: 70.77922077922078 %
Successful eval levels: 58.156028368794324 %
Step: 434176
Mean test reward: 37.1875
Mean eval reward: 31.5625
Successful test levels: 68.78612716763006 %
Successful eval levels: 64.3312101910828 %
Step: 442368
Mean test reward: 40.0
Mean eval reward: 32.1875
Successful test levels: 76.19047619047619 %
Successful eval levels: 60.23391812865497 %
Step: 450560
Mean test reward: 39.0625
Mean eval reward: 30.625
Successful test levels: 72.25433526011561 %
Successful eval levels: 67.12328767123287 %
Step: 458752
Mean test reward: 37.8125
Mean eval reward: 30.9375
Successful test levels: 70.76023391812866 %
Successful eval levels: 63.87096774193548 %
Step: 466944
Mean test reward: 39.6875
Mean eval reward: 32.5
Successful test levels: 75.14792899408283 %
Successful eval levels: 66.66666666666666 %
Step: 475136
Mean test reward: 35.3125
Mean eval reward: 29.6875
Successful test levels: 72.90322580645162 %
Successful eval levels: 59.006211180124225 %
Step: 483328
Mean test reward: 41.25
Mean eval reward: 31.5625
Successful test levels: 74.57627118644068 %
Successful eval levels: 63.52201257861635 %
Step: 491520
Mean test reward: 40.3125
Mean eval reward: 32.1875
Successful test levels: 70.1086956521739 %
Successful eval levels: 64.375 %
Step: 499712
Mean test reward: 38.75
Mean eval reward: 30.0
Successful test levels: 67.75956284153006 %
Successful eval levels: 62.33766233766234 %
Step: 507904
Mean test reward: 37.5
Mean eval reward: 27.1875
Successful test levels: 71.00591715976331 %
Successful eval levels: 57.23684210526315 %
Step: 516096
Mean test reward: 41.25
Mean eval reward: 27.5
Successful test levels: 80.0 %
Successful eval levels: 55.34591194968554 %
Step: 524288
Mean test reward: 42.1875
Mean eval reward: 30.625
Successful test levels: 76.70454545454545 %
Successful eval levels: 59.756097560975604 %
Step: 532480
Mean test reward: 42.5
Mean eval reward: 34.6875
Successful test levels: 76.40449438202246 %
Successful eval levels: 64.53488372093024 %
Step: 540672
Mean test reward: 44.375
Mean eval reward: 35.3125
Successful test levels: 76.75675675675676 %
Successful eval levels: 67.26190476190477 %
Step: 548864
Mean test reward: 37.1875
Mean eval reward: 34.375
Successful test levels: 67.61363636363636 %
Successful eval levels: 65.47619047619048 %
Step: 557056
Mean test reward: 38.4375
Mean eval reward: 30.9375
Successful test levels: 72.35294117647058 %
Successful eval levels: 62.65822784810127 %
Step: 565248
Mean test reward: 38.125
Mean eval reward: 28.4375
Successful test levels: 69.31818181818183 %
Successful eval levels: 66.42335766423358 %
Step: 573440
Mean test reward: 38.4375
Mean eval reward: 30.9375
Successful test levels: 75.0 %
Successful eval levels: 66.44295302013423 %
Step: 581632
Mean test reward: 41.875
Mean eval reward: 35.0
Successful test levels: 76.57142857142857 %
Successful eval levels: 68.71165644171779 %
Step: 589824
Mean test reward: 45.0
Mean eval reward: 31.5625
Successful test levels: 72.36180904522614 %
Successful eval levels: 63.92405063291139 %
Step: 598016
Mean test reward: 37.1875
Mean eval reward: 24.0625
Successful test levels: 71.25748502994011 %
Successful eval levels: 51.67785234899329 %
Step: 606208
Mean test reward: 35.3125
Mean eval reward: 30.9375
Successful test levels: 72.90322580645162 %
Successful eval levels: 66.8918918918919 %
Step: 614400
Mean test reward: 39.6875
Mean eval reward: 34.0625
Successful test levels: 71.75141242937853 %
Successful eval levels: 64.88095238095238 %
Step: 622592
Mean test reward: 37.5
Mean eval reward: 31.875
Successful test levels: 70.58823529411765 %
Successful eval levels: 64.15094339622641 %
Step: 630784
Mean test reward: 40.9375
Mean eval reward: 27.8125
Successful test levels: 76.60818713450293 %
Successful eval levels: 65.44117647058823 %
Step: 638976
Mean test reward: 41.5625
Mean eval reward: 29.0625
Successful test levels: 71.89189189189189 %
Successful eval levels: 60.0 %
Step: 647168
Mean test reward: 34.0625
Mean eval reward: 30.9375
Successful test levels: 65.26946107784431 %
Successful eval levels: 62.264150943396224 %
Step: 655360
Mean test reward: 42.5
Mean eval reward: 29.375
Successful test levels: 77.71428571428571 %
Successful eval levels: 61.038961038961034 %
Step: 663552
Mean test reward: 40.625
Mean eval reward: 38.125
Successful test levels: 68.06282722513089 %
Successful eval levels: 72.61904761904762 %
Step: 671744
Mean test reward: 40.3125
Mean eval reward: 30.9375
Successful test levels: 69.35483870967742 %
Successful eval levels: 58.92857142857143 %
Step: 679936
Mean test reward: 36.875
Mean eval reward: 36.5625
Successful test levels: 66.66666666666666 %
Successful eval levels: 67.24137931034483 %
Step: 688128
Mean test reward: 43.4375
Mean eval reward: 29.375
Successful test levels: 79.42857142857143 %
Successful eval levels: 61.8421052631579 %
Step: 696320
Mean test reward: 46.875
Mean eval reward: 35.0
Successful test levels: 73.17073170731707 %
Successful eval levels: 65.88235294117646 %
Step: 704512
Mean test reward: 47.1875
Mean eval reward: 33.4375
Successful test levels: 76.26262626262627 %
Successful eval levels: 63.31360946745562 %
Step: 712704
Mean test reward: 49.375
Mean eval reward: 31.5625
Successful test levels: 79.7979797979798 %
Successful eval levels: 63.92405063291139 %
Step: 720896
Mean test reward: 51.25
Mean eval reward: 35.9375
Successful test levels: 82.0 %
Successful eval levels: 61.82795698924731 %
Step: 729088
Mean test reward: 41.5625
Mean eval reward: 33.75
Successful test levels: 77.32558139534885 %
Successful eval levels: 65.06024096385542 %
Step: 737280
Mean test reward: 43.75
Mean eval reward: 40.625
Successful test levels: 75.67567567567568 %
Successful eval levels: 72.22222222222221 %
Step: 745472
Mean test reward: 46.25
Mean eval reward: 33.75
Successful test levels: 75.51020408163265 %
Successful eval levels: 60.67415730337079 %
Step: 753664
Mean test reward: 42.5
Mean eval reward: 33.4375
Successful test levels: 77.71428571428571 %
Successful eval levels: 60.1123595505618 %
Step: 761856
Mean test reward: 49.0625
Mean eval reward: 36.875
Successful test levels: 80.9278350515464 %
Successful eval levels: 68.6046511627907 %
Step: 770048
Mean test reward: 43.125
Mean eval reward: 34.375
Successful test levels: 78.85714285714286 %
Successful eval levels: 59.13978494623656 %
Step: 778240
Mean test reward: 42.8125
Mean eval reward: 38.4375
Successful test levels: 73.2620320855615 %
Successful eval levels: 71.9298245614035 %
Step: 786432
Mean test reward: 42.1875
Mean eval reward: 34.6875
Successful test levels: 74.58563535911603 %
Successful eval levels: 62.71186440677966 %
Step: 794624
Mean test reward: 44.375
Mean eval reward: 38.4375
Successful test levels: 73.95833333333334 %
Successful eval levels: 65.77540106951871 %
Step: 802816
Mean test reward: 45.9375
Mean eval reward: 34.0625
Successful test levels: 84.0 %
Successful eval levels: 66.06060606060606 %
Step: 811008
Mean test reward: 40.9375
Mean eval reward: 30.0
Successful test levels: 70.43010752688173 %
Successful eval levels: 60.75949367088608 %
Step: 819200
Mean test reward: 42.1875
Mean eval reward: 30.625
Successful test levels: 78.48837209302324 %
Successful eval levels: 60.122699386503065 %
Step: 827392
Mean test reward: 45.3125
Mean eval reward: 35.3125
Successful test levels: 75.52083333333334 %
Successful eval levels: 70.625 %
Step: 835584
Mean test reward: 46.25
Mean eval reward: 33.75
Successful test levels: 77.89473684210526 %
Successful eval levels: 63.905325443786985 %
Step: 843776
Mean test reward: 48.4375
Mean eval reward: 37.5
Successful test levels: 81.57894736842105 %
Successful eval levels: 69.36416184971098 %
Step: 851968
Mean test reward: 41.875
Mean eval reward: 35.0
Successful test levels: 80.72289156626506 %
Successful eval levels: 65.11627906976744 %
Step: 860160
Mean test reward: 45.3125
Mean eval reward: 37.5
Successful test levels: 79.67032967032966 %
Successful eval levels: 73.61963190184049 %
Step: 868352
Mean test reward: 45.9375
Mean eval reward: 33.125
Successful test levels: 82.12290502793296 %
Successful eval levels: 65.4320987654321 %
Step: 876544
Mean test reward: 40.0
Mean eval reward: 32.5
Successful test levels: 79.01234567901234 %
Successful eval levels: 63.41463414634146 %
Step: 884736
Mean test reward: 44.375
Mean eval reward: 32.8125
Successful test levels: 80.22598870056498 %
Successful eval levels: 68.62745098039215 %
Step: 892928
Mean test reward: 38.4375
Mean eval reward: 37.1875
Successful test levels: 76.875 %
Successful eval levels: 65.02732240437157 %
Step: 901120
Mean test reward: 46.5625
Mean eval reward: 31.875
Successful test levels: 81.4207650273224 %
Successful eval levels: 57.95454545454546 %
Step: 909312
Mean test reward: 47.5
Mean eval reward: 38.125
Successful test levels: 81.72043010752688 %
Successful eval levels: 70.11494252873564 %
Step: 917504
Mean test reward: 40.9375
Mean eval reward: 31.875
Successful test levels: 79.8780487804878 %
Successful eval levels: 65.38461538461539 %
Step: 925696
Mean test reward: 37.1875
Mean eval reward: 34.0625
Successful test levels: 77.27272727272727 %
Successful eval levels: 63.372093023255815 %
Step: 933888
Mean test reward: 43.125
Mean eval reward: 31.875
Successful test levels: 77.09497206703911 %
Successful eval levels: 65.38461538461539 %
Step: 942080
Mean test reward: 42.5
Mean eval reward: 33.125
Successful test levels: 79.53216374269006 %
Successful eval levels: 67.94871794871796 %
Step: 950272
Mean test reward: 45.3125
Mean eval reward: 35.0
Successful test levels: 84.30232558139535 %
Successful eval levels: 64.0 %
Step: 958464
Mean test reward: 40.9375
Mean eval reward: 32.5
Successful test levels: 78.44311377245509 %
Successful eval levels: 59.77011494252874 %
Step: 966656
Mean test reward: 38.125
Mean eval reward: 34.0625
Successful test levels: 74.84662576687117 %
Successful eval levels: 60.22099447513812 %
Step: 974848
Mean test reward: 42.1875
Mean eval reward: 31.557125091552734
Successful test levels: 82.3170731707317 %
Successful eval levels: 65.16129032258064 %
Step: 983040
Mean test reward: 44.375
Mean eval reward: 35.88442611694336
Successful test levels: 84.52380952380952 %
Successful eval levels: 69.27710843373494 %
Step: 991232
Mean test reward: 43.4375
Mean eval reward: 35.520450592041016
Successful test levels: 79.88505747126436 %
Successful eval levels: 70.80745341614907 %
Step: 999424
Mean test reward: 45.9375
Mean eval reward: 36.08622741699219
Successful test levels: 80.76923076923077 %
Successful eval levels: 71.60493827160494 %
Step: 1007616
Mean test reward: 39.0625
Mean eval reward: 32.62232971191406
Successful test levels: 79.11392405063292 %
Successful eval levels: 66.45569620253164 %
Step: 1015808
Mean test reward: 39.375
Mean eval reward: 35.06247329711914
Successful test levels: 74.11764705882354 %
Successful eval levels: 66.08187134502924 %
Step: 1024000
Mean test reward: 45.3125
Mean eval reward: 39.33734893798828
Successful test levels: 85.29411764705883 %
Successful eval levels: 73.41040462427746 %
Step: 1032192
Mean test reward: 41.875
Mean eval reward: 33.09281921386719
Successful test levels: 83.75 %
Successful eval levels: 62.94117647058823 %
Step: 1040384
Mean test reward: 43.4375
Mean eval reward: 30.898681640625
Successful test levels: 78.53107344632768 %
Successful eval levels: 66.22516556291392 %
Step: 1048576
Mean test reward: 40.9375
Mean eval reward: 25.333372116088867
Successful test levels: 74.85714285714286 %
Successful eval levels: 58.57142857142858 %
Step: 1056768
Mean test reward: 31.25
Mean eval reward: 30.57035255432129
Successful test levels: 75.75757575757575 %
Successful eval levels: 70.2127659574468 %
Step: 1064960
Mean test reward: 40.0
Mean eval reward: 31.1713924407959
Successful test levels: 79.5031055900621 %
Successful eval levels: 68.70748299319727 %
Step: 1073152
Mean test reward: 38.4375
Mean eval reward: 35.458717346191406
Successful test levels: 77.84810126582279 %
Successful eval levels: 69.27710843373494 %
Step: 1081344
Mean test reward: 44.6875
Mean eval reward: 33.265289306640625
Successful test levels: 82.65895953757226 %
Successful eval levels: 70.12987012987013 %
Step: 1089536
Mean test reward: 44.375
Mean eval reward: 35.07304763793945
Successful test levels: 80.22598870056498 %
Successful eval levels: 67.45562130177515 %
Step: 1097728
Mean test reward: 37.5
Mean eval reward: 33.1921501159668
Successful test levels: 77.92207792207793 %
Successful eval levels: 68.78980891719745 %
Step: 1105920
Mean test reward: 40.9375
Mean eval reward: 30.704143524169922
Successful test levels: 81.875 %
Successful eval levels: 62.11180124223602 %
Step: 1114112
Mean test reward: 40.9375
Mean eval reward: 30.073945999145508
Successful test levels: 80.3680981595092 %
Successful eval levels: 66.66666666666666 %
Step: 1122304
Mean test reward: 42.8125
Mean eval reward: 30.672000885009766
Successful test levels: 83.03030303030303 %
Successful eval levels: 62.893081761006286 %
Step: 1130496
Mean test reward: 45.625
Mean eval reward: 30.958824157714844
Successful test levels: 84.39306358381504 %
Successful eval levels: 67.78523489932886 %
Step: 1138688
Mean test reward: 44.375
Mean eval reward: 31.243467330932617
Successful test levels: 82.55813953488372 %
Successful eval levels: 63.74999999999999 %
Step: 1146880
Mean test reward: 40.3125
Mean eval reward: 34.88633346557617
Successful test levels: 79.14110429447852 %
Successful eval levels: 67.45562130177515 %
Step: 1155072
Mean test reward: 41.25
Mean eval reward: 28.74439239501953
Successful test levels: 81.48148148148148 %
Successful eval levels: 65.73426573426573 %
Step: 1163264
Mean test reward: 39.0625
Mean eval reward: 19.275606155395508
Successful test levels: 84.45945945945947 %
Successful eval levels: 51.63934426229508 %
Step: 1171456
Mean test reward: 40.625
Mean eval reward: 29.370363235473633
Successful test levels: 81.25 %
Successful eval levels: 68.08510638297872 %
Step: 1179648
Mean test reward: 40.0
Mean eval reward: 26.0059757232666
Successful test levels: 83.66013071895425 %
Successful eval levels: 61.59420289855072 %
Step: 1187840
Mean test reward: 36.875
Mean eval reward: 31.201648712158203
Successful test levels: 77.12418300653596 %
Successful eval levels: 64.55696202531645 %
Step: 1196032
Mean test reward: 40.625
Mean eval reward: 28.42974281311035
Successful test levels: 83.33333333333334 %
Successful eval levels: 62.83783783783784 %
Step: 1204224
Mean test reward: 41.25
Mean eval reward: 28.426883697509766
Successful test levels: 84.07643312101911 %
Successful eval levels: 65.49295774647888 %
Step: 1212416
Mean test reward: 34.6875
Mean eval reward: 22.314916610717773
Successful test levels: 79.28571428571428 %
Successful eval levels: 56.58914728682171 %
Step: 1220608
Mean test reward: 43.125
Mean eval reward: 30.266489028930664
Successful test levels: 84.66257668711657 %
Successful eval levels: 67.8082191780822 %
Step: 1228800
Mean test reward: 41.25
Mean eval reward: 29.94326400756836
Successful test levels: 81.98757763975155 %
Successful eval levels: 62.0253164556962 %
Step: 1236992
Mean test reward: 46.875
Mean eval reward: 32.372398376464844
Successful test levels: 86.20689655172413 %
Successful eval levels: 67.51592356687898 %
Step: 1245184
Mean test reward: 46.875
Mean eval reward: 30.82455825805664
Successful test levels: 87.20930232558139 %
Successful eval levels: 67.78523489932886 %
Step: 1253376
Mean test reward: 48.4375
Mean eval reward: 29.586265563964844
Successful test levels: 87.57062146892656 %
Successful eval levels: 64.66666666666666 %
Step: 1261568
Mean test reward: 40.3125
Mean eval reward: 30.79220199584961
Successful test levels: 83.22580645161291 %
Successful eval levels: 65.5844155844156 %
Step: 1269760
Mean test reward: 42.5
Mean eval reward: 31.99807357788086
Successful test levels: 83.9506172839506 %
Successful eval levels: 64.02439024390245 %
Step: 1277952
Mean test reward: 40.625
Mean eval reward: 29.237327575683594
Successful test levels: 79.75460122699386 %
Successful eval levels: 60.75949367088608 %
Step: 1286144
Mean test reward: 45.625
Mean eval reward: 31.35558319091797
Successful test levels: 82.48587570621469 %
Successful eval levels: 63.580246913580254 %
Step: 1294336
Mean test reward: 44.375
Mean eval reward: 30.733230590820312
Successful test levels: 81.60919540229885 %
Successful eval levels: 61.58536585365854 %
Step: 1302528
Mean test reward: 49.6875
Mean eval reward: 30.11383819580078
Successful test levels: 84.12698412698413 %
Successful eval levels: 62.65822784810127 %
Step: 1310720
Mean test reward: 40.3125
Mean eval reward: 27.367599487304688
Successful test levels: 80.12422360248446 %
Successful eval levels: 59.210526315789465 %
Step: 1318912
Mean test reward: 35.9375
Mean eval reward: 24.630775451660156
Successful test levels: 76.66666666666667 %
Successful eval levels: 60.902255639097746 %
Step: 1327104
Mean test reward: 37.5
Mean eval reward: 31.924915313720703
Successful test levels: 83.33333333333334 %
Successful eval levels: 66.87898089171973 %
Step: 1335296
Mean test reward: 42.8125
Mean eval reward: 24.012165069580078
Successful test levels: 83.03030303030303 %
Successful eval levels: 60.30534351145038 %
Step: 1343488
Mean test reward: 34.6875
Mean eval reward: 27.969036102294922
Successful test levels: 84.0909090909091 %
Successful eval levels: 60.9271523178808 %
Step: 1351680
Mean test reward: 36.875
Mean eval reward: 26.446569442749023
Successful test levels: 84.28571428571429 %
Successful eval levels: 60.416666666666664 %
Step: 1359872
Mean test reward: 40.3125
Mean eval reward: 24.92858123779297
Successful test levels: 83.22580645161291 %
Successful eval levels: 64.56692913385827 %
Step: 1368064
Mean test reward: 37.1875
Mean eval reward: 26.449108123779297
Successful test levels: 78.80794701986756 %
Successful eval levels: 63.503649635036496 %
Step: 1376256
Mean test reward: 45.0
Mean eval reward: 30.701404571533203
Successful test levels: 80.44692737430168 %
Successful eval levels: 61.963190184049076 %
Step: 1384448
Mean test reward: 37.8125
Mean eval reward: 31.602272033691406
Successful test levels: 82.87671232876713 %
Successful eval levels: 65.40880503144653 %
Step: 1392640
Mean test reward: 37.5
Mean eval reward: 28.549104690551758
Successful test levels: 81.08108108108108 %
Successful eval levels: 67.62589928057554 %
Step: 1400832
Mean test reward: 36.875
Mean eval reward: 30.96552848815918
Successful test levels: 78.66666666666666 %
Successful eval levels: 68.91891891891892 %
Step: 1409024
Mean test reward: 38.4375
Mean eval reward: 31.55585289001465
Successful test levels: 84.82758620689656 %
Successful eval levels: 66.66666666666666 %
Step: 1417216
Mean test reward: 41.5625
Mean eval reward: 31.238521575927734
Successful test levels: 81.59509202453987 %
Successful eval levels: 66.45161290322581 %
Step: 1425408
Mean test reward: 43.75
Mean eval reward: 33.34259033203125
Successful test levels: 85.88957055214725 %
Successful eval levels: 70.96774193548387 %
Step: 1433600
Mean test reward: 39.0625
Mean eval reward: 29.387752532958984
Successful test levels: 86.80555555555556 %
Successful eval levels: 66.89655172413794 %
Step: 1441792
Mean test reward: 41.25
Mean eval reward: 27.26161003112793
Successful test levels: 83.54430379746836 %
Successful eval levels: 61.64383561643836 %
Step: 1449984
Mean test reward: 40.3125
Mean eval reward: 34.21767044067383
Successful test levels: 83.76623376623377 %
Successful eval levels: 68.90243902439023 %
Step: 1458176
Mean test reward: 42.5
Mean eval reward: 30.863731384277344
Successful test levels: 86.62420382165605 %
Successful eval levels: 68.91891891891892 %
Step: 1466368
Mean test reward: 41.5625
Mean eval reward: 30.853958129882812
Successful test levels: 85.80645161290322 %
Successful eval levels: 60.35502958579882 %
Step: 1474560
Mean test reward: 43.75
Mean eval reward: 29.93544578552246
Successful test levels: 86.41975308641975 %
Successful eval levels: 62.65822784810127 %
Step: 1482752
Mean test reward: 42.5
Mean eval reward: 23.883546829223633
Successful test levels: 86.62420382165605 %
Successful eval levels: 57.2463768115942 %
Step: 1490944
Mean test reward: 39.375
Mean eval reward: 35.96781539916992
Successful test levels: 82.35294117647058 %
Successful eval levels: 65.38461538461539 %
Step: 1499136
Mean test reward: 41.5625
Mean eval reward: 27.489089965820312
Successful test levels: 83.64779874213836 %
Successful eval levels: 63.63636363636363 %
Step: 1507328
Mean test reward: 33.75
Mean eval reward: 25.378803253173828
Successful test levels: 83.72093023255815 %
Successful eval levels: 60.86956521739131 %
Step: 1515520
Mean test reward: 42.5
Mean eval reward: 25.680980682373047
Successful test levels: 82.92682926829268 %
Successful eval levels: 56.29139072847682 %
Step: 1523712
Mean test reward: 42.5
Mean eval reward: 28.700687408447266
Successful test levels: 87.74193548387098 %
Successful eval levels: 66.43356643356644 %
Step: 1531904
Mean test reward: 42.8125
Mean eval reward: 28.999530792236328
Successful test levels: 86.70886075949366 %
Successful eval levels: 64.42953020134227 %
Step: 1540096
Mean test reward: 43.4375
Mean eval reward: 28.989601135253906
Successful test levels: 87.9746835443038 %
Successful eval levels: 66.66666666666666 %
Step: 1548288
Mean test reward: 45.625
Mean eval reward: 32.60560607910156
Successful test levels: 85.38011695906432 %
Successful eval levels: 69.6774193548387 %
Step: 1556480
Mean test reward: 38.75
Mean eval reward: 26.558839797973633
Successful test levels: 82.66666666666667 %
Successful eval levels: 64.23357664233576 %
Step: 1564672
Mean test reward: 38.75
Mean eval reward: 27.766319274902344
Successful test levels: 86.11111111111111 %
Successful eval levels: 65.24822695035462 %
Step: 1572864
Mean test reward: 38.4375
Mean eval reward: 30.779354095458984
Successful test levels: 89.13043478260869 %
Successful eval levels: 70.83333333333334 %
Step: 1581056
Mean test reward: 41.5625
Mean eval reward: 32.87616729736328
Successful test levels: 84.71337579617835 %
Successful eval levels: 68.9873417721519 %
Step: 1589248
Mean test reward: 45.625
Mean eval reward: 27.13202476501465
Successful test levels: 88.48484848484848 %
Successful eval levels: 65.69343065693431 %
Step: 1597440
Mean test reward: 39.375
Mean eval reward: 23.521162033081055
Successful test levels: 84.0 %
Successful eval levels: 66.66666666666666 %
Step: 1605632
Mean test reward: 34.6875
Mean eval reward: 25.03325653076172
Successful test levels: 79.85611510791367 %
Successful eval levels: 63.84615384615384 %
Step: 1613824
Mean test reward: 35.625
Mean eval reward: 27.448448181152344
Successful test levels: 88.37209302325581 %
Successful eval levels: 71.65354330708661 %
Step: 1622016
Mean test reward: 37.5
Mean eval reward: 27.447126388549805
Successful test levels: 83.33333333333334 %
Successful eval levels: 68.42105263157895 %
Step: 1630208
Mean test reward: 36.25
Mean eval reward: 27.4460391998291
Successful test levels: 83.45323741007195 %
Successful eval levels: 70.54263565891473 %
Step: 1638400
Mean test reward: 33.75
Mean eval reward: 27.74500274658203
Successful test levels: 87.8048780487805 %
Successful eval levels: 70.76923076923077 %
Step: 1646592
Mean test reward: 36.5625
Mean eval reward: 25.331424713134766
Successful test levels: 82.97872340425532 %
Successful eval levels: 63.63636363636363 %
Step: 1654784
Mean test reward: 44.375
Mean eval reward: 25.637596130371094
Successful test levels: 86.58536585365853 %
Successful eval levels: 62.96296296296296 %
Step: 1662976
Mean test reward: 42.1875
Mean eval reward: 24.434276580810547
Successful test levels: 87.09677419354838 %
Successful eval levels: 59.12408759124088 %
Step: 1671168
Mean test reward: 44.375
Mean eval reward: 27.151691436767578
Successful test levels: 91.02564102564102 %
Successful eval levels: 68.18181818181817 %
Step: 1679360
Mean test reward: 31.5625
Mean eval reward: 24.438289642333984
Successful test levels: 75.3731343283582 %
Successful eval levels: 59.55882352941176 %
Step: 1687552
Mean test reward: 45.3125
Mean eval reward: 30.170820236206055
Successful test levels: 91.77215189873418 %
Successful eval levels: 69.93006993006993 %
Step: 1695744
Mean test reward: 40.0
Mean eval reward: 28.651561737060547
Successful test levels: 87.07482993197279 %
Successful eval levels: 65.51724137931035 %
Step: 1703936
Mean test reward: 43.75
Mean eval reward: 24.430639266967773
Successful test levels: 89.74358974358975 %
Successful eval levels: 65.85365853658537 %
Step: 1712128
Mean test reward: 38.75
Mean eval reward: 33.175140380859375
Successful test levels: 86.11111111111111 %
Successful eval levels: 70.06369426751591 %
Step: 1720320
Mean test reward: 44.0625
Mean eval reward: 29.542654037475586
Successful test levels: 85.97560975609755 %
Successful eval levels: 67.58620689655173 %
Step: 1728512
Mean test reward: 33.4375
Mean eval reward: 29.835765838623047
Successful test levels: 76.97841726618705 %
Successful eval levels: 70.2127659574468 %
Step: 1736704
Mean test reward: 36.875
Mean eval reward: 26.216754913330078
Successful test levels: 86.76470588235294 %
Successful eval levels: 63.503649635036496 %
Step: 1744896
Mean test reward: 41.875
Mean eval reward: 27.12221908569336
Successful test levels: 88.1578947368421 %
Successful eval levels: 67.16417910447761 %
Step: 1753088
Mean test reward: 36.875
Mean eval reward: 25.9177303314209
Successful test levels: 84.89208633093526 %
Successful eval levels: 65.64885496183206 %
Step: 1761280
Mean test reward: 37.8125
Mean eval reward: 36.752437591552734
Successful test levels: 84.02777777777779 %
Successful eval levels: 77.21518987341773 %
Step: 1769472
Mean test reward: 41.5625
Mean eval reward: 30.411418914794922
Successful test levels: 87.5 %
Successful eval levels: 70.62937062937063 %
Step: 1777664
Mean test reward: 46.25
Mean eval reward: 27.093616485595703
Successful test levels: 90.79754601226993 %
Successful eval levels: 63.38028169014085 %
Step: 1785856
Mean test reward: 40.3125
Mean eval reward: 26.19095802307129
Successful test levels: 82.6923076923077 %
Successful eval levels: 66.92307692307692 %
Step: 1794048
Mean test reward: 38.4375
Mean eval reward: 31.604068756103516
Successful test levels: 87.2340425531915 %
Successful eval levels: 71.42857142857143 %
Step: 1802240
Mean test reward: 41.875
Mean eval reward: 24.077157974243164
Successful test levels: 88.74172185430463 %
Successful eval levels: 67.79661016949152 %
Step: 1810432
Mean test reward: 37.8125
Mean eval reward: 26.78913688659668
Successful test levels: 87.68115942028986 %
Successful eval levels: 68.46153846153847 %
Step: 1818624
Mean test reward: 38.4375
Mean eval reward: 28.89406394958496
Successful test levels: 89.78102189781022 %
Successful eval levels: 68.57142857142857 %
Step: 1826816
Mean test reward: 42.1875
Mean eval reward: 26.18318748474121
Successful test levels: 90.0 %
Successful eval levels: 61.702127659574465 %
Step: 1835008
Mean test reward: 38.75
Mean eval reward: 29.1911563873291
Successful test levels: 88.57142857142857 %
Successful eval levels: 68.79432624113475 %
Step: 1843200
Mean test reward: 35.625
Mean eval reward: 28.582935333251953
Successful test levels: 85.07462686567165 %
Successful eval levels: 65.06849315068493 %
Step: 1851392
Mean test reward: 41.5625
Mean eval reward: 27.07809829711914
Successful test levels: 90.47619047619048 %
Successful eval levels: 66.66666666666666 %
Step: 1859584
Mean test reward: 43.125
Mean eval reward: 24.673519134521484
Successful test levels: 83.13253012048193 %
Successful eval levels: 66.66666666666666 %
Step: 1867776
Mean test reward: 40.625
Mean eval reward: 25.27935028076172
Successful test levels: 87.83783783783784 %
Successful eval levels: 67.2 %
Step: 1875968
Mean test reward: 43.125
Mean eval reward: 29.187854766845703
Successful test levels: 90.19607843137256 %
Successful eval levels: 66.89655172413794 %
Step: 1884160
Mean test reward: 40.0
Mean eval reward: 25.87675666809082
Successful test levels: 88.88888888888889 %
Successful eval levels: 65.64885496183206 %
Step: 1892352
Mean test reward: 39.6875
Mean eval reward: 24.373641967773438
Successful test levels: 88.19444444444444 %
Successful eval levels: 59.12408759124088 %
Step: 1900544
Mean test reward: 37.1875
Mean eval reward: 26.487525939941406
Successful test levels: 85.61151079136691 %
Successful eval levels: 68.75 %
Step: 1908736
Mean test reward: 43.75
Mean eval reward: 31.597028732299805
Successful test levels: 84.33734939759037 %
Successful eval levels: 67.74193548387096 %
Step: 1916928
Mean test reward: 38.4375
Mean eval reward: 36.09066390991211
Successful test levels: 79.35483870967742 %
Successful eval levels: 70.58823529411765 %
Step: 1925120
Mean test reward: 39.0625
Mean eval reward: 26.45711898803711
Successful test levels: 81.16883116883116 %
Successful eval levels: 69.29133858267717 %
Step: 1933312
Mean test reward: 42.5
Mean eval reward: 26.459699630737305
Successful test levels: 90.06622516556291 %
Successful eval levels: 61.97183098591549 %
Step: 1941504
Mean test reward: 40.0
Mean eval reward: 30.062679290771484
Successful test levels: 82.05128205128204 %
Successful eval levels: 66.66666666666666 %
Step: 1949696
Mean test reward: 36.25
Mean eval reward: 34.85880661010742
Successful test levels: 84.05797101449275 %
Successful eval levels: 73.88535031847134 %
Step: 1957888
Mean test reward: 41.5625
Mean eval reward: 28.535602569580078
Successful test levels: 85.25641025641025 %
Successful eval levels: 61.29032258064516 %
Step: 1966080
Mean test reward: 39.0625
Mean eval reward: 30.633365631103516
Successful test levels: 85.03401360544217 %
Successful eval levels: 67.54966887417218 %
Step: 1974272
Mean test reward: 38.125
Mean eval reward: 26.72707176208496
Successful test levels: 84.72222222222221 %
Successful eval levels: 67.42424242424242 %
Step: 1982464
Mean test reward: 35.9375
Mean eval reward: 29.426395416259766
Successful test levels: 86.46616541353383 %
Successful eval levels: 68.53146853146853 %
Step: 1990656
Mean test reward: 42.8125
Mean eval reward: 30.62287139892578
Successful test levels: 89.54248366013073 %
Successful eval levels: 67.10526315789474 %
Step: 1998848
Mean test reward: 38.75
Mean eval reward: 30.915386199951172
Successful test levels: 82.66666666666667 %
Successful eval levels: 67.76315789473685 %
Step: 2007040
Mean test reward: 39.375
Mean eval reward: 30.90164566040039
Successful test levels: 88.11188811188812 %
Successful eval levels: 67.76315789473685 %
Step: 2015232
Mean test reward: 42.8125
Mean eval reward: 30.295656204223633
Successful test levels: 95.13888888888889 %
Successful eval levels: 72.14285714285714 %
Step: 2023424
Mean test reward: 36.5625
Mean eval reward: 27.288475036621094
Successful test levels: 80.6896551724138 %
Successful eval levels: 66.91176470588235 %
Step: 2031616
Mean test reward: 38.75
Mean eval reward: 24.892887115478516
Successful test levels: 86.11111111111111 %
Successful eval levels: 61.029411764705884 %
Step: 2039808
Mean test reward: 50.0
Mean eval reward: 26.096750259399414
Successful test levels: 87.91208791208791 %
Successful eval levels: 68.50393700787401 %
Step: 2048000
Mean test reward: 36.5625
Mean eval reward: 31.78764533996582
Successful test levels: 87.96992481203007 %
Successful eval levels: 70.19867549668875 %
Step: 2056192
Mean test reward: 40.0
Mean eval reward: 26.984844207763672
Successful test levels: 90.14084507042254 %
Successful eval levels: 60.40268456375839 %
Step: 2064384
Mean test reward: 37.1875
Mean eval reward: 29.383441925048828
Successful test levels: 88.80597014925374 %
Successful eval levels: 65.77181208053692 %
Step: 2072576
Mean test reward: 36.875
Mean eval reward: 28.479602813720703
Successful test levels: 81.94444444444444 %
Successful eval levels: 63.33333333333333 %
Step: 2080768
Mean test reward: 42.1875
Mean eval reward: 31.769908905029297
Successful test levels: 87.09677419354838 %
Successful eval levels: 66.25 %
Step: 2088960
Mean test reward: 42.5
Mean eval reward: 35.053279876708984
Successful test levels: 83.43558282208589 %
Successful eval levels: 70.9090909090909 %
Step: 2097152
Mean test reward: 40.0
Mean eval reward: 30.84375762939453
Successful test levels: 84.76821192052981 %
Successful eval levels: 62.048192771084345 %
Step: 2105344
Mean test reward: 42.5
Mean eval reward: 28.44432830810547
Successful test levels: 86.07594936708861 %
Successful eval levels: 59.375 %
Step: 2113536
Mean test reward: 41.5625
Mean eval reward: 30.234846115112305
Successful test levels: 92.36111111111111 %
Successful eval levels: 67.78523489932886 %
Step: 2121728
Mean test reward: 39.6875
Mean eval reward: 27.538467407226562
Successful test levels: 88.81118881118881 %
Successful eval levels: 64.33566433566433 %
Step: 2129920
Mean test reward: 42.1875
Mean eval reward: 30.22427749633789
Successful test levels: 86.53846153846155 %
Successful eval levels: 72.14285714285714 %
Step: 2138112
Mean test reward: 31.5625
Mean eval reward: 27.82917594909668
Successful test levels: 85.59322033898306 %
Successful eval levels: 65.49295774647888 %
Step: 2146304
Mean test reward: 40.0
Mean eval reward: 32.31135940551758
Successful test levels: 88.88888888888889 %
Successful eval levels: 76.59574468085107 %
Step: 2154496
Mean test reward: 36.25
Mean eval reward: 26.02618408203125
Successful test levels: 82.85714285714286 %
Successful eval levels: 63.503649635036496 %
Step: 2162688
Mean test reward: 42.1875
Mean eval reward: 26.922489166259766
Successful test levels: 84.90566037735849 %
Successful eval levels: 68.18181818181817 %
Step: 2170880
Mean test reward: 36.25
Mean eval reward: 25.130271911621094
Successful test levels: 87.87878787878788 %
Successful eval levels: 58.74125874125874 %
Step: 2179072
Mean test reward: 31.5625
Mean eval reward: 30.812612533569336
Successful test levels: 82.11382113821138 %
Successful eval levels: 66.45161290322581 %
Step: 2187264
Mean test reward: 41.25
Mean eval reward: 26.323198318481445
Successful test levels: 84.61538461538461 %
Successful eval levels: 58.666666666666664 %
Step: 2195456
Mean test reward: 38.125
Mean eval reward: 28.413515090942383
Successful test levels: 87.14285714285714 %
Successful eval levels: 64.62585034013605 %
Step: 2203648
Mean test reward: 43.125
Mean eval reward: 26.619585037231445
Successful test levels: 87.89808917197452 %
Successful eval levels: 65.92592592592592 %
Step: 2211840
Mean test reward: 35.9375
Mean eval reward: 25.125911712646484
Successful test levels: 83.33333333333334 %
Successful eval levels: 61.76470588235294 %
Step: 2220032
Mean test reward: 38.75
Mean eval reward: 29.313865661621094
Successful test levels: 88.57142857142857 %
Successful eval levels: 63.63636363636363 %
Step: 2228224
Mean test reward: 39.375
Mean eval reward: 30.506423950195312
Successful test levels: 91.97080291970804 %
Successful eval levels: 65.38461538461539 %
Step: 2236416
Mean test reward: 35.0
Mean eval reward: 30.799739837646484
Successful test levels: 87.5 %
Successful eval levels: 73.57142857142858 %
Step: 2244608
Mean test reward: 36.875
Mean eval reward: 30.788860321044922
Successful test levels: 83.68794326241135 %
Successful eval levels: 72.02797202797203 %
Step: 2252800
Mean test reward: 30.0
Mean eval reward: 26.001008987426758
Successful test levels: 86.48648648648648 %
Successful eval levels: 61.702127659574465 %
Step: 2260992
Mean test reward: 29.375
Mean eval reward: 31.378705978393555
Successful test levels: 81.03448275862068 %
Successful eval levels: 66.45569620253164 %
Step: 2269184
Mean test reward: 33.125
Mean eval reward: 28.981624603271484
Successful test levels: 92.17391304347827 %
Successful eval levels: 63.81578947368421 %
Step: 2277376
Mean test reward: 33.75
Mean eval reward: 26.292552947998047
Successful test levels: 90.75630252100841 %
Successful eval levels: 65.18518518518519 %
Step: 2285568
Mean test reward: 31.5625
Mean eval reward: 25.099328994750977
Successful test levels: 85.59322033898306 %
Successful eval levels: 59.57446808510638 %
Step: 2293760
Mean test reward: 34.6875
Mean eval reward: 28.386119842529297
Successful test levels: 80.43478260869566 %
Successful eval levels: 64.62585034013605 %
Step: 2301952
Mean test reward: 31.875
Mean eval reward: 30.174335479736328
Successful test levels: 82.92682926829268 %
Successful eval levels: 64.3312101910828 %
Step: 2310144
Mean test reward: 42.5
Mean eval reward: 20.616750717163086
Successful test levels: 83.9506172839506 %
Successful eval levels: 59.48275862068966 %
Step: 2318336
Mean test reward: 42.1875
Mean eval reward: 27.79537010192871
Successful test levels: 90.0 %
Successful eval levels: 72.09302325581395 %
Step: 2326528
Mean test reward: 34.375
Mean eval reward: 25.404695510864258
Successful test levels: 91.66666666666666 %
Successful eval levels: 59.02777777777778 %
Step: 2334720
Mean test reward: 33.125
Mean eval reward: 23.015892028808594
Successful test levels: 85.48387096774194 %
Successful eval levels: 64.16666666666667 %
Step: 2342912
Mean test reward: 32.1875
Mean eval reward: 29.29666519165039
Successful test levels: 79.84496124031007 %
Successful eval levels: 73.13432835820896 %
Step: 2351104
Mean test reward: 40.0
Mean eval reward: 23.316253662109375
Successful test levels: 87.07482993197279 %
Successful eval levels: 63.934426229508205 %
Step: 2359296
Mean test reward: 34.6875
Mean eval reward: 23.621944427490234
Successful test levels: 86.71875 %
Successful eval levels: 69.91150442477876 %
Step: 2367488
Mean test reward: 35.0
Mean eval reward: 27.210758209228516
Successful test levels: 86.82170542635659 %
Successful eval levels: 69.46564885496184 %
Step: 2375680
Mean test reward: 41.875
Mean eval reward: 22.430904388427734
Successful test levels: 89.93288590604027 %
Successful eval levels: 58.59375 %
Step: 2383872
Mean test reward: 37.5
Mean eval reward: 25.13068389892578
Successful test levels: 88.23529411764706 %
Successful eval levels: 65.625 %
Step: 2392064
Mean test reward: 34.375
Mean eval reward: 32.30146789550781
Successful test levels: 83.96946564885496 %
Successful eval levels: 72.48322147651007 %
Step: 2400256
Mean test reward: 34.0625
Mean eval reward: 28.708240509033203
Successful test levels: 80.14705882352942 %
Successful eval levels: 71.64179104477611 %
Step: 2408448
Mean test reward: 45.3125
Mean eval reward: 20.638565063476562
Successful test levels: 93.54838709677419 %
Successful eval levels: 61.06194690265486 %
Step: 2416640
Mean test reward: 35.9375
Mean eval reward: 23.037181854248047
Successful test levels: 88.46153846153845 %
Successful eval levels: 61.6 %
Step: 2424832
Mean test reward: 35.3125
Mean eval reward: 26.930917739868164
Successful test levels: 88.28125 %
Successful eval levels: 72.0 %
Step: 2433024
Mean test reward: 39.6875
Mean eval reward: 29.324674606323242
Successful test levels: 89.43661971830986 %
Successful eval levels: 66.21621621621621 %
Step: 2441216
Mean test reward: 39.375
Mean eval reward: 23.93730926513672
Successful test levels: 91.97080291970804 %
Successful eval levels: 62.99212598425197 %
Step: 2449408
Mean test reward: 37.1875
Mean eval reward: 30.519962310791016
Successful test levels: 88.80597014925374 %
Successful eval levels: 72.3404255319149 %
Step: 2457600
Mean test reward: 32.5
Mean eval reward: 33.2050666809082
Successful test levels: 86.66666666666667 %
Successful eval levels: 68.09815950920245 %
Step: 2465792
Mean test reward: 33.4375
Mean eval reward: 28.410978317260742
Successful test levels: 85.6 %
Successful eval levels: 68.34532374100719 %
Step: 2473984
Mean test reward: 36.25
Mean eval reward: 23.62578773498535
Successful test levels: 85.92592592592592 %
Successful eval levels: 61.71875 %
Step: 2482176
Mean test reward: 35.9375
Mean eval reward: 28.114625930786133
Successful test levels: 91.26984126984127 %
Successful eval levels: 69.62962962962963 %
Step: 2490368
Mean test reward: 31.25
Mean eval reward: 26.32048225402832
Successful test levels: 84.03361344537815 %
Successful eval levels: 61.97183098591549 %
Step: 2498560
Mean test reward: 32.1875
Mean eval reward: 31.70145034790039
Successful test levels: 86.5546218487395 %
Successful eval levels: 71.62162162162163 %
Step: 2506752
Mean test reward: 34.0625
Mean eval reward: 27.215391159057617
Successful test levels: 84.49612403100775 %
Successful eval levels: 60.66666666666667 %
Completed training!
{'total_steps': 2500000.0, 'learning_rate': 0.0005, 'epsilon': 1e-05, 'state_dict_name': 'policy_d', 'seed': 'random'}
Start Training...
Step: 8192
Mean test reward: 1.5625
Mean eval reward: 0.625
Successful test levels: 100.0 %
Successful eval levels: 40.0 %
Step: 16384
Mean test reward: 1.5625
Mean eval reward: 1.875
Successful test levels: 50.0 %
Successful eval levels: 40.0 %
Step: 24576
Mean test reward: 2.8125
Mean eval reward: 2.5
Successful test levels: 56.25 %
Successful eval levels: 36.36363636363637 %
Step: 32768
Mean test reward: 4.0625
Mean eval reward: 4.375
Successful test levels: 41.935483870967744 %
Successful eval levels: 35.8974358974359 %
Step: 40960
Mean test reward: 6.5625
Mean eval reward: 5.3125
Successful test levels: 46.666666666666664 %
Successful eval levels: 45.94594594594595 %
Step: 49152
Mean test reward: 8.4375
Mean eval reward: 5.3125
Successful test levels: 61.36363636363637 %
Successful eval levels: 44.73684210526316 %
Step: 57344
Mean test reward: 9.0625
Mean eval reward: 10.3125
Successful test levels: 48.333333333333336 %
Successful eval levels: 51.5625 %
Step: 65536
Mean test reward: 13.125
Mean eval reward: 7.8125
Successful test levels: 60.86956521739131 %
Successful eval levels: 49.01960784313725 %
Step: 73728
Mean test reward: 8.125
Mean eval reward: 11.5625
Successful test levels: 43.333333333333336 %
Successful eval levels: 51.388888888888886 %
Step: 81920
Mean test reward: 17.1875
Mean eval reward: 12.1875
Successful test levels: 59.78260869565217 %
Successful eval levels: 48.148148148148145 %
Step: 90112
Mean test reward: 13.75
Mean eval reward: 12.8125
Successful test levels: 62.857142857142854 %
Successful eval levels: 53.246753246753244 %
Step: 98304
Mean test reward: 14.0625
Mean eval reward: 13.4375
Successful test levels: 57.692307692307686 %
Successful eval levels: 56.57894736842105 %
Step: 106496
Mean test reward: 17.8125
Mean eval reward: 14.6875
Successful test levels: 61.95652173913043 %
Successful eval levels: 50.53763440860215 %
Step: 114688
Mean test reward: 23.75
Mean eval reward: 16.875
Successful test levels: 68.46846846846847 %
Successful eval levels: 54.0 %
Step: 122880
Mean test reward: 17.8125
Mean eval reward: 18.75
Successful test levels: 58.16326530612245 %
Successful eval levels: 58.252427184466015 %
Step: 131072
Mean test reward: 17.5
Mean eval reward: 16.25
Successful test levels: 58.333333333333336 %
Successful eval levels: 50.0 %
Step: 139264
Mean test reward: 19.6875
Mean eval reward: 19.6875
Successful test levels: 60.57692307692307 %
Successful eval levels: 61.76470588235294 %
Step: 147456
Mean test reward: 17.5
Mean eval reward: 17.8125
Successful test levels: 59.57446808510638 %
Successful eval levels: 56.43564356435643 %
Step: 155648
Mean test reward: 19.6875
Mean eval reward: 16.25
Successful test levels: 63.0 %
Successful eval levels: 53.608247422680414 %
Step: 163840
Mean test reward: 20.3125
Mean eval reward: 19.375
Successful test levels: 64.35643564356435 %
Successful eval levels: 60.78431372549019 %
Step: 172032
Mean test reward: 23.4375
Mean eval reward: 18.75
Successful test levels: 65.21739130434783 %
Successful eval levels: 61.855670103092784 %
Step: 180224
Mean test reward: 21.5625
Mean eval reward: 18.125
Successful test levels: 63.888888888888886 %
Successful eval levels: 55.769230769230774 %
Step: 188416
Mean test reward: 19.6875
Mean eval reward: 21.25
Successful test levels: 60.0 %
Successful eval levels: 62.96296296296296 %
Step: 196608
Mean test reward: 23.75
Mean eval reward: 14.0625
Successful test levels: 68.46846846846847 %
Successful eval levels: 51.13636363636363 %
Step: 204800
Mean test reward: 22.8125
Mean eval reward: 19.6875
Successful test levels: 64.60176991150442 %
Successful eval levels: 53.38983050847458 %
Step: 212992
Mean test reward: 24.375
Mean eval reward: 20.3125
Successful test levels: 63.41463414634146 %
Successful eval levels: 57.52212389380531 %
Step: 221184
Mean test reward: 25.625
Mean eval reward: 21.875
Successful test levels: 66.66666666666666 %
Successful eval levels: 55.55555555555556 %
Step: 229376
Mean test reward: 26.25
Mean eval reward: 21.875
Successful test levels: 70.0 %
Successful eval levels: 57.377049180327866 %
Step: 237568
Mean test reward: 25.625
Mean eval reward: 25.0
Successful test levels: 64.56692913385827 %
Successful eval levels: 62.99212598425197 %
Step: 245760
Mean test reward: 24.0625
Mean eval reward: 24.375
Successful test levels: 63.63636363636363 %
Successful eval levels: 61.417322834645674 %
Step: 253952
Mean test reward: 23.125
Mean eval reward: 21.5625
Successful test levels: 64.34782608695652 %
Successful eval levels: 58.97435897435898 %
Step: 262144
Mean test reward: 26.875
Mean eval reward: 22.1875
Successful test levels: 67.71653543307087 %
Successful eval levels: 64.54545454545455 %
Step: 270336
Mean test reward: 24.6875
Mean eval reward: 25.625
Successful test levels: 63.2 %
Successful eval levels: 62.59541984732825 %
Step: 278528
Mean test reward: 24.375
Mean eval reward: 20.3125
Successful test levels: 62.903225806451616 %
Successful eval levels: 51.587301587301596 %
Step: 286720
Mean test reward: 22.5
Mean eval reward: 20.9375
Successful test levels: 60.0 %
Successful eval levels: 63.20754716981132 %
Step: 294912
Mean test reward: 28.4375
Mean eval reward: 21.25
Successful test levels: 75.20661157024794 %
Successful eval levels: 56.666666666666664 %
Step: 303104
Mean test reward: 25.3125
Mean eval reward: 20.9375
Successful test levels: 65.32258064516128 %
Successful eval levels: 55.833333333333336 %
Step: 311296
Mean test reward: 28.4375
Mean eval reward: 23.4375
Successful test levels: 72.8 %
Successful eval levels: 57.692307692307686 %
Step: 319488
Mean test reward: 29.6875
Mean eval reward: 23.125
Successful test levels: 67.37588652482269 %
Successful eval levels: 63.793103448275865 %
Step: 327680
Mean test reward: 28.125
Mean eval reward: 19.0625
Successful test levels: 65.21739130434783 %
Successful eval levels: 54.46428571428571 %
Step: 335872
Mean test reward: 30.625
Mean eval reward: 21.875
Successful test levels: 63.63636363636363 %
Successful eval levels: 58.333333333333336 %
Step: 344064
Mean test reward: 28.75
Mean eval reward: 20.0
Successful test levels: 65.71428571428571 %
Successful eval levels: 47.40740740740741 %
Step: 352256
Mean test reward: 26.875
Mean eval reward: 22.8125
Successful test levels: 71.07438016528926 %
Successful eval levels: 65.76576576576578 %
Step: 360448
Mean test reward: 25.0
Mean eval reward: 18.75
Successful test levels: 63.49206349206349 %
Successful eval levels: 60.0 %
Step: 368640
Mean test reward: 21.25
Mean eval reward: 24.0625
Successful test levels: 64.76190476190476 %
Successful eval levels: 62.096774193548384 %
Step: 376832
Mean test reward: 27.5
Mean eval reward: 31.25
Successful test levels: 64.70588235294117 %
Successful eval levels: 69.44444444444444 %
Step: 385024
Mean test reward: 30.3125
Mean eval reward: 26.875
Successful test levels: 71.85185185185186 %
Successful eval levels: 66.15384615384615 %
Step: 393216
Mean test reward: 27.5
Mean eval reward: 25.9375
Successful test levels: 66.16541353383458 %
Successful eval levels: 64.84375 %
Step: 401408
Mean test reward: 28.125
Mean eval reward: 25.0
Successful test levels: 66.66666666666666 %
Successful eval levels: 58.3941605839416 %
Step: 409600
Mean test reward: 30.9375
Mean eval reward: 27.5
Successful test levels: 66.0 %
Successful eval levels: 57.89473684210527 %
Step: 417792
Mean test reward: 33.75
Mean eval reward: 29.6875
Successful test levels: 75.52447552447552 %
Successful eval levels: 64.1891891891892 %
Step: 425984
Mean test reward: 38.125
Mean eval reward: 31.25
Successful test levels: 70.93023255813954 %
Successful eval levels: 62.893081761006286 %
Step: 434176
Mean test reward: 36.875
Mean eval reward: 32.5
Successful test levels: 71.95121951219512 %
Successful eval levels: 65.40880503144653 %
Step: 442368
Mean test reward: 39.0625
Mean eval reward: 28.4375
Successful test levels: 73.52941176470588 %
Successful eval levels: 62.328767123287676 %
Step: 450560
Mean test reward: 35.9375
Mean eval reward: 32.1875
Successful test levels: 72.78481012658227 %
Successful eval levels: 66.02564102564102 %
Step: 458752
Mean test reward: 39.0625
Mean eval reward: 32.8125
Successful test levels: 70.2247191011236 %
Successful eval levels: 61.76470588235294 %
Step: 466944
Mean test reward: 37.1875
Mean eval reward: 32.1875
Successful test levels: 76.77419354838709 %
Successful eval levels: 65.18987341772153 %
Step: 475136
Mean test reward: 38.4375
Mean eval reward: 29.375
Successful test levels: 76.3975155279503 %
Successful eval levels: 63.08724832214765 %
Step: 483328
Mean test reward: 36.5625
Mean eval reward: 28.75
Successful test levels: 71.77914110429448 %
Successful eval levels: 60.9271523178808 %
Step: 491520
Mean test reward: 38.125
Mean eval reward: 31.875
Successful test levels: 73.05389221556887 %
Successful eval levels: 67.10526315789474 %
Step: 499712
Mean test reward: 34.375
Mean eval reward: 36.5625
Successful test levels: 72.84768211920529 %
Successful eval levels: 72.22222222222221 %
Step: 507904
Mean test reward: 40.3125
Mean eval reward: 40.9375
Successful test levels: 77.24550898203593 %
Successful eval levels: 75.72254335260115 %
Step: 516096
Mean test reward: 45.0
Mean eval reward: 33.125
Successful test levels: 76.19047619047619 %
Successful eval levels: 64.24242424242425 %
Step: 524288
Mean test reward: 46.875
Mean eval reward: 39.375
Successful test levels: 77.720207253886 %
Successful eval levels: 71.1864406779661 %
Step: 532480
Mean test reward: 43.4375
Mean eval reward: 31.25
Successful test levels: 75.95628415300546 %
Successful eval levels: 60.97560975609756 %
Step: 540672
Mean test reward: 37.8125
Mean eval reward: 30.9375
Successful test levels: 71.17647058823529 %
Successful eval levels: 63.46153846153846 %
Step: 548864
Mean test reward: 39.6875
Mean eval reward: 36.5625
Successful test levels: 68.64864864864865 %
Successful eval levels: 65.36312849162012 %
Step: 557056
Mean test reward: 39.0625
Mean eval reward: 36.875
Successful test levels: 70.2247191011236 %
Successful eval levels: 64.83516483516483 %
Step: 565248
Mean test reward: 42.8125
Mean eval reward: 32.5
Successful test levels: 73.2620320855615 %
Successful eval levels: 71.23287671232876 %
Step: 573440
Mean test reward: 43.125
Mean eval reward: 27.8125
Successful test levels: 76.66666666666667 %
Successful eval levels: 58.55263157894737 %
Step: 581632
Mean test reward: 35.9375
Mean eval reward: 26.5625
Successful test levels: 73.71794871794873 %
Successful eval levels: 56.666666666666664 %
Step: 589824
Mean test reward: 37.5
Mean eval reward: 32.5
Successful test levels: 76.92307692307693 %
Successful eval levels: 67.0967741935484 %
Step: 598016
Mean test reward: 41.875
Mean eval reward: 32.1875
Successful test levels: 80.72289156626506 %
Successful eval levels: 72.02797202797203 %
Step: 606208
Mean test reward: 37.5
Mean eval reward: 25.0
Successful test levels: 71.00591715976331 %
Successful eval levels: 54.794520547945204 %
Step: 614400
Mean test reward: 42.8125
Mean eval reward: 29.0625
Successful test levels: 75.69060773480662 %
Successful eval levels: 63.6986301369863 %
Step: 622592
Mean test reward: 37.1875
Mean eval reward: 33.4375
Successful test levels: 75.79617834394905 %
Successful eval levels: 67.29559748427673 %
Step: 630784
Mean test reward: 41.25
Mean eval reward: 32.5
Successful test levels: 78.10650887573965 %
Successful eval levels: 65.40880503144653 %
Step: 638976
Mean test reward: 37.1875
Mean eval reward: 23.75
Successful test levels: 75.79617834394905 %
Successful eval levels: 58.46153846153847 %
Step: 647168
Mean test reward: 39.0625
Mean eval reward: 32.5
Successful test levels: 75.75757575757575 %
Successful eval levels: 63.80368098159509 %
Step: 655360
Mean test reward: 41.25
Mean eval reward: 31.25
Successful test levels: 80.48780487804879 %
Successful eval levels: 67.56756756756756 %
Step: 663552
Mean test reward: 43.75
Mean eval reward: 31.5625
Successful test levels: 80.92485549132948 %
Successful eval levels: 66.44736842105263 %
Step: 671744
Mean test reward: 40.9375
Mean eval reward: 32.1875
Successful test levels: 74.85714285714286 %
Successful eval levels: 67.76315789473685 %
Step: 679936
Mean test reward: 45.0
Mean eval reward: 34.375
Successful test levels: 79.12087912087912 %
Successful eval levels: 70.96774193548387 %
Step: 688128
Mean test reward: 39.0625
Mean eval reward: 34.0625
Successful test levels: 76.21951219512195 %
Successful eval levels: 68.55345911949685 %
Step: 696320
Mean test reward: 39.375
Mean eval reward: 33.125
Successful test levels: 80.2547770700637 %
Successful eval levels: 64.24242424242425 %
Step: 704512
Mean test reward: 38.125
Mean eval reward: 33.75
Successful test levels: 76.25 %
Successful eval levels: 70.12987012987013 %
Step: 712704
Mean test reward: 42.8125
Mean eval reward: 34.0625
Successful test levels: 76.96629213483146 %
Successful eval levels: 66.46341463414635 %
Step: 720896
Mean test reward: 45.0
Mean eval reward: 31.875
Successful test levels: 80.0 %
Successful eval levels: 61.81818181818181 %
Step: 729088
Mean test reward: 41.875
Mean eval reward: 34.6875
Successful test levels: 78.3625730994152 %
Successful eval levels: 67.6829268292683 %
Step: 737280
Mean test reward: 46.5625
Mean eval reward: 29.0625
Successful test levels: 85.63218390804597 %
Successful eval levels: 62.41610738255034 %
Step: 745472
Mean test reward: 45.0
Mean eval reward: 32.1875
Successful test levels: 82.28571428571428 %
Successful eval levels: 65.18987341772153 %
Step: 753664
Mean test reward: 37.5
Mean eval reward: 35.9375
Successful test levels: 77.92207792207793 %
Successful eval levels: 73.71794871794873 %
Step: 761856
Mean test reward: 39.375
Mean eval reward: 34.375
Successful test levels: 78.75 %
Successful eval levels: 66.26506024096386 %
Step: 770048
Mean test reward: 42.8125
Mean eval reward: 33.125
Successful test levels: 78.73563218390804 %
Successful eval levels: 69.28104575163398 %
Step: 778240
Mean test reward: 41.875
Mean eval reward: 34.0625
Successful test levels: 79.28994082840237 %
Successful eval levels: 64.49704142011834 %
Step: 786432
Mean test reward: 43.75
Mean eval reward: 34.375
Successful test levels: 83.33333333333334 %
Successful eval levels: 66.66666666666666 %
Step: 794624
Mean test reward: 50.625
Mean eval reward: 33.4375
Successful test levels: 87.09677419354838 %
Successful eval levels: 66.875 %
Step: 802816
Mean test reward: 40.625
Mean eval reward: 30.9375
Successful test levels: 79.75460122699386 %
Successful eval levels: 71.22302158273382 %
Step: 811008
Mean test reward: 39.6875
Mean eval reward: 30.3125
Successful test levels: 83.00653594771242 %
Successful eval levels: 66.89655172413794 %
Step: 819200
Mean test reward: 46.875
Mean eval reward: 37.1875
Successful test levels: 86.70520231213872 %
Successful eval levels: 74.84276729559748 %
Step: 827392
Mean test reward: 40.9375
Mean eval reward: 35.0
Successful test levels: 83.97435897435898 %
Successful eval levels: 67.87878787878789 %
Step: 835584
Mean test reward: 45.3125
Mean eval reward: 33.125
Successful test levels: 81.00558659217877 %
Successful eval levels: 65.83850931677019 %
Step: 843776
Mean test reward: 44.0625
Mean eval reward: 33.75
Successful test levels: 74.60317460317461 %
Successful eval levels: 77.14285714285715 %
Step: 851968
Mean test reward: 43.4375
Mean eval reward: 37.8125
Successful test levels: 79.42857142857143 %
Successful eval levels: 71.17647058823529 %
Step: 860160
Mean test reward: 47.8125
Mean eval reward: 35.9375
Successful test levels: 80.52631578947368 %
Successful eval levels: 70.98765432098766 %
Step: 868352
Mean test reward: 38.75
Mean eval reward: 37.8125
Successful test levels: 80.51948051948052 %
Successful eval levels: 75.15527950310559 %
Step: 876544
Mean test reward: 36.25
Mean eval reward: 33.75
Successful test levels: 72.95597484276729 %
Successful eval levels: 73.46938775510205 %
Step: 884736
Mean test reward: 41.875
Mean eval reward: 33.123779296875
Successful test levels: 79.28994082840237 %
Successful eval levels: 69.73684210526315 %
Step: 892928
Mean test reward: 40.9375
Mean eval reward: 30.91457176208496
Successful test levels: 81.36645962732919 %
Successful eval levels: 73.88059701492537 %
Step: 901120
Mean test reward: 35.0
Mean eval reward: 32.75879669189453
Successful test levels: 80.0 %
Successful eval levels: 68.62745098039215 %
Step: 909312
Mean test reward: 42.5
Mean eval reward: 34.89628601074219
Successful test levels: 80.95238095238095 %
Successful eval levels: 71.3375796178344 %
Step: 917504
Mean test reward: 43.4375
Mean eval reward: 31.431774139404297
Successful test levels: 83.23353293413174 %
Successful eval levels: 64.74358974358975 %
Step: 925696
Mean test reward: 40.625
Mean eval reward: 34.50123596191406
Successful test levels: 79.75460122699386 %
Successful eval levels: 71.61290322580646 %
Step: 933888
Mean test reward: 44.375
Mean eval reward: 32.58647918701172
Successful test levels: 80.22598870056498 %
Successful eval levels: 70.0 %
Step: 942080
Mean test reward: 43.4375
Mean eval reward: 33.1766471862793
Successful test levels: 84.24242424242424 %
Successful eval levels: 64.45783132530121 %
Step: 950272
Mean test reward: 39.6875
Mean eval reward: 36.21800994873047
Successful test levels: 79.87421383647799 %
Successful eval levels: 72.67080745341616 %
Step: 958464
Mean test reward: 46.25
Mean eval reward: 34.315513610839844
Successful test levels: 81.31868131868131 %
Successful eval levels: 66.07142857142857 %
Step: 966656
Mean test reward: 40.625
Mean eval reward: 31.49950408935547
Successful test levels: 80.24691358024691 %
Successful eval levels: 68.0 %
Step: 974848
Mean test reward: 40.0
Mean eval reward: 31.474040985107422
Successful test levels: 82.58064516129032 %
Successful eval levels: 69.86301369863014 %
Step: 983040
Mean test reward: 50.3125
Mean eval reward: 30.82733917236328
Successful test levels: 84.29319371727748 %
Successful eval levels: 65.78947368421053 %
Step: 991232
Mean test reward: 42.8125
Mean eval reward: 32.03547668457031
Successful test levels: 80.58823529411765 %
Successful eval levels: 67.53246753246754 %
Step: 999424
Mean test reward: 41.875
Mean eval reward: 34.16072082519531
Successful test levels: 83.75 %
Successful eval levels: 68.09815950920245 %
Step: 1007616
Mean test reward: 42.1875
Mean eval reward: 36.57460021972656
Successful test levels: 83.33333333333334 %
Successful eval levels: 72.5609756097561 %
Step: 1015808
Mean test reward: 40.3125
Mean eval reward: 32.529605865478516
Successful test levels: 77.24550898203593 %
Successful eval levels: 68.83116883116884 %
Step: 1024000
Mean test reward: 43.125
Mean eval reward: 38.62016296386719
Successful test levels: 81.65680473372781 %
Successful eval levels: 70.78651685393258 %
Step: 1032192
Mean test reward: 41.5625
Mean eval reward: 33.97023010253906
Successful test levels: 78.69822485207101 %
Successful eval levels: 68.94409937888199 %
Step: 1040384
Mean test reward: 53.4375
Mean eval reward: 31.188461303710938
Successful test levels: 85.5 %
Successful eval levels: 65.38461538461539 %
Step: 1048576
Mean test reward: 40.625
Mean eval reward: 31.46622657775879
Successful test levels: 82.80254777070064 %
Successful eval levels: 72.53521126760563 %
Step: 1056768
Mean test reward: 42.8125
Mean eval reward: 32.66141128540039
Successful test levels: 82.53012048192771 %
Successful eval levels: 69.48051948051948 %
Step: 1064960
Mean test reward: 42.1875
Mean eval reward: 34.76164245605469
Successful test levels: 79.41176470588235 %
Successful eval levels: 69.51219512195121 %
Step: 1073152
Mean test reward: 39.6875
Mean eval reward: 32.294677734375
Successful test levels: 78.88198757763976 %
Successful eval levels: 66.25 %
Step: 1081344
Mean test reward: 36.875
Mean eval reward: 33.48375701904297
Successful test levels: 79.19463087248322 %
Successful eval levels: 66.26506024096386 %
Step: 1089536
Mean test reward: 40.0
Mean eval reward: 30.106765747070312
Successful test levels: 81.52866242038218 %
Successful eval levels: 59.2814371257485 %
Step: 1097728
Mean test reward: 39.375
Mean eval reward: 34.339603424072266
Successful test levels: 77.77777777777779 %
Successful eval levels: 68.48484848484848 %
Step: 1105920
Mean test reward: 46.25
Mean eval reward: 33.09295654296875
Successful test levels: 86.04651162790698 %
Successful eval levels: 69.42675159235668 %
Step: 1114112
Mean test reward: 39.0625
Mean eval reward: 30.03570556640625
Successful test levels: 82.23684210526315 %
Successful eval levels: 64.70588235294117 %
Step: 1122304
Mean test reward: 45.3125
Mean eval reward: 32.14381790161133
Successful test levels: 87.87878787878788 %
Successful eval levels: 68.38709677419355 %
Step: 1130496
Mean test reward: 41.5625
Mean eval reward: 32.721710205078125
Successful test levels: 86.9281045751634 %
Successful eval levels: 66.66666666666666 %
Step: 1138688
Mean test reward: 41.25
Mean eval reward: 31.788101196289062
Successful test levels: 83.01886792452831 %
Successful eval levels: 68.18181818181817 %
Step: 1146880
Mean test reward: 46.25
Mean eval reward: 33.2812385559082
Successful test levels: 85.0574712643678 %
Successful eval levels: 70.96774193548387 %
Step: 1155072
Mean test reward: 47.1875
Mean eval reward: 33.24948501586914
Successful test levels: 82.5136612021858 %
Successful eval levels: 69.18238993710692 %
Step: 1163264
Mean test reward: 50.9375
Mean eval reward: 32.60854721069336
Successful test levels: 88.10810810810811 %
Successful eval levels: 72.97297297297297 %
Step: 1171456
Mean test reward: 43.125
Mean eval reward: 32.59297180175781
Successful test levels: 87.89808917197452 %
Successful eval levels: 69.23076923076923 %
Step: 1179648
Mean test reward: 39.375
Mean eval reward: 33.77308654785156
Successful test levels: 81.29032258064515 %
Successful eval levels: 69.1358024691358 %
Step: 1187840
Mean test reward: 40.0
Mean eval reward: 29.532432556152344
Successful test levels: 87.07482993197279 %
Successful eval levels: 67.58620689655173 %
Step: 1196032
Mean test reward: 40.3125
Mean eval reward: 35.230010986328125
Successful test levels: 82.6923076923077 %
Successful eval levels: 74.0506329113924 %
Step: 1204224
Mean test reward: 47.5
Mean eval reward: 32.791786193847656
Successful test levels: 87.86127167630057 %
Successful eval levels: 73.64864864864865 %
Step: 1212416
Mean test reward: 41.5625
Mean eval reward: 29.768310546875
Successful test levels: 84.17721518987342 %
Successful eval levels: 68.75 %
Step: 1220608
Mean test reward: 43.75
Mean eval reward: 33.35966491699219
Successful test levels: 90.9090909090909 %
Successful eval levels: 71.15384615384616 %
Step: 1228800
Mean test reward: 40.9375
Mean eval reward: 25.840286254882812
Successful test levels: 88.51351351351352 %
Successful eval levels: 64.17910447761194 %
Step: 1236992
Mean test reward: 36.25
Mean eval reward: 28.540922164916992
Successful test levels: 84.67153284671532 %
Successful eval levels: 67.85714285714286 %
Step: 1245184
Mean test reward: 35.9375
Mean eval reward: 27.336278915405273
Successful test levels: 84.55882352941177 %
Successful eval levels: 65.94202898550725 %
Step: 1253376
Mean test reward: 38.125
Mean eval reward: 31.833261489868164
Successful test levels: 88.40579710144928 %
Successful eval levels: 69.28104575163398 %
Step: 1261568
Mean test reward: 39.0625
Mean eval reward: 27.617637634277344
Successful test levels: 88.02816901408451 %
Successful eval levels: 62.585034013605444 %
Step: 1269760
Mean test reward: 38.4375
Mean eval reward: 32.41279602050781
Successful test levels: 81.45695364238411 %
Successful eval levels: 69.23076923076923 %
Step: 1277952
Mean test reward: 40.0
Mean eval reward: 27.598613739013672
Successful test levels: 87.07482993197279 %
Successful eval levels: 70.22900763358778 %
Step: 1286144
Mean test reward: 44.6875
Mean eval reward: 32.08575439453125
Successful test levels: 89.937106918239 %
Successful eval levels: 72.78911564625851 %
Step: 1294336
Mean test reward: 39.0625
Mean eval reward: 34.459163665771484
Successful test levels: 88.02816901408451 %
Successful eval levels: 71.42857142857143 %
Step: 1302528
Mean test reward: 43.4375
Mean eval reward: 28.45480728149414
Successful test levels: 85.80246913580247 %
Successful eval levels: 56.886227544910184 %
Step: 1310720
Mean test reward: 42.8125
Mean eval reward: 28.14988136291504
Successful test levels: 80.11695906432749 %
Successful eval levels: 63.08724832214765 %
Step: 1318912
Mean test reward: 39.6875
Mean eval reward: 32.334041595458984
Successful test levels: 81.93548387096774 %
Successful eval levels: 71.05263157894737 %
Step: 1327104
Mean test reward: 43.75
Mean eval reward: 28.72403335571289
Successful test levels: 84.33734939759037 %
Successful eval levels: 70.07299270072993 %
Step: 1335296
Mean test reward: 42.5
Mean eval reward: 30.513011932373047
Successful test levels: 85.53459119496856 %
Successful eval levels: 69.38775510204081 %
Step: 1343488
Mean test reward: 50.3125
Mean eval reward: 35.872398376464844
Successful test levels: 91.47727272727273 %
Successful eval levels: 73.61963190184049 %
Step: 1351680
Mean test reward: 43.125
Mean eval reward: 32.56227493286133
Successful test levels: 89.03225806451613 %
Successful eval levels: 76.76056338028168 %
Step: 1359872
Mean test reward: 40.625
Mean eval reward: 34.32681655883789
Successful test levels: 87.24832214765101 %
Successful eval levels: 68.8622754491018 %
Step: 1368064
Mean test reward: 41.875
Mean eval reward: 31.61744499206543
Successful test levels: 91.15646258503402 %
Successful eval levels: 68.83116883116884 %
Step: 1376256
Mean test reward: 37.5
Mean eval reward: 32.197540283203125
Successful test levels: 84.50704225352112 %
Successful eval levels: 67.08074534161491 %
Step: 1384448
Mean test reward: 31.875
Mean eval reward: 33.372032165527344
Successful test levels: 80.95238095238095 %
Successful eval levels: 72.72727272727273 %
Step: 1392640
Mean test reward: 36.25
Mean eval reward: 29.185688018798828
Successful test levels: 85.29411764705883 %
Successful eval levels: 66.21621621621621 %
Step: 1400832
Mean test reward: 44.0625
Mean eval reward: 32.747013092041016
Successful test levels: 88.67924528301887 %
Successful eval levels: 67.07317073170732 %
Step: 1409024
Mean test reward: 35.625
Mean eval reward: 28.566747665405273
Successful test levels: 85.71428571428571 %
Successful eval levels: 65.3061224489796 %
Step: 1417216
Mean test reward: 39.375
Mean eval reward: 27.67222785949707
Successful test levels: 87.5 %
Successful eval levels: 67.88321167883211 %
Step: 1425408
Mean test reward: 44.0625
Mean eval reward: 30.04623794555664
Successful test levels: 90.96774193548387 %
Successful eval levels: 72.66187050359713 %
Step: 1433600
Mean test reward: 41.5625
Mean eval reward: 34.19316482543945
Successful test levels: 87.5 %
Successful eval levels: 77.18120805369128 %
Step: 1441792
Mean test reward: 41.875
Mean eval reward: 28.533550262451172
Successful test levels: 87.58169934640523 %
Successful eval levels: 63.1578947368421 %
Step: 1449984
Mean test reward: 39.0625
Mean eval reward: 33.57191467285156
Successful test levels: 86.80555555555556 %
Successful eval levels: 77.93103448275862 %
Step: 1458176
Mean test reward: 42.8125
Mean eval reward: 35.030418395996094
Successful test levels: 86.70886075949366 %
Successful eval levels: 71.95121951219512 %
Step: 1466368
Mean test reward: 40.0
Mean eval reward: 28.78522300720215
Successful test levels: 83.66013071895425 %
Successful eval levels: 68.30985915492957 %
Step: 1474560
Mean test reward: 45.0
Mean eval reward: 31.745988845825195
Successful test levels: 84.21052631578947 %
Successful eval levels: 68.58974358974359 %
Step: 1482752
Mean test reward: 42.1875
Mean eval reward: 36.16892623901367
Successful test levels: 88.81578947368422 %
Successful eval levels: 73.49397590361446 %
Step: 1490944
Mean test reward: 42.1875
Mean eval reward: 30.517745971679688
Successful test levels: 87.09677419354838 %
Successful eval levels: 72.53521126760563 %
Step: 1499136
Mean test reward: 43.125
Mean eval reward: 30.21527862548828
Successful test levels: 85.18518518518519 %
Successful eval levels: 66.23376623376623 %
Step: 1507328
Mean test reward: 48.75
Mean eval reward: 33.7506217956543
Successful test levels: 89.65517241379311 %
Successful eval levels: 74.02597402597402 %
Step: 1515520
Mean test reward: 45.3125
Mean eval reward: 32.25757598876953
Successful test levels: 88.41463414634147 %
Successful eval levels: 76.76056338028168 %
Step: 1523712
Mean test reward: 48.125
Mean eval reward: 31.648666381835938
Successful test levels: 89.01734104046243 %
Successful eval levels: 68.15286624203821 %
Step: 1531904
Mean test reward: 48.75
Mean eval reward: 30.156766891479492
Successful test levels: 89.14285714285714 %
Successful eval levels: 65.80645161290323 %
Step: 1540096
Mean test reward: 42.5
Mean eval reward: 28.671184539794922
Successful test levels: 85.0 %
Successful eval levels: 70.8029197080292 %
Step: 1548288
Mean test reward: 43.125
Mean eval reward: 28.371431350708008
Successful test levels: 88.46153846153845 %
Successful eval levels: 70.07299270072993 %
Step: 1556480
Mean test reward: 42.1875
Mean eval reward: 37.22359848022461
Successful test levels: 88.81578947368422 %
Successful eval levels: 78.75 %
Step: 1564672
Mean test reward: 49.0625
Mean eval reward: 28.639097213745117
Successful test levels: 94.01197604790418 %
Successful eval levels: 69.28571428571428 %
Step: 1572864
Mean test reward: 44.6875
Mean eval reward: 30.993934631347656
Successful test levels: 89.937106918239 %
Successful eval levels: 74.46808510638297 %
Step: 1581056
Mean test reward: 42.5
Mean eval reward: 30.984569549560547
Successful test levels: 91.8918918918919 %
Successful eval levels: 72.91666666666666 %
Step: 1589248
Mean test reward: 36.875
Mean eval reward: 33.330833435058594
Successful test levels: 84.28571428571429 %
Successful eval levels: 74.83443708609272 %
Step: 1597440
Mean test reward: 44.0625
Mean eval reward: 31.54779815673828
Successful test levels: 89.24050632911393 %
Successful eval levels: 69.03225806451613 %
Step: 1605632
Mean test reward: 50.0
Mean eval reward: 29.765554428100586
Successful test levels: 91.95402298850574 %
Successful eval levels: 68.70748299319727 %
Step: 1613824
Mean test reward: 38.4375
Mean eval reward: 26.817575454711914
Successful test levels: 82.0 %
Successful eval levels: 70.54263565891473 %
Step: 1622016
Mean test reward: 45.625
Mean eval reward: 30.35190200805664
Successful test levels: 87.42514970059881 %
Successful eval levels: 69.12751677852349 %
Step: 1630208
Mean test reward: 40.3125
Mean eval reward: 28.580615997314453
Successful test levels: 88.96551724137932 %
Successful eval levels: 73.48484848484848 %
Step: 1638400
Mean test reward: 39.375
Mean eval reward: 29.75359535217285
Successful test levels: 86.3013698630137 %
Successful eval levels: 74.81481481481481 %
Step: 1646592
Mean test reward: 40.0
Mean eval reward: 25.630449295043945
Successful test levels: 88.88888888888889 %
Successful eval levels: 67.44186046511628 %
Step: 1654784
Mean test reward: 48.125
Mean eval reward: 24.75075340270996
Successful test levels: 91.66666666666666 %
Successful eval levels: 65.625 %
Step: 1662976
Mean test reward: 45.0
Mean eval reward: 28.874656677246094
Successful test levels: 94.73684210526315 %
Successful eval levels: 71.01449275362319 %
Step: 1671168
Mean test reward: 41.25
Mean eval reward: 26.22214126586914
Successful test levels: 86.8421052631579 %
Successful eval levels: 65.92592592592592 %
Step: 1679360
Mean test reward: 38.75
Mean eval reward: 25.93087387084961
Successful test levels: 82.11920529801324 %
Successful eval levels: 66.16541353383458 %
Step: 1687552
Mean test reward: 42.5
Mean eval reward: 23.876277923583984
Successful test levels: 85.0 %
Successful eval levels: 59.12408759124088 %
Step: 1695744
Mean test reward: 38.125
Mean eval reward: 28.007904052734375
Successful test levels: 91.04477611940298 %
Successful eval levels: 68.84057971014492 %
Step: 1703936
Mean test reward: 39.6875
Mean eval reward: 29.180620193481445
Successful test levels: 91.36690647482014 %
Successful eval levels: 72.26277372262774 %
Step: 1712128
Mean test reward: 41.875
Mean eval reward: 30.644994735717773
Successful test levels: 85.35031847133759 %
Successful eval levels: 73.23943661971832 %
Step: 1720320
Mean test reward: 39.6875
Mean eval reward: 32.406829833984375
Successful test levels: 90.0709219858156 %
Successful eval levels: 74.82993197278913 %
Step: 1728512
Mean test reward: 40.9375
Mean eval reward: 22.682186126708984
Successful test levels: 90.3448275862069 %
Successful eval levels: 61.111111111111114 %
Step: 1736704
Mean test reward: 37.1875
Mean eval reward: 23.281234741210938
Successful test levels: 88.80597014925374 %
Successful eval levels: 68.69565217391305 %
Step: 1744896
Mean test reward: 38.125
Mean eval reward: 28.88543701171875
Successful test levels: 86.52482269503547 %
Successful eval levels: 69.50354609929079 %
Step: 1753088
Mean test reward: 40.3125
Mean eval reward: 27.114879608154297
Successful test levels: 87.75510204081633 %
Successful eval levels: 73.01587301587301 %
Step: 1761280
Mean test reward: 35.3125
Mean eval reward: 24.759103775024414
Successful test levels: 82.48175182481752 %
Successful eval levels: 66.66666666666666 %
Step: 1769472
Mean test reward: 37.5
Mean eval reward: 26.237167358398438
Successful test levels: 86.33093525179856 %
Successful eval levels: 66.4179104477612 %
Step: 1777664
Mean test reward: 36.5625
Mean eval reward: 27.123313903808594
Successful test levels: 87.31343283582089 %
Successful eval levels: 70.22900763358778 %
Step: 1785856
Mean test reward: 40.9375
Mean eval reward: 24.76932144165039
Successful test levels: 84.51612903225806 %
Successful eval levels: 68.85245901639344 %
Step: 1794048
Mean test reward: 37.5
Mean eval reward: 30.66705322265625
Successful test levels: 86.95652173913044 %
Successful eval levels: 73.75886524822694 %
Step: 1802240
Mean test reward: 35.625
Mean eval reward: 26.831546783447266
Successful test levels: 85.07462686567165 %
Successful eval levels: 72.8 %
Step: 1810432
Mean test reward: 34.0625
Mean eval reward: 26.535900115966797
Successful test levels: 83.84615384615385 %
Successful eval levels: 68.70229007633588 %
Step: 1818624
Mean test reward: 37.1875
Mean eval reward: 29.483089447021484
Successful test levels: 82.63888888888889 %
Successful eval levels: 67.56756756756756 %
Step: 1826816
Mean test reward: 41.5625
Mean eval reward: 27.41769027709961
Successful test levels: 89.26174496644296 %
Successful eval levels: 69.40298507462687 %
Step: 1835008
Mean test reward: 42.1875
Mean eval reward: 30.950321197509766
Successful test levels: 86.53846153846155 %
Successful eval levels: 73.94366197183099 %
Step: 1843200
Mean test reward: 42.8125
Mean eval reward: 28.881898880004883
Successful test levels: 88.38709677419355 %
Successful eval levels: 66.66666666666666 %
Step: 1851392
Mean test reward: 39.375
Mean eval reward: 30.354494094848633
Successful test levels: 90.64748201438849 %
Successful eval levels: 69.5945945945946 %
Step: 1859584
Mean test reward: 39.0625
Mean eval reward: 27.398515701293945
Successful test levels: 85.03401360544217 %
Successful eval levels: 70.99236641221374 %
Step: 1867776
Mean test reward: 42.5
Mean eval reward: 27.69491958618164
Successful test levels: 90.66666666666666 %
Successful eval levels: 69.11764705882352 %
Step: 1875968
Mean test reward: 36.875
Mean eval reward: 33.873531341552734
Successful test levels: 81.94444444444444 %
Successful eval levels: 71.42857142857143 %
Step: 1884160
Mean test reward: 46.5625
Mean eval reward: 29.15341567993164
Successful test levels: 88.69047619047619 %
Successful eval levels: 64.28571428571429 %
Step: 1892352
Mean test reward: 42.1875
Mean eval reward: 29.44384002685547
Successful test levels: 91.21621621621621 %
Successful eval levels: 70.92198581560284 %
Step: 1900544
Mean test reward: 41.25
Mean eval reward: 27.965097427368164
Successful test levels: 88.0 %
Successful eval levels: 68.84057971014492 %
Step: 1908736
Mean test reward: 40.9375
Mean eval reward: 28.25859832763672
Successful test levels: 86.18421052631578 %
Successful eval levels: 73.2824427480916 %
Step: 1916928
Mean test reward: 37.1875
Mean eval reward: 31.495288848876953
Successful test levels: 85.61151079136691 %
Successful eval levels: 69.48051948051948 %
Step: 1925120
Mean test reward: 37.8125
Mean eval reward: 29.423416137695312
Successful test levels: 88.97058823529412 %
Successful eval levels: 69.44444444444444 %
Step: 1933312
Mean test reward: 43.4375
Mean eval reward: 31.18705940246582
Successful test levels: 89.6774193548387 %
Successful eval levels: 74.64788732394366 %
Step: 1941504
Mean test reward: 40.3125
Mean eval reward: 26.47513198852539
Successful test levels: 87.75510204081633 %
Successful eval levels: 68.18181818181817 %
Step: 1949696
Mean test reward: 41.25
Mean eval reward: 30.58668327331543
Successful test levels: 86.27450980392157 %
Successful eval levels: 70.74829931972789 %
Step: 1957888
Mean test reward: 40.625
Mean eval reward: 29.409677505493164
Successful test levels: 84.9673202614379 %
Successful eval levels: 68.02721088435374 %
Step: 1966080
Mean test reward: 38.75
Mean eval reward: 28.22947120666504
Successful test levels: 87.32394366197182 %
Successful eval levels: 67.6056338028169 %
Step: 1974272
Mean test reward: 37.1875
Mean eval reward: 34.1009635925293
Successful test levels: 89.47368421052632 %
Successful eval levels: 73.88535031847134 %
Step: 1982464
Mean test reward: 46.25
Mean eval reward: 29.682640075683594
Successful test levels: 89.1566265060241 %
Successful eval levels: 72.66187050359713 %
Step: 1990656
Mean test reward: 40.9375
Mean eval reward: 29.676538467407227
Successful test levels: 87.91946308724832 %
Successful eval levels: 62.34567901234568 %
Step: 1998848
Mean test reward: 41.5625
Mean eval reward: 29.37747573852539
Successful test levels: 88.0794701986755 %
Successful eval levels: 66.66666666666666 %
Step: 2007040
Mean test reward: 39.375
Mean eval reward: 30.5487060546875
Successful test levels: 84.56375838926175 %
Successful eval levels: 71.23287671232876 %
Step: 2015232
Mean test reward: 39.0625
Mean eval reward: 32.30180358886719
Successful test levels: 85.61643835616438 %
Successful eval levels: 71.42857142857143 %
Step: 2023424
Mean test reward: 49.0625
Mean eval reward: 34.343502044677734
Successful test levels: 90.7514450867052 %
Successful eval levels: 74.52229299363057 %
Step: 2031616
Mean test reward: 49.0625
Mean eval reward: 34.620113372802734
Successful test levels: 87.70949720670392 %
Successful eval levels: 69.8224852071006 %
Step: 2039808
Mean test reward: 45.3125
Mean eval reward: 32.8436164855957
Successful test levels: 86.82634730538922 %
Successful eval levels: 72.72727272727273 %
Step: 2048000
Mean test reward: 46.875
Mean eval reward: 34.88242721557617
Successful test levels: 89.82035928143712 %
Successful eval levels: 70.0 %
Step: 2056192
Mean test reward: 39.0625
Mean eval reward: 27.254108428955078
Successful test levels: 86.20689655172413 %
Successful eval levels: 63.6986301369863 %
Step: 2064384
Mean test reward: 43.4375
Mean eval reward: 30.764286041259766
Successful test levels: 86.875 %
Successful eval levels: 77.77777777777779 %
Step: 2072576
Mean test reward: 39.0625
Mean eval reward: 31.34790802001953
Successful test levels: 88.02816901408451 %
Successful eval levels: 71.33333333333334 %
Step: 2080768
Mean test reward: 41.875
Mean eval reward: 29.872665405273438
Successful test levels: 93.05555555555556 %
Successful eval levels: 73.38129496402878 %
Step: 2088960
Mean test reward: 43.4375
Mean eval reward: 27.82045555114746
Successful test levels: 89.6774193548387 %
Successful eval levels: 73.64341085271317 %
Step: 2097152
Mean test reward: 43.125
Mean eval reward: 28.99115562438965
Successful test levels: 87.89808917197452 %
Successful eval levels: 70.71428571428572 %
Step: 2105344
Mean test reward: 39.375
Mean eval reward: 31.329345703125
Successful test levels: 89.36170212765957 %
Successful eval levels: 74.82517482517483 %
Step: 2113536
Mean test reward: 45.3125
Mean eval reward: 32.489051818847656
Successful test levels: 91.19496855345912 %
Successful eval levels: 76.55172413793103 %
Step: 2121728
Mean test reward: 45.3125
Mean eval reward: 35.40254592895508
Successful test levels: 90.06211180124224 %
Successful eval levels: 79.08496732026144 %
Step: 2129920
Mean test reward: 48.75
Mean eval reward: 31.585506439208984
Successful test levels: 92.85714285714286 %
Successful eval levels: 71.52317880794702 %
Step: 2138112
Mean test reward: 45.9375
Mean eval reward: 30.114627838134766
Successful test levels: 91.30434782608695 %
Successful eval levels: 66.88311688311688 %
Step: 2146304
Mean test reward: 46.5625
Mean eval reward: 27.483348846435547
Successful test levels: 88.16568047337277 %
Successful eval levels: 72.86821705426357 %
Step: 2154496
Mean test reward: 42.8125
Mean eval reward: 33.61859893798828
Successful test levels: 88.96103896103897 %
Successful eval levels: 70.98765432098766 %
Step: 2162688
Mean test reward: 43.75
Mean eval reward: 24.843671798706055
Successful test levels: 88.60759493670885 %
Successful eval levels: 65.89147286821705 %
Step: 2170880
Mean test reward: 44.6875
Mean eval reward: 30.97934341430664
Successful test levels: 87.1951219512195 %
Successful eval levels: 74.12587412587412 %
Step: 2179072
Mean test reward: 48.4375
Mean eval reward: 33.31079864501953
Successful test levels: 91.17647058823529 %
Successful eval levels: 84.44444444444444 %
Step: 2187264
Mean test reward: 51.25
Mean eval reward: 36.50998306274414
Successful test levels: 90.60773480662984 %
Successful eval levels: 81.69934640522875 %
Step: 2195456
Mean test reward: 42.8125
Mean eval reward: 35.90152359008789
Successful test levels: 90.72847682119205 %
Successful eval levels: 82.5503355704698 %
Step: 2203648
Mean test reward: 44.375
Mean eval reward: 30.928232192993164
Successful test levels: 91.61290322580645 %
Successful eval levels: 79.69924812030075 %
Step: 2211840
Mean test reward: 39.375
Mean eval reward: 29.468130111694336
Successful test levels: 91.97080291970804 %
Successful eval levels: 63.52201257861635 %
Step: 2220032
Mean test reward: 43.125
Mean eval reward: 31.792049407958984
Successful test levels: 90.78947368421053 %
Successful eval levels: 77.30496453900709 %
Step: 2228224
Mean test reward: 48.4375
Mean eval reward: 30.619831085205078
Successful test levels: 92.26190476190477 %
Successful eval levels: 72.41379310344827 %
Step: 2236416
Mean test reward: 47.1875
Mean eval reward: 33.81780242919922
Successful test levels: 91.51515151515152 %
Successful eval levels: 70.73170731707317 %
Step: 2244608
Mean test reward: 46.25
Mean eval reward: 33.800621032714844
Successful test levels: 89.1566265060241 %
Successful eval levels: 80.55555555555556 %
Step: 2252800
Mean test reward: 50.625
Mean eval reward: 29.425355911254883
Successful test levels: 94.18604651162791 %
Successful eval levels: 66.88741721854305 %
Step: 2260992
Mean test reward: 45.9375
Mean eval reward: 32.04235076904297
Successful test levels: 92.45283018867924 %
Successful eval levels: 71.42857142857143 %
Step: 2269184
Mean test reward: 46.5625
Mean eval reward: 27.668563842773438
Successful test levels: 91.41104294478528 %
Successful eval levels: 72.51908396946564 %
Step: 2277376
Mean test reward: 43.75
Mean eval reward: 26.79557991027832
Successful test levels: 93.95973154362416 %
Successful eval levels: 67.64705882352942 %
Step: 2285568
Mean test reward: 43.75
Mean eval reward: 29.707225799560547
Successful test levels: 90.9090909090909 %
Successful eval levels: 66.23376623376623 %
Step: 2293760
Mean test reward: 38.4375
Mean eval reward: 31.741268157958984
Successful test levels: 92.4812030075188 %
Successful eval levels: 76.22377622377621 %
Step: 2301952
Mean test reward: 36.5625
Mean eval reward: 32.6046028137207
Successful test levels: 87.31343283582089 %
Successful eval levels: 74.17218543046357 %
Step: 2310144
Mean test reward: 38.4375
Mean eval reward: 32.88590621948242
Successful test levels: 87.2340425531915 %
Successful eval levels: 73.37662337662337 %
Step: 2318336
Mean test reward: 45.9375
Mean eval reward: 27.059247970581055
Successful test levels: 93.0379746835443 %
Successful eval levels: 67.88321167883211 %
Step: 2326528
Mean test reward: 42.5
Mean eval reward: 28.805992126464844
Successful test levels: 89.47368421052632 %
Successful eval levels: 72.26277372262774 %
Step: 2334720
Mean test reward: 40.3125
Mean eval reward: 31.42110824584961
Successful test levels: 88.96551724137932 %
Successful eval levels: 76.05633802816901 %
Step: 2342912
Mean test reward: 46.5625
Mean eval reward: 29.671743392944336
Successful test levels: 93.125 %
Successful eval levels: 73.38129496402878 %
Step: 2351104
Mean test reward: 39.375
Mean eval reward: 29.664886474609375
Successful test levels: 91.30434782608695 %
Successful eval levels: 74.45255474452554 %
Step: 2359296
Mean test reward: 40.3125
Mean eval reward: 23.268722534179688
Successful test levels: 88.35616438356165 %
Successful eval levels: 69.56521739130434 %
Step: 2367488
Mean test reward: 39.6875
Mean eval reward: 25.022003173828125
Successful test levels: 81.93548387096774 %
Successful eval levels: 64.66165413533834 %
Step: 2375680
Mean test reward: 38.75
Mean eval reward: 32.001548767089844
Successful test levels: 85.51724137931035 %
Successful eval levels: 79.71014492753623 %
Step: 2383872
Mean test reward: 40.3125
Mean eval reward: 36.063724517822266
Successful test levels: 86.57718120805369 %
Successful eval levels: 72.94117647058823 %
Step: 2392064
Mean test reward: 37.8125
Mean eval reward: 33.139469146728516
Successful test levels: 88.97058823529412 %
Successful eval levels: 73.54838709677419 %
Step: 2400256
Mean test reward: 45.3125
Mean eval reward: 28.483518600463867
Successful test levels: 87.87878787878788 %
Successful eval levels: 67.12328767123287 %
Step: 2408448
Mean test reward: 44.375
Mean eval reward: 31.67679786682129
Successful test levels: 89.87341772151899 %
Successful eval levels: 65.66265060240963 %
Step: 2416640
Mean test reward: 41.875
Mean eval reward: 31.08766746520996
Successful test levels: 87.58169934640523 %
Successful eval levels: 72.78911564625851 %
Step: 2424832
Mean test reward: 39.0625
Mean eval reward: 31.08194351196289
Successful test levels: 87.41258741258741 %
Successful eval levels: 72.78911564625851 %
Step: 2433024
Mean test reward: 49.6875
Mean eval reward: 25.853485107421875
Successful test levels: 90.85714285714286 %
Successful eval levels: 63.12056737588653 %
Step: 2441216
Mean test reward: 43.4375
Mean eval reward: 29.340158462524414
Successful test levels: 89.6774193548387 %
Successful eval levels: 71.63120567375887 %
Step: 2449408
Mean test reward: 39.6875
Mean eval reward: 31.077701568603516
Successful test levels: 81.93548387096774 %
Successful eval levels: 78.1021897810219 %
Step: 2457600
Mean test reward: 41.875
Mean eval reward: 32.23151397705078
Successful test levels: 90.54054054054053 %
Successful eval levels: 69.375 %
Step: 2465792
Mean test reward: 51.25
Mean eval reward: 31.353351593017578
Successful test levels: 89.61748633879782 %
Successful eval levels: 70.58823529411765 %
Step: 2473984
Mean test reward: 45.9375
Mean eval reward: 24.96717643737793
Successful test levels: 91.30434782608695 %
Successful eval levels: 62.77372262773723 %
Step: 2482176
Mean test reward: 40.625
Mean eval reward: 31.6455078125
Successful test levels: 87.83783783783784 %
Successful eval levels: 73.15436241610739 %
Step: 2490368
Mean test reward: 45.625
Mean eval reward: 27.5748291015625
Successful test levels: 89.02439024390245 %
Successful eval levels: 65.97222222222221 %
Step: 2498560
Mean test reward: 48.4375
Mean eval reward: 32.50510025024414
Successful test levels: 88.57142857142857 %
Successful eval levels: 63.63636363636363 %
Step: 2506752
Mean test reward: 49.6875
Mean eval reward: 31.63009262084961
Successful test levels: 90.3409090909091 %
Successful eval levels: 66.87116564417178 %
Completed training!
