{'total_steps': 2500000.0, 'learning_rate': 0.0005, 'epsilon': 1e-05, 'state_dict_name': 'IMP_short', 'seed': 'random'}
Start Training...
Step: 8192
Mean test reward: 0.625
Mean eval reward: 0.9375
Successful test levels: 22.22222222222222 %
Successful eval levels: 42.857142857142854 %
Step: 16384
Mean test reward: 1.25
Mean eval reward: 2.1875
Successful test levels: 66.66666666666666 %
Successful eval levels: 50.0 %
Step: 24576
Mean test reward: 3.125
Mean eval reward: 2.8125
Successful test levels: 58.82352941176471 %
Successful eval levels: 56.25 %
Step: 32768
Mean test reward: 3.4375
Mean eval reward: 4.6875
Successful test levels: 45.83333333333333 %
Successful eval levels: 57.692307692307686 %
Step: 40960
Mean test reward: 8.125
Mean eval reward: 5.0
Successful test levels: 65.0 %
Successful eval levels: 41.02564102564102 %
Step: 49152
Mean test reward: 9.0625
Mean eval reward: 5.3125
Successful test levels: 51.78571428571429 %
Successful eval levels: 34.0 %
Step: 57344
Mean test reward: 10.3125
Mean eval reward: 13.75
Successful test levels: 48.529411764705884 %
Successful eval levels: 57.89473684210527 %
Step: 65536
Mean test reward: 15.9375
Mean eval reward: 13.75
Successful test levels: 66.23376623376623 %
Successful eval levels: 58.666666666666664 %
Step: 73728
Mean test reward: 17.5
Mean eval reward: 16.5625
Successful test levels: 62.22222222222222 %
Successful eval levels: 55.208333333333336 %
Step: 81920
Mean test reward: 20.3125
Mean eval reward: 16.875
Successful test levels: 61.32075471698113 %
Successful eval levels: 52.42718446601942 %
Step: 90112
Mean test reward: 19.0625
Mean eval reward: 16.5625
Successful test levels: 59.80392156862745 %
Successful eval levels: 48.18181818181818 %
Step: 98304
Mean test reward: 21.25
Mean eval reward: 20.9375
Successful test levels: 61.81818181818181 %
Successful eval levels: 54.47154471544715 %
Step: 106496
Mean test reward: 25.3125
Mean eval reward: 16.5625
Successful test levels: 65.32258064516128 %
Successful eval levels: 46.49122807017544 %
Step: 114688
Mean test reward: 25.0
Mean eval reward: 22.1875
Successful test levels: 62.5 %
Successful eval levels: 55.90551181102362 %
Step: 122880
Mean test reward: 25.625
Mean eval reward: 21.875
Successful test levels: 64.56692913385827 %
Successful eval levels: 61.40350877192983 %
Step: 131072
Mean test reward: 26.875
Mean eval reward: 22.1875
Successful test levels: 66.66666666666666 %
Successful eval levels: 59.66386554621849 %
Step: 139264
Mean test reward: 28.125
Mean eval reward: 23.125
Successful test levels: 67.66917293233082 %
Successful eval levels: 52.112676056338024 %
Step: 147456
Mean test reward: 28.125
Mean eval reward: 23.4375
Successful test levels: 67.66917293233082 %
Successful eval levels: 61.98347107438017 %
Step: 155648
Mean test reward: 27.1875
Mean eval reward: 23.75
Successful test levels: 62.589928057553955 %
Successful eval levels: 58.91472868217055 %
Step: 163840
Mean test reward: 25.3125
Mean eval reward: 21.25
Successful test levels: 60.0 %
Successful eval levels: 55.73770491803278 %
Step: 172032
Mean test reward: 26.25
Mean eval reward: 24.0625
Successful test levels: 60.431654676258994 %
Successful eval levels: 59.68992248062015 %
Step: 180224
Mean test reward: 26.5625
Mean eval reward: 23.4375
Successful test levels: 65.38461538461539 %
Successful eval levels: 53.57142857142857 %
Step: 188416
Mean test reward: 30.625
Mean eval reward: 23.125
Successful test levels: 71.01449275362319 %
Successful eval levels: 52.112676056338024 %
Step: 196608
Mean test reward: 29.375
Mean eval reward: 27.1875
Successful test levels: 64.82758620689654 %
Successful eval levels: 59.589041095890416 %
Step: 204800
Mean test reward: 31.5625
Mean eval reward: 26.5625
Successful test levels: 69.6551724137931 %
Successful eval levels: 58.620689655172406 %
Step: 212992
Mean test reward: 30.625
Mean eval reward: 20.0
Successful test levels: 68.53146853146853 %
Successful eval levels: 51.2 %
Step: 221184
Mean test reward: 26.25
Mean eval reward: 25.9375
Successful test levels: 60.431654676258994 %
Successful eval levels: 57.24137931034483 %
Step: 229376
Mean test reward: 33.4375
Mean eval reward: 25.9375
Successful test levels: 68.15286624203821 %
Successful eval levels: 59.71223021582733 %
Step: 237568
Mean test reward: 35.3125
Mean eval reward: 28.4375
Successful test levels: 73.37662337662337 %
Successful eval levels: 67.91044776119402 %
Step: 245760
Mean test reward: 35.0
Mean eval reward: 26.5625
Successful test levels: 69.56521739130434 %
Successful eval levels: 60.71428571428571 %
Step: 253952
Mean test reward: 41.875
Mean eval reward: 28.4375
Successful test levels: 77.45664739884393 %
Successful eval levels: 60.264900662251655 %
Step: 262144
Mean test reward: 38.4375
Mean eval reward: 30.3125
Successful test levels: 75.4601226993865 %
Successful eval levels: 62.17948717948718 %
Step: 270336
Mean test reward: 39.0625
Mean eval reward: 28.125
Successful test levels: 73.52941176470588 %
Successful eval levels: 57.692307692307686 %
Step: 278528
Mean test reward: 40.9375
Mean eval reward: 27.1875
Successful test levels: 76.16279069767442 %
Successful eval levels: 55.06329113924051 %
Step: 286720
Mean test reward: 35.3125
Mean eval reward: 29.375
Successful test levels: 66.47058823529412 %
Successful eval levels: 55.294117647058826 %
Step: 294912
Mean test reward: 39.375
Mean eval reward: 36.875
Successful test levels: 68.10810810810811 %
Successful eval levels: 71.08433734939759 %
Step: 303104
Mean test reward: 37.8125
Mean eval reward: 35.3125
Successful test levels: 66.48351648351648 %
Successful eval levels: 63.48314606741573 %
Step: 311296
Mean test reward: 37.1875
Mean eval reward: 31.5625
Successful test levels: 71.6867469879518 %
Successful eval levels: 65.5844155844156 %
Step: 319488
Mean test reward: 36.5625
Mean eval reward: 29.6875
Successful test levels: 66.85714285714286 %
Successful eval levels: 60.509554140127385 %
Step: 327680
Mean test reward: 39.0625
Mean eval reward: 34.375
Successful test levels: 70.2247191011236 %
Successful eval levels: 65.86826347305389 %
Step: 335872
Mean test reward: 42.8125
Mean eval reward: 30.625
Successful test levels: 69.1919191919192 %
Successful eval levels: 60.122699386503065 %
Step: 344064
Mean test reward: 37.1875
Mean eval reward: 37.8125
Successful test levels: 68.0 %
Successful eval levels: 67.97752808988764 %
Step: 352256
Mean test reward: 43.75
Mean eval reward: 32.8125
Successful test levels: 78.65168539325843 %
Successful eval levels: 66.0377358490566 %
Step: 360448
Mean test reward: 42.5
Mean eval reward: 33.4375
Successful test levels: 70.10309278350515 %
Successful eval levels: 65.2439024390244 %
Step: 368640
Mean test reward: 36.25
Mean eval reward: 33.4375
Successful test levels: 68.63905325443787 %
Successful eval levels: 66.0493827160494 %
Step: 376832
Mean test reward: 40.3125
Mean eval reward: 35.625
Successful test levels: 72.06703910614524 %
Successful eval levels: 65.51724137931035 %
Step: 385024
Mean test reward: 40.9375
Mean eval reward: 37.8125
Successful test levels: 70.05347593582889 %
Successful eval levels: 71.59763313609467 %
Step: 393216
Mean test reward: 42.5
Mean eval reward: 37.8125
Successful test levels: 72.3404255319149 %
Successful eval levels: 67.97752808988764 %
Step: 401408
Mean test reward: 41.25
Mean eval reward: 35.625
Successful test levels: 70.58823529411765 %
Successful eval levels: 69.0909090909091 %
Step: 409600
Mean test reward: 39.375
Mean eval reward: 35.625
Successful test levels: 72.41379310344827 %
Successful eval levels: 65.14285714285715 %
Step: 417792
Mean test reward: 42.1875
Mean eval reward: 32.1875
Successful test levels: 72.97297297297297 %
Successful eval levels: 57.54189944134078 %
Step: 425984
Mean test reward: 43.75
Mean eval reward: 32.5
Successful test levels: 75.26881720430107 %
Successful eval levels: 63.41463414634146 %
Step: 434176
Mean test reward: 38.75
Mean eval reward: 35.3125
Successful test levels: 72.51461988304094 %
Successful eval levels: 67.26190476190477 %
Step: 442368
Mean test reward: 43.4375
Mean eval reward: 40.9375
Successful test levels: 70.91836734693877 %
Successful eval levels: 70.8108108108108 %
Step: 450560
Mean test reward: 43.4375
Mean eval reward: 33.125
Successful test levels: 78.53107344632768 %
Successful eval levels: 62.35294117647059 %
Step: 458752
Mean test reward: 49.0625
Mean eval reward: 34.375
Successful test levels: 78.5 %
Successful eval levels: 64.70588235294117 %
Step: 466944
Mean test reward: 44.375
Mean eval reward: 37.5
Successful test levels: 75.53191489361703 %
Successful eval levels: 66.29834254143645 %
Step: 475136
Mean test reward: 46.25
Mean eval reward: 37.5
Successful test levels: 78.3068783068783 %
Successful eval levels: 71.8562874251497 %
Step: 483328
Mean test reward: 47.8125
Mean eval reward: 35.62468338012695
Successful test levels: 76.11940298507463 %
Successful eval levels: 64.77272727272727 %
Step: 491520
Mean test reward: 46.875
Mean eval reward: 33.0875244140625
Successful test levels: 83.33333333333334 %
Successful eval levels: 67.08860759493672 %
Step: 499712
Mean test reward: 45.0
Mean eval reward: 38.88719940185547
Successful test levels: 73.46938775510205 %
Successful eval levels: 68.68131868131869 %
Step: 507904
Mean test reward: 47.1875
Mean eval reward: 40.8994140625
Successful test levels: 78.64583333333334 %
Successful eval levels: 72.1311475409836 %
Step: 516096
Mean test reward: 47.1875
Mean eval reward: 33.660160064697266
Successful test levels: 76.26262626262627 %
Successful eval levels: 66.46341463414635 %
Step: 524288
Mean test reward: 49.6875
Mean eval reward: 36.0297737121582
Successful test levels: 75.0 %
Successful eval levels: 67.63005780346822 %
Step: 532480
Mean test reward: 40.0
Mean eval reward: 37.45960235595703
Successful test levels: 73.14285714285714 %
Successful eval levels: 67.03296703296702 %
Step: 540672
Mean test reward: 44.0625
Mean eval reward: 41.286033630371094
Successful test levels: 79.66101694915254 %
Successful eval levels: 71.80851063829788 %
Step: 548864
Mean test reward: 44.6875
Mean eval reward: 32.01615905761719
Successful test levels: 75.66137566137566 %
Successful eval levels: 70.46979865771812 %
Step: 557056
Mean test reward: 43.4375
Mean eval reward: 36.508583068847656
Successful test levels: 72.02072538860104 %
Successful eval levels: 70.58823529411765 %
Step: 565248
Mean test reward: 48.75
Mean eval reward: 35.51127624511719
Successful test levels: 76.84729064039408 %
Successful eval levels: 65.36312849162012 %
Step: 573440
Mean test reward: 45.3125
Mean eval reward: 35.42609405517578
Successful test levels: 74.35897435897436 %
Successful eval levels: 68.82352941176471 %
Step: 581632
Mean test reward: 47.8125
Mean eval reward: 34.44929885864258
Successful test levels: 80.95238095238095 %
Successful eval levels: 67.85714285714286 %
Step: 589824
Mean test reward: 48.4375
Mean eval reward: 36.48594284057617
Successful test levels: 77.5 %
Successful eval levels: 70.34883720930233 %
Step: 598016
Mean test reward: 47.1875
Mean eval reward: 39.67353820800781
Successful test levels: 80.74866310160428 %
Successful eval levels: 71.73913043478261 %
Step: 606208
Mean test reward: 44.6875
Mean eval reward: 39.55620574951172
Successful test levels: 76.88172043010752 %
Successful eval levels: 74.15730337078652 %
Step: 614400
Mean test reward: 47.5
Mean eval reward: 36.16716003417969
Successful test levels: 80.0 %
Successful eval levels: 68.36158192090396 %
Step: 622592
Mean test reward: 45.3125
Mean eval reward: 35.479225158691406
Successful test levels: 77.54010695187165 %
Successful eval levels: 65.38461538461539 %
Step: 630784
Mean test reward: 45.0
Mean eval reward: 39.271297454833984
Successful test levels: 75.78947368421053 %
Successful eval levels: 71.35135135135135 %
Step: 638976
Mean test reward: 43.4375
Mean eval reward: 36.49388885498047
Successful test levels: 77.6536312849162 %
Successful eval levels: 68.71508379888269 %
Step: 647168
Mean test reward: 45.625
Mean eval reward: 36.42898941040039
Successful test levels: 76.84210526315789 %
Successful eval levels: 65.07936507936508 %
Step: 655360
Mean test reward: 45.0
Mean eval reward: 33.400352478027344
Successful test levels: 76.59574468085107 %
Successful eval levels: 68.90243902439023 %
Step: 663552
Mean test reward: 49.375
Mean eval reward: 34.237060546875
Successful test levels: 76.32850241545893 %
Successful eval levels: 63.387978142076506 %
Step: 671744
Mean test reward: 51.25
Mean eval reward: 30.369047164916992
Successful test levels: 84.97409326424871 %
Successful eval levels: 59.195402298850574 %
Step: 679936
Mean test reward: 42.5
Mean eval reward: 33.27851104736328
Successful test levels: 71.20418848167539 %
Successful eval levels: 61.41304347826087 %
Step: 688128
Mean test reward: 45.3125
Mean eval reward: 33.24456787109375
Successful test levels: 78.80434782608695 %
Successful eval levels: 65.3179190751445 %
Step: 696320
Mean test reward: 45.3125
Mean eval reward: 34.960636138916016
Successful test levels: 77.12765957446808 %
Successful eval levels: 69.18604651162791 %
Step: 704512
Mean test reward: 43.125
Mean eval reward: 33.15022659301758
Successful test levels: 76.24309392265194 %
Successful eval levels: 62.77777777777778 %
Step: 712704
Mean test reward: 42.5
Mean eval reward: 39.82147216796875
Successful test levels: 75.13812154696133 %
Successful eval levels: 70.10309278350515 %
Step: 720896
Mean test reward: 48.4375
Mean eval reward: 30.699716567993164
Successful test levels: 82.88770053475936 %
Successful eval levels: 64.02439024390245 %
Step: 729088
Mean test reward: 42.8125
Mean eval reward: 33.294464111328125
Successful test levels: 82.03592814371258 %
Successful eval levels: 67.85714285714286 %
Step: 737280
Mean test reward: 50.0
Mean eval reward: 38.212425231933594
Successful test levels: 82.05128205128204 %
Successful eval levels: 72.77777777777777 %
Step: 745472
Mean test reward: 42.1875
Mean eval reward: 41.617103576660156
Successful test levels: 80.35714285714286 %
Successful eval levels: 78.14207650273224 %
Step: 753664
Mean test reward: 44.0625
Mean eval reward: 33.111366271972656
Successful test levels: 83.4319526627219 %
Successful eval levels: 65.89595375722543 %
Step: 761856
Mean test reward: 49.0625
Mean eval reward: 33.653175354003906
Successful test levels: 79.69543147208121 %
Successful eval levels: 67.83625730994152 %
Step: 770048
Mean test reward: 44.375
Mean eval reward: 36.50502395629883
Successful test levels: 78.45303867403315 %
Successful eval levels: 73.25581395348837 %
Step: 778240
Mean test reward: 44.6875
Mean eval reward: 32.704532623291016
Successful test levels: 77.71739130434783 %
Successful eval levels: 63.128491620111724 %
Step: 786432
Mean test reward: 48.4375
Mean eval reward: 33.53687286376953
Successful test levels: 81.57894736842105 %
Successful eval levels: 72.5 %
Step: 794624
Mean test reward: 40.0
Mean eval reward: 35.223628997802734
Successful test levels: 75.7396449704142 %
Successful eval levels: 68.53932584269663 %
Step: 802816
Mean test reward: 48.4375
Mean eval reward: 34.03303527832031
Successful test levels: 80.72916666666666 %
Successful eval levels: 66.29213483146067 %
Step: 811008
Mean test reward: 44.6875
Mean eval reward: 37.438724517822266
Successful test levels: 80.33707865168539 %
Successful eval levels: 72.22222222222221 %
Step: 819200
Mean test reward: 44.6875
Mean eval reward: 39.67316436767578
Successful test levels: 80.33707865168539 %
Successful eval levels: 77.96610169491525 %
Step: 827392
Mean test reward: 46.5625
Mean eval reward: 31.865135192871094
Successful test levels: 78.83597883597884 %
Successful eval levels: 60.98901098901099 %
Step: 835584
Mean test reward: 52.1875
Mean eval reward: 38.42787551879883
Successful test levels: 85.20408163265306 %
Successful eval levels: 72.82608695652173 %
Step: 843776
Mean test reward: 45.625
Mean eval reward: 36.36235809326172
Successful test levels: 83.9080459770115 %
Successful eval levels: 71.34831460674157 %
Step: 851968
Mean test reward: 48.75
Mean eval reward: 32.32569885253906
Successful test levels: 85.24590163934425 %
Successful eval levels: 73.37662337662337 %
Step: 860160
Mean test reward: 44.6875
Mean eval reward: 32.01448059082031
Successful test levels: 80.7909604519774 %
Successful eval levels: 68.29268292682927 %
Step: 868352
Mean test reward: 46.5625
Mean eval reward: 31.991458892822266
Successful test levels: 81.86813186813187 %
Successful eval levels: 67.46987951807229 %
Step: 876544
Mean test reward: 45.3125
Mean eval reward: 33.683223724365234
Successful test levels: 81.92090395480226 %
Successful eval levels: 69.41176470588235 %
Step: 884736
Mean test reward: 47.1875
Mean eval reward: 32.22431182861328
Successful test levels: 80.31914893617021 %
Successful eval levels: 68.07228915662651 %
Step: 892928
Mean test reward: 48.4375
Mean eval reward: 36.47454833984375
Successful test levels: 84.23913043478261 %
Successful eval levels: 67.01570680628272 %
Step: 901120
Mean test reward: 42.1875
Mean eval reward: 35.00954055786133
Successful test levels: 81.32530120481928 %
Successful eval levels: 69.10112359550563 %
Step: 909312
Mean test reward: 45.9375
Mean eval reward: 34.12636184692383
Successful test levels: 80.76923076923077 %
Successful eval levels: 71.42857142857143 %
Step: 917504
Mean test reward: 50.0
Mean eval reward: 30.125041961669922
Successful test levels: 86.95652173913044 %
Successful eval levels: 65.83850931677019 %
Step: 925696
Mean test reward: 49.6875
Mean eval reward: 34.372066497802734
Successful test levels: 83.6842105263158 %
Successful eval levels: 72.02380952380952 %
Step: 933888
Mean test reward: 46.25
Mean eval reward: 30.659250259399414
Successful test levels: 83.61581920903954 %
Successful eval levels: 67.5 %
Step: 942080
Mean test reward: 45.9375
Mean eval reward: 33.4823112487793
Successful test levels: 78.6096256684492 %
Successful eval levels: 67.81609195402298 %
Step: 950272
Mean test reward: 47.1875
Mean eval reward: 33.166263580322266
Successful test levels: 79.8941798941799 %
Successful eval levels: 66.47727272727273 %
Step: 958464
Mean test reward: 48.4375
Mean eval reward: 33.71075439453125
Successful test levels: 83.33333333333334 %
Successful eval levels: 63.63636363636363 %
Step: 966656
Mean test reward: 48.4375
Mean eval reward: 36.78951644897461
Successful test levels: 81.15183246073299 %
Successful eval levels: 69.14893617021278 %
Step: 974848
Mean test reward: 46.5625
Mean eval reward: 32.79664993286133
Successful test levels: 81.4207650273224 %
Successful eval levels: 65.1685393258427 %
Step: 983040
Mean test reward: 50.3125
Mean eval reward: 28.833431243896484
Successful test levels: 82.9896907216495 %
Successful eval levels: 60.71428571428571 %
Step: 991232
Mean test reward: 50.0
Mean eval reward: 32.212772369384766
Successful test levels: 82.4742268041237 %
Successful eval levels: 67.05882352941175 %
Step: 999424
Mean test reward: 47.1875
Mean eval reward: 35.87055206298828
Successful test levels: 79.8941798941799 %
Successful eval levels: 69.39890710382514 %
Step: 1007616
Mean test reward: 48.75
Mean eval reward: 33.85974884033203
Successful test levels: 82.97872340425532 %
Successful eval levels: 61.53846153846154 %
Step: 1015808
Mean test reward: 52.8125
Mean eval reward: 37.490638732910156
Successful test levels: 84.5 %
Successful eval levels: 73.48066298342542 %
Step: 1024000
Mean test reward: 53.4375
Mean eval reward: 29.576173782348633
Successful test levels: 86.80203045685279 %
Successful eval levels: 62.1301775147929 %
Step: 1032192
Mean test reward: 45.3125
Mean eval reward: 30.418241500854492
Successful test levels: 80.55555555555556 %
Successful eval levels: 62.7906976744186 %
Step: 1040384
Mean test reward: 42.8125
Mean eval reward: 33.5023307800293
Successful test levels: 80.58823529411765 %
Successful eval levels: 65.38461538461539 %
Step: 1048576
Mean test reward: 43.4375
Mean eval reward: 32.072933197021484
Successful test levels: 83.73493975903614 %
Successful eval levels: 69.0909090909091 %
Step: 1056768
Mean test reward: 52.5
Mean eval reward: 34.867000579833984
Successful test levels: 87.5 %
Successful eval levels: 71.26436781609196 %
Step: 1064960
Mean test reward: 48.125
Mean eval reward: 34.836673736572266
Successful test levels: 84.15300546448088 %
Successful eval levels: 73.80952380952381 %
Step: 1073152
Mean test reward: 47.5
Mean eval reward: 32.568870544433594
Successful test levels: 87.86127167630057 %
Successful eval levels: 66.28571428571428 %
Step: 1081344
Mean test reward: 42.8125
Mean eval reward: 30.31264877319336
Successful test levels: 81.54761904761905 %
Successful eval levels: 60.67415730337079 %
Step: 1089536
Mean test reward: 48.125
Mean eval reward: 35.06326675415039
Successful test levels: 84.61538461538461 %
Successful eval levels: 68.30601092896174 %
Step: 1097728
Mean test reward: 44.375
Mean eval reward: 35.32227325439453
Successful test levels: 82.55813953488372 %
Successful eval levels: 71.1864406779661 %
Step: 1105920
Mean test reward: 46.5625
Mean eval reward: 30.53778648376465
Successful test levels: 83.70786516853933 %
Successful eval levels: 66.06060606060606 %
Step: 1114112
Mean test reward: 50.9375
Mean eval reward: 31.364990234375
Successful test levels: 86.70212765957447 %
Successful eval levels: 65.88235294117646 %
Step: 1122304
Mean test reward: 50.3125
Mean eval reward: 34.71782302856445
Successful test levels: 88.46153846153845 %
Successful eval levels: 72.94117647058823 %
Step: 1130496
Mean test reward: 49.375
Mean eval reward: 37.76331329345703
Successful test levels: 83.5978835978836 %
Successful eval levels: 72.19251336898395 %
Step: 1138688
Mean test reward: 45.9375
Mean eval reward: 38.27693176269531
Successful test levels: 81.66666666666667 %
Successful eval levels: 76.96629213483146 %
Step: 1146880
Mean test reward: 47.8125
Mean eval reward: 30.157630920410156
Successful test levels: 85.0 %
Successful eval levels: 66.66666666666666 %
Step: 1155072
Mean test reward: 43.75
Mean eval reward: 36.83670425415039
Successful test levels: 77.77777777777779 %
Successful eval levels: 72.92817679558011 %
Step: 1163264
Mean test reward: 44.6875
Mean eval reward: 33.181602478027344
Successful test levels: 77.71739130434783 %
Successful eval levels: 72.5609756097561 %
Step: 1171456
Mean test reward: 46.875
Mean eval reward: 29.82732391357422
Successful test levels: 90.36144578313254 %
Successful eval levels: 70.86092715231787 %
Step: 1179648
Mean test reward: 45.3125
Mean eval reward: 37.06261444091797
Successful test levels: 86.30952380952381 %
Successful eval levels: 70.37037037037037 %
Step: 1187840
Mean test reward: 51.25
Mean eval reward: 31.74510955810547
Successful test levels: 85.86387434554975 %
Successful eval levels: 67.85714285714286 %
Step: 1196032
Mean test reward: 44.375
Mean eval reward: 33.958099365234375
Successful test levels: 84.52380952380952 %
Successful eval levels: 72.18934911242604 %
Step: 1204224
Mean test reward: 55.625
Mean eval reward: 35.044864654541016
Successful test levels: 86.82926829268293 %
Successful eval levels: 68.85245901639344 %
Step: 1212416
Mean test reward: 45.625
Mean eval reward: 32.52934646606445
Successful test levels: 85.88235294117646 %
Successful eval levels: 68.42105263157895 %
Step: 1220608
Mean test reward: 50.625
Mean eval reward: 37.502899169921875
Successful test levels: 87.56756756756758 %
Successful eval levels: 72.58064516129032 %
Step: 1228800
Mean test reward: 41.875
Mean eval reward: 31.932140350341797
Successful test levels: 84.81012658227847 %
Successful eval levels: 70.5521472392638 %
Step: 1236992
Mean test reward: 46.5625
Mean eval reward: 29.701684951782227
Successful test levels: 82.32044198895028 %
Successful eval levels: 66.0493827160494 %
Step: 1245184
Mean test reward: 45.0
Mean eval reward: 28.591655731201172
Successful test levels: 84.21052631578947 %
Successful eval levels: 64.375 %
Step: 1253376
Mean test reward: 47.8125
Mean eval reward: 23.603750228881836
Successful test levels: 85.47486033519553 %
Successful eval levels: 61.15107913669065 %
Step: 1261568
Mean test reward: 47.1875
Mean eval reward: 28.6133975982666
Successful test levels: 82.96703296703298 %
Successful eval levels: 65.18987341772153 %
Step: 1269760
Mean test reward: 44.375
Mean eval reward: 30.83704376220703
Successful test levels: 84.02366863905326 %
Successful eval levels: 73.50993377483444 %
Step: 1277952
Mean test reward: 44.6875
Mean eval reward: 30.5491886138916
Successful test levels: 83.62573099415205 %
Successful eval levels: 66.26506024096386 %
Step: 1286144
Mean test reward: 45.9375
Mean eval reward: 31.929426193237305
Successful test levels: 86.47058823529412 %
Successful eval levels: 68.45238095238095 %
Step: 1294336
Mean test reward: 47.8125
Mean eval reward: 29.705188751220703
Successful test levels: 87.42857142857143 %
Successful eval levels: 72.78911564625851 %
Step: 1302528
Mean test reward: 38.75
Mean eval reward: 27.764171600341797
Successful test levels: 80.0 %
Successful eval levels: 66.22516556291392 %
Step: 1310720
Mean test reward: 42.5
Mean eval reward: 38.8529052734375
Successful test levels: 80.95238095238095 %
Successful eval levels: 74.8663101604278 %
Step: 1318912
Mean test reward: 51.875
Mean eval reward: 31.339250564575195
Successful test levels: 86.45833333333334 %
Successful eval levels: 66.47058823529412 %
Step: 1327104
Mean test reward: 43.125
Mean eval reward: 37.42060852050781
Successful test levels: 84.66257668711657 %
Successful eval levels: 75.41899441340783 %
Step: 1335296
Mean test reward: 48.125
Mean eval reward: 27.982973098754883
Successful test levels: 83.69565217391305 %
Successful eval levels: 63.125 %
Step: 1343488
Mean test reward: 46.5625
Mean eval reward: 32.966827392578125
Successful test levels: 84.6590909090909 %
Successful eval levels: 75.79617834394905 %
Step: 1351680
Mean test reward: 46.25
Mean eval reward: 28.80910301208496
Successful test levels: 84.0909090909091 %
Successful eval levels: 64.59627329192547 %
Step: 1359872
Mean test reward: 45.0
Mean eval reward: 29.642038345336914
Successful test levels: 86.22754491017965 %
Successful eval levels: 68.58974358974359 %
Step: 1368064
Mean test reward: 46.875
Mean eval reward: 29.363420486450195
Successful test levels: 85.71428571428571 %
Successful eval levels: 73.10344827586206 %
Step: 1376256
Mean test reward: 47.1875
Mean eval reward: 29.35931968688965
Successful test levels: 90.41916167664671 %
Successful eval levels: 73.10344827586206 %
Step: 1384448
Mean test reward: 44.0625
Mean eval reward: 32.95532989501953
Successful test levels: 89.24050632911393 %
Successful eval levels: 74.375 %
Step: 1392640
Mean test reward: 50.3125
Mean eval reward: 26.58488655090332
Successful test levels: 86.55913978494624 %
Successful eval levels: 64.0 %
Step: 1400832
Mean test reward: 46.5625
Mean eval reward: 29.91070556640625
Successful test levels: 82.77777777777777 %
Successful eval levels: 69.6774193548387 %
Step: 1409024
Mean test reward: 44.0625
Mean eval reward: 26.587051391601562
Successful test levels: 85.45454545454545 %
Successful eval levels: 64.0 %
Step: 1417216
Mean test reward: 37.8125
Mean eval reward: 29.915132522583008
Successful test levels: 82.87671232876713 %
Successful eval levels: 73.97260273972603 %
Step: 1425408
Mean test reward: 38.75
Mean eval reward: 24.38125228881836
Successful test levels: 82.66666666666667 %
Successful eval levels: 67.6923076923077 %
Step: 1433600
Mean test reward: 40.9375
Mean eval reward: 29.65228271484375
Successful test levels: 79.8780487804878 %
Successful eval levels: 69.03225806451613 %
Step: 1441792
Mean test reward: 41.25
Mean eval reward: 26.33111572265625
Successful test levels: 84.61538461538461 %
Successful eval levels: 65.97222222222221 %
Step: 1449984
Mean test reward: 42.5
Mean eval reward: 27.999523162841797
Successful test levels: 82.42424242424242 %
Successful eval levels: 67.78523489932886 %
Step: 1458176
Mean test reward: 44.375
Mean eval reward: 28.004247665405273
Successful test levels: 83.52941176470588 %
Successful eval levels: 68.24324324324324 %
Step: 1466368
Mean test reward: 41.5625
Mean eval reward: 26.071104049682617
Successful test levels: 83.125 %
Successful eval levels: 62.66666666666667 %
Step: 1474560
Mean test reward: 45.9375
Mean eval reward: 29.123292922973633
Successful test levels: 83.05084745762711 %
Successful eval levels: 68.18181818181817 %
Step: 1482752
Mean test reward: 41.875
Mean eval reward: 33.55012512207031
Successful test levels: 80.72289156626506 %
Successful eval levels: 74.23312883435584 %
Step: 1490944
Mean test reward: 45.3125
Mean eval reward: 28.834476470947266
Successful test levels: 86.30952380952381 %
Successful eval levels: 68.87417218543047 %
Step: 1499136
Mean test reward: 41.875
Mean eval reward: 32.98638153076172
Successful test levels: 81.21212121212122 %
Successful eval levels: 73.00613496932516 %
Step: 1507328
Mean test reward: 44.0625
Mean eval reward: 25.501039505004883
Successful test levels: 83.4319526627219 %
Successful eval levels: 66.66666666666666 %
Step: 1515520
Mean test reward: 43.125
Mean eval reward: 31.602596282958984
Successful test levels: 84.14634146341463 %
Successful eval levels: 67.45562130177515 %
Step: 1523712
Mean test reward: 43.75
Mean eval reward: 28.54768943786621
Successful test levels: 84.33734939759037 %
Successful eval levels: 70.54794520547945 %
Step: 1531904
Mean test reward: 44.6875
Mean eval reward: 26.339885711669922
Successful test levels: 89.937106918239 %
Successful eval levels: 69.34306569343066 %
Step: 1540096
Mean test reward: 42.1875
Mean eval reward: 27.454832077026367
Successful test levels: 80.83832335329342 %
Successful eval levels: 69.71830985915493 %
Step: 1548288
Mean test reward: 41.25
Mean eval reward: 31.887929916381836
Successful test levels: 83.01886792452831 %
Successful eval levels: 78.2312925170068 %
Step: 1556480
Mean test reward: 42.8125
Mean eval reward: 29.112796783447266
Successful test levels: 87.82051282051282 %
Successful eval levels: 69.07894736842105 %
Step: 1564672
Mean test reward: 48.125
Mean eval reward: 26.899354934692383
Successful test levels: 86.51685393258427 %
Successful eval levels: 72.38805970149254 %
Step: 1572864
Mean test reward: 49.375
Mean eval reward: 31.337371826171875
Successful test levels: 87.29281767955801 %
Successful eval levels: 73.37662337662337 %
Step: 1581056
Mean test reward: 52.5
Mean eval reward: 29.113204956054688
Successful test levels: 86.5979381443299 %
Successful eval levels: 66.87898089171973 %
Step: 1589248
Mean test reward: 46.25
Mean eval reward: 31.606388092041016
Successful test levels: 85.0574712643678 %
Successful eval levels: 72.15189873417721 %
Step: 1597440
Mean test reward: 48.4375
Mean eval reward: 28.83037567138672
Successful test levels: 82.4468085106383 %
Successful eval levels: 66.66666666666666 %
Step: 1605632
Mean test reward: 40.625
Mean eval reward: 31.050167083740234
Successful test levels: 82.27848101265823 %
Successful eval levels: 69.56521739130434 %
Step: 1613824
Mean test reward: 40.625
Mean eval reward: 29.099571228027344
Successful test levels: 88.43537414965986 %
Successful eval levels: 70.46979865771812 %
Step: 1622016
Mean test reward: 40.9375
Mean eval reward: 32.15098571777344
Successful test levels: 84.51612903225806 %
Successful eval levels: 69.46107784431138 %
Step: 1630208
Mean test reward: 46.5625
Mean eval reward: 27.988672256469727
Successful test levels: 82.32044198895028 %
Successful eval levels: 67.33333333333333 %
Step: 1638400
Mean test reward: 40.625
Mean eval reward: 32.424041748046875
Successful test levels: 84.4155844155844 %
Successful eval levels: 73.125 %
Step: 1646592
Mean test reward: 43.125
Mean eval reward: 28.260427474975586
Successful test levels: 83.13253012048193 %
Successful eval levels: 71.83098591549296 %
Step: 1654784
Mean test reward: 40.625
Mean eval reward: 32.690223693847656
Successful test levels: 87.83783783783784 %
Successful eval levels: 72.39263803680981 %
Step: 1662976
Mean test reward: 45.9375
Mean eval reward: 29.64241600036621
Successful test levels: 88.02395209580838 %
Successful eval levels: 73.28767123287672 %
Step: 1671168
Mean test reward: 40.3125
Mean eval reward: 24.378664016723633
Successful test levels: 84.31372549019608 %
Successful eval levels: 68.21705426356588 %
Step: 1679360
Mean test reward: 45.3125
Mean eval reward: 27.43450927734375
Successful test levels: 86.82634730538922 %
Successful eval levels: 68.75 %
Step: 1687552
Mean test reward: 41.875
Mean eval reward: 32.974796295166016
Successful test levels: 87.01298701298701 %
Successful eval levels: 73.91304347826086 %
Step: 1695744
Mean test reward: 42.1875
Mean eval reward: 27.434118270874023
Successful test levels: 86.53846153846155 %
Successful eval levels: 69.71830985915493 %
Step: 1703936
Mean test reward: 44.375
Mean eval reward: 31.86435317993164
Successful test levels: 84.02366863905326 %
Successful eval levels: 74.19354838709677 %
Step: 1712128
Mean test reward: 42.8125
Mean eval reward: 29.090185165405273
Successful test levels: 86.16352201257862 %
Successful eval levels: 67.74193548387096 %
Step: 1720320
Mean test reward: 38.125
Mean eval reward: 29.370805740356445
Successful test levels: 81.87919463087249 %
Successful eval levels: 73.61111111111111 %
Step: 1728512
Mean test reward: 34.0625
Mean eval reward: 33.52118682861328
Successful test levels: 86.5079365079365 %
Successful eval levels: 69.94219653179191 %
Step: 1736704
Mean test reward: 43.125
Mean eval reward: 26.591800689697266
Successful test levels: 90.19607843137256 %
Successful eval levels: 68.08510638297872 %
Step: 1744896
Mean test reward: 42.1875
Mean eval reward: 25.490314483642578
Successful test levels: 88.23529411764706 %
Successful eval levels: 65.24822695035462 %
Step: 1753088
Mean test reward: 37.5
Mean eval reward: 30.203784942626953
Successful test levels: 82.75862068965517 %
Successful eval levels: 73.15436241610739 %
Step: 1761280
Mean test reward: 36.5625
Mean eval reward: 30.752525329589844
Successful test levels: 81.25 %
Successful eval levels: 73.02631578947368 %
Step: 1769472
Mean test reward: 40.625
Mean eval reward: 24.108318328857422
Successful test levels: 88.43537414965986 %
Successful eval levels: 65.9090909090909 %
Step: 1777664
Mean test reward: 40.625
Mean eval reward: 28.826061248779297
Successful test levels: 84.9673202614379 %
Successful eval levels: 65.0 %
Step: 1785856
Mean test reward: 39.0625
Mean eval reward: 28.548538208007812
Successful test levels: 81.16883116883116 %
Successful eval levels: 70.06802721088435 %
Step: 1794048
Mean test reward: 35.3125
Mean eval reward: 27.721567153930664
Successful test levels: 80.1418439716312 %
Successful eval levels: 70.4225352112676 %
Step: 1802240
Mean test reward: 47.8125
Mean eval reward: 28.276378631591797
Successful test levels: 90.0 %
Successful eval levels: 69.38775510204081 %
Step: 1810432
Mean test reward: 43.125
Mean eval reward: 28.556055068969727
Successful test levels: 89.6103896103896 %
Successful eval levels: 76.86567164179104 %
Step: 1818624
Mean test reward: 33.75
Mean eval reward: 25.791015625
Successful test levels: 83.07692307692308 %
Successful eval levels: 70.99236641221374 %
Step: 1826816
Mean test reward: 42.5
Mean eval reward: 27.732498168945312
Successful test levels: 83.9506172839506 %
Successful eval levels: 66.66666666666666 %
Step: 1835008
Mean test reward: 40.9375
Mean eval reward: 33.27660369873047
Successful test levels: 81.875 %
Successful eval levels: 71.00591715976331 %
Step: 1843200
Mean test reward: 51.5625
Mean eval reward: 31.329181671142578
Successful test levels: 92.69662921348315 %
Successful eval levels: 71.97452229299363 %
Step: 1851392
Mean test reward: 40.0
Mean eval reward: 31.879371643066406
Successful test levels: 82.05128205128204 %
Successful eval levels: 75.16339869281046 %
Step: 1859584
Mean test reward: 39.375
Mean eval reward: 31.870994567871094
Successful test levels: 86.3013698630137 %
Successful eval levels: 73.71794871794873 %
Step: 1867776
Mean test reward: 43.75
Mean eval reward: 27.987897872924805
Successful test levels: 86.41975308641975 %
Successful eval levels: 70.13888888888889 %
Step: 1875968
Mean test reward: 42.5
Mean eval reward: 24.117216110229492
Successful test levels: 90.66666666666666 %
Successful eval levels: 64.92537313432835 %
Step: 1884160
Mean test reward: 46.25
Mean eval reward: 28.282981872558594
Successful test levels: 88.62275449101796 %
Successful eval levels: 68.0 %
Step: 1892352
Mean test reward: 44.375
Mean eval reward: 29.663354873657227
Successful test levels: 85.54216867469879 %
Successful eval levels: 69.93464052287581 %
Step: 1900544
Mean test reward: 43.4375
Mean eval reward: 28.28107261657715
Successful test levels: 87.42138364779875 %
Successful eval levels: 72.85714285714285 %
Step: 1908736
Mean test reward: 50.9375
Mean eval reward: 28.006380081176758
Successful test levels: 91.06145251396647 %
Successful eval levels: 68.24324324324324 %
Step: 1916928
Mean test reward: 42.1875
Mean eval reward: 28.008886337280273
Successful test levels: 82.82208588957054 %
Successful eval levels: 67.33333333333333 %
Step: 1925120
Mean test reward: 37.1875
Mean eval reward: 30.785280227661133
Successful test levels: 82.06896551724138 %
Successful eval levels: 72.54901960784314 %
Step: 1933312
Mean test reward: 42.1875
Mean eval reward: 31.0548152923584
Successful test levels: 86.53846153846155 %
Successful eval levels: 72.72727272727273 %
Step: 1941504
Mean test reward: 45.625
Mean eval reward: 31.882564544677734
Successful test levels: 94.19354838709677 %
Successful eval levels: 73.24840764331209 %
Step: 1949696
Mean test reward: 40.3125
Mean eval reward: 34.09164047241211
Successful test levels: 87.75510204081633 %
Successful eval levels: 75.0 %
Step: 1957888
Mean test reward: 41.25
Mean eval reward: 32.695194244384766
Successful test levels: 94.28571428571428 %
Successful eval levels: 71.95121951219512 %
Step: 1966080
Mean test reward: 43.75
Mean eval reward: 35.45302200317383
Successful test levels: 88.60759493670885 %
Successful eval levels: 75.7396449704142 %
Step: 1974272
Mean test reward: 50.3125
Mean eval reward: 31.842920303344727
Successful test levels: 91.47727272727273 %
Successful eval levels: 74.19354838709677 %
Step: 1982464
Mean test reward: 43.125
Mean eval reward: 34.04876708984375
Successful test levels: 89.03225806451613 %
Successful eval levels: 76.875 %
Step: 1990656
Mean test reward: 40.3125
Mean eval reward: 29.89105224609375
Successful test levels: 88.35616438356165 %
Successful eval levels: 69.23076923076923 %
Step: 1998848
Mean test reward: 43.125
Mean eval reward: 29.615432739257812
Successful test levels: 90.19607843137256 %
Successful eval levels: 70.39473684210526 %
Step: 2007040
Mean test reward: 38.4375
Mean eval reward: 30.170238494873047
Successful test levels: 87.2340425531915 %
Successful eval levels: 71.71052631578947 %
Step: 2015232
Mean test reward: 39.375
Mean eval reward: 32.377227783203125
Successful test levels: 85.13513513513513 %
Successful eval levels: 76.47058823529412 %
Step: 2023424
Mean test reward: 49.0625
Mean eval reward: 25.181350708007812
Successful test levels: 89.20454545454545 %
Successful eval levels: 64.53900709219859 %
Step: 2031616
Mean test reward: 50.0
Mean eval reward: 25.188749313354492
Successful test levels: 87.43169398907104 %
Successful eval levels: 65.94202898550725 %
Step: 2039808
Mean test reward: 40.9375
Mean eval reward: 27.687393188476562
Successful test levels: 85.62091503267973 %
Successful eval levels: 72.99270072992701 %
Step: 2048000
Mean test reward: 40.9375
Mean eval reward: 31.83893585205078
Successful test levels: 85.62091503267973 %
Successful eval levels: 72.78481012658227 %
Step: 2056192
Mean test reward: 43.75
Mean eval reward: 30.172504425048828
Successful test levels: 86.41975308641975 %
Successful eval levels: 71.24183006535948 %
Step: 2064384
Mean test reward: 37.5
Mean eval reward: 28.7886962890625
Successful test levels: 85.1063829787234 %
Successful eval levels: 69.33333333333334 %
Step: 2072576
Mean test reward: 42.1875
Mean eval reward: 28.23761558532715
Successful test levels: 90.0 %
Successful eval levels: 69.38775510204081 %
Step: 2080768
Mean test reward: 42.8125
Mean eval reward: 29.89771842956543
Successful test levels: 91.33333333333333 %
Successful eval levels: 66.66666666666666 %
Step: 2088960
Mean test reward: 40.3125
Mean eval reward: 26.576465606689453
Successful test levels: 85.43046357615894 %
Successful eval levels: 64.0 %
Step: 2097152
Mean test reward: 40.9375
Mean eval reward: 28.51668930053711
Successful test levels: 89.1156462585034 %
Successful eval levels: 72.02797202797203 %
Step: 2105344
Mean test reward: 38.125
Mean eval reward: 26.307762145996094
Successful test levels: 82.99319727891157 %
Successful eval levels: 71.42857142857143 %
Step: 2113536
Mean test reward: 44.0625
Mean eval reward: 26.865528106689453
Successful test levels: 86.50306748466258 %
Successful eval levels: 67.36111111111111 %
Step: 2121728
Mean test reward: 35.0
Mean eval reward: 28.251991271972656
Successful test levels: 82.96296296296296 %
Successful eval levels: 76.11940298507463 %
Step: 2129920
Mean test reward: 38.75
Mean eval reward: 26.03948211669922
Successful test levels: 87.32394366197182 %
Successful eval levels: 71.7557251908397 %
Step: 2138112
Mean test reward: 40.625
Mean eval reward: 26.047679901123047
Successful test levels: 90.9090909090909 %
Successful eval levels: 73.4375 %
Step: 2146304
Mean test reward: 39.0625
Mean eval reward: 26.884641647338867
Successful test levels: 90.57971014492753 %
Successful eval levels: 65.54054054054053 %
Step: 2154496
Mean test reward: 43.4375
Mean eval reward: 26.60944366455078
Successful test levels: 90.84967320261438 %
Successful eval levels: 73.2824427480916 %
Step: 2162688
Mean test reward: 42.1875
Mean eval reward: 31.874340057373047
Successful test levels: 91.21621621621621 %
Successful eval levels: 72.78481012658227 %
Step: 2170880
Mean test reward: 37.5
Mean eval reward: 27.438966751098633
Successful test levels: 86.95652173913044 %
Successful eval levels: 70.71428571428572 %
Step: 2179072
Mean test reward: 42.1875
Mean eval reward: 23.84065055847168
Successful test levels: 93.75 %
Successful eval levels: 67.71653543307087 %
Step: 2187264
Mean test reward: 39.375
Mean eval reward: 31.055727005004883
Successful test levels: 85.71428571428571 %
Successful eval levels: 73.20261437908496 %
Step: 2195456
Mean test reward: 38.4375
Mean eval reward: 30.49852752685547
Successful test levels: 86.61971830985915 %
Successful eval levels: 75.86206896551724 %
Step: 2203648
Mean test reward: 46.875
Mean eval reward: 27.17028045654297
Successful test levels: 91.46341463414635 %
Successful eval levels: 74.80916030534351 %
Step: 2211840
Mean test reward: 37.8125
Mean eval reward: 25.232383728027344
Successful test levels: 88.32116788321169 %
Successful eval levels: 65.0 %
Step: 2220032
Mean test reward: 39.375
Mean eval reward: 27.734600067138672
Successful test levels: 90.0 %
Successful eval levels: 68.4931506849315 %
Step: 2228224
Mean test reward: 39.6875
Mean eval reward: 33.55793762207031
Successful test levels: 86.98630136986301 %
Successful eval levels: 76.58227848101265 %
Step: 2236416
Mean test reward: 41.875
Mean eval reward: 28.837934494018555
Successful test levels: 85.8974358974359 %
Successful eval levels: 74.82014388489209 %
Step: 2244608
Mean test reward: 36.25
Mean eval reward: 27.730350494384766
Successful test levels: 84.67153284671532 %
Successful eval levels: 76.33587786259542 %
Step: 2252800
Mean test reward: 39.0625
Mean eval reward: 28.01250648498535
Successful test levels: 87.41258741258741 %
Successful eval levels: 72.14285714285714 %
Step: 2260992
Mean test reward: 36.875
Mean eval reward: 24.963457107543945
Successful test levels: 85.5072463768116 %
Successful eval levels: 73.17073170731707 %
Step: 2269184
Mean test reward: 43.75
Mean eval reward: 24.693435668945312
Successful test levels: 88.0503144654088 %
Successful eval levels: 63.12056737588653 %
Step: 2277376
Mean test reward: 37.1875
Mean eval reward: 31.90911865234375
Successful test levels: 86.23188405797102 %
Successful eval levels: 78.76712328767124 %
Step: 2285568
Mean test reward: 43.125
Mean eval reward: 29.130664825439453
Successful test levels: 90.19607843137256 %
Successful eval levels: 76.64233576642336 %
Step: 2293760
Mean test reward: 35.0
Mean eval reward: 26.360580444335938
Successful test levels: 82.35294117647058 %
Successful eval levels: 66.43356643356644 %
Step: 2301952
Mean test reward: 41.25
Mean eval reward: 26.36402130126953
Successful test levels: 87.41721854304636 %
Successful eval levels: 70.8955223880597 %
Step: 2310144
Mean test reward: 40.0
Mean eval reward: 34.963932037353516
Successful test levels: 87.67123287671232 %
Successful eval levels: 75.90361445783132 %
Step: 2318336
Mean test reward: 46.875
Mean eval reward: 30.51824378967285
Successful test levels: 89.82035928143712 %
Successful eval levels: 73.8255033557047 %
Step: 2326528
Mean test reward: 40.9375
Mean eval reward: 28.854122161865234
Successful test levels: 86.75496688741721 %
Successful eval levels: 70.27027027027027 %
Step: 2334720
Mean test reward: 38.125
Mean eval reward: 30.513628005981445
Successful test levels: 88.40579710144928 %
Successful eval levels: 68.32298136645963 %
Step: 2342912
Mean test reward: 41.25
Mean eval reward: 29.12680435180664
Successful test levels: 86.8421052631579 %
Successful eval levels: 76.08695652173914 %
Step: 2351104
Mean test reward: 37.1875
Mean eval reward: 27.74259376525879
Successful test levels: 81.5068493150685 %
Successful eval levels: 69.44444444444444 %
Step: 2359296
Mean test reward: 32.8125
Mean eval reward: 28.852094650268555
Successful test levels: 85.36585365853658 %
Successful eval levels: 72.22222222222221 %
Step: 2367488
Mean test reward: 37.1875
Mean eval reward: 27.74349021911621
Successful test levels: 88.80597014925374 %
Successful eval levels: 68.96551724137932 %
Step: 2375680
Mean test reward: 41.5625
Mean eval reward: 31.350088119506836
Successful test levels: 89.86486486486487 %
Successful eval levels: 72.43589743589743 %
Step: 2383872
Mean test reward: 47.1875
Mean eval reward: 29.407325744628906
Successful test levels: 91.51515151515152 %
Successful eval levels: 67.08860759493672 %
Step: 2392064
Mean test reward: 42.5
Mean eval reward: 26.63419532775879
Successful test levels: 87.74193548387098 %
Successful eval levels: 66.20689655172414 %
Step: 2400256
Mean test reward: 44.0625
Mean eval reward: 30.521038055419922
Successful test levels: 92.15686274509804 %
Successful eval levels: 71.42857142857143 %
Step: 2408448
Mean test reward: 43.4375
Mean eval reward: 30.240402221679688
Successful test levels: 89.1025641025641 %
Successful eval levels: 70.77922077922078 %
Step: 2416640
Mean test reward: 40.9375
Mean eval reward: 31.069664001464844
Successful test levels: 85.06493506493507 %
Successful eval levels: 69.56521739130434 %
Step: 2424832
Mean test reward: 44.0625
Mean eval reward: 32.45130157470703
Successful test levels: 88.125 %
Successful eval levels: 70.05988023952095 %
Step: 2433024
Mean test reward: 39.6875
Mean eval reward: 32.16946029663086
Successful test levels: 90.71428571428571 %
Successful eval levels: 77.85234899328859 %
Step: 2441216
Mean test reward: 35.625
Mean eval reward: 27.733234405517578
Successful test levels: 85.71428571428571 %
Successful eval levels: 68.96551724137932 %
Step: 2449408
Mean test reward: 37.8125
Mean eval reward: 33.55263137817383
Successful test levels: 87.68115942028986 %
Successful eval levels: 74.69135802469135 %
Step: 2457600
Mean test reward: 48.125
Mean eval reward: 30.221574783325195
Successful test levels: 91.12426035502959 %
Successful eval levels: 76.76056338028168 %
Step: 2465792
Mean test reward: 43.75
Mean eval reward: 28.27937126159668
Successful test levels: 88.0503144654088 %
Successful eval levels: 70.34482758620689 %
Step: 2473984
Mean test reward: 42.5
Mean eval reward: 31.60568618774414
Successful test levels: 91.2751677852349 %
Successful eval levels: 77.55102040816327 %
Step: 2482176
Mean test reward: 47.8125
Mean eval reward: 28.832258224487305
Successful test levels: 90.0 %
Successful eval levels: 74.82014388489209 %
Step: 2490368
Mean test reward: 43.4375
Mean eval reward: 30.771543502807617
Successful test levels: 90.84967320261438 %
Successful eval levels: 75.51020408163265 %
Step: 2498560
Mean test reward: 41.875
Mean eval reward: 29.662105560302734
Successful test levels: 85.8974358974359 %
Successful eval levels: 67.72151898734177 %
Step: 2506752
Mean test reward: 40.3125
Mean eval reward: 30.766963958740234
Successful test levels: 87.16216216216216 %
Successful eval levels: 75.0 %
Completed training!
{'total_steps': 2500000.0, 'learning_rate': 0.0005, 'epsilon': 1e-05, 'state_dict_name': 'IMP_short', 'seed': 'random'}
Start Training...
Step: 8192
Mean test reward: 1.5625
Mean eval reward: 0.3125
Successful test levels: 71.42857142857143 %
Successful eval levels: 20.0 %
Step: 16384
Mean test reward: 1.5625
Mean eval reward: 0.9375
Successful test levels: 41.66666666666667 %
Successful eval levels: 37.5 %
Step: 24576
Mean test reward: 3.125
Mean eval reward: 2.8125
Successful test levels: 62.5 %
Successful eval levels: 50.0 %
Step: 32768
Mean test reward: 4.0625
Mean eval reward: 6.25
Successful test levels: 43.333333333333336 %
Successful eval levels: 50.0 %
Step: 40960
Mean test reward: 8.4375
Mean eval reward: 5.3125
Successful test levels: 61.36363636363637 %
Successful eval levels: 45.94594594594595 %
Step: 49152
Mean test reward: 10.3125
Mean eval reward: 9.6875
Successful test levels: 56.896551724137936 %
Successful eval levels: 53.44827586206896 %
Step: 57344
Mean test reward: 10.3125
Mean eval reward: 9.0625
Successful test levels: 47.14285714285714 %
Successful eval levels: 41.42857142857143 %
Step: 65536
Mean test reward: 17.1875
Mean eval reward: 13.4375
Successful test levels: 61.111111111111114 %
Successful eval levels: 50.588235294117645 %
Step: 73728
Mean test reward: 20.0
Mean eval reward: 15.625
Successful test levels: 60.37735849056604 %
Successful eval levels: 57.47126436781609 %
Step: 81920
Mean test reward: 18.4375
Mean eval reward: 20.9375
Successful test levels: 60.824742268041234 %
Successful eval levels: 59.82142857142857 %
Step: 90112
Mean test reward: 24.6875
Mean eval reward: 19.0625
Successful test levels: 71.17117117117117 %
Successful eval levels: 59.80392156862745 %
Step: 98304
Mean test reward: 23.125
Mean eval reward: 22.8125
Successful test levels: 64.34782608695652 %
Successful eval levels: 59.83606557377049 %
Step: 106496
Mean test reward: 25.0
Mean eval reward: 23.75
Successful test levels: 65.04065040650406 %
Successful eval levels: 64.95726495726495 %
Step: 114688
Mean test reward: 25.625
Mean eval reward: 19.0625
Successful test levels: 73.21428571428571 %
Successful eval levels: 54.95495495495496 %
Step: 122880
Mean test reward: 26.5625
Mean eval reward: 21.5625
Successful test levels: 67.46031746031747 %
Successful eval levels: 57.02479338842975 %
Step: 131072
Mean test reward: 25.9375
Mean eval reward: 19.0625
Successful test levels: 64.34108527131784 %
Successful eval levels: 51.69491525423729 %
Step: 139264
Mean test reward: 32.1875
Mean eval reward: 23.4375
Successful test levels: 73.57142857142858 %
Successful eval levels: 58.59375 %
Step: 147456
Mean test reward: 30.0
Mean eval reward: 22.5
Successful test levels: 71.11111111111111 %
Successful eval levels: 52.55474452554745 %
Step: 155648
Mean test reward: 34.0625
Mean eval reward: 26.5625
Successful test levels: 73.64864864864865 %
Successful eval levels: 62.96296296296296 %
Step: 163840
Mean test reward: 32.8125
Mean eval reward: 27.1875
Successful test levels: 75.0 %
Successful eval levels: 61.267605633802816 %
Step: 172032
Mean test reward: 30.625
Mean eval reward: 23.75
Successful test levels: 71.01449275362319 %
Successful eval levels: 58.01526717557252 %
Step: 180224
Mean test reward: 25.9375
Mean eval reward: 24.375
Successful test levels: 58.86524822695035 %
Successful eval levels: 56.934306569343065 %
Step: 188416
Mean test reward: 30.3125
Mean eval reward: 26.25
Successful test levels: 70.8029197080292 %
Successful eval levels: 64.12213740458014 %
Step: 196608
Mean test reward: 31.25
Mean eval reward: 26.875
Successful test levels: 66.66666666666666 %
Successful eval levels: 64.17910447761194 %
Step: 204800
Mean test reward: 31.875
Mean eval reward: 22.8125
Successful test levels: 70.83333333333334 %
Successful eval levels: 57.936507936507944 %
Step: 212992
Mean test reward: 29.6875
Mean eval reward: 27.5
Successful test levels: 69.34306569343066 %
Successful eval levels: 62.857142857142854 %
Step: 221184
Mean test reward: 30.625
Mean eval reward: 26.25
Successful test levels: 68.05555555555556 %
Successful eval levels: 58.74125874125874 %
Step: 229376
Mean test reward: 28.125
Mean eval reward: 25.625
Successful test levels: 64.28571428571429 %
Successful eval levels: 60.74074074074074 %
Step: 237568
Mean test reward: 34.6875
Mean eval reward: 26.875
Successful test levels: 77.08333333333334 %
Successful eval levels: 62.77372262773723 %
Step: 245760
Mean test reward: 29.6875
Mean eval reward: 30.9375
Successful test levels: 71.42857142857143 %
Successful eval levels: 64.70588235294117 %
Step: 253952
Mean test reward: 30.9375
Mean eval reward: 28.4375
Successful test levels: 71.73913043478261 %
Successful eval levels: 63.19444444444444 %
Step: 262144
Mean test reward: 32.1875
Mean eval reward: 29.375
Successful test levels: 71.52777777777779 %
Successful eval levels: 64.38356164383562 %
Step: 270336
Mean test reward: 32.1875
Mean eval reward: 26.875
Successful test levels: 70.06802721088435 %
Successful eval levels: 61.42857142857143 %
Step: 278528
Mean test reward: 32.8125
Mean eval reward: 28.75
Successful test levels: 74.46808510638297 %
Successful eval levels: 65.24822695035462 %
Step: 286720
Mean test reward: 34.6875
Mean eval reward: 30.9375
Successful test levels: 71.61290322580646 %
Successful eval levels: 63.05732484076433 %
Step: 294912
Mean test reward: 28.4375
Mean eval reward: 27.1875
Successful test levels: 65.46762589928058 %
Successful eval levels: 60.416666666666664 %
Step: 303104
Mean test reward: 39.0625
Mean eval reward: 29.6875
Successful test levels: 74.8502994011976 %
Successful eval levels: 61.68831168831169 %
Step: 311296
Mean test reward: 35.0
Mean eval reward: 27.5
Successful test levels: 70.0 %
Successful eval levels: 60.273972602739725 %
Step: 319488
Mean test reward: 38.125
Mean eval reward: 30.625
Successful test levels: 69.71428571428572 %
Successful eval levels: 63.63636363636363 %
Step: 327680
Mean test reward: 33.125
Mean eval reward: 32.1875
Successful test levels: 66.66666666666666 %
Successful eval levels: 66.88311688311688 %
Step: 335872
Mean test reward: 38.125
Mean eval reward: 29.375
Successful test levels: 70.11494252873564 %
Successful eval levels: 60.64516129032258 %
Step: 344064
Mean test reward: 38.75
Mean eval reward: 31.875
Successful test levels: 70.45454545454545 %
Successful eval levels: 67.10526315789474 %
Step: 352256
Mean test reward: 36.875
Mean eval reward: 28.75
Successful test levels: 69.00584795321637 %
Successful eval levels: 60.130718954248366 %
Step: 360448
Mean test reward: 39.375
Mean eval reward: 32.1875
Successful test levels: 72.41379310344827 %
Successful eval levels: 62.42424242424243 %
Step: 368640
Mean test reward: 38.125
Mean eval reward: 34.0625
Successful test levels: 71.76470588235294 %
Successful eval levels: 66.06060606060606 %
Step: 376832
Mean test reward: 38.75
Mean eval reward: 32.5
Successful test levels: 72.94117647058823 %
Successful eval levels: 64.19753086419753 %
Step: 385024
Mean test reward: 35.9375
Mean eval reward: 28.75
Successful test levels: 65.3409090909091 %
Successful eval levels: 58.59872611464968 %
Step: 393216
Mean test reward: 40.3125
Mean eval reward: 28.125
Successful test levels: 74.56647398843931 %
Successful eval levels: 57.324840764331206 %
Step: 401408
Mean test reward: 40.3125
Mean eval reward: 29.0625
Successful test levels: 70.49180327868852 %
Successful eval levels: 55.688622754491014 %
Step: 409600
Mean test reward: 37.1875
Mean eval reward: 34.0625
Successful test levels: 70.83333333333334 %
Successful eval levels: 64.11764705882354 %
Step: 417792
Mean test reward: 35.9375
Mean eval reward: 32.8125
Successful test levels: 72.78481012658227 %
Successful eval levels: 61.40350877192983 %
Step: 425984
Mean test reward: 37.1875
Mean eval reward: 34.6875
Successful test levels: 66.4804469273743 %
Successful eval levels: 63.793103448275865 %
Step: 434176
Mean test reward: 39.375
Mean eval reward: 32.5
Successful test levels: 72.83236994219652 %
Successful eval levels: 66.66666666666666 %
Step: 442368
Mean test reward: 38.125
Mean eval reward: 35.625
Successful test levels: 67.40331491712708 %
Successful eval levels: 67.85714285714286 %
Step: 450560
Mean test reward: 43.4375
Mean eval reward: 32.1875
Successful test levels: 77.22222222222223 %
Successful eval levels: 58.857142857142854 %
Step: 458752
Mean test reward: 39.6875
Mean eval reward: 33.4375
Successful test levels: 72.1590909090909 %
Successful eval levels: 65.6441717791411 %
Step: 466944
Mean test reward: 47.1875
Mean eval reward: 36.5625
Successful test levels: 78.23834196891191 %
Successful eval levels: 68.42105263157895 %
Step: 475136
Mean test reward: 45.3125
Mean eval reward: 37.8125
Successful test levels: 75.91623036649214 %
Successful eval levels: 67.59776536312849 %
Step: 483328
Mean test reward: 43.4375
Mean eval reward: 36.5625
Successful test levels: 75.95628415300546 %
Successful eval levels: 74.0506329113924 %
Step: 491520
Mean test reward: 38.75
Mean eval reward: 37.5
Successful test levels: 71.26436781609196 %
Successful eval levels: 73.17073170731707 %
Step: 499712
Mean test reward: 42.5
Mean eval reward: 32.1875
Successful test levels: 77.27272727272727 %
Successful eval levels: 67.76315789473685 %
Step: 507904
Mean test reward: 43.4375
Mean eval reward: 33.125
Successful test levels: 77.6536312849162 %
Successful eval levels: 63.095238095238095 %
Step: 516096
Mean test reward: 35.9375
Mean eval reward: 35.9375
Successful test levels: 68.04733727810651 %
Successful eval levels: 70.98765432098766 %
Step: 524288
Mean test reward: 38.4375
Mean eval reward: 31.875
Successful test levels: 69.49152542372882 %
Successful eval levels: 61.81818181818181 %
Step: 532480
Mean test reward: 39.0625
Mean eval reward: 41.48837661743164
Successful test levels: 72.25433526011561 %
Successful eval levels: 70.74468085106383 %
Step: 540672
Mean test reward: 40.625
Mean eval reward: 35.122520446777344
Successful test levels: 71.03825136612022 %
Successful eval levels: 65.69767441860465 %
Step: 548864
Mean test reward: 44.0625
Mean eval reward: 32.565956115722656
Successful test levels: 76.21621621621621 %
Successful eval levels: 69.5364238410596 %
Step: 557056
Mean test reward: 45.9375
Mean eval reward: 31.26190757751465
Successful test levels: 81.21546961325967 %
Successful eval levels: 66.88741721854305 %
Step: 565248
Mean test reward: 39.0625
Mean eval reward: 36.13870620727539
Successful test levels: 72.25433526011561 %
Successful eval levels: 62.56684491978609 %
Step: 573440
Mean test reward: 35.9375
Mean eval reward: 33.901268005371094
Successful test levels: 64.97175141242938 %
Successful eval levels: 69.18238993710692 %
Step: 581632
Mean test reward: 43.125
Mean eval reward: 35.04731369018555
Successful test levels: 75.40983606557377 %
Successful eval levels: 68.67469879518072 %
Step: 589824
Mean test reward: 44.0625
Mean eval reward: 31.614246368408203
Successful test levels: 75.0 %
Successful eval levels: 65.60509554140127 %
Step: 598016
Mean test reward: 46.25
Mean eval reward: 30.34197425842285
Successful test levels: 79.56989247311827 %
Successful eval levels: 61.49068322981367 %
Step: 606208
Mean test reward: 42.5
Mean eval reward: 40.681148529052734
Successful test levels: 76.8361581920904 %
Successful eval levels: 77.32558139534885 %
Step: 614400
Mean test reward: 43.75
Mean eval reward: 32.94990158081055
Successful test levels: 73.29842931937172 %
Successful eval levels: 62.42774566473989 %
Step: 622592
Mean test reward: 42.8125
Mean eval reward: 35.61491012573242
Successful test levels: 78.28571428571428 %
Successful eval levels: 68.82352941176471 %
Step: 630784
Mean test reward: 35.625
Mean eval reward: 35.23457336425781
Successful test levels: 67.05882352941175 %
Successful eval levels: 67.05202312138728 %
Step: 638976
Mean test reward: 40.625
Mean eval reward: 31.837064743041992
Successful test levels: 76.92307692307693 %
Successful eval levels: 62.1301775147929 %
Step: 647168
Mean test reward: 40.9375
Mean eval reward: 32.71611022949219
Successful test levels: 72.37569060773481 %
Successful eval levels: 68.78980891719745 %
Step: 655360
Mean test reward: 42.1875
Mean eval reward: 35.37324142456055
Successful test levels: 76.27118644067797 %
Successful eval levels: 67.63005780346822 %
Step: 663552
Mean test reward: 42.1875
Mean eval reward: 29.896358489990234
Successful test levels: 77.14285714285715 %
Successful eval levels: 61.875 %
Step: 671744
Mean test reward: 44.6875
Mean eval reward: 34.97691345214844
Successful test levels: 77.29729729729729 %
Successful eval levels: 68.23529411764706 %
Step: 679936
Mean test reward: 43.125
Mean eval reward: 34.61860656738281
Successful test levels: 79.3103448275862 %
Successful eval levels: 70.98765432098766 %
Step: 688128
Mean test reward: 42.5
Mean eval reward: 30.957874298095703
Successful test levels: 76.40449438202246 %
Successful eval levels: 61.67664670658682 %
Step: 696320
Mean test reward: 45.0
Mean eval reward: 30.334747314453125
Successful test levels: 76.59574468085107 %
Successful eval levels: 66.44736842105263 %
Step: 704512
Mean test reward: 42.8125
Mean eval reward: 30.91219711303711
Successful test levels: 76.53631284916202 %
Successful eval levels: 62.80487804878049 %
Step: 712704
Mean test reward: 44.375
Mean eval reward: 30.890222549438477
Successful test levels: 79.7752808988764 %
Successful eval levels: 67.3202614379085 %
Step: 720896
Mean test reward: 41.875
Mean eval reward: 35.339393615722656
Successful test levels: 75.28089887640449 %
Successful eval levels: 68.20809248554913 %
Step: 729088
Mean test reward: 44.6875
Mean eval reward: 29.01703453063965
Successful test levels: 78.14207650273224 %
Successful eval levels: 61.78343949044586 %
Step: 737280
Mean test reward: 52.1875
Mean eval reward: 34.082603454589844
Successful test levels: 82.26600985221675 %
Successful eval levels: 60.0 %
Step: 745472
Mean test reward: 42.1875
Mean eval reward: 28.372299194335938
Successful test levels: 81.32530120481928 %
Successful eval levels: 58.282208588957054 %
Step: 753664
Mean test reward: 40.9375
Mean eval reward: 32.527854919433594
Successful test levels: 75.72254335260115 %
Successful eval levels: 68.55345911949685 %
Step: 761856
Mean test reward: 51.5625
Mean eval reward: 34.58123779296875
Successful test levels: 80.48780487804879 %
Successful eval levels: 66.66666666666666 %
Step: 770048
Mean test reward: 44.375
Mean eval reward: 35.4195442199707
Successful test levels: 79.7752808988764 %
Successful eval levels: 71.6867469879518 %
Step: 778240
Mean test reward: 48.125
Mean eval reward: 37.73833465576172
Successful test levels: 79.79274611398964 %
Successful eval levels: 69.39890710382514 %
Step: 786432
Mean test reward: 48.4375
Mean eval reward: 34.69973373413086
Successful test levels: 81.15183246073299 %
Successful eval levels: 67.63005780346822 %
Step: 794624
Mean test reward: 45.9375
Mean eval reward: 36.719696044921875
Successful test levels: 79.45945945945945 %
Successful eval levels: 67.75956284153006 %
Step: 802816
Mean test reward: 49.6875
Mean eval reward: 39.302005767822266
Successful test levels: 81.12244897959184 %
Successful eval levels: 68.9119170984456 %
Step: 811008
Mean test reward: 41.875
Mean eval reward: 28.633214950561523
Successful test levels: 76.57142857142857 %
Successful eval levels: 59.876543209876544 %
Step: 819200
Mean test reward: 49.6875
Mean eval reward: 33.33259963989258
Successful test levels: 80.71065989847716 %
Successful eval levels: 69.32515337423312 %
Step: 827392
Mean test reward: 46.25
Mean eval reward: 34.17979049682617
Successful test levels: 80.0 %
Successful eval levels: 67.83625730994152 %
Step: 835584
Mean test reward: 44.375
Mean eval reward: 33.55316925048828
Successful test levels: 71.71717171717171 %
Successful eval levels: 65.89595375722543 %
Step: 843776
Mean test reward: 43.75
Mean eval reward: 34.3963737487793
Successful test levels: 75.26881720430107 %
Successful eval levels: 68.82352941176471 %
Step: 851968
Mean test reward: 50.3125
Mean eval reward: 33.7646369934082
Successful test levels: 83.41968911917098 %
Successful eval levels: 66.86046511627907 %
Step: 860160
Mean test reward: 46.875
Mean eval reward: 31.684144973754883
Successful test levels: 82.41758241758241 %
Successful eval levels: 65.45454545454545 %
Step: 868352
Mean test reward: 53.125
Mean eval reward: 38.381378173828125
Successful test levels: 82.1256038647343 %
Successful eval levels: 64.85148514851485 %
Step: 876544
Mean test reward: 49.375
Mean eval reward: 34.5247917175293
Successful test levels: 79.39698492462311 %
Successful eval levels: 65.19337016574586 %
Step: 884736
Mean test reward: 47.8125
Mean eval reward: 33.02225875854492
Successful test levels: 84.06593406593407 %
Successful eval levels: 65.3179190751445 %
Step: 892928
Mean test reward: 40.9375
Mean eval reward: 34.740142822265625
Successful test levels: 78.44311377245509 %
Successful eval levels: 67.61363636363636 %
Step: 901120
Mean test reward: 46.875
Mean eval reward: 30.337905883789062
Successful test levels: 80.21390374331551 %
Successful eval levels: 70.27027027027027 %
Step: 909312
Mean test reward: 40.625
Mean eval reward: 27.711212158203125
Successful test levels: 75.5813953488372 %
Successful eval levels: 62.5 %
Step: 917504
Mean test reward: 48.4375
Mean eval reward: 30.909229278564453
Successful test levels: 84.69945355191257 %
Successful eval levels: 59.887005649717516 %
Step: 925696
Mean test reward: 52.8125
Mean eval reward: 30.02273178100586
Successful test levels: 84.5 %
Successful eval levels: 66.45161290322581 %
Step: 933888
Mean test reward: 52.5
Mean eval reward: 34.371246337890625
Successful test levels: 85.27918781725889 %
Successful eval levels: 68.6046511627907 %
Step: 942080
Mean test reward: 42.1875
Mean eval reward: 36.36216354370117
Successful test levels: 75.0 %
Successful eval levels: 62.189054726368155 %
Step: 950272
Mean test reward: 49.375
Mean eval reward: 35.16154098510742
Successful test levels: 81.86528497409327 %
Successful eval levels: 66.12021857923497 %
Step: 958464
Mean test reward: 45.9375
Mean eval reward: 32.51861572265625
Successful test levels: 78.19148936170212 %
Successful eval levels: 67.06586826347305 %
Step: 966656
Mean test reward: 48.4375
Mean eval reward: 32.78274917602539
Successful test levels: 82.4468085106383 %
Successful eval levels: 67.26190476190477 %
Step: 974848
Mean test reward: 47.8125
Mean eval reward: 29.863712310791016
Successful test levels: 82.70270270270271 %
Successful eval levels: 66.45161290322581 %
Step: 983040
Mean test reward: 44.6875
Mean eval reward: 35.064414978027344
Successful test levels: 84.11764705882354 %
Successful eval levels: 65.4054054054054 %
Step: 991232
Mean test reward: 50.625
Mean eval reward: 35.89104080200195
Successful test levels: 82.23350253807106 %
Successful eval levels: 68.13186813186813 %
Step: 999424
Mean test reward: 44.375
Mean eval reward: 33.8338623046875
Successful test levels: 82.08092485549133 %
Successful eval levels: 67.24137931034483 %
Step: 1007616
Mean test reward: 45.0
Mean eval reward: 30.626880645751953
Successful test levels: 81.35593220338984 %
Successful eval levels: 60.22727272727273 %
Step: 1015808
Mean test reward: 43.125
Mean eval reward: 32.05539321899414
Successful test levels: 77.96610169491525 %
Successful eval levels: 60.98901098901099 %
Step: 1024000
Mean test reward: 44.0625
Mean eval reward: 32.907955169677734
Successful test levels: 79.66101694915254 %
Successful eval levels: 65.89595375722543 %
Step: 1032192
Mean test reward: 49.6875
Mean eval reward: 28.564794540405273
Successful test levels: 87.36263736263736 %
Successful eval levels: 61.875 %
Step: 1040384
Mean test reward: 48.75
Mean eval reward: 34.60859298706055
Successful test levels: 89.65517241379311 %
Successful eval levels: 72.28915662650603 %
Step: 1048576
Mean test reward: 50.0
Mean eval reward: 32.56364440917969
Successful test levels: 82.90155440414507 %
Successful eval levels: 65.3179190751445 %
Step: 1056768
Mean test reward: 49.375
Mean eval reward: 39.15094757080078
Successful test levels: 82.72251308900523 %
Successful eval levels: 69.74358974358974 %
Step: 1064960
Mean test reward: 49.375
Mean eval reward: 39.37964630126953
Successful test levels: 82.29166666666666 %
Successful eval levels: 69.89795918367348 %
Step: 1073152
Mean test reward: 53.4375
Mean eval reward: 35.59484100341797
Successful test levels: 83.82352941176471 %
Successful eval levels: 68.50828729281768 %
Step: 1081344
Mean test reward: 45.0
Mean eval reward: 29.551111221313477
Successful test levels: 81.81818181818183 %
Successful eval levels: 63.190184049079754 %
Step: 1089536
Mean test reward: 49.6875
Mean eval reward: 29.261003494262695
Successful test levels: 85.48387096774194 %
Successful eval levels: 62.19512195121951 %
Step: 1097728
Mean test reward: 45.625
Mean eval reward: 33.550411224365234
Successful test levels: 80.66298342541437 %
Successful eval levels: 68.42105263157895 %
Step: 1105920
Mean test reward: 41.875
Mean eval reward: 35.24003601074219
Successful test levels: 77.45664739884393 %
Successful eval levels: 69.88636363636364 %
Step: 1114112
Mean test reward: 42.8125
Mean eval reward: 34.35487747192383
Successful test levels: 76.11111111111111 %
Successful eval levels: 73.17073170731707 %
Step: 1122304
Mean test reward: 49.6875
Mean eval reward: 32.3257942199707
Successful test levels: 86.41304347826086 %
Successful eval levels: 66.47058823529412 %
Step: 1130496
Mean test reward: 45.9375
Mean eval reward: 30.025527954101562
Successful test levels: 81.66666666666667 %
Successful eval levels: 68.62745098039215 %
Step: 1138688
Mean test reward: 50.0
Mean eval reward: 29.45608901977539
Successful test levels: 84.65608465608466 %
Successful eval levels: 68.66666666666667 %
Step: 1146880
Mean test reward: 50.9375
Mean eval reward: 34.581172943115234
Successful test levels: 89.07103825136612 %
Successful eval levels: 69.94219653179191 %
Step: 1155072
Mean test reward: 42.5
Mean eval reward: 35.40971755981445
Successful test levels: 75.55555555555556 %
Successful eval levels: 68.88888888888889 %
Step: 1163264
Mean test reward: 43.4375
Mean eval reward: 32.53396987915039
Successful test levels: 80.34682080924856 %
Successful eval levels: 71.69811320754717 %
Step: 1171456
Mean test reward: 50.3125
Mean eval reward: 26.537933349609375
Successful test levels: 85.63829787234043 %
Successful eval levels: 60.0 %
Step: 1179648
Mean test reward: 43.125
Mean eval reward: 34.51595687866211
Successful test levels: 79.76878612716763 %
Successful eval levels: 68.36158192090396 %
Step: 1187840
Mean test reward: 46.5625
Mean eval reward: 31.07720184326172
Successful test levels: 81.4207650273224 %
Successful eval levels: 66.87116564417178 %
Step: 1196032
Mean test reward: 48.125
Mean eval reward: 31.065187454223633
Successful test levels: 84.15300546448088 %
Successful eval levels: 68.125 %
Step: 1204224
Mean test reward: 49.6875
Mean eval reward: 30.775936126708984
Successful test levels: 85.02673796791443 %
Successful eval levels: 68.35443037974683 %
Step: 1212416
Mean test reward: 43.75
Mean eval reward: 34.73847198486328
Successful test levels: 82.84023668639054 %
Successful eval levels: 71.76470588235294 %
Step: 1220608
Mean test reward: 43.125
Mean eval reward: 30.456363677978516
Successful test levels: 83.63636363636363 %
Successful eval levels: 67.72151898734177 %
Step: 1228800
Mean test reward: 45.9375
Mean eval reward: 29.02813720703125
Successful test levels: 84.48275862068965 %
Successful eval levels: 65.80645161290323 %
Step: 1236992
Mean test reward: 42.8125
Mean eval reward: 29.026418685913086
Successful test levels: 83.53658536585365 %
Successful eval levels: 64.55696202531645 %
Step: 1245184
Mean test reward: 43.125
Mean eval reward: 29.877412796020508
Successful test levels: 83.13253012048193 %
Successful eval levels: 68.18181818181817 %
Step: 1253376
Mean test reward: 48.75
Mean eval reward: 30.725326538085938
Successful test levels: 86.1878453038674 %
Successful eval levels: 67.08074534161491 %
Step: 1261568
Mean test reward: 50.3125
Mean eval reward: 32.13485336303711
Successful test levels: 89.44444444444444 %
Successful eval levels: 68.90243902439023 %
Step: 1269760
Mean test reward: 50.0
Mean eval reward: 32.692386627197266
Successful test levels: 87.43169398907104 %
Successful eval levels: 68.8622754491018 %
Step: 1277952
Mean test reward: 48.75
Mean eval reward: 27.570112228393555
Successful test levels: 85.71428571428571 %
Successful eval levels: 65.1006711409396 %
Step: 1286144
Mean test reward: 50.3125
Mean eval reward: 26.4351863861084
Successful test levels: 88.95027624309392 %
Successful eval levels: 60.0 %
Step: 1294336
Mean test reward: 49.0625
Mean eval reward: 31.546741485595703
Successful test levels: 87.70949720670392 %
Successful eval levels: 68.51851851851852 %
Step: 1302528
Mean test reward: 45.9375
Mean eval reward: 28.988176345825195
Successful test levels: 85.46511627906976 %
Successful eval levels: 62.96296296296296 %
Step: 1310720
Mean test reward: 49.6875
Mean eval reward: 33.52349853515625
Successful test levels: 84.12698412698413 %
Successful eval levels: 68.20809248554913 %
Step: 1318912
Mean test reward: 45.9375
Mean eval reward: 29.253196716308594
Successful test levels: 84.0 %
Successful eval levels: 64.77987421383648 %
Step: 1327104
Mean test reward: 45.0
Mean eval reward: 24.99951934814453
Successful test levels: 85.20710059171599 %
Successful eval levels: 63.76811594202898 %
Step: 1335296
Mean test reward: 41.875
Mean eval reward: 28.408557891845703
Successful test levels: 84.27672955974843 %
Successful eval levels: 65.78947368421053 %
Step: 1343488
Mean test reward: 51.875
Mean eval reward: 28.411331176757812
Successful test levels: 86.45833333333334 %
Successful eval levels: 67.11409395973155 %
Step: 1351680
Mean test reward: 46.5625
Mean eval reward: 33.51987075805664
Successful test levels: 86.1271676300578 %
Successful eval levels: 65.19337016574586 %
Step: 1359872
Mean test reward: 50.3125
Mean eval reward: 35.19813537597656
Successful test levels: 85.18518518518519 %
Successful eval levels: 74.25149700598801 %
Step: 1368064
Mean test reward: 42.8125
Mean eval reward: 34.60742950439453
Successful test levels: 90.72847682119205 %
Successful eval levels: 70.11494252873564 %
Step: 1376256
Mean test reward: 46.25
Mean eval reward: 30.909996032714844
Successful test levels: 87.05882352941177 %
Successful eval levels: 64.49704142011834 %
Step: 1384448
Mean test reward: 45.625
Mean eval reward: 31.185646057128906
Successful test levels: 86.3905325443787 %
Successful eval levels: 68.32298136645963 %
Step: 1392640
Mean test reward: 48.75
Mean eval reward: 32.0244255065918
Successful test levels: 87.64044943820225 %
Successful eval levels: 70.625 %
Step: 1400832
Mean test reward: 46.5625
Mean eval reward: 32.2958984375
Successful test levels: 87.6470588235294 %
Successful eval levels: 67.45562130177515 %
Step: 1409024
Mean test reward: 45.625
Mean eval reward: 34.546443939208984
Successful test levels: 89.57055214723927 %
Successful eval levels: 76.25 %
Step: 1417216
Mean test reward: 43.4375
Mean eval reward: 33.674659729003906
Successful test levels: 84.24242424242424 %
Successful eval levels: 70.0 %
Step: 1425408
Mean test reward: 48.75
Mean eval reward: 25.466236114501953
Successful test levels: 87.15083798882681 %
Successful eval levels: 65.21739130434783 %
Step: 1433600
Mean test reward: 41.5625
Mean eval reward: 29.997901916503906
Successful test levels: 86.36363636363636 %
Successful eval levels: 65.03067484662577 %
Step: 1441792
Mean test reward: 49.0625
Mean eval reward: 31.41172981262207
Successful test levels: 86.26373626373626 %
Successful eval levels: 65.68047337278107 %
Step: 1449984
Mean test reward: 48.75
Mean eval reward: 34.78919219970703
Successful test levels: 89.14285714285714 %
Successful eval levels: 73.21428571428571 %
Step: 1458176
Mean test reward: 47.5
Mean eval reward: 31.659534454345703
Successful test levels: 90.47619047619048 %
Successful eval levels: 71.3375796178344 %
Step: 1466368
Mean test reward: 44.6875
Mean eval reward: 36.165950775146484
Successful test levels: 85.11904761904762 %
Successful eval levels: 77.10843373493977 %
Step: 1474560
Mean test reward: 48.125
Mean eval reward: 29.37514877319336
Successful test levels: 90.05847953216374 %
Successful eval levels: 71.72413793103448 %
Step: 1482752
Mean test reward: 47.8125
Mean eval reward: 33.316566467285156
Successful test levels: 88.95348837209302 %
Successful eval levels: 69.41176470588235 %
Step: 1490944
Mean test reward: 51.25
Mean eval reward: 38.376277923583984
Successful test levels: 88.17204301075269 %
Successful eval levels: 73.11827956989248 %
Step: 1499136
Mean test reward: 49.375
Mean eval reward: 31.8640193939209
Successful test levels: 84.49197860962568 %
Successful eval levels: 71.0691823899371 %
Step: 1507328
Mean test reward: 39.6875
Mean eval reward: 33.5465202331543
Successful test levels: 80.37974683544303 %
Successful eval levels: 71.6867469879518 %
Step: 1515520
Mean test reward: 47.8125
Mean eval reward: 33.535423278808594
Successful test levels: 85.0 %
Successful eval levels: 70.0 %
Step: 1523712
Mean test reward: 45.9375
Mean eval reward: 32.67256546020508
Successful test levels: 89.0909090909091 %
Successful eval levels: 70.3030303030303 %
Step: 1531904
Mean test reward: 53.4375
Mean eval reward: 30.975723266601562
Successful test levels: 87.6923076923077 %
Successful eval levels: 71.42857142857143 %
Step: 1540096
Mean test reward: 45.3125
Mean eval reward: 32.93235778808594
Successful test levels: 86.30952380952381 %
Successful eval levels: 71.34146341463415 %
Step: 1548288
Mean test reward: 47.8125
Mean eval reward: 31.238372802734375
Successful test levels: 85.95505617977528 %
Successful eval levels: 67.6829268292683 %
Step: 1556480
Mean test reward: 50.625
Mean eval reward: 30.388500213623047
Successful test levels: 87.09677419354838 %
Successful eval levels: 69.6774193548387 %
Step: 1564672
Mean test reward: 42.8125
Mean eval reward: 27.013046264648438
Successful test levels: 83.03030303030303 %
Successful eval levels: 65.3061224489796 %
Step: 1572864
Mean test reward: 46.875
Mean eval reward: 30.669279098510742
Successful test levels: 86.70520231213872 %
Successful eval levels: 67.70186335403726 %
Step: 1581056
Mean test reward: 47.5
Mean eval reward: 32.62841033935547
Successful test levels: 86.85714285714286 %
Successful eval levels: 73.41772151898735 %
Step: 1589248
Mean test reward: 45.9375
Mean eval reward: 28.68421745300293
Successful test levels: 88.55421686746988 %
Successful eval levels: 68.45637583892618 %
Step: 1597440
Mean test reward: 45.9375
Mean eval reward: 28.688085556030273
Successful test levels: 89.63414634146342 %
Successful eval levels: 69.86301369863014 %
Step: 1605632
Mean test reward: 46.5625
Mean eval reward: 37.11214828491211
Successful test levels: 86.1271676300578 %
Successful eval levels: 68.39378238341969 %
Step: 1613824
Mean test reward: 50.0
Mean eval reward: 29.22567367553711
Successful test levels: 86.02150537634408 %
Successful eval levels: 67.0967741935484 %
Step: 1622016
Mean test reward: 45.0
Mean eval reward: 35.678707122802734
Successful test levels: 86.22754491017965 %
Successful eval levels: 75.14792899408283 %
Step: 1630208
Mean test reward: 46.25
Mean eval reward: 30.050827026367188
Successful test levels: 87.57396449704143 %
Successful eval levels: 73.28767123287672 %
Step: 1638400
Mean test reward: 49.375
Mean eval reward: 28.363981246948242
Successful test levels: 90.28571428571428 %
Successful eval levels: 66.01307189542483 %
Step: 1646592
Mean test reward: 51.25
Mean eval reward: 32.29291915893555
Successful test levels: 91.62011173184358 %
Successful eval levels: 70.98765432098766 %
Step: 1654784
Mean test reward: 46.25
Mean eval reward: 31.44184112548828
Successful test levels: 88.62275449101796 %
Successful eval levels: 67.46987951807229 %
Step: 1662976
Mean test reward: 45.625
Mean eval reward: 30.873764038085938
Successful test levels: 84.39306358381504 %
Successful eval levels: 67.90123456790124 %
Step: 1671168
Mean test reward: 45.0
Mean eval reward: 32.2691535949707
Successful test levels: 84.70588235294117 %
Successful eval levels: 73.24840764331209 %
Step: 1679360
Mean test reward: 46.875
Mean eval reward: 27.77769660949707
Successful test levels: 87.20930232558139 %
Successful eval levels: 62.264150943396224 %
Step: 1687552
Mean test reward: 49.6875
Mean eval reward: 33.94725799560547
Successful test levels: 91.37931034482759 %
Successful eval levels: 67.22222222222223 %
Step: 1695744
Mean test reward: 48.4375
Mean eval reward: 29.446645736694336
Successful test levels: 86.59217877094973 %
Successful eval levels: 63.63636363636363 %
Step: 1703936
Mean test reward: 49.375
Mean eval reward: 32.25139236450195
Successful test levels: 91.32947976878613 %
Successful eval levels: 68.04733727810651 %
Step: 1712128
Mean test reward: 47.1875
Mean eval reward: 34.76154327392578
Successful test levels: 86.7816091954023 %
Successful eval levels: 69.66292134831461 %
Step: 1720320
Mean test reward: 48.125
Mean eval reward: 33.062042236328125
Successful test levels: 89.01734104046243 %
Successful eval levels: 67.04545454545455 %
Step: 1728512
Mean test reward: 47.5
Mean eval reward: 32.2156982421875
Successful test levels: 83.51648351648352 %
Successful eval levels: 69.27710843373494 %
Step: 1736704
Mean test reward: 46.25
Mean eval reward: 33.603759765625
Successful test levels: 87.57396449704143 %
Successful eval levels: 69.76744186046511 %
Step: 1744896
Mean test reward: 47.5
Mean eval reward: 30.23720932006836
Successful test levels: 88.37209302325581 %
Successful eval levels: 65.06024096385542 %
Step: 1753088
Mean test reward: 50.9375
Mean eval reward: 35.825923919677734
Successful test levels: 86.70212765957447 %
Successful eval levels: 75.29411764705883 %
Step: 1761280
Mean test reward: 48.75
Mean eval reward: 31.058917999267578
Successful test levels: 89.65517241379311 %
Successful eval levels: 73.50993377483444 %
Step: 1769472
Mean test reward: 49.375
Mean eval reward: 34.402496337890625
Successful test levels: 89.77272727272727 %
Successful eval levels: 68.71508379888269 %
Step: 1777664
Mean test reward: 45.9375
Mean eval reward: 32.15617370605469
Successful test levels: 81.66666666666667 %
Successful eval levels: 67.64705882352942 %
Step: 1785856
Mean test reward: 50.3125
Mean eval reward: 33.81935119628906
Successful test levels: 87.5 %
Successful eval levels: 66.85082872928176 %
Step: 1794048
Mean test reward: 41.875
Mean eval reward: 27.1090087890625
Successful test levels: 87.58169934640523 %
Successful eval levels: 65.98639455782312 %
Step: 1802240
Mean test reward: 39.375
Mean eval reward: 35.487693786621094
Successful test levels: 82.35294117647058 %
Successful eval levels: 70.55555555555556 %
Step: 1810432
Mean test reward: 50.625
Mean eval reward: 32.402915954589844
Successful test levels: 89.50276243093923 %
Successful eval levels: 69.04761904761905 %
Step: 1818624
Mean test reward: 52.8125
Mean eval reward: 30.719009399414062
Successful test levels: 94.9438202247191 %
Successful eval levels: 66.26506024096386 %
Step: 1826816
Mean test reward: 45.625
Mean eval reward: 32.94659423828125
Successful test levels: 86.3905325443787 %
Successful eval levels: 67.81609195402298 %
Step: 1835008
Mean test reward: 49.0625
Mean eval reward: 31.821044921875
Successful test levels: 87.22222222222223 %
Successful eval levels: 70.37037037037037 %
Step: 1843200
Mean test reward: 51.875
Mean eval reward: 32.64813995361328
Successful test levels: 87.83068783068782 %
Successful eval levels: 71.77914110429448 %
Step: 1851392
Mean test reward: 43.125
Mean eval reward: 28.74021339416504
Successful test levels: 86.79245283018868 %
Successful eval levels: 72.53521126760563 %
Step: 1859584
Mean test reward: 49.375
Mean eval reward: 32.08781814575195
Successful test levels: 90.28571428571428 %
Successful eval levels: 69.27710843373494 %
Step: 1867776
Mean test reward: 48.4375
Mean eval reward: 29.568544387817383
Successful test levels: 86.11111111111111 %
Successful eval levels: 65.03067484662577 %
Step: 1875968
Mean test reward: 45.0
Mean eval reward: 34.86326599121094
Successful test levels: 90.0 %
Successful eval levels: 70.2247191011236 %
Step: 1884160
Mean test reward: 44.6875
Mean eval reward: 32.62095260620117
Successful test levels: 87.1951219512195 %
Successful eval levels: 68.42105263157895 %
Step: 1892352
Mean test reward: 46.875
Mean eval reward: 33.444862365722656
Successful test levels: 94.9367088607595 %
Successful eval levels: 75.47169811320755 %
Step: 1900544
Mean test reward: 44.375
Mean eval reward: 30.37728500366211
Successful test levels: 88.75 %
Successful eval levels: 63.005780346820806 %
Step: 1908736
Mean test reward: 48.125
Mean eval reward: 29.255897521972656
Successful test levels: 90.05847953216374 %
Successful eval levels: 65.21739130434783 %
Step: 1916928
Mean test reward: 47.8125
Mean eval reward: 31.763105392456055
Successful test levels: 90.53254437869822 %
Successful eval levels: 68.67469879518072 %
Step: 1925120
Mean test reward: 43.75
Mean eval reward: 28.975486755371094
Successful test levels: 88.60759493670885 %
Successful eval levels: 66.66666666666666 %
Step: 1933312
Mean test reward: 47.8125
Mean eval reward: 35.093040466308594
Successful test levels: 86.93181818181817 %
Successful eval levels: 74.55621301775149 %
Step: 1941504
Mean test reward: 46.25
Mean eval reward: 28.960142135620117
Successful test levels: 88.09523809523809 %
Successful eval levels: 65.82278481012658 %
Step: 1949696
Mean test reward: 44.0625
Mean eval reward: 33.9685173034668
Successful test levels: 83.4319526627219 %
Successful eval levels: 71.76470588235294 %
Step: 1957888
Mean test reward: 46.25
Mean eval reward: 30.622589111328125
Successful test levels: 92.5 %
Successful eval levels: 71.89542483660131 %
Step: 1966080
Mean test reward: 42.8125
Mean eval reward: 32.0069580078125
Successful test levels: 88.96103896103897 %
Successful eval levels: 70.1219512195122 %
Step: 1974272
Mean test reward: 54.0625
Mean eval reward: 30.890243530273438
Successful test levels: 91.05263157894737 %
Successful eval levels: 68.09815950920245 %
Step: 1982464
Mean test reward: 50.0
Mean eval reward: 31.16366958618164
Successful test levels: 92.48554913294798 %
Successful eval levels: 69.56521739130434 %
Step: 1990656
Mean test reward: 45.0
Mean eval reward: 32.27015686035156
Successful test levels: 90.0 %
Successful eval levels: 71.16564417177914 %
Step: 1998848
Mean test reward: 48.75
Mean eval reward: 34.76467514038086
Successful test levels: 89.65517241379311 %
Successful eval levels: 69.44444444444444 %
Step: 2007040
Mean test reward: 42.5
Mean eval reward: 25.8614501953125
Successful test levels: 86.07594936708861 %
Successful eval levels: 62.41610738255034 %
Step: 2015232
Mean test reward: 50.9375
Mean eval reward: 34.47817611694336
Successful test levels: 87.63440860215054 %
Successful eval levels: 76.5432098765432 %
Step: 2023424
Mean test reward: 39.375
Mean eval reward: 36.966041564941406
Successful test levels: 84.0 %
Successful eval levels: 73.48066298342542 %
Step: 2031616
Mean test reward: 50.0
Mean eval reward: 32.781986236572266
Successful test levels: 89.3854748603352 %
Successful eval levels: 76.12903225806451 %
Step: 2039808
Mean test reward: 46.5625
Mean eval reward: 31.390432357788086
Successful test levels: 90.85365853658537 %
Successful eval levels: 66.86390532544378 %
Step: 2048000
Mean test reward: 55.625
Mean eval reward: 29.16525650024414
Successful test levels: 92.70833333333334 %
Successful eval levels: 70.0 %
Step: 2056192
Mean test reward: 48.125
Mean eval reward: 38.32011032104492
Successful test levels: 91.12426035502959 %
Successful eval levels: 75.40983606557377 %
Step: 2064384
Mean test reward: 49.6875
Mean eval reward: 31.920019149780273
Successful test levels: 87.84530386740332 %
Successful eval levels: 68.8622754491018 %
Step: 2072576
Mean test reward: 48.75
Mean eval reward: 31.361135482788086
Successful test levels: 89.65517241379311 %
Successful eval levels: 74.3421052631579 %
Step: 2080768
Mean test reward: 48.75
Mean eval reward: 37.17403030395508
Successful test levels: 89.65517241379311 %
Successful eval levels: 73.62637362637363 %
Step: 2088960
Mean test reward: 47.1875
Mean eval reward: 28.01386260986328
Successful test levels: 86.7816091954023 %
Successful eval levels: 69.6551724137931 %
Step: 2097152
Mean test reward: 48.125
Mean eval reward: 29.953022003173828
Successful test levels: 86.03351955307262 %
Successful eval levels: 68.78980891719745 %
Step: 2105344
Mean test reward: 47.5
Mean eval reward: 31.336759567260742
Successful test levels: 92.12121212121212 %
Successful eval levels: 65.69767441860465 %
Step: 2113536
Mean test reward: 45.625
Mean eval reward: 33.27238464355469
Successful test levels: 90.6832298136646 %
Successful eval levels: 70.58823529411765 %
Step: 2121728
Mean test reward: 48.75
Mean eval reward: 34.64999008178711
Successful test levels: 91.76470588235294 %
Successful eval levels: 73.96449704142012 %
Step: 2129920
Mean test reward: 44.375
Mean eval reward: 37.12642288208008
Successful test levels: 89.87341772151899 %
Successful eval levels: 75.70621468926554 %
Step: 2138112
Mean test reward: 44.375
Mean eval reward: 34.61894989013672
Successful test levels: 87.65432098765432 %
Successful eval levels: 71.02272727272727 %
Step: 2146304
Mean test reward: 48.75
Mean eval reward: 31.83953857421875
Successful test levels: 95.70552147239265 %
Successful eval levels: 70.5521472392638 %
Step: 2154496
Mean test reward: 43.75
Mean eval reward: 34.048187255859375
Successful test levels: 85.36585365853658 %
Successful eval levels: 72.35294117647058 %
Step: 2162688
Mean test reward: 45.625
Mean eval reward: 35.69551467895508
Successful test levels: 86.90476190476191 %
Successful eval levels: 75.88235294117646 %
Step: 2170880
Mean test reward: 45.3125
Mean eval reward: 30.985340118408203
Successful test levels: 85.79881656804734 %
Successful eval levels: 70.88607594936708 %
Step: 2179072
Mean test reward: 43.75
Mean eval reward: 34.848419189453125
Successful test levels: 89.171974522293 %
Successful eval levels: 81.29032258064515 %
Step: 2187264
Mean test reward: 47.8125
Mean eval reward: 36.217140197753906
Successful test levels: 87.93103448275862 %
Successful eval levels: 77.97619047619048 %
Step: 2195456
Mean test reward: 46.5625
Mean eval reward: 30.130069732666016
Successful test levels: 89.22155688622755 %
Successful eval levels: 75.69444444444444 %
Step: 2203648
Mean test reward: 45.625
Mean eval reward: 29.300243377685547
Successful test levels: 92.99363057324841 %
Successful eval levels: 72.10884353741497 %
Step: 2211840
Mean test reward: 50.3125
Mean eval reward: 30.12511444091797
Successful test levels: 90.4494382022472 %
Successful eval levels: 66.87116564417178 %
Step: 2220032
Mean test reward: 45.0
Mean eval reward: 31.78356170654297
Successful test levels: 94.11764705882352 %
Successful eval levels: 70.98765432098766 %
Step: 2228224
Mean test reward: 48.4375
Mean eval reward: 32.60301971435547
Successful test levels: 90.64327485380117 %
Successful eval levels: 67.42857142857143 %
Step: 2236416
Mean test reward: 45.0
Mean eval reward: 24.591657638549805
Successful test levels: 87.8048780487805 %
Successful eval levels: 62.23776223776224 %
Step: 2244608
Mean test reward: 49.0625
Mean eval reward: 31.22705078125
Successful test levels: 91.27906976744185 %
Successful eval levels: 69.32515337423312 %
Step: 2252800
Mean test reward: 50.0
Mean eval reward: 32.05274200439453
Successful test levels: 89.8876404494382 %
Successful eval levels: 73.41772151898735 %
Step: 2260992
Mean test reward: 45.0
Mean eval reward: 29.562715530395508
Successful test levels: 89.44099378881988 %
Successful eval levels: 67.29559748427673 %
Step: 2269184
Mean test reward: 46.875
Mean eval reward: 31.494844436645508
Successful test levels: 88.75739644970415 %
Successful eval levels: 67.05882352941175 %
Step: 2277376
Mean test reward: 45.0
Mean eval reward: 30.66258430480957
Successful test levels: 88.34355828220859 %
Successful eval levels: 72.07792207792207 %
Step: 2285568
Mean test reward: 51.5625
Mean eval reward: 34.248756408691406
Successful test levels: 92.69662921348315 %
Successful eval levels: 74.69879518072288 %
Step: 2293760
Mean test reward: 48.125
Mean eval reward: 26.789752960205078
Successful test levels: 88.50574712643679 %
Successful eval levels: 67.36111111111111 %
Step: 2301952
Mean test reward: 46.5625
Mean eval reward: 30.929283142089844
Successful test levels: 86.1271676300578 %
Successful eval levels: 70.0 %
Step: 2310144
Mean test reward: 47.5
Mean eval reward: 30.652551651000977
Successful test levels: 92.12121212121212 %
Successful eval levels: 71.15384615384616 %
Step: 2318336
Mean test reward: 47.8125
Mean eval reward: 34.51306915283203
Successful test levels: 91.07142857142857 %
Successful eval levels: 76.21951219512195 %
Step: 2326528
Mean test reward: 46.25
Mean eval reward: 30.91527557373047
Successful test levels: 87.57396449704143 %
Successful eval levels: 67.87878787878789 %
Step: 2334720
Mean test reward: 51.5625
Mean eval reward: 33.119041442871094
Successful test levels: 92.17877094972067 %
Successful eval levels: 73.17073170731707 %
Step: 2342912
Mean test reward: 45.9375
Mean eval reward: 32.285099029541016
Successful test levels: 88.55421686746988 %
Successful eval levels: 77.48344370860927 %
Step: 2351104
Mean test reward: 46.5625
Mean eval reward: 27.594449996948242
Successful test levels: 90.85365853658537 %
Successful eval levels: 67.56756756756756 %
Step: 2359296
Mean test reward: 49.6875
Mean eval reward: 30.07883071899414
Successful test levels: 90.3409090909091 %
Successful eval levels: 72.66666666666667 %
Step: 2367488
Mean test reward: 46.875
Mean eval reward: 30.627002716064453
Successful test levels: 93.75 %
Successful eval levels: 73.50993377483444 %
Step: 2375680
Mean test reward: 42.1875
Mean eval reward: 32.831790924072266
Successful test levels: 94.4055944055944 %
Successful eval levels: 66.4804469273743 %
Step: 2383872
Mean test reward: 43.125
Mean eval reward: 33.10173416137695
Successful test levels: 88.46153846153845 %
Successful eval levels: 74.53416149068323 %
Step: 2392064
Mean test reward: 44.6875
Mean eval reward: 31.714950561523438
Successful test levels: 91.66666666666666 %
Successful eval levels: 73.71794871794873 %
Step: 2400256
Mean test reward: 46.875
Mean eval reward: 34.46734619140625
Successful test levels: 87.20930232558139 %
Successful eval levels: 72.67441860465115 %
Step: 2408448
Mean test reward: 46.875
Mean eval reward: 33.62910079956055
Successful test levels: 90.36144578313254 %
Successful eval levels: 74.84662576687117 %
Step: 2416640
Mean test reward: 50.3125
Mean eval reward: 34.44971466064453
Successful test levels: 91.47727272727273 %
Successful eval levels: 73.09941520467837 %
Step: 2424832
Mean test reward: 47.5
Mean eval reward: 29.759078979492188
Successful test levels: 90.47619047619048 %
Successful eval levels: 64.28571428571429 %
Step: 2433024
Mean test reward: 50.9375
Mean eval reward: 34.161556243896484
Successful test levels: 95.32163742690058 %
Successful eval levels: 75.15151515151514 %
Step: 2441216
Mean test reward: 50.0
Mean eval reward: 28.6472110748291
Successful test levels: 91.42857142857143 %
Successful eval levels: 65.40880503144653 %
Step: 2449408
Mean test reward: 47.8125
Mean eval reward: 29.74982261657715
Successful test levels: 92.16867469879519 %
Successful eval levels: 64.28571428571429 %
Step: 2457600
Mean test reward: 44.6875
Mean eval reward: 33.05120849609375
Successful test levels: 92.25806451612904 %
Successful eval levels: 75.47169811320755 %
Step: 2465792
Mean test reward: 54.6875
Mean eval reward: 33.87194061279297
Successful test levels: 94.5945945945946 %
Successful eval levels: 72.7810650887574 %
Step: 2473984
Mean test reward: 47.1875
Mean eval reward: 28.910633087158203
Successful test levels: 89.88095238095238 %
Successful eval levels: 69.5364238410596 %
Step: 2482176
Mean test reward: 50.9375
Mean eval reward: 33.587806701660156
Successful test levels: 92.61363636363636 %
Successful eval levels: 73.93939393939394 %
Step: 2490368
Mean test reward: 57.1875
Mean eval reward: 26.980411529541016
Successful test levels: 91.95979899497488 %
Successful eval levels: 68.53146853146853 %
Step: 2498560
Mean test reward: 45.0
Mean eval reward: 33.03694534301758
Successful test levels: 90.0 %
Successful eval levels: 71.42857142857143 %
Step: 2506752
Mean test reward: 45.625
Mean eval reward: 33.855350494384766
Successful test levels: 89.57055214723927 %
Successful eval levels: 73.21428571428571 %
Completed training!
