{'total_steps': 2500000.0, 'learning_rate': 0.0005, 'epsilon': 1e-05, 'state_dict_name': 'baseline', 'seed': 'random'}
Start Training...
Step: 8192
Mean test reward: 0.9375
Mean eval reward: 0.3125
Successful test levels: 37.5 %
Successful eval levels: 33.33333333333333 %
Step: 16384
Mean test reward: 0.9375
Mean eval reward: 1.5625
Successful test levels: 25.0 %
Successful eval levels: 62.5 %
Step: 24576
Mean test reward: 5.625
Mean eval reward: 2.8125
Successful test levels: 66.66666666666666 %
Successful eval levels: 52.94117647058824 %
Step: 32768
Mean test reward: 5.9375
Mean eval reward: 5.9375
Successful test levels: 51.35135135135135 %
Successful eval levels: 46.34146341463415 %
Step: 40960
Mean test reward: 8.125
Mean eval reward: 5.625
Successful test levels: 46.42857142857143 %
Successful eval levels: 39.130434782608695 %
Step: 49152
Mean test reward: 10.0
Mean eval reward: 10.0
Successful test levels: 49.23076923076923 %
Successful eval levels: 45.714285714285715 %
Step: 57344
Mean test reward: 11.5625
Mean eval reward: 10.0
Successful test levels: 54.41176470588235 %
Successful eval levels: 42.10526315789473 %
Step: 65536
Mean test reward: 15.0
Mean eval reward: 13.4375
Successful test levels: 64.86486486486487 %
Successful eval levels: 48.31460674157304 %
Step: 73728
Mean test reward: 15.9375
Mean eval reward: 13.125
Successful test levels: 56.043956043956044 %
Successful eval levels: 52.5 %
Step: 81920
Mean test reward: 20.625
Mean eval reward: 16.25
Successful test levels: 64.07766990291263 %
Successful eval levels: 50.48543689320388 %
Step: 90112
Mean test reward: 21.875
Mean eval reward: 19.375
Successful test levels: 58.82352941176471 %
Successful eval levels: 56.36363636363636 %
Step: 98304
Mean test reward: 21.875
Mean eval reward: 18.75
Successful test levels: 60.3448275862069 %
Successful eval levels: 52.63157894736842 %
Step: 106496
Mean test reward: 24.375
Mean eval reward: 20.625
Successful test levels: 55.319148936170215 %
Successful eval levels: 56.41025641025641 %
Step: 114688
Mean test reward: 25.3125
Mean eval reward: 22.8125
Successful test levels: 65.85365853658537 %
Successful eval levels: 62.93103448275862 %
Step: 122880
Mean test reward: 25.3125
Mean eval reward: 19.375
Successful test levels: 71.68141592920354 %
Successful eval levels: 53.91304347826087 %
Step: 131072
Mean test reward: 26.875
Mean eval reward: 24.6875
Successful test levels: 69.35483870967742 %
Successful eval levels: 62.698412698412696 %
Step: 139264
Mean test reward: 25.625
Mean eval reward: 25.625
Successful test levels: 66.12903225806451 %
Successful eval levels: 61.65413533834586 %
Step: 147456
Mean test reward: 27.1875
Mean eval reward: 27.1875
Successful test levels: 66.92307692307692 %
Successful eval levels: 63.503649635036496 %
Step: 155648
Mean test reward: 32.5
Mean eval reward: 28.125
Successful test levels: 70.74829931972789 %
Successful eval levels: 68.18181818181817 %
Step: 163840
Mean test reward: 32.5
Mean eval reward: 27.8125
Successful test levels: 70.74829931972789 %
Successful eval levels: 61.80555555555556 %
Step: 172032
Mean test reward: 34.375
Mean eval reward: 29.6875
Successful test levels: 70.06369426751591 %
Successful eval levels: 65.06849315068493 %
Step: 180224
Mean test reward: 34.6875
Mean eval reward: 25.3125
Successful test levels: 73.50993377483444 %
Successful eval levels: 55.10204081632652 %
Step: 188416
Mean test reward: 34.0625
Mean eval reward: 29.375
Successful test levels: 68.9873417721519 %
Successful eval levels: 63.51351351351351 %
Step: 196608
Mean test reward: 35.3125
Mean eval reward: 27.8125
Successful test levels: 67.26190476190477 %
Successful eval levels: 63.57142857142857 %
Step: 204800
Mean test reward: 37.5
Mean eval reward: 33.75
Successful test levels: 70.17543859649122 %
Successful eval levels: 69.23076923076923 %
Step: 212992
Mean test reward: 34.375
Mean eval reward: 27.8125
Successful test levels: 65.86826347305389 %
Successful eval levels: 57.41935483870968 %
Step: 221184
Mean test reward: 38.75
Mean eval reward: 27.5
Successful test levels: 65.60846560846561 %
Successful eval levels: 56.41025641025641 %
Step: 229376
Mean test reward: 37.5
Mean eval reward: 37.1875
Successful test levels: 68.57142857142857 %
Successful eval levels: 67.61363636363636 %
Step: 237568
Mean test reward: 37.5
Mean eval reward: 34.0625
Successful test levels: 69.76744186046511 %
Successful eval levels: 64.88095238095238 %
Step: 245760
Mean test reward: 45.9375
Mean eval reward: 33.75
Successful test levels: 78.6096256684492 %
Successful eval levels: 62.06896551724138 %
Step: 253952
Mean test reward: 50.0
Mean eval reward: 35.9375
Successful test levels: 82.4742268041237 %
Successful eval levels: 68.45238095238095 %
Step: 262144
Mean test reward: 46.25
Mean eval reward: 35.625
Successful test levels: 71.84466019417476 %
Successful eval levels: 63.33333333333333 %
Step: 270336
Mean test reward: 42.8125
Mean eval reward: 34.6875
Successful test levels: 71.72774869109948 %
Successful eval levels: 69.81132075471697 %
Step: 278528
Mean test reward: 44.6875
Mean eval reward: 35.9375
Successful test levels: 72.22222222222221 %
Successful eval levels: 63.888888888888886 %
Step: 286720
Mean test reward: 39.375
Mean eval reward: 34.6875
Successful test levels: 69.61325966850829 %
Successful eval levels: 61.66666666666667 %
Step: 294912
Mean test reward: 45.625
Mean eval reward: 38.125
Successful test levels: 75.64766839378238 %
Successful eval levels: 63.541666666666664 %
Step: 303104
Mean test reward: 42.5
Mean eval reward: 41.5625
Successful test levels: 65.38461538461539 %
Successful eval levels: 68.55670103092784 %
Step: 311296
Mean test reward: 47.8125
Mean eval reward: 41.25
Successful test levels: 76.5 %
Successful eval levels: 67.00507614213198 %
Step: 319488
Mean test reward: 47.1875
Mean eval reward: 36.875
Successful test levels: 74.01960784313727 %
Successful eval levels: 64.48087431693989 %
Step: 327680
Mean test reward: 45.9375
Mean eval reward: 37.5
Successful test levels: 76.16580310880829 %
Successful eval levels: 66.29834254143645 %
Step: 335872
Mean test reward: 44.6875
Mean eval reward: 37.5
Successful test levels: 72.95918367346938 %
Successful eval levels: 70.58823529411765 %
Step: 344064
Mean test reward: 45.625
Mean eval reward: 36.25
Successful test levels: 70.87378640776699 %
Successful eval levels: 66.28571428571428 %
Step: 352256
Mean test reward: 48.4375
Mean eval reward: 35.9375
Successful test levels: 74.16267942583733 %
Successful eval levels: 66.47398843930635 %
Step: 360448
Mean test reward: 41.25
Mean eval reward: 32.8125
Successful test levels: 69.84126984126983 %
Successful eval levels: 64.02439024390245 %
Step: 368640
Mean test reward: 38.4375
Mean eval reward: 37.768524169921875
Successful test levels: 67.95580110497238 %
Successful eval levels: 67.97752808988764 %
Step: 376832
Mean test reward: 44.6875
Mean eval reward: 35.12381362915039
Successful test levels: 76.47058823529412 %
Successful eval levels: 68.90243902439023 %
Step: 385024
Mean test reward: 45.3125
Mean eval reward: 44.210548400878906
Successful test levels: 76.31578947368422 %
Successful eval levels: 72.58883248730965 %
Step: 393216
Mean test reward: 48.75
Mean eval reward: 33.81892013549805
Successful test levels: 82.53968253968253 %
Successful eval levels: 68.75 %
Step: 401408
Mean test reward: 40.9375
Mean eval reward: 35.23275375366211
Successful test levels: 69.31216931216932 %
Successful eval levels: 64.24581005586593 %
Step: 409600
Mean test reward: 42.8125
Mean eval reward: 37.5551872253418
Successful test levels: 76.11111111111111 %
Successful eval levels: 69.49152542372882 %
Step: 417792
Mean test reward: 43.125
Mean eval reward: 39.21049118041992
Successful test levels: 76.66666666666667 %
Successful eval levels: 68.25396825396825 %
Step: 425984
Mean test reward: 42.8125
Mean eval reward: 39.31595993041992
Successful test levels: 76.96629213483146 %
Successful eval levels: 71.03825136612022 %
Step: 434176
Mean test reward: 43.75
Mean eval reward: 36.77622985839844
Successful test levels: 75.26881720430107 %
Successful eval levels: 70.52023121387283 %
Step: 442368
Mean test reward: 45.9375
Mean eval reward: 41.719024658203125
Successful test levels: 76.16580310880829 %
Successful eval levels: 70.55837563451777 %
Step: 450560
Mean test reward: 49.375
Mean eval reward: 38.25265121459961
Successful test levels: 80.20304568527918 %
Successful eval levels: 69.94535519125684 %
Step: 458752
Mean test reward: 52.5
Mean eval reward: 38.39914321899414
Successful test levels: 80.0 %
Successful eval levels: 70.87912087912088 %
Step: 466944
Mean test reward: 44.375
Mean eval reward: 30.8727970123291
Successful test levels: 76.75675675675676 %
Successful eval levels: 63.030303030303024 %
Step: 475136
Mean test reward: 48.4375
Mean eval reward: 39.694950103759766
Successful test levels: 79.48717948717949 %
Successful eval levels: 75.70621468926554 %
Step: 483328
Mean test reward: 46.875
Mean eval reward: 37.77875518798828
Successful test levels: 78.94736842105263 %
Successful eval levels: 73.14285714285714 %
Step: 491520
Mean test reward: 45.3125
Mean eval reward: 34.72343444824219
Successful test levels: 78.80434782608695 %
Successful eval levels: 69.00584795321637 %
Step: 499712
Mean test reward: 46.5625
Mean eval reward: 36.99420928955078
Successful test levels: 80.97826086956522 %
Successful eval levels: 72.0 %
Step: 507904
Mean test reward: 46.25
Mean eval reward: 36.599449157714844
Successful test levels: 80.43478260869566 %
Successful eval levels: 70.2247191011236 %
Step: 516096
Mean test reward: 48.75
Mean eval reward: 34.18720626831055
Successful test levels: 81.67539267015707 %
Successful eval levels: 70.48192771084338 %
Step: 524288
Mean test reward: 48.4375
Mean eval reward: 41.94976043701172
Successful test levels: 83.78378378378379 %
Successful eval levels: 74.22680412371135 %
Step: 532480
Mean test reward: 45.3125
Mean eval reward: 35.72804260253906
Successful test levels: 81.92090395480226 %
Successful eval levels: 70.6896551724138 %
Step: 540672
Mean test reward: 45.0
Mean eval reward: 34.50318908691406
Successful test levels: 77.83783783783784 %
Successful eval levels: 72.12121212121212 %
Step: 548864
Mean test reward: 44.375
Mean eval reward: 33.57170104980469
Successful test levels: 79.7752808988764 %
Successful eval levels: 69.04761904761905 %
Step: 557056
Mean test reward: 44.0625
Mean eval reward: 35.81755828857422
Successful test levels: 77.90055248618785 %
Successful eval levels: 70.45454545454545 %
Step: 565248
Mean test reward: 50.0
Mean eval reward: 36.60907745361328
Successful test levels: 83.7696335078534 %
Successful eval levels: 74.70588235294117 %
Step: 573440
Mean test reward: 40.625
Mean eval reward: 42.24767303466797
Successful test levels: 77.84431137724552 %
Successful eval levels: 73.13432835820896 %
Step: 581632
Mean test reward: 54.375
Mean eval reward: 34.69104766845703
Successful test levels: 82.85714285714286 %
Successful eval levels: 69.14285714285714 %
Step: 589824
Mean test reward: 51.5625
Mean eval reward: 39.760066986083984
Successful test levels: 88.70967741935483 %
Successful eval levels: 75.95628415300546 %
Step: 598016
Mean test reward: 48.125
Mean eval reward: 36.52976608276367
Successful test levels: 81.48148148148148 %
Successful eval levels: 70.71823204419888 %
Step: 606208
Mean test reward: 52.8125
Mean eval reward: 29.646732330322266
Successful test levels: 86.22448979591837 %
Successful eval levels: 66.2420382165605 %
Step: 614400
Mean test reward: 50.625
Mean eval reward: 40.137577056884766
Successful test levels: 82.23350253807106 %
Successful eval levels: 74.60317460317461 %
Step: 622592
Mean test reward: 42.1875
Mean eval reward: 38.33226776123047
Successful test levels: 81.32530120481928 %
Successful eval levels: 72.19251336898395 %
Step: 630784
Mean test reward: 49.375
Mean eval reward: 37.68031692504883
Successful test levels: 84.94623655913979 %
Successful eval levels: 72.6775956284153 %
Step: 638976
Mean test reward: 43.75
Mean eval reward: 38.449989318847656
Successful test levels: 81.87134502923976 %
Successful eval levels: 77.71428571428571 %
Step: 647168
Mean test reward: 48.4375
Mean eval reward: 38.37345504760742
Successful test levels: 84.69945355191257 %
Successful eval levels: 76.8361581920904 %
Step: 655360
Mean test reward: 48.4375
Mean eval reward: 34.636043548583984
Successful test levels: 82.01058201058201 %
Successful eval levels: 71.9298245614035 %
Step: 663552
Mean test reward: 47.5
Mean eval reward: 37.961639404296875
Successful test levels: 86.36363636363636 %
Successful eval levels: 73.36956521739131 %
Step: 671744
Mean test reward: 49.375
Mean eval reward: 34.24725341796875
Successful test levels: 85.4054054054054 %
Successful eval levels: 77.21518987341773 %
Step: 679936
Mean test reward: 50.0
Mean eval reward: 38.689476013183594
Successful test levels: 84.65608465608466 %
Successful eval levels: 75.0 %
Step: 688128
Mean test reward: 40.625
Mean eval reward: 33.595916748046875
Successful test levels: 83.87096774193549 %
Successful eval levels: 71.42857142857143 %
Step: 696320
Mean test reward: 50.9375
Mean eval reward: 38.301727294921875
Successful test levels: 90.55555555555556 %
Successful eval levels: 76.11111111111111 %
Step: 704512
Mean test reward: 44.6875
Mean eval reward: 36.27595520019531
Successful test levels: 82.65895953757226 %
Successful eval levels: 74.28571428571429 %
Step: 712704
Mean test reward: 49.375
Mean eval reward: 37.34256362915039
Successful test levels: 87.29281767955801 %
Successful eval levels: 74.86033519553072 %
Step: 720896
Mean test reward: 41.875
Mean eval reward: 32.00532531738281
Successful test levels: 80.23952095808383 %
Successful eval levels: 67.64705882352942 %
Step: 729088
Mean test reward: 45.9375
Mean eval reward: 36.973548889160156
Successful test levels: 86.47058823529412 %
Successful eval levels: 73.88888888888889 %
Step: 737280
Mean test reward: 45.9375
Mean eval reward: 30.278244018554688
Successful test levels: 87.5 %
Successful eval levels: 62.28571428571429 %
Step: 745472
Mean test reward: 50.9375
Mean eval reward: 38.02315902709961
Successful test levels: 86.24338624338624 %
Successful eval levels: 77.40112994350282 %
Step: 753664
Mean test reward: 39.0625
Mean eval reward: 37.132564544677734
Successful test levels: 86.20689655172413 %
Successful eval levels: 70.8994708994709 %
Step: 761856
Mean test reward: 44.6875
Mean eval reward: 35.1488037109375
Successful test levels: 84.11764705882354 %
Successful eval levels: 69.39890710382514 %
Step: 770048
Mean test reward: 51.875
Mean eval reward: 33.17726516723633
Successful test levels: 87.36842105263159 %
Successful eval levels: 70.17543859649122 %
Step: 778240
Mean test reward: 49.0625
Mean eval reward: 35.90824508666992
Successful test levels: 84.86486486486487 %
Successful eval levels: 69.5187165775401 %
Step: 786432
Mean test reward: 45.0
Mean eval reward: 31.741655349731445
Successful test levels: 86.22754491017965 %
Successful eval levels: 64.24581005586593 %
Step: 794624
Mean test reward: 44.0625
Mean eval reward: 34.482696533203125
Successful test levels: 84.4311377245509 %
Successful eval levels: 74.40476190476191 %
Step: 802816
Mean test reward: 43.4375
Mean eval reward: 33.62080383300781
Successful test levels: 81.76470588235294 %
Successful eval levels: 72.18934911242604 %
Step: 811008
Mean test reward: 46.875
Mean eval reward: 31.95208740234375
Successful test levels: 86.20689655172413 %
Successful eval levels: 67.83625730994152 %
Step: 819200
Mean test reward: 46.5625
Mean eval reward: 36.33309555053711
Successful test levels: 88.16568047337277 %
Successful eval levels: 76.30057803468208 %
Step: 827392
Mean test reward: 46.5625
Mean eval reward: 33.27372741699219
Successful test levels: 84.6590909090909 %
Successful eval levels: 65.4054054054054 %
Step: 835584
Mean test reward: 44.0625
Mean eval reward: 34.907196044921875
Successful test levels: 85.97560975609755 %
Successful eval levels: 70.94972067039106 %
Step: 843776
Mean test reward: 43.75
Mean eval reward: 34.59750747680664
Successful test levels: 88.0503144654088 %
Successful eval levels: 70.0 %
Step: 851968
Mean test reward: 49.6875
Mean eval reward: 32.37478256225586
Successful test levels: 90.3409090909091 %
Successful eval levels: 67.04545454545455 %
Step: 860160
Mean test reward: 49.0625
Mean eval reward: 35.64595031738281
Successful test levels: 87.70949720670392 %
Successful eval levels: 68.78306878306879 %
Step: 868352
Mean test reward: 47.8125
Mean eval reward: 36.425498962402344
Successful test levels: 84.06593406593407 %
Successful eval levels: 71.89189189189189 %
Step: 876544
Mean test reward: 51.5625
Mean eval reward: 34.48497772216797
Successful test levels: 85.49222797927462 %
Successful eval levels: 73.68421052631578 %
Step: 884736
Mean test reward: 52.5
Mean eval reward: 32.00164031982422
Successful test levels: 88.88888888888889 %
Successful eval levels: 68.42105263157895 %
Step: 892928
Mean test reward: 55.625
Mean eval reward: 34.175140380859375
Successful test levels: 89.0 %
Successful eval levels: 70.2247191011236 %
Step: 901120
Mean test reward: 42.5
Mean eval reward: 31.693687438964844
Successful test levels: 85.53459119496856 %
Successful eval levels: 68.63905325443787 %
Step: 909312
Mean test reward: 47.5
Mean eval reward: 34.13799285888672
Successful test levels: 86.85714285714286 %
Successful eval levels: 68.30601092896174 %
Step: 917504
Mean test reward: 45.625
Mean eval reward: 28.395233154296875
Successful test levels: 86.90476190476191 %
Successful eval levels: 64.19753086419753 %
Step: 925696
Mean test reward: 45.3125
Mean eval reward: 36.56769561767578
Successful test levels: 84.7953216374269 %
Successful eval levels: 73.62637362637363 %
Step: 933888
Mean test reward: 48.75
Mean eval reward: 35.17198181152344
Successful test levels: 89.14285714285714 %
Successful eval levels: 68.98395721925134 %
Step: 942080
Mean test reward: 46.5625
Mean eval reward: 33.237220764160156
Successful test levels: 89.22155688622755 %
Successful eval levels: 64.21052631578948 %
Step: 950272
Mean test reward: 46.5625
Mean eval reward: 36.48430252075195
Successful test levels: 85.63218390804597 %
Successful eval levels: 73.62637362637363 %
Step: 958464
Mean test reward: 43.4375
Mean eval reward: 32.92161178588867
Successful test levels: 87.9746835443038 %
Successful eval levels: 70.34883720930233 %
Step: 966656
Mean test reward: 46.875
Mean eval reward: 33.992950439453125
Successful test levels: 87.20930232558139 %
Successful eval levels: 72.25433526011561 %
Step: 974848
Mean test reward: 46.25
Mean eval reward: 33.97319793701172
Successful test levels: 91.92546583850931 %
Successful eval levels: 69.83240223463687 %
Step: 983040
Mean test reward: 49.0625
Mean eval reward: 36.386436462402344
Successful test levels: 83.51063829787235 %
Successful eval levels: 72.82608695652173 %
Step: 991232
Mean test reward: 47.8125
Mean eval reward: 36.09234619140625
Successful test levels: 85.95505617977528 %
Successful eval levels: 67.51269035532995 %
Step: 999424
Mean test reward: 50.0
Mean eval reward: 33.084312438964844
Successful test levels: 86.02150537634408 %
Successful eval levels: 68.92655367231639 %
Step: 1007616
Mean test reward: 49.375
Mean eval reward: 35.78006362915039
Successful test levels: 88.76404494382022 %
Successful eval levels: 68.04123711340206 %
Step: 1015808
Mean test reward: 47.1875
Mean eval reward: 36.55246353149414
Successful test levels: 87.28323699421965 %
Successful eval levels: 69.94818652849742 %
Step: 1024000
Mean test reward: 46.25
Mean eval reward: 33.55826187133789
Successful test levels: 88.09523809523809 %
Successful eval levels: 65.60846560846561 %
Step: 1032192
Mean test reward: 51.25
Mean eval reward: 34.89007568359375
Successful test levels: 86.31578947368422 %
Successful eval levels: 71.66666666666667 %
Step: 1040384
Mean test reward: 53.125
Mean eval reward: 31.356121063232422
Successful test levels: 89.47368421052632 %
Successful eval levels: 67.44186046511628 %
Step: 1048576
Mean test reward: 45.0
Mean eval reward: 37.013763427734375
Successful test levels: 84.70588235294117 %
Successful eval levels: 70.25641025641025 %
Step: 1056768
Mean test reward: 46.5625
Mean eval reward: 32.13525390625
Successful test levels: 88.69047619047619 %
Successful eval levels: 70.83333333333334 %
Step: 1064960
Mean test reward: 43.4375
Mean eval reward: 29.699756622314453
Successful test levels: 88.53503184713377 %
Successful eval levels: 68.32298136645963 %
Step: 1073152
Mean test reward: 46.875
Mean eval reward: 37.784481048583984
Successful test levels: 84.26966292134831 %
Successful eval levels: 76.92307692307693 %
Step: 1081344
Mean test reward: 46.25
Mean eval reward: 36.93919372558594
Successful test levels: 89.6969696969697 %
Successful eval levels: 72.87234042553192 %
Step: 1089536
Mean test reward: 49.375
Mean eval reward: 34.75413131713867
Successful test levels: 90.28571428571428 %
Successful eval levels: 71.66666666666667 %
Step: 1097728
Mean test reward: 45.625
Mean eval reward: 32.04877471923828
Successful test levels: 88.48484848484848 %
Successful eval levels: 68.0 %
Step: 1105920
Mean test reward: 44.375
Mean eval reward: 33.11751937866211
Successful test levels: 84.52380952380952 %
Successful eval levels: 68.33333333333333 %
Step: 1114112
Mean test reward: 45.9375
Mean eval reward: 33.10570526123047
Successful test levels: 87.5 %
Successful eval levels: 68.33333333333333 %
Step: 1122304
Mean test reward: 47.5
Mean eval reward: 32.292728424072266
Successful test levels: 86.36363636363636 %
Successful eval levels: 71.42857142857143 %
Step: 1130496
Mean test reward: 46.875
Mean eval reward: 33.08658981323242
Successful test levels: 82.87292817679558 %
Successful eval levels: 69.49152542372882 %
Step: 1138688
Mean test reward: 48.75
Mean eval reward: 31.196578979492188
Successful test levels: 88.13559322033898 %
Successful eval levels: 67.83625730994152 %
Step: 1146880
Mean test reward: 51.5625
Mean eval reward: 36.289947509765625
Successful test levels: 89.1891891891892 %
Successful eval levels: 73.36956521739131 %
Step: 1155072
Mean test reward: 48.125
Mean eval reward: 29.82837677001953
Successful test levels: 90.58823529411765 %
Successful eval levels: 65.29411764705883 %
Step: 1163264
Mean test reward: 42.8125
Mean eval reward: 33.04901123046875
Successful test levels: 90.13157894736842 %
Successful eval levels: 65.07936507936508 %
Step: 1171456
Mean test reward: 46.875
Mean eval reward: 31.160438537597656
Successful test levels: 89.82035928143712 %
Successful eval levels: 64.44444444444444 %
Step: 1179648
Mean test reward: 46.5625
Mean eval reward: 32.22944259643555
Successful test levels: 90.30303030303031 %
Successful eval levels: 70.58823529411765 %
Step: 1187840
Mean test reward: 45.0
Mean eval reward: 32.756832122802734
Successful test levels: 88.88888888888889 %
Successful eval levels: 70.93023255813954 %
Step: 1196032
Mean test reward: 54.375
Mean eval reward: 34.09185791015625
Successful test levels: 93.54838709677419 %
Successful eval levels: 72.98850574712644 %
Step: 1204224
Mean test reward: 43.125
Mean eval reward: 33.00294876098633
Successful test levels: 88.46153846153845 %
Successful eval levels: 68.71508379888269 %
Step: 1212416
Mean test reward: 46.25
Mean eval reward: 35.406551361083984
Successful test levels: 86.04651162790698 %
Successful eval levels: 72.1311475409836 %
Step: 1220608
Mean test reward: 43.4375
Mean eval reward: 33.50893020629883
Successful test levels: 89.1025641025641 %
Successful eval levels: 68.68131868131869 %
Step: 1228800
Mean test reward: 45.9375
Mean eval reward: 34.5694580078125
Successful test levels: 93.0379746835443 %
Successful eval levels: 73.71428571428571 %
Step: 1236992
Mean test reward: 47.8125
Mean eval reward: 31.07907485961914
Successful test levels: 92.16867469879519 %
Successful eval levels: 67.05202312138728 %
Step: 1245184
Mean test reward: 47.8125
Mean eval reward: 34.818790435791016
Successful test levels: 90.53254437869822 %
Successful eval levels: 74.28571428571429 %
Step: 1253376
Mean test reward: 44.375
Mean eval reward: 31.324996948242188
Successful test levels: 87.65432098765432 %
Successful eval levels: 66.47727272727273 %
Step: 1261568
Mean test reward: 46.5625
Mean eval reward: 32.923622131347656
Successful test levels: 89.7590361445783 %
Successful eval levels: 70.6896551724138 %
Step: 1269760
Mean test reward: 43.4375
Mean eval reward: 31.848026275634766
Successful test levels: 90.25974025974025 %
Successful eval levels: 68.0 %
Step: 1277952
Mean test reward: 51.5625
Mean eval reward: 29.167251586914062
Successful test levels: 93.75 %
Successful eval levels: 69.87179487179486 %
Step: 1286144
Mean test reward: 47.1875
Mean eval reward: 29.71019172668457
Successful test levels: 94.9685534591195 %
Successful eval levels: 71.61290322580646 %
Step: 1294336
Mean test reward: 47.1875
Mean eval reward: 32.64476013183594
Successful test levels: 90.41916167664671 %
Successful eval levels: 76.25 %
Step: 1302528
Mean test reward: 44.6875
Mean eval reward: 32.90711975097656
Successful test levels: 87.73006134969326 %
Successful eval levels: 71.9298245614035 %
Step: 1310720
Mean test reward: 47.5
Mean eval reward: 32.36659240722656
Successful test levels: 89.94082840236686 %
Successful eval levels: 67.97752808988764 %
Step: 1318912
Mean test reward: 45.625
Mean eval reward: 34.76167297363281
Successful test levels: 90.6832298136646 %
Successful eval levels: 73.44632768361582 %
Step: 1327104
Mean test reward: 40.9375
Mean eval reward: 33.41190719604492
Successful test levels: 87.33333333333333 %
Successful eval levels: 74.40476190476191 %
Step: 1335296
Mean test reward: 45.625
Mean eval reward: 33.93671417236328
Successful test levels: 89.57055214723927 %
Successful eval levels: 69.02173913043478 %
Step: 1343488
Mean test reward: 39.0625
Mean eval reward: 27.254173278808594
Successful test levels: 89.92805755395683 %
Successful eval levels: 65.38461538461539 %
Step: 1351680
Mean test reward: 50.3125
Mean eval reward: 34.200931549072266
Successful test levels: 92.0 %
Successful eval levels: 69.56521739130434 %
Step: 1359872
Mean test reward: 50.0
Mean eval reward: 32.320343017578125
Successful test levels: 95.80838323353294 %
Successful eval levels: 67.59776536312849 %
Step: 1368064
Mean test reward: 47.5
Mean eval reward: 35.50983810424805
Successful test levels: 92.6829268292683 %
Successful eval levels: 67.17171717171718 %
Step: 1376256
Mean test reward: 48.75
Mean eval reward: 36.562713623046875
Successful test levels: 94.54545454545455 %
Successful eval levels: 72.87234042553192 %
Step: 1384448
Mean test reward: 50.625
Mean eval reward: 32.54610061645508
Successful test levels: 92.57142857142857 %
Successful eval levels: 70.93023255813954 %
Step: 1392640
Mean test reward: 50.0
Mean eval reward: 34.6704216003418
Successful test levels: 91.95402298850574 %
Successful eval levels: 69.5187165775401 %
Step: 1400832
Mean test reward: 47.1875
Mean eval reward: 35.45242691040039
Successful test levels: 90.41916167664671 %
Successful eval levels: 72.6775956284153 %
Step: 1409024
Mean test reward: 50.625
Mean eval reward: 30.649091720581055
Successful test levels: 92.57142857142857 %
Successful eval levels: 68.04733727810651 %
Step: 1417216
Mean test reward: 52.5
Mean eval reward: 33.04465866088867
Successful test levels: 92.3076923076923 %
Successful eval levels: 69.27374301675978 %
Step: 1425408
Mean test reward: 51.5625
Mean eval reward: 32.23674011230469
Successful test levels: 88.23529411764706 %
Successful eval levels: 71.17647058823529 %
Step: 1433600
Mean test reward: 45.625
Mean eval reward: 36.22085952758789
Successful test levels: 92.40506329113924 %
Successful eval levels: 70.83333333333334 %
Step: 1441792
Mean test reward: 44.6875
Mean eval reward: 34.607540130615234
Successful test levels: 91.66666666666666 %
Successful eval levels: 72.22222222222221 %
Step: 1449984
Mean test reward: 43.4375
Mean eval reward: 33.26302719116211
Successful test levels: 90.84967320261438 %
Successful eval levels: 76.68711656441718 %
Step: 1458176
Mean test reward: 51.875
Mean eval reward: 32.4586181640625
Successful test levels: 91.20879120879121 %
Successful eval levels: 71.34502923976608 %
Step: 1466368
Mean test reward: 44.375
Mean eval reward: 31.389060974121094
Successful test levels: 92.20779220779221 %
Successful eval levels: 65.55555555555556 %
Step: 1474560
Mean test reward: 44.6875
Mean eval reward: 31.651657104492188
Successful test levels: 93.4640522875817 %
Successful eval levels: 69.5906432748538 %
Step: 1482752
Mean test reward: 49.6875
Mean eval reward: 35.902164459228516
Successful test levels: 89.32584269662921 %
Successful eval levels: 72.58064516129032 %
Step: 1490944
Mean test reward: 45.3125
Mean eval reward: 30.843395233154297
Successful test levels: 96.02649006622516 %
Successful eval levels: 62.70270270270271 %
Step: 1499136
Mean test reward: 46.5625
Mean eval reward: 34.55618667602539
Successful test levels: 90.85365853658537 %
Successful eval levels: 70.65217391304348 %
Step: 1507328
Mean test reward: 51.5625
Mean eval reward: 35.868106842041016
Successful test levels: 93.22033898305084 %
Successful eval levels: 73.36956521739131 %
Step: 1515520
Mean test reward: 50.9375
Mean eval reward: 30.2847843170166
Successful test levels: 93.14285714285714 %
Successful eval levels: 68.67469879518072 %
Step: 1523712
Mean test reward: 48.4375
Mean eval reward: 27.62938117980957
Successful test levels: 96.27329192546584 %
Successful eval levels: 65.40880503144653 %
Step: 1531904
Mean test reward: 50.9375
Mean eval reward: 35.063682556152344
Successful test levels: 94.76744186046511 %
Successful eval levels: 69.84126984126983 %
Step: 1540096
Mean test reward: 50.625
Mean eval reward: 34.259605407714844
Successful test levels: 94.18604651162791 %
Successful eval levels: 69.35483870967742 %
Step: 1548288
Mean test reward: 49.375
Mean eval reward: 30.003978729248047
Successful test levels: 91.32947976878613 %
Successful eval levels: 66.86390532544378 %
Step: 1556480
Mean test reward: 49.6875
Mean eval reward: 36.10503387451172
Successful test levels: 96.95121951219512 %
Successful eval levels: 77.27272727272727 %
Step: 1564672
Mean test reward: 49.0625
Mean eval reward: 32.38040542602539
Successful test levels: 90.22988505747126 %
Successful eval levels: 68.53932584269663 %
Step: 1572864
Mean test reward: 51.5625
Mean eval reward: 33.432579040527344
Successful test levels: 94.28571428571428 %
Successful eval levels: 70.39106145251397 %
Step: 1581056
Mean test reward: 47.1875
Mean eval reward: 32.364471435546875
Successful test levels: 93.20987654320987 %
Successful eval levels: 69.31818181818183 %
Step: 1589248
Mean test reward: 49.0625
Mean eval reward: 31.561986923217773
Successful test levels: 94.01197604790418 %
Successful eval levels: 69.5906432748538 %
Step: 1597440
Mean test reward: 47.1875
Mean eval reward: 34.210201263427734
Successful test levels: 92.07317073170732 %
Successful eval levels: 72.47191011235955 %
Step: 1605632
Mean test reward: 52.8125
Mean eval reward: 33.67015075683594
Successful test levels: 93.88888888888889 %
Successful eval levels: 75.59523809523809 %
Step: 1613824
Mean test reward: 53.75
Mean eval reward: 32.339134216308594
Successful test levels: 91.48936170212765 %
Successful eval levels: 73.49397590361446 %
Step: 1622016
Mean test reward: 45.9375
Mean eval reward: 36.83367919921875
Successful test levels: 88.55421686746988 %
Successful eval levels: 75.95628415300546 %
Step: 1630208
Mean test reward: 45.625
Mean eval reward: 32.31893539428711
Successful test levels: 92.99363057324841 %
Successful eval levels: 73.49397590361446 %
Step: 1638400
Mean test reward: 47.5
Mean eval reward: 36.28217315673828
Successful test levels: 93.82716049382715 %
Successful eval levels: 70.98445595854922 %
Step: 1646592
Mean test reward: 53.4375
Mean eval reward: 36.000648498535156
Successful test levels: 94.47513812154696 %
Successful eval levels: 73.91304347826086 %
Step: 1654784
Mean test reward: 42.1875
Mean eval reward: 29.379247665405273
Successful test levels: 87.09677419354838 %
Successful eval levels: 67.6829268292683 %
Step: 1662976
Mean test reward: 50.9375
Mean eval reward: 38.89591979980469
Successful test levels: 92.61363636363636 %
Successful eval levels: 75.0 %
Step: 1671168
Mean test reward: 45.625
Mean eval reward: 37.28339385986328
Successful test levels: 93.58974358974359 %
Successful eval levels: 69.45812807881774 %
Step: 1679360
Mean test reward: 47.5
Mean eval reward: 35.15614700317383
Successful test levels: 92.12121212121212 %
Successful eval levels: 72.6775956284153 %
Step: 1687552
Mean test reward: 51.875
Mean eval reward: 29.60345458984375
Successful test levels: 92.73743016759776 %
Successful eval levels: 67.06586826347305 %
Step: 1695744
Mean test reward: 49.375
Mean eval reward: 34.3513069152832
Successful test levels: 94.04761904761905 %
Successful eval levels: 71.8232044198895 %
Step: 1703936
Mean test reward: 45.3125
Mean eval reward: 30.38548469543457
Successful test levels: 93.54838709677419 %
Successful eval levels: 65.71428571428571 %
Step: 1712128
Mean test reward: 45.9375
Mean eval reward: 34.60932922363281
Successful test levels: 91.30434782608695 %
Successful eval levels: 71.58469945355192 %
Step: 1720320
Mean test reward: 45.0
Mean eval reward: 30.64208984375
Successful test levels: 92.3076923076923 %
Successful eval levels: 72.04968944099379 %
Step: 1728512
Mean test reward: 45.9375
Mean eval reward: 33.01511764526367
Successful test levels: 88.55421686746988 %
Successful eval levels: 76.68711656441718 %
Step: 1736704
Mean test reward: 50.9375
Mean eval reward: 34.85515594482422
Successful test levels: 91.57303370786516 %
Successful eval levels: 75.0 %
Step: 1744896
Mean test reward: 45.3125
Mean eval reward: 32.473453521728516
Successful test levels: 90.06211180124224 %
Successful eval levels: 71.09826589595376 %
Step: 1753088
Mean test reward: 46.5625
Mean eval reward: 29.830974578857422
Successful test levels: 88.69047619047619 %
Successful eval levels: 63.48314606741573 %
Step: 1761280
Mean test reward: 50.625
Mean eval reward: 32.7334098815918
Successful test levels: 89.50276243093923 %
Successful eval levels: 70.85714285714285 %
Step: 1769472
Mean test reward: 50.625
Mean eval reward: 36.94916915893555
Successful test levels: 93.64161849710982 %
Successful eval levels: 78.2122905027933 %
Step: 1777664
Mean test reward: 47.8125
Mean eval reward: 28.499853134155273
Successful test levels: 96.22641509433963 %
Successful eval levels: 67.5 %
Step: 1785856
Mean test reward: 44.6875
Mean eval reward: 33.24484634399414
Successful test levels: 93.4640522875817 %
Successful eval levels: 68.85245901639344 %
Step: 1794048
Mean test reward: 48.75
Mean eval reward: 30.340137481689453
Successful test levels: 95.70552147239265 %
Successful eval levels: 68.04733727810651 %
Step: 1802240
Mean test reward: 49.0625
Mean eval reward: 34.824527740478516
Successful test levels: 92.3529411764706 %
Successful eval levels: 69.10994764397905 %
Step: 1810432
Mean test reward: 50.0
Mean eval reward: 32.44047927856445
Successful test levels: 90.9090909090909 %
Successful eval levels: 73.21428571428571 %
Step: 1818624
Mean test reward: 48.4375
Mean eval reward: 37.442508697509766
Successful test levels: 92.26190476190477 %
Successful eval levels: 77.59562841530054 %
Step: 1826816
Mean test reward: 49.0625
Mean eval reward: 35.316749572753906
Successful test levels: 92.89940828402366 %
Successful eval levels: 71.27659574468085 %
Step: 1835008
Mean test reward: 51.25
Mean eval reward: 27.40981674194336
Successful test levels: 95.34883720930233 %
Successful eval levels: 66.2420382165605 %
Step: 1843200
Mean test reward: 50.0
Mean eval reward: 30.58024024963379
Successful test levels: 95.23809523809523 %
Successful eval levels: 73.88535031847134 %
Step: 1851392
Mean test reward: 45.3125
Mean eval reward: 30.315183639526367
Successful test levels: 90.625 %
Successful eval levels: 70.5521472392638 %
Step: 1859584
Mean test reward: 44.0625
Mean eval reward: 32.159759521484375
Successful test levels: 89.80891719745223 %
Successful eval levels: 73.05389221556887 %
Step: 1867776
Mean test reward: 47.1875
Mean eval reward: 34.261043548583984
Successful test levels: 92.63803680981594 %
Successful eval levels: 71.8232044198895 %
Step: 1875968
Mean test reward: 50.625
Mean eval reward: 34.778968811035156
Successful test levels: 95.85798816568047 %
Successful eval levels: 73.74301675977654 %
Step: 1884160
Mean test reward: 55.3125
Mean eval reward: 36.61284637451172
Successful test levels: 94.14893617021278 %
Successful eval levels: 78.08988764044943 %
Step: 1892352
Mean test reward: 46.25
Mean eval reward: 30.285350799560547
Successful test levels: 89.6969696969697 %
Successful eval levels: 67.64705882352942 %
Step: 1900544
Mean test reward: 46.875
Mean eval reward: 31.0748348236084
Successful test levels: 93.16770186335404 %
Successful eval levels: 69.00584795321637 %
Step: 1908736
Mean test reward: 48.75
Mean eval reward: 33.181373596191406
Successful test levels: 93.41317365269461 %
Successful eval levels: 72.41379310344827 %
Step: 1916928
Mean test reward: 48.75
Mean eval reward: 30.016538619995117
Successful test levels: 92.85714285714286 %
Successful eval levels: 74.50980392156863 %
Step: 1925120
Mean test reward: 50.625
Mean eval reward: 32.64706039428711
Successful test levels: 93.64161849710982 %
Successful eval levels: 71.67630057803468 %
Step: 1933312
Mean test reward: 51.875
Mean eval reward: 34.224220275878906
Successful test levels: 94.85714285714286 %
Successful eval levels: 69.89247311827957 %
Step: 1941504
Mean test reward: 49.0625
Mean eval reward: 31.05979347229004
Successful test levels: 93.45238095238095 %
Successful eval levels: 73.29192546583852 %
Step: 1949696
Mean test reward: 51.5625
Mean eval reward: 33.424957275390625
Successful test levels: 95.93023255813954 %
Successful eval levels: 73.41040462427746 %
Step: 1957888
Mean test reward: 53.125
Mean eval reward: 32.101829528808594
Successful test levels: 94.97206703910615 %
Successful eval levels: 69.71428571428572 %
Step: 1966080
Mean test reward: 51.5625
Mean eval reward: 32.887874603271484
Successful test levels: 95.93023255813954 %
Successful eval levels: 73.96449704142012 %
Step: 1974272
Mean test reward: 49.0625
Mean eval reward: 34.46401596069336
Successful test levels: 94.57831325301204 %
Successful eval levels: 75.28735632183908 %
Step: 1982464
Mean test reward: 49.0625
Mean eval reward: 33.405792236328125
Successful test levels: 94.01197604790418 %
Successful eval levels: 74.26900584795322 %
Step: 1990656
Mean test reward: 48.125
Mean eval reward: 32.34747314453125
Successful test levels: 97.46835443037975 %
Successful eval levels: 72.35294117647058 %
Step: 1998848
Mean test reward: 46.5625
Mean eval reward: 36.02037811279297
Successful test levels: 93.71069182389937 %
Successful eval levels: 75.69060773480662 %
Step: 2007040
Mean test reward: 50.9375
Mean eval reward: 29.182146072387695
Successful test levels: 95.32163742690058 %
Successful eval levels: 70.70063694267516 %
Step: 2015232
Mean test reward: 52.1875
Mean eval reward: 36.27752685546875
Successful test levels: 95.42857142857143 %
Successful eval levels: 73.40425531914893 %
Step: 2023424
Mean test reward: 51.5625
Mean eval reward: 32.06332015991211
Successful test levels: 90.1639344262295 %
Successful eval levels: 68.15642458100558 %
Step: 2031616
Mean test reward: 52.1875
Mean eval reward: 32.0614013671875
Successful test levels: 93.82022471910112 %
Successful eval levels: 68.15642458100558 %
Step: 2039808
Mean test reward: 48.125
Mean eval reward: 26.283315658569336
Successful test levels: 89.53488372093024 %
Successful eval levels: 62.5 %
Step: 2048000
Mean test reward: 48.4375
Mean eval reward: 34.696781158447266
Successful test levels: 93.37349397590361 %
Successful eval levels: 72.1311475409836 %
Step: 2056192
Mean test reward: 50.9375
Mean eval reward: 30.48246192932129
Successful test levels: 93.67816091954023 %
Successful eval levels: 72.5 %
Step: 2064384
Mean test reward: 50.9375
Mean eval reward: 34.948089599609375
Successful test levels: 94.21965317919076 %
Successful eval levels: 75.14124293785311 %
Step: 2072576
Mean test reward: 47.1875
Mean eval reward: 32.31739044189453
Successful test levels: 94.375 %
Successful eval levels: 77.35849056603774 %
Step: 2080768
Mean test reward: 43.75
Mean eval reward: 34.412384033203125
Successful test levels: 93.33333333333333 %
Successful eval levels: 71.97802197802197 %
Step: 2088960
Mean test reward: 44.375
Mean eval reward: 32.56487274169922
Successful test levels: 92.20779220779221 %
Successful eval levels: 72.09302325581395 %
Step: 2097152
Mean test reward: 48.125
Mean eval reward: 32.03997802734375
Successful test levels: 93.90243902439023 %
Successful eval levels: 76.25 %
Step: 2105344
Mean test reward: 45.625
Mean eval reward: 34.921119689941406
Successful test levels: 95.42483660130719 %
Successful eval levels: 72.28260869565217 %
Step: 2113536
Mean test reward: 50.625
Mean eval reward: 31.241498947143555
Successful test levels: 92.57142857142857 %
Successful eval levels: 72.5609756097561 %
Step: 2121728
Mean test reward: 42.8125
Mean eval reward: 35.439002990722656
Successful test levels: 88.96103896103897 %
Successful eval levels: 74.17582417582418 %
Step: 2129920
Mean test reward: 51.875
Mean eval reward: 32.80531692504883
Successful test levels: 97.6470588235294 %
Successful eval levels: 70.62146892655367 %
Step: 2138112
Mean test reward: 41.25
Mean eval reward: 33.3282470703125
Successful test levels: 91.66666666666666 %
Successful eval levels: 74.70588235294117 %
Step: 2146304
Mean test reward: 54.0625
Mean eval reward: 34.37119674682617
Successful test levels: 95.58011049723757 %
Successful eval levels: 73.59550561797754 %
Step: 2154496
Mean test reward: 50.9375
Mean eval reward: 33.31519317626953
Successful test levels: 97.02380952380952 %
Successful eval levels: 73.41040462427746 %
Step: 2162688
Mean test reward: 45.625
Mean eval reward: 31.73727035522461
Successful test levels: 94.19354838709677 %
Successful eval levels: 70.34883720930233 %
Step: 2170880
Mean test reward: 46.875
Mean eval reward: 35.66548156738281
Successful test levels: 89.82035928143712 %
Successful eval levels: 77.27272727272727 %
Step: 2179072
Mean test reward: 50.3125
Mean eval reward: 33.56047439575195
Successful test levels: 93.0635838150289 %
Successful eval levels: 74.4186046511628 %
Step: 2187264
Mean test reward: 52.1875
Mean eval reward: 33.03092575073242
Successful test levels: 94.88636363636364 %
Successful eval levels: 73.25581395348837 %
Step: 2195456
Mean test reward: 50.9375
Mean eval reward: 35.383941650390625
Successful test levels: 96.44970414201184 %
Successful eval levels: 77.14285714285715 %
Step: 2203648
Mean test reward: 49.0625
Mean eval reward: 36.6835823059082
Successful test levels: 96.31901840490798 %
Successful eval levels: 74.8663101604278 %
Step: 2211840
Mean test reward: 43.4375
Mean eval reward: 36.93402862548828
Successful test levels: 94.5578231292517 %
Successful eval levels: 71.93877551020408 %
Step: 2220032
Mean test reward: 48.125
Mean eval reward: 30.645675659179688
Successful test levels: 96.85534591194968 %
Successful eval levels: 69.23076923076923 %
Step: 2228224
Mean test reward: 47.1875
Mean eval reward: 32.736228942871094
Successful test levels: 95.56962025316456 %
Successful eval levels: 70.62146892655367 %
Step: 2236416
Mean test reward: 51.875
Mean eval reward: 35.08699417114258
Successful test levels: 94.85714285714286 %
Successful eval levels: 77.90697674418605 %
Step: 2244608
Mean test reward: 52.5
Mean eval reward: 35.60054016113281
Successful test levels: 94.91525423728814 %
Successful eval levels: 73.11827956989248 %
Step: 2252800
Mean test reward: 53.4375
Mean eval reward: 33.49937438964844
Successful test levels: 95.0 %
Successful eval levels: 68.44919786096256 %
Step: 2260992
Mean test reward: 49.375
Mean eval reward: 34.279541015625
Successful test levels: 95.18072289156626 %
Successful eval levels: 74.43181818181817 %
Step: 2269184
Mean test reward: 51.875
Mean eval reward: 33.48845672607422
Successful test levels: 95.95375722543352 %
Successful eval levels: 71.11111111111111 %
Step: 2277376
Mean test reward: 51.875
Mean eval reward: 34.00550842285156
Successful test levels: 96.51162790697676 %
Successful eval levels: 71.8232044198895 %
Step: 2285568
Mean test reward: 52.1875
Mean eval reward: 30.342884063720703
Successful test levels: 95.97701149425288 %
Successful eval levels: 67.83625730994152 %
Step: 2293760
Mean test reward: 48.125
Mean eval reward: 27.731647491455078
Successful test levels: 95.06172839506173 %
Successful eval levels: 67.08860759493672 %
Step: 2301952
Mean test reward: 45.625
Mean eval reward: 36.100303649902344
Successful test levels: 91.82389937106919 %
Successful eval levels: 76.66666666666667 %
Step: 2310144
Mean test reward: 58.75
Mean eval reward: 30.08118438720703
Successful test levels: 98.42931937172776 %
Successful eval levels: 69.27710843373494 %
Step: 2318336
Mean test reward: 48.4375
Mean eval reward: 33.74179458618164
Successful test levels: 92.26190476190477 %
Successful eval levels: 70.49180327868852 %
Step: 2326528
Mean test reward: 47.8125
Mean eval reward: 35.824256896972656
Successful test levels: 96.83544303797468 %
Successful eval levels: 77.40112994350282 %
Step: 2334720
Mean test reward: 46.5625
Mean eval reward: 30.591129302978516
Successful test levels: 94.90445859872611 %
Successful eval levels: 70.9090909090909 %
Step: 2342912
Mean test reward: 49.6875
Mean eval reward: 32.15639114379883
Successful test levels: 97.54601226993866 %
Successful eval levels: 73.21428571428571 %
Step: 2351104
Mean test reward: 48.4375
Mean eval reward: 31.114547729492188
Successful test levels: 95.67901234567901 %
Successful eval levels: 69.18604651162791 %
Step: 2359296
Mean test reward: 47.8125
Mean eval reward: 34.24928283691406
Successful test levels: 95.625 %
Successful eval levels: 71.97802197802197 %
Step: 2367488
Mean test reward: 50.0
Mean eval reward: 32.67502212524414
Successful test levels: 93.56725146198829 %
Successful eval levels: 70.2247191011236 %
Step: 2375680
Mean test reward: 52.1875
Mean eval reward: 29.53851890563965
Successful test levels: 97.09302325581395 %
Successful eval levels: 68.07228915662651 %
Step: 2383872
Mean test reward: 50.625
Mean eval reward: 35.02403259277344
Successful test levels: 93.64161849710982 %
Successful eval levels: 69.0721649484536 %
Step: 2392064
Mean test reward: 45.0
Mean eval reward: 31.88326072692871
Successful test levels: 92.3076923076923 %
Successful eval levels: 72.61904761904762 %
Step: 2400256
Mean test reward: 55.625
Mean eval reward: 36.321563720703125
Successful test levels: 97.26775956284153 %
Successful eval levels: 75.13513513513513 %
Step: 2408448
Mean test reward: 47.5
Mean eval reward: 34.22116470336914
Successful test levels: 96.20253164556962 %
Successful eval levels: 72.77777777777777 %
Step: 2416640
Mean test reward: 49.6875
Mean eval reward: 29.25885581970215
Successful test levels: 94.64285714285714 %
Successful eval levels: 67.06586826347305 %
Step: 2424832
Mean test reward: 52.1875
Mean eval reward: 35.26303482055664
Successful test levels: 96.53179190751445 %
Successful eval levels: 71.05263157894737 %
Step: 2433024
Mean test reward: 50.9375
Mean eval reward: 32.125274658203125
Successful test levels: 97.02380952380952 %
Successful eval levels: 64.73684210526316 %
Step: 2441216
Mean test reward: 43.125
Mean eval reward: 34.20952224731445
Successful test levels: 93.24324324324324 %
Successful eval levels: 73.18435754189943 %
Step: 2449408
Mean test reward: 48.4375
Mean eval reward: 30.29050064086914
Successful test levels: 96.27329192546584 %
Successful eval levels: 71.16564417177914 %
Step: 2457600
Mean test reward: 49.0625
Mean eval reward: 31.597171783447266
Successful test levels: 92.89940828402366 %
Successful eval levels: 72.89156626506023 %
Step: 2465792
Mean test reward: 57.5
Mean eval reward: 33.68507385253906
Successful test levels: 96.84210526315789 %
Successful eval levels: 71.66666666666667 %
Step: 2473984
Mean test reward: 50.3125
Mean eval reward: 32.636497497558594
Successful test levels: 94.70588235294117 %
Successful eval levels: 69.83240223463687 %
Step: 2482176
Mean test reward: 54.6875
Mean eval reward: 32.8940315246582
Successful test levels: 97.76536312849163 %
Successful eval levels: 72.0 %
Step: 2490368
Mean test reward: 46.875
Mean eval reward: 33.41337585449219
Successful test levels: 92.02453987730061 %
Successful eval levels: 79.01234567901234 %
Step: 2498560
Mean test reward: 46.5625
Mean eval reward: 37.06007385253906
Successful test levels: 96.75324675324676 %
Successful eval levels: 76.75675675675676 %
Step: 2506752
Mean test reward: 46.875
Mean eval reward: 28.966373443603516
Successful test levels: 95.54140127388536 %
Successful eval levels: 66.46706586826348 %
Completed training!
{'total_steps': 2500000.0, 'learning_rate': 0.0005, 'epsilon': 1e-05, 'state_dict_name': 'baseline', 'seed': 'random'}
Start Training...
Step: 8192
Mean test reward: 0.0
Mean eval reward: 0.9375
Successful test levels: 0.0 %
Successful eval levels: 50.0 %
Step: 16384
Mean test reward: 0.625
Mean eval reward: 0.625
Successful test levels: 66.66666666666666 %
Successful eval levels: 40.0 %
Step: 24576
Mean test reward: 0.9375
Mean eval reward: 0.0
Successful test levels: 100.0 %
