{'total_steps': 2500000.0, 'learning_rate': 0.0005, 'epsilon': 1e-05, 'state_dict_name': 'STEPS_100_IMP_large', 'seed': 0, 'levels': 100}
Start Training...
Step: 8192
Mean test reward: 0.9375
Mean eval reward: 0.9375
Successful test levels: 60.0 %
Successful eval levels: 30.0 %
Step: 16384
Mean test reward: 3.75
Mean eval reward: 0.625
Successful test levels: 66.66666666666666 %
Successful eval levels: 33.33333333333333 %
Step: 24576
Mean test reward: 2.5
Mean eval reward: 1.25
Successful test levels: 66.66666666666666 %
Successful eval levels: 30.76923076923077 %
Step: 32768
Mean test reward: 5.9375
Mean eval reward: 3.125
Successful test levels: 59.375 %
Successful eval levels: 34.48275862068966 %
Step: 40960
Mean test reward: 6.875
Mean eval reward: 5.625
Successful test levels: 52.38095238095239 %
Successful eval levels: 43.90243902439025 %
Step: 49152
Mean test reward: 10.625
Mean eval reward: 9.0625
Successful test levels: 66.66666666666666 %
Successful eval levels: 47.540983606557376 %
Step: 57344
Mean test reward: 10.3125
Mean eval reward: 10.0
Successful test levels: 52.38095238095239 %
Successful eval levels: 50.0 %
Step: 65536
Mean test reward: 15.625
Mean eval reward: 11.25
Successful test levels: 65.78947368421053 %
Successful eval levels: 46.75324675324675 %
Step: 73728
Mean test reward: 13.125
Mean eval reward: 11.875
Successful test levels: 48.837209302325576 %
Successful eval levels: 49.35064935064935 %
Step: 81920
Mean test reward: 15.625
Mean eval reward: 13.4375
Successful test levels: 52.63157894736842 %
Successful eval levels: 47.25274725274725 %
Step: 90112
Mean test reward: 22.1875
Mean eval reward: 16.25
Successful test levels: 67.61904761904762 %
Successful eval levels: 52.0 %
Step: 98304
Mean test reward: 24.0625
Mean eval reward: 17.8125
Successful test levels: 69.36936936936937 %
Successful eval levels: 56.99999999999999 %
Step: 106496
Mean test reward: 22.1875
Mean eval reward: 18.125
Successful test levels: 57.25806451612904 %
Successful eval levels: 51.32743362831859 %
Step: 114688
Mean test reward: 27.1875
Mean eval reward: 21.875
Successful test levels: 70.73170731707317 %
Successful eval levels: 56.451612903225815 %
Step: 122880
Mean test reward: 25.9375
Mean eval reward: 21.5625
Successful test levels: 68.0327868852459 %
Successful eval levels: 55.2 %
Step: 131072
Mean test reward: 24.375
Mean eval reward: 23.125
Successful test levels: 56.52173913043478 %
Successful eval levels: 62.71186440677966 %
Step: 139264
Mean test reward: 25.9375
Mean eval reward: 23.125
Successful test levels: 68.0327868852459 %
Successful eval levels: 58.26771653543307 %
Step: 147456
Mean test reward: 25.625
Mean eval reward: 18.4375
Successful test levels: 64.0625 %
Successful eval levels: 49.166666666666664 %
Step: 155648
Mean test reward: 26.875
Mean eval reward: 22.1875
Successful test levels: 61.87050359712231 %
Successful eval levels: 54.19847328244275 %
Step: 163840
Mean test reward: 30.625
Mean eval reward: 22.1875
Successful test levels: 72.05882352941177 %
Successful eval levels: 59.66386554621849 %
Step: 172032
Mean test reward: 26.875
Mean eval reward: 28.125
Successful test levels: 64.66165413533834 %
Successful eval levels: 63.829787234042556 %
Step: 180224
Mean test reward: 30.0
Mean eval reward: 19.375
Successful test levels: 71.11111111111111 %
Successful eval levels: 49.2063492063492 %
Step: 188416
Mean test reward: 25.9375
Mean eval reward: 23.125
Successful test levels: 59.71223021582733 %
Successful eval levels: 56.48854961832062 %
Step: 196608
Mean test reward: 28.75
Mean eval reward: 24.0625
Successful test levels: 69.6969696969697 %
Successful eval levels: 57.89473684210527 %
Step: 204800
Mean test reward: 28.75
Mean eval reward: 26.875
Successful test levels: 65.24822695035462 %
Successful eval levels: 65.15151515151516 %
Step: 212992
Mean test reward: 30.9375
Mean eval reward: 27.8125
Successful test levels: 63.87096774193548 %
Successful eval levels: 66.4179104477612 %
Step: 221184
Mean test reward: 29.0625
Mean eval reward: 21.875
Successful test levels: 66.42857142857143 %
Successful eval levels: 54.263565891472865 %
Step: 229376
Mean test reward: 30.625
Mean eval reward: 26.25
Successful test levels: 66.66666666666666 %
Successful eval levels: 56.75675675675676 %
Step: 237568
Mean test reward: 27.8125
Mean eval reward: 25.3125
Successful test levels: 65.44117647058823 %
Successful eval levels: 57.85714285714286 %
Step: 245760
Mean test reward: 33.75
Mean eval reward: 24.0625
Successful test levels: 67.9245283018868 %
Successful eval levels: 60.15625 %
Step: 253952
Mean test reward: 30.9375
Mean eval reward: 28.4375
Successful test levels: 71.22302158273382 %
Successful eval levels: 66.91176470588235 %
Step: 262144
Mean test reward: 24.0625
Mean eval reward: 21.875
Successful test levels: 61.111111111111114 %
Successful eval levels: 52.23880597014925 %
Step: 270336
Mean test reward: 35.0
Mean eval reward: 27.8125
Successful test levels: 69.56521739130434 %
Successful eval levels: 65.92592592592592 %
Step: 278528
Mean test reward: 31.5625
Mean eval reward: 24.375
Successful test levels: 69.6551724137931 %
Successful eval levels: 61.417322834645674 %
Step: 286720
Mean test reward: 30.3125
Mean eval reward: 25.3125
Successful test levels: 68.30985915492957 %
Successful eval levels: 59.12408759124088 %
Step: 294912
Mean test reward: 29.375
Mean eval reward: 25.0
Successful test levels: 67.62589928057554 %
Successful eval levels: 64.0 %
Step: 303104
Mean test reward: 29.6875
Mean eval reward: 20.9375
Successful test levels: 67.85714285714286 %
Successful eval levels: 55.371900826446286 %
Step: 311296
Mean test reward: 30.9375
Mean eval reward: 25.9375
Successful test levels: 69.23076923076923 %
Successful eval levels: 61.029411764705884 %
Step: 319488
Mean test reward: 30.625
Mean eval reward: 21.875
Successful test levels: 71.01449275362319 %
Successful eval levels: 54.6875 %
Step: 327680
Mean test reward: 27.1875
Mean eval reward: 23.75
Successful test levels: 66.92307692307692 %
Successful eval levels: 59.375 %
Step: 335872
Mean test reward: 30.9375
Mean eval reward: 22.8125
Successful test levels: 64.70588235294117 %
Successful eval levels: 54.47761194029851 %
Step: 344064
Mean test reward: 28.125
Mean eval reward: 25.625
Successful test levels: 67.66917293233082 %
Successful eval levels: 64.0625 %
Step: 352256
Mean test reward: 29.6875
Mean eval reward: 22.8125
Successful test levels: 67.37588652482269 %
Successful eval levels: 60.83333333333333 %
Step: 360448
Mean test reward: 27.5
Mean eval reward: 24.0625
Successful test levels: 62.4113475177305 %
Successful eval levels: 59.23076923076923 %
Step: 368640
Mean test reward: 29.375
Mean eval reward: 24.6875
Successful test levels: 69.11764705882352 %
Successful eval levels: 59.84848484848485 %
Step: 376832
Mean test reward: 30.0
Mean eval reward: 20.9375
Successful test levels: 69.56521739130434 %
Successful eval levels: 53.6 %
Step: 385024
Mean test reward: 25.3125
Mean eval reward: 23.4375
Successful test levels: 68.64406779661016 %
Successful eval levels: 62.5 %
Step: 393216
Mean test reward: 31.25
Mean eval reward: 24.6875
Successful test levels: 76.33587786259542 %
Successful eval levels: 59.3984962406015 %
Step: 401408
Mean test reward: 28.75
Mean eval reward: 19.375
Successful test levels: 73.01587301587301 %
Successful eval levels: 52.10084033613446 %
Step: 409600
Mean test reward: 25.3125
Mean eval reward: 22.8125
Successful test levels: 68.64406779661016 %
Successful eval levels: 58.87096774193549 %
Step: 417792
Mean test reward: 27.5
Mean eval reward: 28.75
Successful test levels: 68.21705426356588 %
Successful eval levels: 70.22900763358778 %
Step: 425984
Mean test reward: 27.1875
Mean eval reward: 26.875
Successful test levels: 63.970588235294116 %
Successful eval levels: 65.64885496183206 %
Step: 434176
Mean test reward: 33.75
Mean eval reward: 24.375
Successful test levels: 71.52317880794702 %
Successful eval levels: 60.9375 %
Step: 442368
Mean test reward: 32.5
Mean eval reward: 19.0625
Successful test levels: 70.27027027027027 %
Successful eval levels: 52.13675213675214 %
Step: 450560
Mean test reward: 27.8125
Mean eval reward: 25.0
Successful test levels: 66.9172932330827 %
Successful eval levels: 62.01550387596899 %
Step: 458752
Mean test reward: 27.5
Mean eval reward: 20.9375
Successful test levels: 65.18518518518519 %
Successful eval levels: 56.30252100840336 %
Step: 466944
Mean test reward: 22.8125
Mean eval reward: 22.5
Successful test levels: 67.5925925925926 %
Successful eval levels: 63.716814159292035 %
Step: 475136
Mean test reward: 29.0625
Mean eval reward: 20.0
Successful test levels: 73.22834645669292 %
Successful eval levels: 56.63716814159292 %
Step: 483328
Mean test reward: 23.4375
Mean eval reward: 23.4375
Successful test levels: 64.1025641025641 %
Successful eval levels: 56.81818181818182 %
Step: 491520
Mean test reward: 25.3125
Mean eval reward: 25.0
Successful test levels: 65.32258064516128 %
Successful eval levels: 61.06870229007634 %
Step: 499712
Mean test reward: 27.1875
Mean eval reward: 24.6875
Successful test levels: 66.92307692307692 %
Successful eval levels: 63.2 %
Step: 507904
Mean test reward: 28.125
Mean eval reward: 24.375
Successful test levels: 74.3801652892562 %
Successful eval levels: 58.2089552238806 %
Step: 516096
Mean test reward: 23.4375
Mean eval reward: 19.375
Successful test levels: 68.18181818181817 %
Successful eval levels: 60.78431372549019 %
Step: 524288
Mean test reward: 27.5
Mean eval reward: 22.1875
Successful test levels: 72.1311475409836 %
Successful eval levels: 51.82481751824818 %
Step: 532480
Mean test reward: 25.625
Mean eval reward: 21.875
Successful test levels: 73.21428571428571 %
Successful eval levels: 61.94690265486725 %
Step: 540672
Mean test reward: 29.0625
Mean eval reward: 20.9375
Successful test levels: 68.38235294117648 %
Successful eval levels: 56.779661016949156 %
Step: 548864
Mean test reward: 31.875
Mean eval reward: 22.1875
Successful test levels: 71.32867132867133 %
Successful eval levels: 54.61538461538461 %
Step: 557056
Mean test reward: 29.375
Mean eval reward: 25.9375
Successful test levels: 68.11594202898551 %
Successful eval levels: 65.87301587301587 %
Step: 565248
Mean test reward: 28.75
Mean eval reward: 24.375
Successful test levels: 63.888888888888886 %
Successful eval levels: 59.541984732824424 %
Step: 573440
Mean test reward: 28.125
Mean eval reward: 24.6875
Successful test levels: 68.18181818181817 %
Successful eval levels: 60.30534351145038 %
Step: 581632
Mean test reward: 36.25
Mean eval reward: 18.75
Successful test levels: 77.85234899328859 %
Successful eval levels: 53.57142857142857 %
Step: 589824
Mean test reward: 31.875
Mean eval reward: 24.0625
Successful test levels: 65.80645161290323 %
Successful eval levels: 59.68992248062015 %
Step: 598016
Mean test reward: 33.125
Mean eval reward: 26.875
Successful test levels: 67.94871794871796 %
Successful eval levels: 60.13986013986013 %
Step: 606208
Mean test reward: 31.5625
Mean eval reward: 27.5
Successful test levels: 73.72262773722628 %
Successful eval levels: 62.4113475177305 %
Step: 614400
Mean test reward: 30.0
Mean eval reward: 24.6875
Successful test levels: 68.08510638297872 %
Successful eval levels: 63.70967741935484 %
Step: 622592
Mean test reward: 33.4375
Mean eval reward: 25.3125
Successful test levels: 71.81208053691275 %
Successful eval levels: 68.64406779661016 %
Step: 630784
Mean test reward: 27.1875
Mean eval reward: 25.3125
Successful test levels: 73.10924369747899 %
Successful eval levels: 60.447761194029844 %
Step: 638976
Mean test reward: 31.875
Mean eval reward: 26.875
Successful test levels: 70.83333333333334 %
Successful eval levels: 63.70370370370371 %
Step: 647168
Mean test reward: 33.125
Mean eval reward: 28.125
Successful test levels: 69.28104575163398 %
Successful eval levels: 65.69343065693431 %
Step: 655360
Mean test reward: 33.75
Mean eval reward: 29.0625
Successful test levels: 67.5 %
Successful eval levels: 64.58333333333334 %
Step: 663552
Mean test reward: 36.875
Mean eval reward: 27.1875
Successful test levels: 75.64102564102564 %
Successful eval levels: 62.589928057553955 %
Step: 671744
Mean test reward: 32.1875
Mean eval reward: 23.75
Successful test levels: 66.02564102564102 %
Successful eval levels: 54.67625899280576 %
Step: 679936
Mean test reward: 34.6875
Mean eval reward: 30.0
Successful test levels: 76.02739726027397 %
Successful eval levels: 67.6056338028169 %
Step: 688128
Mean test reward: 33.75
Mean eval reward: 29.6875
Successful test levels: 71.52317880794702 %
Successful eval levels: 68.84057971014492 %
Step: 696320
Mean test reward: 40.0
Mean eval reward: 30.625
Successful test levels: 77.57575757575758 %
Successful eval levels: 62.82051282051282 %
Step: 704512
Mean test reward: 30.9375
Mean eval reward: 24.0625
Successful test levels: 69.71830985915493 %
Successful eval levels: 57.89473684210527 %
Step: 712704
Mean test reward: 29.6875
Mean eval reward: 24.0625
Successful test levels: 65.97222222222221 %
Successful eval levels: 56.61764705882353 %
Step: 720896
Mean test reward: 33.125
Mean eval reward: 30.9375
Successful test levels: 72.10884353741497 %
Successful eval levels: 69.23076923076923 %
Step: 729088
Mean test reward: 34.0625
Mean eval reward: 29.6875
Successful test levels: 72.18543046357617 %
Successful eval levels: 65.51724137931035 %
Step: 737280
Mean test reward: 33.4375
Mean eval reward: 23.4375
Successful test levels: 75.88652482269504 %
Successful eval levels: 59.523809523809526 %
Step: 745472
Mean test reward: 32.5
Mean eval reward: 25.625
Successful test levels: 69.79865771812081 %
Successful eval levels: 63.07692307692307 %
Step: 753664
Mean test reward: 30.625
Mean eval reward: 29.6875
Successful test levels: 72.05882352941177 %
Successful eval levels: 65.51724137931035 %
Step: 761856
Mean test reward: 35.9375
Mean eval reward: 26.25
Successful test levels: 76.66666666666667 %
Successful eval levels: 64.61538461538461 %
Step: 770048
Mean test reward: 40.625
Mean eval reward: 27.1875
Successful test levels: 77.84431137724552 %
Successful eval levels: 61.702127659574465 %
Step: 778240
Mean test reward: 32.1875
Mean eval reward: 33.4375
Successful test levels: 69.5945945945946 %
Successful eval levels: 66.45962732919256 %
Step: 786432
Mean test reward: 38.4375
Mean eval reward: 26.875
Successful test levels: 72.35294117647058 %
Successful eval levels: 61.87050359712231 %
Step: 794624
Mean test reward: 30.0
Mean eval reward: 26.875
Successful test levels: 71.64179104477611 %
Successful eval levels: 66.15384615384615 %
Step: 802816
Mean test reward: 30.3125
Mean eval reward: 26.25
Successful test levels: 70.8029197080292 %
Successful eval levels: 65.625 %
Step: 811008
Mean test reward: 36.5625
Mean eval reward: 25.0
Successful test levels: 79.59183673469387 %
Successful eval levels: 56.33802816901409 %
Step: 819200
Mean test reward: 30.9375
Mean eval reward: 28.125
Successful test levels: 75.57251908396947 %
Successful eval levels: 65.69343065693431 %
Step: 827392
Mean test reward: 30.625
Mean eval reward: 25.625
Successful test levels: 72.05882352941177 %
Successful eval levels: 63.07692307692307 %
Step: 835584
Mean test reward: 35.625
Mean eval reward: 27.1875
Successful test levels: 79.16666666666666 %
Successful eval levels: 66.41221374045801 %
Step: 843776
Mean test reward: 30.9375
Mean eval reward: 29.375
Successful test levels: 73.33333333333333 %
Successful eval levels: 74.01574803149606 %
Step: 851968
Mean test reward: 29.375
Mean eval reward: 25.625
Successful test levels: 74.01574803149606 %
Successful eval levels: 63.07692307692307 %
Step: 860160
Mean test reward: 33.4375
Mean eval reward: 26.25
Successful test levels: 78.67647058823529 %
Successful eval levels: 61.76470588235294 %
Step: 868352
Mean test reward: 26.875
Mean eval reward: 21.5625
Successful test levels: 71.66666666666667 %
Successful eval levels: 61.06194690265486 %
Step: 876544
Mean test reward: 34.0625
Mean eval reward: 26.875
Successful test levels: 77.30496453900709 %
Successful eval levels: 60.99290780141844 %
Step: 884736
Mean test reward: 29.375
Mean eval reward: 29.375
Successful test levels: 77.68595041322314 %
Successful eval levels: 70.67669172932331 %
Step: 892928
Mean test reward: 32.1875
Mean eval reward: 26.25
Successful test levels: 76.86567164179104 %
Successful eval levels: 69.42148760330579 %
Step: 901120
Mean test reward: 25.625
Mean eval reward: 19.375
Successful test levels: 73.87387387387388 %
Successful eval levels: 57.407407407407405 %
Step: 909312
Mean test reward: 29.0625
Mean eval reward: 27.5
Successful test levels: 69.40298507462687 %
Successful eval levels: 68.21705426356588 %
Step: 917504
Mean test reward: 35.625
Mean eval reward: 25.3125
Successful test levels: 76.51006711409396 %
Successful eval levels: 66.94214876033058 %
Step: 925696
Mean test reward: 33.125
Mean eval reward: 26.5625
Successful test levels: 74.12587412587412 %
Successful eval levels: 65.89147286821705 %
Step: 933888
Mean test reward: 31.25
Mean eval reward: 25.625
Successful test levels: 76.33587786259542 %
Successful eval levels: 66.12903225806451 %
Step: 942080
Mean test reward: 28.125
Mean eval reward: 27.1875
Successful test levels: 74.3801652892562 %
Successful eval levels: 66.41221374045801 %
Step: 950272
Mean test reward: 32.1875
Mean eval reward: 25.3125
Successful test levels: 71.52777777777779 %
Successful eval levels: 64.28571428571429 %
Step: 958464
Mean test reward: 32.1875
Mean eval reward: 28.125
Successful test levels: 74.10071942446042 %
Successful eval levels: 63.829787234042556 %
Step: 966656
Mean test reward: 27.8125
Mean eval reward: 25.9375
Successful test levels: 71.7741935483871 %
Successful eval levels: 65.87301587301587 %
Step: 974848
Mean test reward: 33.125
Mean eval reward: 21.25
Successful test levels: 73.61111111111111 %
Successful eval levels: 60.71428571428571 %
Step: 983040
Mean test reward: 38.125
Mean eval reward: 23.75
Successful test levels: 79.22077922077922 %
Successful eval levels: 60.8 %
Step: 991232
Mean test reward: 29.0625
Mean eval reward: 26.5625
Successful test levels: 70.99236641221374 %
Successful eval levels: 67.46031746031747 %
Step: 999424
Mean test reward: 31.25
Mean eval reward: 25.625
Successful test levels: 71.42857142857143 %
Successful eval levels: 61.19402985074627 %
Step: 1007616
Mean test reward: 35.9375
Mean eval reward: 25.625
Successful test levels: 78.2312925170068 %
Successful eval levels: 62.121212121212125 %
Step: 1015808
Mean test reward: 35.9375
Mean eval reward: 25.625
Successful test levels: 77.18120805369128 %
Successful eval levels: 66.66666666666666 %
Step: 1024000
Mean test reward: 26.5625
Mean eval reward: 24.6875
Successful test levels: 69.10569105691057 %
Successful eval levels: 62.698412698412696 %
Step: 1032192
Mean test reward: 32.5
Mean eval reward: 26.5625
Successful test levels: 73.23943661971832 %
Successful eval levels: 67.46031746031747 %
Step: 1040384
Mean test reward: 33.125
Mean eval reward: 23.4375
Successful test levels: 75.71428571428571 %
Successful eval levels: 60.483870967741936 %
Step: 1048576
Mean test reward: 33.125
Mean eval reward: 25.0
Successful test levels: 77.37226277372264 %
Successful eval levels: 60.150375939849624 %
Step: 1056768
Mean test reward: 31.875
Mean eval reward: 23.125
Successful test levels: 78.46153846153847 %
Successful eval levels: 62.71186440677966 %
Step: 1064960
Mean test reward: 27.5
Mean eval reward: 26.5625
Successful test levels: 80.0 %
Successful eval levels: 69.10569105691057 %
Step: 1073152
Mean test reward: 30.3125
Mean eval reward: 29.375
Successful test levels: 75.78125 %
Successful eval levels: 69.62962962962963 %
Step: 1081344
Mean test reward: 31.25
Mean eval reward: 29.0625
Successful test levels: 74.07407407407408 %
Successful eval levels: 64.58333333333334 %
Step: 1089536
Mean test reward: 31.875
Mean eval reward: 25.625
Successful test levels: 75.55555555555556 %
Successful eval levels: 66.12903225806451 %
Step: 1097728
Mean test reward: 38.125
Mean eval reward: 28.75
Successful test levels: 80.26315789473685 %
Successful eval levels: 69.6969696969697 %
Step: 1105920
Mean test reward: 33.4375
Mean eval reward: 30.625
Successful test levels: 76.97841726618705 %
Successful eval levels: 74.80916030534351 %
Step: 1114112
Mean test reward: 40.9375
Mean eval reward: 31.25
Successful test levels: 81.36645962732919 %
Successful eval levels: 70.4225352112676 %
Step: 1122304
Mean test reward: 34.375
Mean eval reward: 30.0
Successful test levels: 77.46478873239437 %
Successful eval levels: 70.07299270072993 %
Step: 1130496
Mean test reward: 29.6875
Mean eval reward: 30.625
Successful test levels: 69.85294117647058 %
Successful eval levels: 76.5625 %
Step: 1138688
Mean test reward: 30.9375
Mean eval reward: 23.125
Successful test levels: 74.43609022556392 %
Successful eval levels: 56.48854961832062 %
Step: 1146880
Mean test reward: 33.125
Mean eval reward: 27.5
Successful test levels: 72.6027397260274 %
Successful eval levels: 66.16541353383458 %
Step: 1155072
Mean test reward: 37.8125
Mean eval reward: 30.3125
Successful test levels: 79.60526315789474 %
Successful eval levels: 68.79432624113475 %
Step: 1163264
Mean test reward: 32.8125
Mean eval reward: 26.875
Successful test levels: 73.94366197183099 %
Successful eval levels: 67.1875 %
Step: 1171456
Mean test reward: 37.5
Mean eval reward: 34.0625
Successful test levels: 80.53691275167785 %
Successful eval levels: 68.55345911949685 %
Step: 1179648
Mean test reward: 35.9375
Mean eval reward: 32.5
Successful test levels: 73.71794871794873 %
Successful eval levels: 68.42105263157895 %
Step: 1187840
Mean test reward: 38.4375
Mean eval reward: 25.3125
Successful test levels: 78.84615384615384 %
Successful eval levels: 64.28571428571429 %
Step: 1196032
Mean test reward: 38.125
Mean eval reward: 29.6875
Successful test levels: 79.73856209150327 %
Successful eval levels: 71.42857142857143 %
Step: 1204224
Mean test reward: 30.9375
Mean eval reward: 28.75
Successful test levels: 73.88059701492537 %
Successful eval levels: 67.15328467153284 %
Step: 1212416
Mean test reward: 34.6875
Mean eval reward: 27.8125
Successful test levels: 79.85611510791367 %
Successful eval levels: 65.92592592592592 %
Step: 1220608
Mean test reward: 30.625
Mean eval reward: 29.6875
Successful test levels: 77.16535433070865 %
Successful eval levels: 71.42857142857143 %
Step: 1228800
Mean test reward: 41.25
Mean eval reward: 25.625
Successful test levels: 80.0 %
Successful eval levels: 63.07692307692307 %
Step: 1236992
Mean test reward: 36.5625
Mean eval reward: 33.75
Successful test levels: 76.97368421052632 %
Successful eval levels: 78.26086956521739 %
Step: 1245184
Mean test reward: 40.0
Mean eval reward: 27.5
Successful test levels: 76.64670658682635 %
Successful eval levels: 67.6923076923077 %
Step: 1253376
Mean test reward: 37.5
Mean eval reward: 25.9375
Successful test levels: 82.1917808219178 %
Successful eval levels: 59.71223021582733 %
Step: 1261568
Mean test reward: 35.625
Mean eval reward: 31.5625
Successful test levels: 77.55102040816327 %
Successful eval levels: 69.6551724137931 %
Step: 1269760
Mean test reward: 40.3125
Mean eval reward: 31.5625
Successful test levels: 80.625 %
Successful eval levels: 71.12676056338029 %
Step: 1277952
Mean test reward: 37.8125
Mean eval reward: 29.0625
Successful test levels: 76.10062893081762 %
Successful eval levels: 76.22950819672131 %
Step: 1286144
Mean test reward: 33.75
Mean eval reward: 29.6875
Successful test levels: 72.97297297297297 %
Successful eval levels: 70.8955223880597 %
Step: 1294336
Mean test reward: 40.3125
Mean eval reward: 27.8125
Successful test levels: 83.22580645161291 %
Successful eval levels: 66.4179104477612 %
Step: 1302528
Mean test reward: 42.1875
Mean eval reward: 29.0625
Successful test levels: 81.32530120481928 %
Successful eval levels: 69.40298507462687 %
Step: 1310720
Mean test reward: 36.5625
Mean eval reward: 35.3125
Successful test levels: 76.97368421052632 %
Successful eval levels: 72.90322580645162 %
Step: 1318912
Mean test reward: 37.1875
Mean eval reward: 29.0625
Successful test levels: 80.95238095238095 %
Successful eval levels: 69.92481203007519 %
Step: 1327104
Mean test reward: 40.0
Mean eval reward: 30.625
Successful test levels: 74.85380116959064 %
Successful eval levels: 65.77181208053692 %
Step: 1335296
Mean test reward: 42.5
Mean eval reward: 27.1875
Successful test levels: 84.472049689441 %
Successful eval levels: 67.44186046511628 %
Step: 1343488
Mean test reward: 33.125
Mean eval reward: 28.75
Successful test levels: 79.1044776119403 %
Successful eval levels: 66.18705035971223 %
Step: 1351680
Mean test reward: 40.625
Mean eval reward: 27.1875
Successful test levels: 79.26829268292683 %
Successful eval levels: 60.83916083916085 %
Step: 1359872
Mean test reward: 39.375
Mean eval reward: 30.9375
Successful test levels: 81.29032258064515 %
Successful eval levels: 66.8918918918919 %
Step: 1368064
Mean test reward: 38.4375
Mean eval reward: 28.4375
Successful test levels: 78.84615384615384 %
Successful eval levels: 67.4074074074074 %
Step: 1376256
Mean test reward: 35.625
Mean eval reward: 30.0
Successful test levels: 77.02702702702703 %
Successful eval levels: 66.20689655172414 %
Step: 1384448
Mean test reward: 40.625
Mean eval reward: 28.75
Successful test levels: 80.24691358024691 %
Successful eval levels: 62.585034013605444 %
Step: 1392640
Mean test reward: 43.125
Mean eval reward: 31.25
Successful test levels: 81.17647058823529 %
Successful eval levels: 69.93006993006993 %
Step: 1400832
Mean test reward: 34.375
Mean eval reward: 29.0625
Successful test levels: 77.46478873239437 %
Successful eval levels: 66.90647482014388 %
Step: 1409024
Mean test reward: 36.25
Mean eval reward: 29.0625
Successful test levels: 78.37837837837837 %
Successful eval levels: 69.40298507462687 %
Step: 1417216
Mean test reward: 33.125
Mean eval reward: 32.5
Successful test levels: 73.61111111111111 %
Successful eval levels: 69.79865771812081 %
Step: 1425408
Mean test reward: 35.9375
Mean eval reward: 29.6875
Successful test levels: 75.16339869281046 %
Successful eval levels: 67.37588652482269 %
Step: 1433600
Mean test reward: 37.5
Mean eval reward: 28.125
Successful test levels: 78.43137254901961 %
Successful eval levels: 65.69343065693431 %
Step: 1441792
Mean test reward: 39.375
Mean eval reward: 29.0625
Successful test levels: 84.56375838926175 %
Successful eval levels: 65.95744680851064 %
Step: 1449984
Mean test reward: 38.125
Mean eval reward: 28.125
Successful test levels: 81.33333333333333 %
Successful eval levels: 69.76744186046511 %
Step: 1458176
Mean test reward: 38.125
Mean eval reward: 26.25
Successful test levels: 79.73856209150327 %
Successful eval levels: 63.63636363636363 %
Step: 1466368
Mean test reward: 42.1875
Mean eval reward: 32.1875
Successful test levels: 85.98726114649682 %
Successful eval levels: 70.54794520547945 %
Step: 1474560
Mean test reward: 36.25
Mean eval reward: 29.375
Successful test levels: 80.0 %
Successful eval levels: 69.11764705882352 %
Step: 1482752
Mean test reward: 35.0
Mean eval reward: 25.3125
Successful test levels: 77.24137931034483 %
Successful eval levels: 62.7906976744186 %
Step: 1490944
Mean test reward: 36.25
Mean eval reward: 29.375
Successful test levels: 79.45205479452055 %
Successful eval levels: 72.3076923076923 %
Step: 1499136
Mean test reward: 33.4375
Mean eval reward: 28.125
Successful test levels: 81.67938931297711 %
Successful eval levels: 72.0 %
Step: 1507328
Mean test reward: 31.25
Mean eval reward: 22.5
Successful test levels: 75.18796992481202 %
Successful eval levels: 61.016949152542374 %
Step: 1515520
Mean test reward: 30.625
Mean eval reward: 25.0
Successful test levels: 73.68421052631578 %
Successful eval levels: 66.11570247933885 %
Step: 1523712
Mean test reward: 32.1875
Mean eval reward: 26.875
Successful test levels: 81.10236220472441 %
Successful eval levels: 68.25396825396825 %
Step: 1531904
Mean test reward: 37.8125
Mean eval reward: 26.5625
Successful test levels: 77.07006369426752 %
Successful eval levels: 70.83333333333334 %
Step: 1540096
Mean test reward: 34.0625
Mean eval reward: 28.125
Successful test levels: 77.30496453900709 %
Successful eval levels: 68.18181818181817 %
Step: 1548288
Mean test reward: 40.625
Mean eval reward: 28.75
Successful test levels: 84.9673202614379 %
Successful eval levels: 73.6 %
Step: 1556480
Mean test reward: 34.0625
Mean eval reward: 20.9375
Successful test levels: 80.74074074074075 %
Successful eval levels: 64.42307692307693 %
Step: 1564672
Mean test reward: 28.75
Mean eval reward: 24.0625
Successful test levels: 76.03305785123968 %
Successful eval levels: 61.6 %
Step: 1572864
Mean test reward: 38.75
Mean eval reward: 28.75
Successful test levels: 81.57894736842105 %
Successful eval levels: 69.17293233082707 %
Step: 1581056
Mean test reward: 30.0
Mean eval reward: 28.75
Successful test levels: 84.95575221238938 %
Successful eval levels: 70.76923076923077 %
Step: 1589248
Mean test reward: 31.5625
Mean eval reward: 30.0
Successful test levels: 75.93984962406014 %
Successful eval levels: 70.07299270072993 %
Step: 1597440
Mean test reward: 33.75
Mean eval reward: 25.9375
Successful test levels: 81.203007518797 %
Successful eval levels: 69.16666666666667 %
Step: 1605632
Mean test reward: 32.1875
Mean eval reward: 28.125
Successful test levels: 79.84496124031007 %
Successful eval levels: 67.16417910447761 %
Step: 1613824
Mean test reward: 34.0625
Mean eval reward: 32.5
Successful test levels: 79.56204379562044 %
Successful eval levels: 72.22222222222221 %
Step: 1622016
Mean test reward: 28.125
Mean eval reward: 24.0625
Successful test levels: 73.17073170731707 %
Successful eval levels: 62.601626016260155 %
Step: 1630208
Mean test reward: 31.875
Mean eval reward: 28.4375
Successful test levels: 75.55555555555556 %
Successful eval levels: 68.93939393939394 %
Step: 1638400
Mean test reward: 37.1875
Mean eval reward: 30.0
Successful test levels: 79.86577181208054 %
Successful eval levels: 72.18045112781954 %
Step: 1646592
Mean test reward: 32.5
Mean eval reward: 28.4375
Successful test levels: 79.38931297709924 %
Successful eval levels: 71.09375 %
Step: 1654784
Mean test reward: 33.75
Mean eval reward: 29.0625
Successful test levels: 83.72093023255815 %
Successful eval levels: 67.3913043478261 %
Step: 1662976
Mean test reward: 30.3125
Mean eval reward: 29.375
Successful test levels: 73.48484848484848 %
Successful eval levels: 74.01574803149606 %
Step: 1671168
Mean test reward: 34.375
Mean eval reward: 29.375
Successful test levels: 79.71014492753623 %
Successful eval levels: 73.4375 %
Step: 1679360
Mean test reward: 33.4375
Mean eval reward: 23.4375
Successful test levels: 79.8507462686567 %
Successful eval levels: 67.56756756756756 %
Step: 1687552
Mean test reward: 29.0625
Mean eval reward: 24.375
Successful test levels: 79.48717948717949 %
Successful eval levels: 70.9090909090909 %
Step: 1695744
Mean test reward: 32.5
Mean eval reward: 24.375
Successful test levels: 80.0 %
Successful eval levels: 77.22772277227723 %
Step: 1703936
Mean test reward: 36.875
Mean eval reward: 25.0
Successful test levels: 84.28571428571429 %
Successful eval levels: 69.56521739130434 %
Step: 1712128
Mean test reward: 32.5
Mean eval reward: 24.0625
Successful test levels: 87.39495798319328 %
Successful eval levels: 72.64150943396226 %
Step: 1720320
Mean test reward: 34.6875
Mean eval reward: 21.25
Successful test levels: 82.22222222222221 %
Successful eval levels: 68.68686868686868 %
Step: 1728512
Mean test reward: 30.0
Mean eval reward: 21.5625
Successful test levels: 80.0 %
Successful eval levels: 66.99029126213593 %
Step: 1736704
Mean test reward: 31.25
Mean eval reward: 30.0
Successful test levels: 80.64516129032258 %
Successful eval levels: 75.59055118110236 %
Step: 1744896
Mean test reward: 33.125
Mean eval reward: 25.625
Successful test levels: 78.51851851851852 %
Successful eval levels: 75.92592592592592 %
Step: 1753088
Mean test reward: 34.6875
Mean eval reward: 27.1875
Successful test levels: 82.22222222222221 %
Successful eval levels: 75.0 %
Step: 1761280
Mean test reward: 30.9375
Mean eval reward: 26.875
Successful test levels: 81.81818181818183 %
Successful eval levels: 70.49180327868852 %
Step: 1769472
Mean test reward: 37.1875
Mean eval reward: 25.625
Successful test levels: 80.4054054054054 %
Successful eval levels: 69.49152542372882 %
Step: 1777664
Mean test reward: 39.6875
Mean eval reward: 25.625
Successful test levels: 85.8108108108108 %
Successful eval levels: 71.9298245614035 %
Step: 1785856
Mean test reward: 31.5625
Mean eval reward: 26.875
Successful test levels: 78.90625 %
Successful eval levels: 73.50427350427351 %
Step: 1794048
Mean test reward: 29.375
Mean eval reward: 24.6875
Successful test levels: 78.99159663865547 %
Successful eval levels: 65.83333333333333 %
Step: 1802240
Mean test reward: 38.125
Mean eval reward: 22.8125
Successful test levels: 85.91549295774648 %
Successful eval levels: 67.5925925925926 %
Step: 1810432
Mean test reward: 31.875
Mean eval reward: 22.1875
Successful test levels: 80.31496062992126 %
Successful eval levels: 76.34408602150538 %
Step: 1818624
Mean test reward: 34.6875
Mean eval reward: 17.5
Successful test levels: 84.0909090909091 %
Successful eval levels: 67.46987951807229 %
Step: 1826816
Mean test reward: 31.875
Mean eval reward: 27.5
Successful test levels: 82.25806451612904 %
Successful eval levels: 72.72727272727273 %
Step: 1835008
Mean test reward: 29.0625
Mean eval reward: 27.5
Successful test levels: 78.15126050420169 %
Successful eval levels: 76.52173913043478 %
Step: 1843200
Mean test reward: 31.5625
Mean eval reward: 31.25
Successful test levels: 85.59322033898306 %
Successful eval levels: 74.6268656716418 %
Step: 1851392
Mean test reward: 28.75
Mean eval reward: 26.5625
Successful test levels: 83.63636363636363 %
Successful eval levels: 68.54838709677419 %
Step: 1859584
Mean test reward: 38.4375
Mean eval reward: 25.0
Successful test levels: 88.48920863309353 %
Successful eval levels: 67.22689075630252 %
Step: 1867776
Mean test reward: 34.0625
Mean eval reward: 24.6875
Successful test levels: 86.5079365079365 %
Successful eval levels: 69.2982456140351 %
Step: 1875968
Mean test reward: 37.8125
Mean eval reward: 26.875
Successful test levels: 80.66666666666666 %
Successful eval levels: 70.49180327868852 %
Step: 1884160
Mean test reward: 34.375
Mean eval reward: 21.875
Successful test levels: 85.9375 %
Successful eval levels: 67.96116504854369 %
Step: 1892352
Mean test reward: 38.4375
Mean eval reward: 25.9375
Successful test levels: 87.85714285714286 %
Successful eval levels: 72.17391304347827 %
Step: 1900544
Mean test reward: 37.1875
Mean eval reward: 21.5625
Successful test levels: 83.21678321678321 %
Successful eval levels: 66.34615384615384 %
Step: 1908736
Mean test reward: 26.5625
Mean eval reward: 23.125
Successful test levels: 79.43925233644859 %
Successful eval levels: 69.81132075471697 %
Step: 1916928
Mean test reward: 28.125
Mean eval reward: 25.0
Successful test levels: 80.35714285714286 %
Successful eval levels: 73.39449541284404 %
Step: 1925120
Mean test reward: 27.1875
Mean eval reward: 25.0
Successful test levels: 79.0909090909091 %
Successful eval levels: 73.39449541284404 %
Step: 1933312
Mean test reward: 23.75
Mean eval reward: 20.9375
Successful test levels: 75.24752475247524 %
Successful eval levels: 69.0721649484536 %
Step: 1941504
Mean test reward: 34.6875
Mean eval reward: 25.625
Successful test levels: 79.28571428571428 %
Successful eval levels: 73.21428571428571 %
Step: 1949696
Mean test reward: 35.0
Mean eval reward: 24.375
Successful test levels: 87.5 %
Successful eval levels: 70.27027027027027 %
Step: 1957888
Mean test reward: 30.9375
Mean eval reward: 25.0
Successful test levels: 76.74418604651163 %
Successful eval levels: 67.79661016949152 %
Step: 1966080
Mean test reward: 24.0625
Mean eval reward: 25.625
Successful test levels: 82.79569892473118 %
Successful eval levels: 70.6896551724138 %
Step: 1974272
Mean test reward: 25.9375
Mean eval reward: 24.0625
Successful test levels: 76.85185185185185 %
Successful eval levels: 73.33333333333333 %
Step: 1982464
Mean test reward: 25.3125
Mean eval reward: 17.5
Successful test levels: 77.14285714285715 %
Successful eval levels: 62.92134831460674 %
Step: 1990656
Mean test reward: 26.5625
Mean eval reward: 24.375
Successful test levels: 72.03389830508475 %
Successful eval levels: 68.42105263157895 %
Step: 1998848
Mean test reward: 27.5
Mean eval reward: 27.8125
Successful test levels: 76.52173913043478 %
Successful eval levels: 70.63492063492063 %
Step: 2007040
Mean test reward: 24.6875
Mean eval reward: 18.75
Successful test levels: 77.45098039215686 %
Successful eval levels: 61.855670103092784 %
Step: 2015232
Mean test reward: 26.5625
Mean eval reward: 20.3125
Successful test levels: 79.43925233644859 %
Successful eval levels: 69.89247311827957 %
Step: 2023424
Mean test reward: 28.75
Mean eval reward: 21.25
Successful test levels: 88.46153846153845 %
Successful eval levels: 71.57894736842105 %
Step: 2031616
Mean test reward: 28.125
Mean eval reward: 21.25
Successful test levels: 76.92307692307693 %
Successful eval levels: 76.40449438202246 %
Step: 2039808
Mean test reward: 20.625
Mean eval reward: 18.125
Successful test levels: 74.15730337078652 %
Successful eval levels: 66.66666666666666 %
Step: 2048000
Mean test reward: 22.5
Mean eval reward: 21.25
Successful test levels: 72.72727272727273 %
Successful eval levels: 71.57894736842105 %
Step: 2056192
Mean test reward: 33.125
Mean eval reward: 23.4375
Successful test levels: 80.3030303030303 %
Successful eval levels: 75.0 %
Step: 2064384
Mean test reward: 34.6875
Mean eval reward: 22.8125
Successful test levels: 83.45864661654136 %
Successful eval levels: 72.27722772277228 %
Step: 2072576
Mean test reward: 29.0625
Mean eval reward: 22.5
Successful test levels: 81.57894736842105 %
Successful eval levels: 71.28712871287128 %
Step: 2080768
Mean test reward: 26.5625
Mean eval reward: 26.5625
Successful test levels: 76.57657657657657 %
Successful eval levels: 75.89285714285714 %
Step: 2088960
Mean test reward: 31.5625
Mean eval reward: 28.125
Successful test levels: 88.59649122807018 %
Successful eval levels: 69.23076923076923 %
Step: 2097152
Mean test reward: 35.3125
Mean eval reward: 24.375
Successful test levels: 83.7037037037037 %
Successful eval levels: 66.10169491525424 %
Step: 2105344
Mean test reward: 33.75
Mean eval reward: 25.3125
Successful test levels: 83.07692307692308 %
Successful eval levels: 67.5 %
Step: 2113536
Mean test reward: 39.6875
Mean eval reward: 26.25
Successful test levels: 87.58620689655172 %
Successful eval levels: 73.04347826086956 %
Step: 2121728
Mean test reward: 36.5625
Mean eval reward: 22.5
Successful test levels: 90.0 %
Successful eval levels: 67.9245283018868 %
Step: 2129920
Mean test reward: 35.3125
Mean eval reward: 29.375
Successful test levels: 84.32835820895522 %
Successful eval levels: 76.42276422764228 %
Step: 2138112
Mean test reward: 34.6875
Mean eval reward: 24.6875
Successful test levels: 87.4015748031496 %
Successful eval levels: 71.17117117117117 %
Step: 2146304
Mean test reward: 32.5
Mean eval reward: 24.375
Successful test levels: 82.53968253968253 %
Successful eval levels: 75.0 %
Step: 2154496
Mean test reward: 35.3125
Mean eval reward: 19.375
Successful test levels: 88.28125 %
Successful eval levels: 68.88888888888889 %
Step: 2162688
Mean test reward: 33.4375
Mean eval reward: 23.4375
Successful test levels: 81.67938931297711 %
Successful eval levels: 71.42857142857143 %
Step: 2170880
Mean test reward: 34.6875
Mean eval reward: 19.0625
Successful test levels: 86.71875 %
Successful eval levels: 59.22330097087378 %
Step: 2179072
Mean test reward: 30.625
Mean eval reward: 20.625
Successful test levels: 84.48275862068965 %
Successful eval levels: 71.73913043478261 %
Step: 2187264
Mean test reward: 29.375
Mean eval reward: 22.1875
Successful test levels: 80.34188034188034 %
Successful eval levels: 67.61904761904762 %
Step: 2195456
Mean test reward: 33.4375
Mean eval reward: 24.0625
Successful test levels: 81.06060606060606 %
Successful eval levels: 64.16666666666667 %
Step: 2203648
Mean test reward: 37.1875
Mean eval reward: 22.5
Successful test levels: 80.4054054054054 %
Successful eval levels: 63.716814159292035 %
Step: 2211840
Mean test reward: 32.1875
Mean eval reward: 20.625
Successful test levels: 79.84496124031007 %
Successful eval levels: 69.47368421052632 %
Step: 2220032
Mean test reward: 23.75
Mean eval reward: 24.375
Successful test levels: 78.35051546391753 %
Successful eval levels: 71.55963302752293 %
Step: 2228224
Mean test reward: 30.625
Mean eval reward: 26.875
Successful test levels: 80.32786885245902 %
Successful eval levels: 71.66666666666667 %
Step: 2236416
Mean test reward: 29.0625
Mean eval reward: 25.3125
Successful test levels: 81.57894736842105 %
Successful eval levels: 72.97297297297297 %
Step: 2244608
Mean test reward: 30.625
Mean eval reward: 30.3125
Successful test levels: 78.4 %
Successful eval levels: 76.37795275590551 %
Step: 2252800
Mean test reward: 25.625
Mean eval reward: 20.625
Successful test levels: 79.6116504854369 %
Successful eval levels: 71.73913043478261 %
Step: 2260992
Mean test reward: 31.5625
Mean eval reward: 24.6875
Successful test levels: 88.59649122807018 %
Successful eval levels: 75.96153846153845 %
Step: 2269184
Mean test reward: 30.9375
Mean eval reward: 22.5
Successful test levels: 82.5 %
Successful eval levels: 66.66666666666666 %
Step: 2277376
Mean test reward: 32.8125
Mean eval reward: 20.3125
Successful test levels: 81.3953488372093 %
Successful eval levels: 65.0 %
Step: 2285568
Mean test reward: 35.625
Mean eval reward: 25.625
Successful test levels: 92.6829268292683 %
Successful eval levels: 68.33333333333333 %
Step: 2293760
Mean test reward: 32.1875
Mean eval reward: 21.5625
Successful test levels: 83.73983739837398 %
Successful eval levels: 61.06194690265486 %
Step: 2301952
Mean test reward: 29.375
Mean eval reward: 30.625
Successful test levels: 81.03448275862068 %
Successful eval levels: 83.05084745762711 %
Step: 2310144
Mean test reward: 29.6875
Mean eval reward: 23.4375
Successful test levels: 85.58558558558559 %
Successful eval levels: 68.80733944954129 %
Step: 2318336
Mean test reward: 21.25
Mean eval reward: 22.1875
Successful test levels: 73.91304347826086 %
Successful eval levels: 66.35514018691589 %
Step: 2326528
Mean test reward: 23.4375
Mean eval reward: 24.0625
Successful test levels: 70.75471698113208 %
Successful eval levels: 68.75 %
Step: 2334720
Mean test reward: 28.75
Mean eval reward: 23.4375
Successful test levels: 80.7017543859649 %
Successful eval levels: 72.81553398058253 %
Step: 2342912
Mean test reward: 30.625
Mean eval reward: 23.4375
Successful test levels: 86.72566371681415 %
Successful eval levels: 72.81553398058253 %
Step: 2351104
Mean test reward: 31.25
Mean eval reward: 27.1875
Successful test levels: 83.33333333333334 %
Successful eval levels: 73.72881355932203 %
Step: 2359296
Mean test reward: 33.75
Mean eval reward: 21.5625
Successful test levels: 83.07692307692308 %
Successful eval levels: 68.31683168316832 %
Step: 2367488
Mean test reward: 31.5625
Mean eval reward: 25.625
Successful test levels: 84.16666666666667 %
Successful eval levels: 75.22935779816514 %
Step: 2375680
Mean test reward: 31.5625
Mean eval reward: 27.8125
Successful test levels: 77.6923076923077 %
Successful eval levels: 72.95081967213115 %
Step: 2383872
Mean test reward: 33.75
Mean eval reward: 30.3125
Successful test levels: 81.81818181818183 %
Successful eval levels: 76.37795275590551 %
Step: 2392064
Mean test reward: 31.5625
Mean eval reward: 25.3125
Successful test levels: 82.78688524590164 %
Successful eval levels: 70.43478260869566 %
Step: 2400256
Mean test reward: 39.6875
Mean eval reward: 28.75
Successful test levels: 86.39455782312925 %
Successful eval levels: 68.65671641791045 %
Step: 2408448
Mean test reward: 31.875
Mean eval reward: 28.4375
Successful test levels: 85.71428571428571 %
Successful eval levels: 72.22222222222221 %
Step: 2416640
Mean test reward: 32.1875
Mean eval reward: 26.25
Successful test levels: 86.5546218487395 %
Successful eval levels: 70.58823529411765 %
Step: 2424832
Mean test reward: 27.5
Mean eval reward: 30.0
Successful test levels: 83.80952380952381 %
Successful eval levels: 74.4186046511628 %
Step: 2433024
Mean test reward: 27.5
Mean eval reward: 21.875
Successful test levels: 90.72164948453609 %
Successful eval levels: 63.06306306306306 %
Step: 2441216
Mean test reward: 31.25
Mean eval reward: 24.375
Successful test levels: 85.47008547008546 %
Successful eval levels: 65.0 %
Step: 2449408
Mean test reward: 30.9375
Mean eval reward: 22.8125
Successful test levels: 83.19327731092437 %
Successful eval levels: 61.34453781512605 %
Step: 2457600
Mean test reward: 30.9375
Mean eval reward: 28.125
Successful test levels: 83.89830508474576 %
Successful eval levels: 81.08108108108108 %
Step: 2465792
Mean test reward: 28.4375
Mean eval reward: 23.75
Successful test levels: 82.72727272727273 %
Successful eval levels: 69.0909090909091 %
Step: 2473984
Mean test reward: 33.75
Mean eval reward: 26.5625
Successful test levels: 84.375 %
Successful eval levels: 70.24793388429752 %
Step: 2482176
Mean test reward: 30.9375
Mean eval reward: 25.3125
Successful test levels: 84.61538461538461 %
Successful eval levels: 72.97297297297297 %
Step: 2490368
Mean test reward: 23.75
Mean eval reward: 25.0
Successful test levels: 85.39325842696628 %
Successful eval levels: 74.76635514018692 %
Step: 2498560
Mean test reward: 32.5
Mean eval reward: 23.125
Successful test levels: 81.88976377952756 %
Successful eval levels: 63.793103448275865 %
Step: 2506752
Mean test reward: 30.0
Mean eval reward: 23.125
Successful test levels: 85.71428571428571 %
Successful eval levels: 69.1588785046729 %
Completed training!
