{'total_steps': 2500000.0, 'learning_rate': 0.0005, 'epsilon': 1e-05, 'state_dict_name': 'baseline'}
Start Training...
Step: 8192
Mean test reward: 0.9375
Mean eval reward: 1.5625
Successful test levels: 60.0 %
Successful eval levels: 35.714285714285715 %
Step: 16384
Mean test reward: 3.4375
Mean eval reward: 0.9375
Successful test levels: 68.75 %
Successful eval levels: 50.0 %
Step: 24576
Mean test reward: 1.5625
Mean eval reward: 2.5
Successful test levels: 45.45454545454545 %
Successful eval levels: 53.333333333333336 %
Step: 32768
Mean test reward: 4.6875
Mean eval reward: 2.5
Successful test levels: 48.38709677419355 %
Successful eval levels: 32.0 %
Step: 40960
Mean test reward: 7.5
Mean eval reward: 6.25
Successful test levels: 66.66666666666666 %
Successful eval levels: 64.51612903225806 %
Step: 49152
Mean test reward: 9.6875
Mean eval reward: 8.125
Successful test levels: 67.3913043478261 %
Successful eval levels: 55.319148936170215 %
Step: 57344
Mean test reward: 11.875
Mean eval reward: 8.4375
Successful test levels: 55.88235294117647 %
Successful eval levels: 43.54838709677419 %
Step: 65536
Mean test reward: 15.625
Mean eval reward: 13.75
Successful test levels: 58.82352941176471 %
Successful eval levels: 51.76470588235295 %
Step: 73728
Mean test reward: 19.0625
Mean eval reward: 15.625
Successful test levels: 61.0 %
Successful eval levels: 54.347826086956516 %
Step: 81920
Mean test reward: 20.3125
Mean eval reward: 18.4375
Successful test levels: 61.32075471698113 %
Successful eval levels: 54.629629629629626 %
Step: 90112
Mean test reward: 23.75
Mean eval reward: 17.1875
Successful test levels: 64.95726495726495 %
Successful eval levels: 51.4018691588785 %
Step: 98304
Mean test reward: 22.1875
Mean eval reward: 20.0
Successful test levels: 63.96396396396396 %
Successful eval levels: 57.65765765765766 %
Step: 106496
Mean test reward: 23.75
Mean eval reward: 19.0625
Successful test levels: 61.29032258064516 %
Successful eval levels: 56.481481481481474 %
Step: 114688
Mean test reward: 26.25
Mean eval reward: 19.0625
Successful test levels: 67.74193548387096 %
Successful eval levels: 51.69491525423729 %
Step: 122880
Mean test reward: 28.75
Mean eval reward: 25.3125
Successful test levels: 72.44094488188976 %
Successful eval levels: 65.85365853658537 %
Step: 131072
Mean test reward: 22.5
Mean eval reward: 26.875
Successful test levels: 57.599999999999994 %
Successful eval levels: 67.71653543307087 %
Step: 139264
Mean test reward: 27.1875
Mean eval reward: 21.875
Successful test levels: 70.16129032258065 %
Successful eval levels: 61.40350877192983 %
Step: 147456
Mean test reward: 29.375
Mean eval reward: 21.25
Successful test levels: 72.86821705426357 %
Successful eval levels: 52.71317829457365 %
Step: 155648
Mean test reward: 28.75
Mean eval reward: 25.9375
Successful test levels: 63.888888888888886 %
Successful eval levels: 61.029411764705884 %
Step: 163840
Mean test reward: 30.625
Mean eval reward: 26.875
Successful test levels: 69.50354609929079 %
Successful eval levels: 62.31884057971014 %
Step: 172032
Mean test reward: 33.125
Mean eval reward: 26.25
Successful test levels: 70.66666666666667 %
Successful eval levels: 60.431654676258994 %
Step: 180224
Mean test reward: 25.625
Mean eval reward: 25.0
Successful test levels: 61.19402985074627 %
Successful eval levels: 62.01550387596899 %
Step: 188416
Mean test reward: 31.5625
Mean eval reward: 25.9375
Successful test levels: 67.33333333333333 %
Successful eval levels: 62.40601503759399 %
Step: 196608
Mean test reward: 35.0
Mean eval reward: 30.625
Successful test levels: 72.72727272727273 %
Successful eval levels: 66.21621621621621 %
Step: 204800
Mean test reward: 35.625
Mean eval reward: 28.125
Successful test levels: 71.69811320754717 %
Successful eval levels: 61.224489795918366 %
Step: 212992
Mean test reward: 34.375
Mean eval reward: 30.3125
Successful test levels: 68.75 %
Successful eval levels: 66.43835616438356 %
Step: 221184
Mean test reward: 41.875
Mean eval reward: 33.125
Successful test levels: 77.45664739884393 %
Successful eval levels: 67.08860759493672 %
Step: 229376
Mean test reward: 37.1875
Mean eval reward: 35.0
Successful test levels: 75.31645569620254 %
Successful eval levels: 68.71165644171779 %
Step: 237568
Mean test reward: 35.625
Mean eval reward: 31.875
Successful test levels: 66.66666666666666 %
Successful eval levels: 63.74999999999999 %
Step: 245760
Mean test reward: 43.75
Mean eval reward: 33.4375
Successful test levels: 75.67567567567568 %
Successful eval levels: 66.875 %
Step: 253952
Mean test reward: 37.5
Mean eval reward: 33.75
Successful test levels: 70.17543859649122 %
Successful eval levels: 62.06896551724138 %
Step: 262144
Mean test reward: 45.3125
Mean eval reward: 32.8125
Successful test levels: 73.23232323232324 %
Successful eval levels: 64.81481481481481 %
Step: 270336
Mean test reward: 44.6875
Mean eval reward: 32.5
Successful test levels: 79.44444444444444 %
Successful eval levels: 67.97385620915033 %
Step: 278528
Mean test reward: 43.125
Mean eval reward: 32.8125
Successful test levels: 75.40983606557377 %
Successful eval levels: 59.32203389830508 %
Step: 286720
Mean test reward: 41.25
Mean eval reward: 37.8125
Successful test levels: 66.33165829145729 %
Successful eval levels: 64.36170212765957 %
Step: 294912
Mean test reward: 40.0
Mean eval reward: 36.875
Successful test levels: 68.81720430107528 %
Successful eval levels: 65.19337016574586 %
Step: 303104
Mean test reward: 47.5
Mean eval reward: 37.5
Successful test levels: 71.69811320754717 %
Successful eval levels: 65.57377049180327 %
Step: 311296
Mean test reward: 45.625
Mean eval reward: 40.3125
Successful test levels: 77.6595744680851 %
Successful eval levels: 71.27071823204419 %
Step: 319488
Mean test reward: 43.75
Mean eval reward: 38.75
Successful test levels: 72.91666666666666 %
Successful eval levels: 75.15151515151514 %
Step: 327680
Mean test reward: 43.4375
Mean eval reward: 37.5
Successful test levels: 77.6536312849162 %
Successful eval levels: 63.1578947368421 %
Step: 335872
Mean test reward: 48.4375
Mean eval reward: 34.375
Successful test levels: 77.5 %
Successful eval levels: 62.14689265536724 %
Step: 344064
Mean test reward: 45.625
Mean eval reward: 40.625
Successful test levels: 74.11167512690355 %
Successful eval levels: 68.06282722513089 %
Step: 352256
Mean test reward: 48.125
Mean eval reward: 41.5625
Successful test levels: 82.79569892473118 %
Successful eval levels: 71.12299465240642 %
Step: 360448
Mean test reward: 49.6875
Mean eval reward: 36.25
Successful test levels: 74.64788732394366 %
Successful eval levels: 64.08839779005525 %
Step: 368640
Mean test reward: 48.4375
Mean eval reward: 38.125
Successful test levels: 79.08163265306123 %
Successful eval levels: 65.94594594594595 %
Step: 376832
Mean test reward: 48.75
Mean eval reward: 40.30332565307617
Successful test levels: 78.78787878787878 %
Successful eval levels: 65.81632653061224 %
Step: 385024
Mean test reward: 45.0
Mean eval reward: 39.52349090576172
Successful test levels: 75.39267015706807 %
Successful eval levels: 70.55555555555556 %
Step: 393216
Mean test reward: 46.25
Mean eval reward: 39.61705017089844
Successful test levels: 77.4869109947644 %
Successful eval levels: 69.1891891891892 %
Step: 401408
Mean test reward: 44.0625
Mean eval reward: 39.41086196899414
Successful test levels: 77.04918032786885 %
Successful eval levels: 69.56521739130434 %
Step: 409600
Mean test reward: 45.0
Mean eval reward: 41.03129196166992
Successful test levels: 79.55801104972376 %
Successful eval levels: 70.52631578947368 %
Step: 417792
Mean test reward: 41.875
Mean eval reward: 28.68379020690918
Successful test levels: 74.44444444444444 %
Successful eval levels: 60.64516129032258 %
Step: 425984
Mean test reward: 47.1875
Mean eval reward: 40.77443313598633
Successful test levels: 81.18279569892472 %
Successful eval levels: 70.8994708994709 %
Step: 434176
Mean test reward: 45.9375
Mean eval reward: 40.27739334106445
Successful test levels: 78.19148936170212 %
Successful eval levels: 70.37037037037037 %
Step: 442368
Mean test reward: 45.3125
Mean eval reward: 40.10051345825195
Successful test levels: 78.80434782608695 %
Successful eval levels: 70.74468085106383 %
Step: 450560
Mean test reward: 45.0
Mean eval reward: 33.937835693359375
Successful test levels: 75.39267015706807 %
Successful eval levels: 62.08791208791209 %
Step: 458752
Mean test reward: 49.375
Mean eval reward: 37.42167663574219
Successful test levels: 79.7979797979798 %
Successful eval levels: 65.10416666666666 %
Step: 466944
Mean test reward: 46.25
Mean eval reward: 36.72203063964844
Successful test levels: 85.0574712643678 %
Successful eval levels: 66.48648648648648 %
Step: 475136
Mean test reward: 49.6875
Mean eval reward: 37.47870635986328
Successful test levels: 82.38341968911918 %
Successful eval levels: 70.78651685393258 %
Step: 483328
Mean test reward: 44.6875
Mean eval reward: 40.9162483215332
Successful test levels: 80.7909604519774 %
Successful eval levels: 68.65671641791045 %
Step: 491520
Mean test reward: 46.875
Mean eval reward: 36.63254165649414
Successful test levels: 77.31958762886599 %
Successful eval levels: 68.50828729281768 %
Step: 499712
Mean test reward: 45.0
Mean eval reward: 31.547943115234375
Successful test levels: 78.68852459016394 %
Successful eval levels: 61.849710982658955 %
Step: 507904
Mean test reward: 46.875
Mean eval reward: 35.901885986328125
Successful test levels: 79.36507936507937 %
Successful eval levels: 70.52023121387283 %
Step: 516096
Mean test reward: 48.125
Mean eval reward: 38.147377014160156
Successful test levels: 81.48148148148148 %
Successful eval levels: 69.5187165775401 %
Step: 524288
Mean test reward: 49.0625
Mean eval reward: 36.86955261230469
Successful test levels: 82.19895287958116 %
Successful eval levels: 65.28497409326425 %
Step: 532480
Mean test reward: 48.125
Mean eval reward: 39.0960578918457
Successful test levels: 80.20833333333334 %
Successful eval levels: 70.15706806282722 %
Step: 540672
Mean test reward: 50.0
Mean eval reward: 32.90364456176758
Successful test levels: 82.05128205128204 %
Successful eval levels: 60.42780748663101 %
Step: 548864
Mean test reward: 41.25
Mean eval reward: 32.56313705444336
Successful test levels: 76.74418604651163 %
Successful eval levels: 69.1358024691358 %
Step: 557056
Mean test reward: 48.125
Mean eval reward: 33.10691833496094
Successful test levels: 80.6282722513089 %
Successful eval levels: 65.89595375722543 %
Step: 565248
Mean test reward: 43.75
Mean eval reward: 29.886943817138672
Successful test levels: 75.67567567567568 %
Successful eval levels: 61.67664670658682 %
Step: 573440
Mean test reward: 47.5
Mean eval reward: 37.0880126953125
Successful test levels: 81.72043010752688 %
Successful eval levels: 66.66666666666666 %
Step: 581632
Mean test reward: 46.25
Mean eval reward: 35.55766677856445
Successful test levels: 81.31868131868131 %
Successful eval levels: 67.58241758241759 %
Step: 589824
Mean test reward: 48.75
Mean eval reward: 28.306903839111328
Successful test levels: 75.72815533980582 %
Successful eval levels: 64.05228758169935 %
Step: 598016
Mean test reward: 48.75
Mean eval reward: 37.21733093261719
Successful test levels: 84.32432432432432 %
Successful eval levels: 71.27071823204419 %
Step: 606208
Mean test reward: 43.4375
Mean eval reward: 36.273231506347656
Successful test levels: 78.53107344632768 %
Successful eval levels: 68.47826086956522 %
Step: 614400
Mean test reward: 47.8125
Mean eval reward: 34.489013671875
Successful test levels: 78.06122448979592 %
Successful eval levels: 68.96551724137932 %
Step: 622592
Mean test reward: 50.9375
Mean eval reward: 32.719825744628906
Successful test levels: 85.34031413612566 %
Successful eval levels: 65.51724137931035 %
Step: 630784
Mean test reward: 47.5
Mean eval reward: 34.97455596923828
Successful test levels: 83.51648351648352 %
Successful eval levels: 70.11494252873564 %
Step: 638976
Mean test reward: 45.0
Mean eval reward: 35.20180130004883
Successful test levels: 81.35593220338984 %
Successful eval levels: 67.21311475409836 %
Step: 647168
Mean test reward: 42.5
Mean eval reward: 36.008583068847656
Successful test levels: 76.40449438202246 %
Successful eval levels: 66.3157894736842 %
Step: 655360
Mean test reward: 46.875
Mean eval reward: 36.513023376464844
Successful test levels: 86.70520231213872 %
Successful eval levels: 69.94535519125684 %
Step: 663552
Mean test reward: 47.5
Mean eval reward: 32.190093994140625
Successful test levels: 77.55102040816327 %
Successful eval levels: 68.07228915662651 %
Step: 671744
Mean test reward: 50.625
Mean eval reward: 32.734493255615234
Successful test levels: 83.93782383419689 %
Successful eval levels: 68.45238095238095 %
Step: 679936
Mean test reward: 47.1875
Mean eval reward: 36.95430374145508
Successful test levels: 80.74866310160428 %
Successful eval levels: 73.44632768361582 %
Step: 688128
Mean test reward: 50.3125
Mean eval reward: 34.621978759765625
Successful test levels: 83.41968911917098 %
Successful eval levels: 66.30434782608695 %
Step: 696320
Mean test reward: 44.6875
Mean eval reward: 31.190473556518555
Successful test levels: 79.44444444444444 %
Successful eval levels: 68.75 %
Step: 704512
Mean test reward: 48.75
Mean eval reward: 30.89653205871582
Successful test levels: 82.10526315789474 %
Successful eval levels: 64.88095238095238 %
Step: 712704
Mean test reward: 42.5
Mean eval reward: 33.985260009765625
Successful test levels: 79.06976744186046 %
Successful eval levels: 67.79661016949152 %
Step: 720896
Mean test reward: 46.25
Mean eval reward: 32.256980895996094
Successful test levels: 80.0 %
Successful eval levels: 67.05882352941175 %
Step: 729088
Mean test reward: 49.375
Mean eval reward: 33.07966995239258
Successful test levels: 84.04255319148936 %
Successful eval levels: 61.578947368421055 %
Step: 737280
Mean test reward: 47.5
Mean eval reward: 38.391658782958984
Successful test levels: 87.35632183908046 %
Successful eval levels: 71.95767195767195 %
Step: 745472
Mean test reward: 45.625
Mean eval reward: 32.99551773071289
Successful test levels: 82.02247191011236 %
Successful eval levels: 70.48192771084338 %
Step: 753664
Mean test reward: 46.875
Mean eval reward: 31.291006088256836
Successful test levels: 84.26966292134831 %
Successful eval levels: 63.06818181818182 %
Step: 761856
Mean test reward: 48.75
Mean eval reward: 32.38538360595703
Successful test levels: 83.87096774193549 %
Successful eval levels: 68.8622754491018 %
Step: 770048
Mean test reward: 49.6875
Mean eval reward: 38.52723693847656
Successful test levels: 87.36263736263736 %
Successful eval levels: 69.54314720812182 %
Step: 778240
Mean test reward: 46.875
Mean eval reward: 34.542484283447266
Successful test levels: 82.87292817679558 %
Successful eval levels: 67.21311475409836 %
Step: 786432
Mean test reward: 45.625
Mean eval reward: 35.35063934326172
Successful test levels: 82.02247191011236 %
Successful eval levels: 68.85245901639344 %
Step: 794624
Mean test reward: 50.9375
Mean eval reward: 39.21229553222656
Successful test levels: 84.89583333333334 %
Successful eval levels: 73.29842931937172 %
Step: 802816
Mean test reward: 46.25
Mean eval reward: 36.63904571533203
Successful test levels: 82.68156424581005 %
Successful eval levels: 67.5257731958763 %
Step: 811008
Mean test reward: 46.5625
Mean eval reward: 38.26750183105469
Successful test levels: 81.4207650273224 %
Successful eval levels: 69.54314720812182 %
Step: 819200
Mean test reward: 44.375
Mean eval reward: 33.20073699951172
Successful test levels: 84.52380952380952 %
Successful eval levels: 68.0 %
Step: 827392
Mean test reward: 49.375
Mean eval reward: 36.23767852783203
Successful test levels: 83.5978835978836 %
Successful eval levels: 73.03370786516854 %
Step: 835584
Mean test reward: 48.4375
Mean eval reward: 31.469432830810547
Successful test levels: 82.01058201058201 %
Successful eval levels: 65.3179190751445 %
Step: 843776
Mean test reward: 43.4375
Mean eval reward: 33.956077575683594
Successful test levels: 83.23353293413174 %
Successful eval levels: 73.05389221556887 %
Step: 851968
Mean test reward: 49.0625
Mean eval reward: 35.58355712890625
Successful test levels: 84.40860215053763 %
Successful eval levels: 69.1891891891892 %
Step: 860160
Mean test reward: 47.8125
Mean eval reward: 31.128337860107422
Successful test levels: 85.95505617977528 %
Successful eval levels: 69.1358024691358 %
Step: 868352
Mean test reward: 50.9375
Mean eval reward: 32.77350997924805
Successful test levels: 84.89583333333334 %
Successful eval levels: 67.42857142857143 %
Step: 876544
Mean test reward: 41.875
Mean eval reward: 37.73127746582031
Successful test levels: 77.01149425287356 %
Successful eval levels: 69.03553299492386 %
Step: 884736
Mean test reward: 46.875
Mean eval reward: 32.709800720214844
Successful test levels: 88.75739644970415 %
Successful eval levels: 71.51515151515152 %
Step: 892928
Mean test reward: 50.9375
Mean eval reward: 38.50072479248047
Successful test levels: 86.70212765957447 %
Successful eval levels: 71.64948453608247 %
Step: 901120
Mean test reward: 46.25
Mean eval reward: 37.60958480834961
Successful test levels: 85.0574712643678 %
Successful eval levels: 70.46632124352331 %
Step: 909312
Mean test reward: 44.0625
Mean eval reward: 32.32919692993164
Successful test levels: 81.5028901734104 %
Successful eval levels: 65.73033707865169 %
Step: 917504
Mean test reward: 45.625
Mean eval reward: 30.938383102416992
Successful test levels: 84.39306358381504 %
Successful eval levels: 70.44025157232704 %
Step: 925696
Mean test reward: 45.3125
Mean eval reward: 33.68386459350586
Successful test levels: 82.38636363636364 %
Successful eval levels: 68.15642458100558 %
Step: 933888
Mean test reward: 49.6875
Mean eval reward: 38.88739776611328
Successful test levels: 84.12698412698413 %
Successful eval levels: 70.5 %
Step: 942080
Mean test reward: 50.3125
Mean eval reward: 32.244056701660156
Successful test levels: 87.97814207650273 %
Successful eval levels: 66.85714285714286 %
Step: 950272
Mean test reward: 48.4375
Mean eval reward: 32.22774124145508
Successful test levels: 90.11627906976744 %
Successful eval levels: 65.0 %
Step: 958464
Mean test reward: 45.3125
Mean eval reward: 33.867305755615234
Successful test levels: 83.33333333333334 %
Successful eval levels: 66.48648648648648 %
Step: 966656
Mean test reward: 46.5625
Mean eval reward: 32.749122619628906
Successful test levels: 86.1271676300578 %
Successful eval levels: 66.4804469273743 %
Step: 974848
Mean test reward: 50.0
Mean eval reward: 30.53661346435547
Successful test levels: 89.8876404494382 %
Successful eval levels: 65.29411764705883 %
Step: 983040
Mean test reward: 45.0
Mean eval reward: 36.839027404785156
Successful test levels: 86.74698795180723 %
Successful eval levels: 70.8994708994709 %
Step: 991232
Mean test reward: 47.8125
Mean eval reward: 30.220712661743164
Successful test levels: 90.0 %
Successful eval levels: 65.08875739644971 %
Step: 999424
Mean test reward: 47.5
Mean eval reward: 34.05667495727539
Successful test levels: 86.85714285714286 %
Successful eval levels: 68.13186813186813 %
Step: 1007616
Mean test reward: 49.375
Mean eval reward: 34.039466857910156
Successful test levels: 90.80459770114942 %
Successful eval levels: 70.85714285714285 %
Step: 1015808
Mean test reward: 46.25
Mean eval reward: 33.468780517578125
Successful test levels: 87.05882352941177 %
Successful eval levels: 69.71428571428572 %
Step: 1024000
Mean test reward: 49.375
Mean eval reward: 33.17827224731445
Successful test levels: 84.94623655913979 %
Successful eval levels: 69.94219653179191 %
Step: 1032192
Mean test reward: 49.375
Mean eval reward: 36.169315338134766
Successful test levels: 88.76404494382022 %
Successful eval levels: 73.74301675977654 %
Step: 1040384
Mean test reward: 56.5625
Mean eval reward: 28.75768280029297
Successful test levels: 92.3469387755102 %
Successful eval levels: 65.625 %
Step: 1048576
Mean test reward: 51.875
Mean eval reward: 37.505184173583984
Successful test levels: 89.24731182795699 %
Successful eval levels: 76.53631284916202 %
Step: 1056768
Mean test reward: 47.1875
Mean eval reward: 33.651126861572266
Successful test levels: 87.79069767441861 %
Successful eval levels: 69.49152542372882 %
Step: 1064960
Mean test reward: 49.375
Mean eval reward: 33.629573822021484
Successful test levels: 87.29281767955801 %
Successful eval levels: 72.35294117647058 %
Step: 1073152
Mean test reward: 46.5625
Mean eval reward: 35.51800537109375
Successful test levels: 85.14285714285714 %
Successful eval levels: 69.89247311827957 %
Step: 1081344
Mean test reward: 50.625
Mean eval reward: 30.319786071777344
Successful test levels: 90.5027932960894 %
Successful eval levels: 65.68047337278107 %
Step: 1089536
Mean test reward: 48.4375
Mean eval reward: 32.499393463134766
Successful test levels: 91.71597633136095 %
Successful eval levels: 71.25748502994011 %
Step: 1097728
Mean test reward: 51.25
Mean eval reward: 32.210792541503906
Successful test levels: 89.61748633879782 %
Successful eval levels: 69.00584795321637 %
Step: 1105920
Mean test reward: 45.0
Mean eval reward: 31.384334564208984
Successful test levels: 87.27272727272727 %
Successful eval levels: 64.97175141242938 %
Step: 1114112
Mean test reward: 48.75
Mean eval reward: 39.27322006225586
Successful test levels: 90.17341040462428 %
Successful eval levels: 77.83783783783784 %
Step: 1122304
Mean test reward: 43.125
Mean eval reward: 32.97443771362305
Successful test levels: 81.65680473372781 %
Successful eval levels: 68.75 %
Step: 1130496
Mean test reward: 45.3125
Mean eval reward: 33.77580642700195
Successful test levels: 86.30952380952381 %
Successful eval levels: 68.13186813186813 %
Step: 1138688
Mean test reward: 45.0
Mean eval reward: 32.95208740234375
Successful test levels: 84.70588235294117 %
Successful eval levels: 68.75 %
Step: 1146880
Mean test reward: 49.0625
Mean eval reward: 34.83583068847656
Successful test levels: 89.71428571428571 %
Successful eval levels: 68.81720430107528 %
Step: 1155072
Mean test reward: 48.125
Mean eval reward: 35.62517547607422
Successful test levels: 88.0 %
Successful eval levels: 73.59550561797754 %
Step: 1163264
Mean test reward: 47.5
Mean eval reward: 34.5181884765625
Successful test levels: 84.44444444444444 %
Successful eval levels: 71.75141242937853 %
Step: 1171456
Mean test reward: 54.0625
Mean eval reward: 31.790451049804688
Successful test levels: 91.53439153439153 %
Successful eval levels: 68.42105263157895 %
Step: 1179648
Mean test reward: 49.6875
Mean eval reward: 36.39156723022461
Successful test levels: 88.8268156424581 %
Successful eval levels: 71.27659574468085 %
Step: 1187840
Mean test reward: 51.5625
Mean eval reward: 33.6540641784668
Successful test levels: 85.9375 %
Successful eval levels: 67.3913043478261 %
Step: 1196032
Mean test reward: 53.125
Mean eval reward: 34.72435760498047
Successful test levels: 89.47368421052632 %
Successful eval levels: 71.11111111111111 %
Step: 1204224
Mean test reward: 46.5625
Mean eval reward: 39.032257080078125
Successful test levels: 82.32044198895028 %
Successful eval levels: 69.90291262135922 %
Step: 1212416
Mean test reward: 46.5625
Mean eval reward: 32.233314514160156
Successful test levels: 86.62790697674419 %
Successful eval levels: 68.78612716763006 %
Step: 1220608
Mean test reward: 47.8125
Mean eval reward: 31.95460319519043
Successful test levels: 89.47368421052632 %
Successful eval levels: 67.04545454545455 %
Step: 1228800
Mean test reward: 45.0
Mean eval reward: 34.92558288574219
Successful test levels: 84.21052631578947 %
Successful eval levels: 69.35483870967742 %
Step: 1236992
Mean test reward: 47.1875
Mean eval reward: 32.74307632446289
Successful test levels: 88.8235294117647 %
Successful eval levels: 69.14285714285714 %
Step: 1245184
Mean test reward: 43.75
Mean eval reward: 35.701908111572266
Successful test levels: 89.171974522293 %
Successful eval levels: 75.0 %
Step: 1253376
Mean test reward: 46.5625
Mean eval reward: 29.746061325073242
Successful test levels: 82.32044198895028 %
Successful eval levels: 67.90123456790124 %
Step: 1261568
Mean test reward: 43.4375
Mean eval reward: 31.093608856201172
Successful test levels: 88.53503184713377 %
Successful eval levels: 70.1219512195122 %
Step: 1269760
Mean test reward: 41.25
Mean eval reward: 36.48936080932617
Successful test levels: 84.07643312101911 %
Successful eval levels: 69.94818652849742 %
Step: 1277952
Mean test reward: 53.4375
Mean eval reward: 37.2704963684082
Successful test levels: 89.0625 %
Successful eval levels: 73.40425531914893 %
Step: 1286144
Mean test reward: 46.875
Mean eval reward: 34.54711151123047
Successful test levels: 86.70520231213872 %
Successful eval levels: 70.71823204419888 %
Step: 1294336
Mean test reward: 43.75
Mean eval reward: 31.840578079223633
Successful test levels: 85.88957055214725 %
Successful eval levels: 69.41176470588235 %
Step: 1302528
Mean test reward: 46.5625
Mean eval reward: 33.71567916870117
Successful test levels: 86.1271676300578 %
Successful eval levels: 69.06077348066299 %
Step: 1310720
Mean test reward: 47.5
Mean eval reward: 33.169132232666016
Successful test levels: 88.88888888888889 %
Successful eval levels: 68.71508379888269 %
Step: 1318912
Mean test reward: 46.875
Mean eval reward: 36.11552429199219
Successful test levels: 84.7457627118644 %
Successful eval levels: 72.43243243243244 %
Step: 1327104
Mean test reward: 43.125
Mean eval reward: 37.16868209838867
Successful test levels: 87.34177215189874 %
Successful eval levels: 72.63157894736842 %
Step: 1335296
Mean test reward: 41.5625
Mean eval reward: 35.80173110961914
Successful test levels: 91.0958904109589 %
Successful eval levels: 71.12299465240642 %
Step: 1343488
Mean test reward: 48.125
Mean eval reward: 30.67353057861328
Successful test levels: 90.05847953216374 %
Successful eval levels: 69.51219512195121 %
Step: 1351680
Mean test reward: 47.8125
Mean eval reward: 39.266090393066406
Successful test levels: 87.42857142857143 %
Successful eval levels: 75.64766839378238 %
Step: 1359872
Mean test reward: 53.4375
Mean eval reward: 32.259376525878906
Successful test levels: 88.60103626943005 %
Successful eval levels: 69.76744186046511 %
Step: 1368064
Mean test reward: 48.75
Mean eval reward: 37.88383483886719
Successful test levels: 90.17341040462428 %
Successful eval levels: 77.47252747252747 %
Step: 1376256
Mean test reward: 48.125
Mean eval reward: 34.90982437133789
Successful test levels: 88.50574712643679 %
Successful eval levels: 75.5813953488372 %
Step: 1384448
Mean test reward: 47.1875
Mean eval reward: 37.03439712524414
Successful test levels: 91.51515151515152 %
Successful eval levels: 73.79679144385027 %
Step: 1392640
Mean test reward: 47.5
Mean eval reward: 37.54971694946289
Successful test levels: 88.37209302325581 %
Successful eval levels: 75.67567567567568 %
Step: 1400832
Mean test reward: 48.75
Mean eval reward: 32.43571472167969
Successful test levels: 86.66666666666667 %
Successful eval levels: 71.17647058823529 %
Step: 1409024
Mean test reward: 52.8125
Mean eval reward: 35.37401580810547
Successful test levels: 90.86021505376344 %
Successful eval levels: 78.10650887573965 %
Step: 1417216
Mean test reward: 46.25
Mean eval reward: 29.20351791381836
Successful test levels: 90.79754601226993 %
Successful eval levels: 68.55345911949685 %
Step: 1425408
Mean test reward: 45.3125
Mean eval reward: 37.23145294189453
Successful test levels: 91.19496855345912 %
Successful eval levels: 73.54497354497354 %
Step: 1433600
Mean test reward: 50.3125
Mean eval reward: 38.00932693481445
Successful test levels: 87.5 %
Successful eval levels: 76.34408602150538 %
Step: 1441792
Mean test reward: 50.625
Mean eval reward: 36.110931396484375
Successful test levels: 92.04545454545455 %
Successful eval levels: 75.0 %
Step: 1449984
Mean test reward: 46.875
Mean eval reward: 31.289470672607422
Successful test levels: 89.82035928143712 %
Successful eval levels: 67.63005780346822 %
Step: 1458176
Mean test reward: 50.625
Mean eval reward: 33.95566177368164
Successful test levels: 91.01123595505618 %
Successful eval levels: 70.1657458563536 %
Step: 1466368
Mean test reward: 46.875
Mean eval reward: 36.87965774536133
Successful test levels: 92.5925925925926 %
Successful eval levels: 75.40983606557377 %
Step: 1474560
Mean test reward: 56.875
Mean eval reward: 39.25457000732422
Successful test levels: 91.91919191919192 %
Successful eval levels: 73.5 %
Step: 1482752
Mean test reward: 49.0625
Mean eval reward: 40.02710723876953
Successful test levels: 92.89940828402366 %
Successful eval levels: 77.720207253886 %
Step: 1490944
Mean test reward: 47.5
Mean eval reward: 32.803001403808594
Successful test levels: 92.12121212121212 %
Successful eval levels: 71.51162790697676 %
Step: 1499136
Mean test reward: 45.625
Mean eval reward: 31.195480346679688
Successful test levels: 86.90476190476191 %
Successful eval levels: 76.97368421052632 %
Step: 1507328
Mean test reward: 53.4375
Mean eval reward: 33.059349060058594
Successful test levels: 90.0 %
Successful eval levels: 77.5 %
Step: 1515520
Mean test reward: 44.375
Mean eval reward: 33.586387634277344
Successful test levels: 83.04093567251462 %
Successful eval levels: 75.0 %
Step: 1523712
Mean test reward: 51.25
Mean eval reward: 34.63835525512695
Successful test levels: 92.65536723163842 %
Successful eval levels: 70.27027027027027 %
Step: 1531904
Mean test reward: 50.9375
Mean eval reward: 35.959957122802734
Successful test levels: 94.21965317919076 %
Successful eval levels: 73.77049180327869 %
Step: 1540096
Mean test reward: 46.25
Mean eval reward: 34.07795715332031
Successful test levels: 89.1566265060241 %
Successful eval levels: 71.91011235955057 %
Step: 1548288
Mean test reward: 48.4375
Mean eval reward: 29.549846649169922
Successful test levels: 93.37349397590361 %
Successful eval levels: 69.81132075471697 %
Step: 1556480
Mean test reward: 49.6875
Mean eval reward: 35.39780807495117
Successful test levels: 87.36263736263736 %
Successful eval levels: 72.6775956284153 %
Step: 1564672
Mean test reward: 48.4375
Mean eval reward: 35.64868927001953
Successful test levels: 90.11627906976744 %
Successful eval levels: 75.70621468926554 %
Step: 1572864
Mean test reward: 50.3125
Mean eval reward: 37.75684356689453
Successful test levels: 90.96045197740112 %
Successful eval levels: 74.73684210526315 %
Step: 1581056
Mean test reward: 45.3125
Mean eval reward: 36.94197082519531
Successful test levels: 91.77215189873418 %
Successful eval levels: 75.95628415300546 %
Step: 1589248
Mean test reward: 51.875
Mean eval reward: 32.141632080078125
Successful test levels: 93.78531073446328 %
Successful eval levels: 69.14285714285714 %
Step: 1597440
Mean test reward: 45.0
Mean eval reward: 34.528846740722656
Successful test levels: 90.56603773584906 %
Successful eval levels: 71.42857142857143 %
Step: 1605632
Mean test reward: 46.875
Mean eval reward: 33.72145080566406
Successful test levels: 87.20930232558139 %
Successful eval levels: 72.1590909090909 %
Step: 1613824
Mean test reward: 57.5
Mean eval reward: 33.97870635986328
Successful test levels: 94.35897435897435 %
Successful eval levels: 69.94535519125684 %
Step: 1622016
Mean test reward: 45.9375
Mean eval reward: 39.79948806762695
Successful test levels: 94.23076923076923 %
Successful eval levels: 77.720207253886 %
Step: 1630208
Mean test reward: 49.6875
Mean eval reward: 31.823989868164062
Successful test levels: 94.64285714285714 %
Successful eval levels: 72.72727272727273 %
Step: 1638400
Mean test reward: 50.0
Mean eval reward: 31.82139778137207
Successful test levels: 93.02325581395348 %
Successful eval levels: 68.96551724137932 %
Step: 1646592
Mean test reward: 47.5
Mean eval reward: 31.816143035888672
Successful test levels: 93.25153374233128 %
Successful eval levels: 70.58823529411765 %
Step: 1654784
Mean test reward: 49.375
Mean eval reward: 38.4321174621582
Successful test levels: 88.76404494382022 %
Successful eval levels: 71.42857142857143 %
Step: 1662976
Mean test reward: 49.0625
Mean eval reward: 37.354183197021484
Successful test levels: 90.22988505747126 %
Successful eval levels: 73.05699481865285 %
Step: 1671168
Mean test reward: 50.625
Mean eval reward: 36.00960159301758
Successful test levels: 94.18604651162791 %
Successful eval levels: 75.97765363128491 %
Step: 1679360
Mean test reward: 48.75
Mean eval reward: 32.82221984863281
Successful test levels: 95.1219512195122 %
Successful eval levels: 73.80952380952381 %
Step: 1687552
Mean test reward: 50.0
Mean eval reward: 33.8751106262207
Successful test levels: 92.48554913294798 %
Successful eval levels: 72.72727272727273 %
Step: 1695744
Mean test reward: 47.5
Mean eval reward: 35.71406555175781
Successful test levels: 89.94082840236686 %
Successful eval levels: 77.14285714285715 %
Step: 1703936
Mean test reward: 56.25
Mean eval reward: 34.648101806640625
Successful test levels: 94.73684210526315 %
Successful eval levels: 74.01129943502825 %
Step: 1712128
Mean test reward: 49.6875
Mean eval reward: 29.614412307739258
Successful test levels: 90.85714285714286 %
Successful eval levels: 64.36781609195403 %
Step: 1720320
Mean test reward: 45.0
Mean eval reward: 38.59636306762695
Successful test levels: 92.3076923076923 %
Successful eval levels: 75.64766839378238 %
Step: 1728512
Mean test reward: 48.4375
Mean eval reward: 35.40966796875
Successful test levels: 91.17647058823529 %
Successful eval levels: 71.65775401069519 %
Step: 1736704
Mean test reward: 50.625
Mean eval reward: 33.81251525878906
Successful test levels: 91.01123595505618 %
Successful eval levels: 76.64670658682635 %
Step: 1744896
Mean test reward: 50.625
Mean eval reward: 30.638839721679688
Successful test levels: 94.73684210526315 %
Successful eval levels: 72.5 %
Step: 1753088
Mean test reward: 48.75
Mean eval reward: 34.59446334838867
Successful test levels: 92.3076923076923 %
Successful eval levels: 78.44311377245509 %
Step: 1761280
Mean test reward: 44.6875
Mean eval reward: 37.22357177734375
Successful test levels: 91.66666666666666 %
Successful eval levels: 75.80645161290323 %
Step: 1769472
Mean test reward: 45.625
Mean eval reward: 36.412742614746094
Successful test levels: 89.57055214723927 %
Successful eval levels: 75.0 %
Step: 1777664
Mean test reward: 40.9375
Mean eval reward: 29.815073013305664
Successful test levels: 90.97222222222221 %
Successful eval levels: 68.90243902439023 %
Step: 1785856
Mean test reward: 45.0
Mean eval reward: 35.3502197265625
Successful test levels: 91.71974522292994 %
Successful eval levels: 73.62637362637363 %
Step: 1794048
Mean test reward: 45.625
Mean eval reward: 34.01850891113281
Successful test levels: 93.58974358974359 %
Successful eval levels: 73.71428571428571 %
Step: 1802240
Mean test reward: 46.875
Mean eval reward: 30.588659286499023
Successful test levels: 94.33962264150944 %
Successful eval levels: 73.88535031847134 %
Step: 1810432
Mean test reward: 47.1875
Mean eval reward: 34.800079345703125
Successful test levels: 93.7888198757764 %
Successful eval levels: 72.92817679558011 %
Step: 1818624
Mean test reward: 50.625
Mean eval reward: 33.2127799987793
Successful test levels: 94.73684210526315 %
Successful eval levels: 72.83236994219652 %
Step: 1826816
Mean test reward: 49.0625
Mean eval reward: 34.52094650268555
Successful test levels: 94.57831325301204 %
Successful eval levels: 75.72254335260115 %
Step: 1835008
Mean test reward: 50.625
Mean eval reward: 31.0938720703125
Successful test levels: 92.57142857142857 %
Successful eval levels: 73.75 %
Step: 1843200
Mean test reward: 54.6875
Mean eval reward: 34.249107360839844
Successful test levels: 95.62841530054644 %
Successful eval levels: 76.0233918128655 %
Step: 1851392
Mean test reward: 49.0625
Mean eval reward: 32.40053176879883
Successful test levels: 93.45238095238095 %
Successful eval levels: 68.33333333333333 %
Step: 1859584
Mean test reward: 46.25
Mean eval reward: 33.707664489746094
Successful test levels: 93.08176100628931 %
Successful eval levels: 70.71823204419888 %
Step: 1867776
Mean test reward: 46.875
Mean eval reward: 32.387088775634766
Successful test levels: 91.46341463414635 %
Successful eval levels: 77.84810126582279 %
Step: 1875968
Mean test reward: 50.9375
Mean eval reward: 36.8549919128418
Successful test levels: 94.21965317919076 %
Successful eval levels: 80.92485549132948 %
Step: 1884160
Mean test reward: 52.5
Mean eval reward: 35.52861785888672
Successful test levels: 93.85474860335195 %
Successful eval levels: 77.58620689655173 %
Step: 1892352
Mean test reward: 50.0
Mean eval reward: 32.09617614746094
Successful test levels: 91.42857142857143 %
Successful eval levels: 75.30864197530865 %
Step: 1900544
Mean test reward: 49.375
Mean eval reward: 31.835195541381836
Successful test levels: 92.39766081871345 %
Successful eval levels: 75.15527950310559 %
Step: 1908736
Mean test reward: 49.375
Mean eval reward: 36.034969329833984
Successful test levels: 92.94117647058823 %
Successful eval levels: 72.87234042553192 %
Step: 1916928
Mean test reward: 54.375
Mean eval reward: 37.07011413574219
Successful test levels: 91.57894736842105 %
Successful eval levels: 79.66101694915254 %
Step: 1925120
Mean test reward: 51.5625
Mean eval reward: 34.954734802246094
Successful test levels: 94.28571428571428 %
Successful eval levels: 81.09756097560977 %
Step: 1933312
Mean test reward: 56.875
Mean eval reward: 30.747648239135742
Successful test levels: 93.81443298969072 %
Successful eval levels: 71.77914110429448 %
Step: 1941504
Mean test reward: 49.6875
Mean eval reward: 33.89731979370117
Successful test levels: 96.95121951219512 %
Successful eval levels: 77.71084337349397 %
Step: 1949696
Mean test reward: 51.25
Mean eval reward: 31.26510238647461
Successful test levels: 95.90643274853801 %
Successful eval levels: 68.0 %
Step: 1957888
Mean test reward: 47.8125
Mean eval reward: 31.00197410583496
Successful test levels: 91.07142857142857 %
Successful eval levels: 73.29192546583852 %
Step: 1966080
Mean test reward: 49.375
Mean eval reward: 34.67755889892578
Successful test levels: 92.39766081871345 %
Successful eval levels: 74.57627118644068 %
Step: 1974272
Mean test reward: 49.0625
Mean eval reward: 28.89389419555664
Successful test levels: 94.01197604790418 %
Successful eval levels: 64.70588235294117 %
Step: 1982464
Mean test reward: 48.75
Mean eval reward: 33.623939514160156
Successful test levels: 93.41317365269461 %
Successful eval levels: 73.5632183908046 %
Step: 1990656
Mean test reward: 41.875
Mean eval reward: 30.992504119873047
Successful test levels: 94.36619718309859 %
Successful eval levels: 72.8395061728395 %
Step: 1998848
Mean test reward: 50.3125
Mean eval reward: 38.07750701904297
Successful test levels: 92.52873563218391 %
Successful eval levels: 80.55555555555556 %
Step: 2007040
Mean test reward: 46.5625
Mean eval reward: 32.81475830078125
Successful test levels: 92.54658385093167 %
Successful eval levels: 71.83908045977012 %
Step: 2015232
Mean test reward: 52.1875
Mean eval reward: 35.16819763183594
Successful test levels: 93.82022471910112 %
Successful eval levels: 73.62637362637363 %
Step: 2023424
Mean test reward: 43.75
Mean eval reward: 27.55796241760254
Successful test levels: 90.32258064516128 %
Successful eval levels: 64.02439024390245 %
Step: 2031616
Mean test reward: 48.4375
Mean eval reward: 30.710575103759766
Successful test levels: 93.37349397590361 %
Successful eval levels: 68.82352941176471 %
Step: 2039808
Mean test reward: 49.375
Mean eval reward: 33.0748291015625
Successful test levels: 91.86046511627907 %
Successful eval levels: 70.39106145251397 %
Step: 2048000
Mean test reward: 48.75
Mean eval reward: 35.94740295410156
Successful test levels: 94.54545454545455 %
Successful eval levels: 76.53631284916202 %
Step: 2056192
Mean test reward: 49.375
Mean eval reward: 36.20342254638672
Successful test levels: 91.86046511627907 %
Successful eval levels: 75.40983606557377 %
Step: 2064384
Mean test reward: 47.1875
Mean eval reward: 29.903060913085938
Successful test levels: 92.63803680981594 %
Successful eval levels: 74.02597402597402 %
Step: 2072576
Mean test reward: 46.5625
Mean eval reward: 28.331933975219727
Successful test levels: 95.51282051282051 %
Successful eval levels: 71.05263157894737 %
Step: 2080768
Mean test reward: 51.875
Mean eval reward: 33.05303955078125
Successful test levels: 95.95375722543352 %
Successful eval levels: 69.61325966850829 %
Step: 2088960
Mean test reward: 47.8125
Mean eval reward: 31.477588653564453
Successful test levels: 91.07142857142857 %
Successful eval levels: 71.00591715976331 %
Step: 2097152
Mean test reward: 46.875
Mean eval reward: 34.35550308227539
Successful test levels: 92.5925925925926 %
Successful eval levels: 73.59550561797754 %
Step: 2105344
Mean test reward: 42.8125
Mean eval reward: 30.157257080078125
Successful test levels: 92.56756756756756 %
Successful eval levels: 75.16339869281046 %
Step: 2113536
Mean test reward: 44.6875
Mean eval reward: 32.5190544128418
Successful test levels: 88.81987577639751 %
Successful eval levels: 70.45454545454545 %
Step: 2121728
Mean test reward: 47.5
Mean eval reward: 33.823577880859375
Successful test levels: 91.56626506024097 %
Successful eval levels: 72.88135593220339 %
Step: 2129920
Mean test reward: 45.0
Mean eval reward: 35.12846374511719
Successful test levels: 89.44099378881988 %
Successful eval levels: 74.86033519553072 %
Step: 2138112
Mean test reward: 46.875
Mean eval reward: 33.02443313598633
Successful test levels: 92.5925925925926 %
Successful eval levels: 75.0 %
Step: 2146304
Mean test reward: 45.625
Mean eval reward: 31.711395263671875
Successful test levels: 91.25 %
Successful eval levels: 75.15527950310559 %
Step: 2154496
Mean test reward: 55.9375
Mean eval reward: 31.970251083374023
Successful test levels: 92.26804123711341 %
Successful eval levels: 69.31818181818183 %
Step: 2162688
Mean test reward: 51.5625
Mean eval reward: 34.84659194946289
Successful test levels: 93.75 %
Successful eval levels: 70.0 %
Step: 2170880
Mean test reward: 50.0
Mean eval reward: 31.176992416381836
Successful test levels: 92.48554913294798 %
Successful eval levels: 71.6867469879518 %
Step: 2179072
Mean test reward: 50.0
Mean eval reward: 31.435646057128906
Successful test levels: 91.42857142857143 %
Successful eval levels: 71.42857142857143 %
Step: 2187264
Mean test reward: 53.125
Mean eval reward: 28.294696807861328
Successful test levels: 92.3913043478261 %
Successful eval levels: 67.08074534161491 %
Step: 2195456
Mean test reward: 49.375
Mean eval reward: 28.03948211669922
Successful test levels: 95.18072289156626 %
Successful eval levels: 72.78911564625851 %
Step: 2203648
Mean test reward: 42.8125
Mean eval reward: 30.662256240844727
Successful test levels: 88.96103896103897 %
Successful eval levels: 69.23076923076923 %
Step: 2211840
Mean test reward: 47.1875
Mean eval reward: 29.092304229736328
Successful test levels: 92.63803680981594 %
Successful eval levels: 71.61290322580646 %
Step: 2220032
Mean test reward: 50.3125
Mean eval reward: 29.357254028320312
Successful test levels: 91.47727272727273 %
Successful eval levels: 71.7948717948718 %
Step: 2228224
Mean test reward: 43.4375
Mean eval reward: 35.12160873413086
Successful test levels: 94.5578231292517 %
Successful eval levels: 76.57142857142857 %
Step: 2236416
Mean test reward: 49.0625
Mean eval reward: 34.324302673339844
Successful test levels: 89.71428571428571 %
Successful eval levels: 71.58469945355192 %
Step: 2244608
Mean test reward: 57.5
Mean eval reward: 34.843719482421875
Successful test levels: 96.84210526315789 %
Successful eval levels: 76.878612716763 %
Step: 2252800
Mean test reward: 49.6875
Mean eval reward: 29.079593658447266
Successful test levels: 94.0828402366864 %
Successful eval levels: 75.51020408163265 %
Step: 2260992
Mean test reward: 54.375
Mean eval reward: 27.509521484375
Successful test levels: 92.06349206349206 %
Successful eval levels: 72.41379310344827 %
Step: 2269184
Mean test reward: 51.25
Mean eval reward: 30.918773651123047
Successful test levels: 93.18181818181817 %
Successful eval levels: 73.29192546583852 %
Step: 2277376
Mean test reward: 52.5
Mean eval reward: 29.611133575439453
Successful test levels: 92.3076923076923 %
Successful eval levels: 70.1863354037267 %
Step: 2285568
Mean test reward: 51.5625
Mean eval reward: 34.58761215209961
Successful test levels: 97.05882352941177 %
Successful eval levels: 72.1311475409836 %
Step: 2293760
Mean test reward: 46.875
Mean eval reward: 35.365379333496094
Successful test levels: 90.9090909090909 %
Successful eval levels: 73.36956521739131 %
Step: 2301952
Mean test reward: 53.75
Mean eval reward: 29.860910415649414
Successful test levels: 92.97297297297298 %
Successful eval levels: 66.66666666666666 %
Step: 2310144
Mean test reward: 55.9375
Mean eval reward: 31.433210372924805
Successful test levels: 94.21052631578948 %
Successful eval levels: 67.41573033707866 %
Step: 2318336
Mean test reward: 46.875
Mean eval reward: 35.09637451171875
Successful test levels: 90.36144578313254 %
Successful eval levels: 75.28089887640449 %
Step: 2326528
Mean test reward: 49.375
Mean eval reward: 33.25768280029297
Successful test levels: 95.18072289156626 %
Successful eval levels: 70.55555555555556 %
Step: 2334720
Mean test reward: 54.0625
Mean eval reward: 33.51511001586914
Successful test levels: 91.53439153439153 %
Successful eval levels: 70.71823204419888 %
Step: 2342912
Mean test reward: 45.9375
Mean eval reward: 33.24863815307617
Successful test levels: 93.63057324840764 %
Successful eval levels: 76.50602409638554 %
Step: 2351104
Mean test reward: 50.625
Mean eval reward: 33.24288558959961
Successful test levels: 89.50276243093923 %
Successful eval levels: 77.91411042944786 %
Step: 2359296
Mean test reward: 50.9375
Mean eval reward: 31.410018920898438
Successful test levels: 93.67816091954023 %
Successful eval levels: 74.53416149068323 %
Step: 2367488
Mean test reward: 45.9375
Mean eval reward: 34.28577423095703
Successful test levels: 92.45283018867924 %
Successful eval levels: 78.91566265060241 %
Step: 2375680
Mean test reward: 49.6875
Mean eval reward: 32.18907928466797
Successful test levels: 94.64285714285714 %
Successful eval levels: 72.7810650887574 %
Step: 2383872
Mean test reward: 51.25
Mean eval reward: 31.661998748779297
Successful test levels: 90.60773480662984 %
Successful eval levels: 70.34883720930233 %
Step: 2392064
Mean test reward: 48.125
Mean eval reward: 30.092926025390625
Successful test levels: 92.21556886227546 %
Successful eval levels: 75.16339869281046 %
Step: 2400256
Mean test reward: 53.75
Mean eval reward: 26.172195434570312
Successful test levels: 92.97297297297298 %
Successful eval levels: 63.69426751592356 %
Step: 2408448
Mean test reward: 53.125
Mean eval reward: 28.272281646728516
Successful test levels: 93.4065934065934 %
Successful eval levels: 71.52317880794702 %
Step: 2416640
Mean test reward: 50.625
Mean eval reward: 31.153379440307617
Successful test levels: 93.10344827586206 %
Successful eval levels: 72.12121212121212 %
Step: 2424832
Mean test reward: 49.0625
Mean eval reward: 30.628610610961914
Successful test levels: 93.45238095238095 %
Successful eval levels: 74.52229299363057 %
Step: 2433024
Mean test reward: 46.5625
Mean eval reward: 35.075584411621094
Successful test levels: 93.125 %
Successful eval levels: 78.3625730994152 %
Step: 2441216
Mean test reward: 45.9375
Mean eval reward: 28.793598175048828
Successful test levels: 90.1840490797546 %
Successful eval levels: 71.42857142857143 %
Step: 2449408
Mean test reward: 50.0
Mean eval reward: 33.243282318115234
Successful test levels: 94.11764705882352 %
Successful eval levels: 73.83720930232558 %
Step: 2457600
Mean test reward: 46.875
Mean eval reward: 31.146039962768555
Successful test levels: 92.5925925925926 %
Successful eval levels: 72.12121212121212 %
Step: 2465792
Mean test reward: 48.75
Mean eval reward: 36.90134811401367
Successful test levels: 92.85714285714286 %
Successful eval levels: 72.68041237113401 %
Step: 2473984
Mean test reward: 52.1875
Mean eval reward: 34.014442443847656
Successful test levels: 93.29608938547486 %
Successful eval levels: 75.14450867052022 %
Step: 2482176
Mean test reward: 43.125
Mean eval reward: 34.00770950317383
Successful test levels: 89.6103896103896 %
Successful eval levels: 74.28571428571429 %
Step: 2490368
Mean test reward: 53.4375
Mean eval reward: 34.78495407104492
Successful test levels: 95.53072625698324 %
Successful eval levels: 78.69822485207101 %
Step: 2498560
Mean test reward: 48.4375
Mean eval reward: 30.3391056060791
Successful test levels: 95.0920245398773 %
Successful eval levels: 73.41772151898735 %
Step: 2506752
Mean test reward: 48.75
Mean eval reward: 30.077762603759766
Successful test levels: 93.41317365269461 %
Successful eval levels: 70.5521472392638 %
Completed training!
{'total_steps': 2500000.0, 'learning_rate': 0.0005, 'epsilon': 1e-05, 'state_dict_name': 'baseline'}
Start Training...
Step: 8192
Mean test reward: 0.9375
Mean eval reward: 1.5625
Successful test levels: 60.0 %
Successful eval levels: 35.714285714285715 %
Step: 16384
Mean test reward: 3.4375
Mean eval reward: 0.9375
Successful test levels: 68.75 %
Successful eval levels: 50.0 %
Step: 24576
Mean test reward: 1.5625
Mean eval reward: 2.5
Successful test levels: 45.45454545454545 %
Successful eval levels: 53.333333333333336 %
Step: 32768
Mean test reward: 4.6875
Mean eval reward: 2.5
Successful test levels: 48.38709677419355 %
Successful eval levels: 32.0 %
Step: 40960
Mean test reward: 7.5
Mean eval reward: 6.25
Successful test levels: 66.66666666666666 %
Successful eval levels: 64.51612903225806 %
Step: 49152
Mean test reward: 9.6875
Mean eval reward: 8.125
Successful test levels: 67.3913043478261 %
Successful eval levels: 55.319148936170215 %
Step: 57344
Mean test reward: 11.875
Mean eval reward: 8.4375
Successful test levels: 55.88235294117647 %
Successful eval levels: 43.54838709677419 %
Step: 65536
Mean test reward: 15.625
Mean eval reward: 13.75
Successful test levels: 58.82352941176471 %
Successful eval levels: 51.76470588235295 %
Step: 73728
Mean test reward: 19.0625
Mean eval reward: 15.625
Successful test levels: 61.0 %
Successful eval levels: 54.347826086956516 %
Step: 81920
Mean test reward: 20.3125
Mean eval reward: 18.4375
Successful test levels: 61.32075471698113 %
Successful eval levels: 54.629629629629626 %
Step: 90112
Mean test reward: 23.75
Mean eval reward: 17.1875
Successful test levels: 64.95726495726495 %
Successful eval levels: 51.4018691588785 %
Step: 98304
Mean test reward: 22.1875
Mean eval reward: 20.0
Successful test levels: 63.96396396396396 %
Successful eval levels: 57.65765765765766 %
Step: 106496
Mean test reward: 23.75
Mean eval reward: 19.0625
Successful test levels: 61.29032258064516 %
Successful eval levels: 56.481481481481474 %
Step: 114688
Mean test reward: 26.25
Mean eval reward: 19.0625
Successful test levels: 67.74193548387096 %
Successful eval levels: 51.69491525423729 %
Step: 122880
Mean test reward: 28.75
Mean eval reward: 25.3125
Successful test levels: 72.44094488188976 %
Successful eval levels: 65.85365853658537 %
Step: 131072
Mean test reward: 22.5
Mean eval reward: 26.875
Successful test levels: 57.599999999999994 %
Successful eval levels: 67.71653543307087 %
Step: 139264
Mean test reward: 27.1875
Mean eval reward: 21.875
Successful test levels: 70.16129032258065 %
Successful eval levels: 61.40350877192983 %
Step: 147456
Mean test reward: 29.375
Mean eval reward: 21.25
Successful test levels: 72.86821705426357 %
Successful eval levels: 52.71317829457365 %
Step: 155648
Mean test reward: 28.75
Mean eval reward: 25.9375
Successful test levels: 63.888888888888886 %
Successful eval levels: 61.029411764705884 %
Step: 163840
Mean test reward: 30.625
Mean eval reward: 26.875
Successful test levels: 69.50354609929079 %
Successful eval levels: 62.31884057971014 %
Step: 172032
Mean test reward: 33.125
Mean eval reward: 26.25
Successful test levels: 70.66666666666667 %
Successful eval levels: 60.431654676258994 %
Step: 180224
Mean test reward: 25.625
Mean eval reward: 25.0
Successful test levels: 61.19402985074627 %
Successful eval levels: 62.01550387596899 %
Step: 188416
Mean test reward: 31.5625
Mean eval reward: 25.9375
Successful test levels: 67.33333333333333 %
Successful eval levels: 62.40601503759399 %
Step: 196608
Mean test reward: 35.0
Mean eval reward: 30.625
Successful test levels: 72.72727272727273 %
Successful eval levels: 66.21621621621621 %
Step: 204800
Mean test reward: 35.625
Mean eval reward: 28.125
Successful test levels: 71.69811320754717 %
Successful eval levels: 61.224489795918366 %
Step: 212992
Mean test reward: 34.375
Mean eval reward: 30.3125
Successful test levels: 68.75 %
Successful eval levels: 66.43835616438356 %
Step: 221184
Mean test reward: 41.875
Mean eval reward: 33.125
Successful test levels: 77.45664739884393 %
Successful eval levels: 67.08860759493672 %
Step: 229376
Mean test reward: 37.1875
Mean eval reward: 35.0
Successful test levels: 75.31645569620254 %
Successful eval levels: 68.71165644171779 %
Step: 237568
Mean test reward: 35.625
Mean eval reward: 31.875
Successful test levels: 66.66666666666666 %
Successful eval levels: 63.74999999999999 %
Step: 245760
Mean test reward: 43.75
Mean eval reward: 33.4375
Successful test levels: 75.67567567567568 %
Successful eval levels: 66.875 %
Step: 253952
Mean test reward: 37.5
Mean eval reward: 33.75
Successful test levels: 70.17543859649122 %
Successful eval levels: 62.06896551724138 %
Step: 262144
Mean test reward: 45.3125
Mean eval reward: 32.8125
Successful test levels: 73.23232323232324 %
Successful eval levels: 64.81481481481481 %
Step: 270336
Mean test reward: 44.6875
Mean eval reward: 32.5
Successful test levels: 79.44444444444444 %
Successful eval levels: 67.97385620915033 %
Step: 278528
Mean test reward: 43.125
Mean eval reward: 32.8125
Successful test levels: 75.40983606557377 %
Successful eval levels: 59.32203389830508 %
Step: 286720
Mean test reward: 41.25
Mean eval reward: 37.8125
Successful test levels: 66.33165829145729 %
Successful eval levels: 64.36170212765957 %
Step: 294912
Mean test reward: 40.0
Mean eval reward: 36.875
Successful test levels: 68.81720430107528 %
Successful eval levels: 65.19337016574586 %
Step: 303104
Mean test reward: 47.5
Mean eval reward: 37.5
Successful test levels: 71.69811320754717 %
Successful eval levels: 65.57377049180327 %
Step: 311296
Mean test reward: 45.625
Mean eval reward: 40.3125
Successful test levels: 77.6595744680851 %
Successful eval levels: 71.27071823204419 %
Step: 319488
Mean test reward: 43.75
Mean eval reward: 38.75
Successful test levels: 72.91666666666666 %
Successful eval levels: 75.15151515151514 %
Step: 327680
Mean test reward: 43.4375
Mean eval reward: 37.5
Successful test levels: 77.6536312849162 %
Successful eval levels: 63.1578947368421 %
Step: 335872
Mean test reward: 48.4375
Mean eval reward: 34.375
Successful test levels: 77.5 %
Successful eval levels: 62.14689265536724 %
Step: 344064
Mean test reward: 45.625
Mean eval reward: 40.625
Successful test levels: 74.11167512690355 %
Successful eval levels: 68.06282722513089 %
Step: 352256
Mean test reward: 48.125
Mean eval reward: 41.5625
Successful test levels: 82.79569892473118 %
Successful eval levels: 71.12299465240642 %
Step: 360448
Mean test reward: 49.6875
Mean eval reward: 36.25
Successful test levels: 74.64788732394366 %
Successful eval levels: 64.08839779005525 %
Step: 368640
Mean test reward: 48.4375
Mean eval reward: 38.125
Successful test levels: 79.08163265306123 %
Successful eval levels: 65.94594594594595 %
Step: 376832
Mean test reward: 48.75
Mean eval reward: 40.30332565307617
Successful test levels: 78.78787878787878 %
Successful eval levels: 65.81632653061224 %
Step: 385024
Mean test reward: 45.0
Mean eval reward: 39.52349090576172
Successful test levels: 75.39267015706807 %
Successful eval levels: 70.55555555555556 %
Step: 393216
Mean test reward: 46.25
Mean eval reward: 39.61705017089844
Successful test levels: 77.4869109947644 %
Successful eval levels: 69.1891891891892 %
Step: 401408
Mean test reward: 44.0625
Mean eval reward: 39.41086196899414
Successful test levels: 77.04918032786885 %
Successful eval levels: 69.56521739130434 %
Step: 409600
Mean test reward: 45.0
Mean eval reward: 41.03129196166992
Successful test levels: 79.55801104972376 %
Successful eval levels: 70.52631578947368 %
Step: 417792
Mean test reward: 41.875
Mean eval reward: 28.68379020690918
Successful test levels: 74.44444444444444 %
Successful eval levels: 60.64516129032258 %
Step: 425984
Mean test reward: 47.1875
Mean eval reward: 40.77443313598633
Successful test levels: 81.18279569892472 %
Successful eval levels: 70.8994708994709 %
Step: 434176
Mean test reward: 45.9375
Mean eval reward: 40.27739334106445
Successful test levels: 78.19148936170212 %
Successful eval levels: 70.37037037037037 %
Step: 442368
Mean test reward: 45.3125
Mean eval reward: 40.10051345825195
Successful test levels: 78.80434782608695 %
Successful eval levels: 70.74468085106383 %
Step: 450560
Mean test reward: 45.0
Mean eval reward: 33.937835693359375
Successful test levels: 75.39267015706807 %
Successful eval levels: 62.08791208791209 %
Step: 458752
Mean test reward: 49.375
Mean eval reward: 37.42167663574219
Successful test levels: 79.7979797979798 %
Successful eval levels: 65.10416666666666 %
Step: 466944
Mean test reward: 46.25
Mean eval reward: 36.72203063964844
Successful test levels: 85.0574712643678 %
Successful eval levels: 66.48648648648648 %
Step: 475136
Mean test reward: 49.6875
Mean eval reward: 37.47870635986328
Successful test levels: 82.38341968911918 %
Successful eval levels: 70.78651685393258 %
Step: 483328
Mean test reward: 44.6875
Mean eval reward: 40.9162483215332
Successful test levels: 80.7909604519774 %
Successful eval levels: 68.65671641791045 %
Step: 491520
Mean test reward: 46.875
Mean eval reward: 36.63254165649414
Successful test levels: 77.31958762886599 %
Successful eval levels: 68.50828729281768 %
Step: 499712
Mean test reward: 45.0
Mean eval reward: 31.547943115234375
Successful test levels: 78.68852459016394 %
Successful eval levels: 61.849710982658955 %
Step: 507904
Mean test reward: 46.875
Mean eval reward: 35.901885986328125
Successful test levels: 79.36507936507937 %
Successful eval levels: 70.52023121387283 %
Step: 516096
Mean test reward: 48.125
Mean eval reward: 38.147377014160156
Successful test levels: 81.48148148148148 %
Successful eval levels: 69.5187165775401 %
Step: 524288
Mean test reward: 49.0625
Mean eval reward: 36.86955261230469
Successful test levels: 82.19895287958116 %
Successful eval levels: 65.28497409326425 %
Step: 532480
Mean test reward: 48.125
Mean eval reward: 39.0960578918457
Successful test levels: 80.20833333333334 %
Successful eval levels: 70.15706806282722 %
Step: 540672
Mean test reward: 50.0
Mean eval reward: 32.90364456176758
Successful test levels: 82.05128205128204 %
Successful eval levels: 60.42780748663101 %
Step: 548864
Mean test reward: 41.25
Mean eval reward: 32.56313705444336
Successful test levels: 76.74418604651163 %
Successful eval levels: 69.1358024691358 %
Step: 557056
Mean test reward: 48.125
Mean eval reward: 33.10691833496094
Successful test levels: 80.6282722513089 %
Successful eval levels: 65.89595375722543 %
Step: 565248
Mean test reward: 43.75
Mean eval reward: 29.886943817138672
Successful test levels: 75.67567567567568 %
Successful eval levels: 61.67664670658682 %
Step: 573440
Mean test reward: 47.5
Mean eval reward: 37.0880126953125
Successful test levels: 81.72043010752688 %
Successful eval levels: 66.66666666666666 %
Step: 581632
Mean test reward: 46.25
Mean eval reward: 35.55766677856445
Successful test levels: 81.31868131868131 %
Successful eval levels: 67.58241758241759 %
Step: 589824
Mean test reward: 48.75
Mean eval reward: 28.306903839111328
Successful test levels: 75.72815533980582 %
Successful eval levels: 64.05228758169935 %
Step: 598016
Mean test reward: 48.75
Mean eval reward: 37.21733093261719
Successful test levels: 84.32432432432432 %
Successful eval levels: 71.27071823204419 %
Step: 606208
Mean test reward: 43.4375
Mean eval reward: 36.273231506347656
Successful test levels: 78.53107344632768 %
Successful eval levels: 68.47826086956522 %
Step: 614400
Mean test reward: 47.8125
Mean eval reward: 34.489013671875
Successful test levels: 78.06122448979592 %
Successful eval levels: 68.96551724137932 %
Step: 622592
Mean test reward: 50.9375
Mean eval reward: 32.719825744628906
Successful test levels: 85.34031413612566 %
Successful eval levels: 65.51724137931035 %
Step: 630784
Mean test reward: 47.5
Mean eval reward: 34.97455596923828
Successful test levels: 83.51648351648352 %
Successful eval levels: 70.11494252873564 %
Step: 638976
Mean test reward: 45.0
Mean eval reward: 35.20180130004883
Successful test levels: 81.35593220338984 %
Successful eval levels: 67.21311475409836 %
Step: 647168
Mean test reward: 42.5
Mean eval reward: 36.008583068847656
Successful test levels: 76.40449438202246 %
Successful eval levels: 66.3157894736842 %
Step: 655360
Mean test reward: 46.875
Mean eval reward: 36.513023376464844
Successful test levels: 86.70520231213872 %
Successful eval levels: 69.94535519125684 %
Step: 663552
Mean test reward: 47.5
Mean eval reward: 32.190093994140625
Successful test levels: 77.55102040816327 %
Successful eval levels: 68.07228915662651 %
Step: 671744
Mean test reward: 50.625
Mean eval reward: 32.734493255615234
Successful test levels: 83.93782383419689 %
Successful eval levels: 68.45238095238095 %
Step: 679936
Mean test reward: 47.1875
Mean eval reward: 36.95430374145508
Successful test levels: 80.74866310160428 %
Successful eval levels: 73.44632768361582 %
Step: 688128
Mean test reward: 50.3125
Mean eval reward: 34.621978759765625
Successful test levels: 83.41968911917098 %
Successful eval levels: 66.30434782608695 %
Step: 696320
Mean test reward: 44.6875
Mean eval reward: 31.190473556518555
Successful test levels: 79.44444444444444 %
Successful eval levels: 68.75 %
Step: 704512
Mean test reward: 48.75
Mean eval reward: 30.89653205871582
Successful test levels: 82.10526315789474 %
Successful eval levels: 64.88095238095238 %
Step: 712704
Mean test reward: 42.5
Mean eval reward: 33.985260009765625
Successful test levels: 79.06976744186046 %
Successful eval levels: 67.79661016949152 %
Step: 720896
Mean test reward: 46.25
Mean eval reward: 32.256980895996094
Successful test levels: 80.0 %
Successful eval levels: 67.05882352941175 %
Step: 729088
Mean test reward: 49.375
Mean eval reward: 33.07966995239258
Successful test levels: 84.04255319148936 %
Successful eval levels: 61.578947368421055 %
Step: 737280
Mean test reward: 47.5
Mean eval reward: 38.391658782958984
Successful test levels: 87.35632183908046 %
Successful eval levels: 71.95767195767195 %
Step: 745472
Mean test reward: 45.625
Mean eval reward: 32.99551773071289
Successful test levels: 82.02247191011236 %
Successful eval levels: 70.48192771084338 %
Step: 753664
Mean test reward: 46.875
Mean eval reward: 31.291006088256836
Successful test levels: 84.26966292134831 %
Successful eval levels: 63.06818181818182 %
Step: 761856
Mean test reward: 48.75
Mean eval reward: 32.38538360595703
Successful test levels: 83.87096774193549 %
Successful eval levels: 68.8622754491018 %
Step: 770048
Mean test reward: 49.6875
Mean eval reward: 38.52723693847656
Successful test levels: 87.36263736263736 %
Successful eval levels: 69.54314720812182 %
Step: 778240
Mean test reward: 46.875
Mean eval reward: 34.542484283447266
Successful test levels: 82.87292817679558 %
Successful eval levels: 67.21311475409836 %
Step: 786432
Mean test reward: 45.625
Mean eval reward: 35.35063934326172
Successful test levels: 82.02247191011236 %
Successful eval levels: 68.85245901639344 %
Step: 794624
Mean test reward: 50.9375
Mean eval reward: 39.21229553222656
Successful test levels: 84.89583333333334 %
Successful eval levels: 73.29842931937172 %
Step: 802816
Mean test reward: 46.25
Mean eval reward: 36.63904571533203
Successful test levels: 82.68156424581005 %
Successful eval levels: 67.5257731958763 %
Step: 811008
Mean test reward: 46.5625
Mean eval reward: 38.26750183105469
Successful test levels: 81.4207650273224 %
Successful eval levels: 69.54314720812182 %
Step: 819200
Mean test reward: 44.375
Mean eval reward: 33.20073699951172
Successful test levels: 84.52380952380952 %
Successful eval levels: 68.0 %
Step: 827392
Mean test reward: 49.375
Mean eval reward: 36.23767852783203
Successful test levels: 83.5978835978836 %
Successful eval levels: 73.03370786516854 %
Step: 835584
Mean test reward: 48.4375
Mean eval reward: 31.469432830810547
Successful test levels: 82.01058201058201 %
Successful eval levels: 65.3179190751445 %
Step: 843776
Mean test reward: 43.4375
Mean eval reward: 33.956077575683594
Successful test levels: 83.23353293413174 %
Successful eval levels: 73.05389221556887 %
Step: 851968
Mean test reward: 49.0625
Mean eval reward: 35.58355712890625
Successful test levels: 84.40860215053763 %
Successful eval levels: 69.1891891891892 %
Step: 860160
Mean test reward: 47.8125
Mean eval reward: 31.128337860107422
Successful test levels: 85.95505617977528 %
Successful eval levels: 69.1358024691358 %
Step: 868352
Mean test reward: 50.9375
Mean eval reward: 32.77350997924805
Successful test levels: 84.89583333333334 %
Successful eval levels: 67.42857142857143 %
Step: 876544
Mean test reward: 41.875
Mean eval reward: 37.73127746582031
Successful test levels: 77.01149425287356 %
Successful eval levels: 69.03553299492386 %
Step: 884736
Mean test reward: 46.875
Mean eval reward: 32.709800720214844
Successful test levels: 88.75739644970415 %
Successful eval levels: 71.51515151515152 %
Step: 892928
Mean test reward: 50.9375
Mean eval reward: 38.50072479248047
Successful test levels: 86.70212765957447 %
Successful eval levels: 71.64948453608247 %
Step: 901120
Mean test reward: 46.25
Mean eval reward: 37.60958480834961
Successful test levels: 85.0574712643678 %
Successful eval levels: 70.46632124352331 %
Step: 909312
Mean test reward: 44.0625
Mean eval reward: 32.32919692993164
Successful test levels: 81.5028901734104 %
Successful eval levels: 65.73033707865169 %
Step: 917504
Mean test reward: 45.625
Mean eval reward: 30.938383102416992
Successful test levels: 84.39306358381504 %
Successful eval levels: 70.44025157232704 %
Step: 925696
Mean test reward: 45.3125
Mean eval reward: 33.68386459350586
Successful test levels: 82.38636363636364 %
Successful eval levels: 68.15642458100558 %
Step: 933888
Mean test reward: 49.6875
Mean eval reward: 38.88739776611328
Successful test levels: 84.12698412698413 %
Successful eval levels: 70.5 %
Step: 942080
Mean test reward: 50.3125
Mean eval reward: 32.244056701660156
Successful test levels: 87.97814207650273 %
Successful eval levels: 66.85714285714286 %
Step: 950272
Mean test reward: 48.4375
Mean eval reward: 32.22774124145508
Successful test levels: 90.11627906976744 %
Successful eval levels: 65.0 %
Step: 958464
Mean test reward: 45.3125
Mean eval reward: 33.867305755615234
Successful test levels: 83.33333333333334 %
Successful eval levels: 66.48648648648648 %
Step: 966656
Mean test reward: 46.5625
Mean eval reward: 32.749122619628906
Successful test levels: 86.1271676300578 %
Successful eval levels: 66.4804469273743 %
Step: 974848
Mean test reward: 50.0
Mean eval reward: 30.53661346435547
Successful test levels: 89.8876404494382 %
Successful eval levels: 65.29411764705883 %
Step: 983040
Mean test reward: 45.0
Mean eval reward: 36.839027404785156
Successful test levels: 86.74698795180723 %
Successful eval levels: 70.8994708994709 %
Step: 991232
Mean test reward: 47.8125
Mean eval reward: 30.220712661743164
Successful test levels: 90.0 %
Successful eval levels: 65.08875739644971 %
Step: 999424
Mean test reward: 47.5
Mean eval reward: 34.05667495727539
Successful test levels: 86.85714285714286 %
Successful eval levels: 68.13186813186813 %
Step: 1007616
Mean test reward: 49.375
Mean eval reward: 34.039466857910156
Successful test levels: 90.80459770114942 %
Successful eval levels: 70.85714285714285 %
Step: 1015808
Mean test reward: 46.25
Mean eval reward: 33.468780517578125
Successful test levels: 87.05882352941177 %
Successful eval levels: 69.71428571428572 %
Step: 1024000
Mean test reward: 49.375
Mean eval reward: 33.17827224731445
Successful test levels: 84.94623655913979 %
Successful eval levels: 69.94219653179191 %
Step: 1032192
Mean test reward: 49.375
Mean eval reward: 36.169315338134766
Successful test levels: 88.76404494382022 %
Successful eval levels: 73.74301675977654 %
Step: 1040384
Mean test reward: 56.5625
Mean eval reward: 28.75768280029297
Successful test levels: 92.3469387755102 %
Successful eval levels: 65.625 %
Step: 1048576
Mean test reward: 51.875
Mean eval reward: 37.505184173583984
Successful test levels: 89.24731182795699 %
Successful eval levels: 76.53631284916202 %
Step: 1056768
Mean test reward: 47.1875
Mean eval reward: 33.651126861572266
Successful test levels: 87.79069767441861 %
Successful eval levels: 69.49152542372882 %
Step: 1064960
Mean test reward: 49.375
Mean eval reward: 33.629573822021484
Successful test levels: 87.29281767955801 %
Successful eval levels: 72.35294117647058 %
Step: 1073152
Mean test reward: 46.5625
Mean eval reward: 35.51800537109375
Successful test levels: 85.14285714285714 %
Successful eval levels: 69.89247311827957 %
Step: 1081344
Mean test reward: 50.625
Mean eval reward: 30.319786071777344
Successful test levels: 90.5027932960894 %
Successful eval levels: 65.68047337278107 %
Step: 1089536
Mean test reward: 48.4375
Mean eval reward: 32.499393463134766
Successful test levels: 91.71597633136095 %
Successful eval levels: 71.25748502994011 %
Step: 1097728
Mean test reward: 51.25
Mean eval reward: 32.210792541503906
Successful test levels: 89.61748633879782 %
Successful eval levels: 69.00584795321637 %
Step: 1105920
Mean test reward: 45.0
Mean eval reward: 31.384334564208984
Successful test levels: 87.27272727272727 %
Successful eval levels: 64.97175141242938 %
Step: 1114112
Mean test reward: 48.75
Mean eval reward: 39.27322006225586
Successful test levels: 90.17341040462428 %
Successful eval levels: 77.83783783783784 %
Step: 1122304
Mean test reward: 43.125
Mean eval reward: 32.97443771362305
Successful test levels: 81.65680473372781 %
Successful eval levels: 68.75 %
Step: 1130496
Mean test reward: 45.3125
Mean eval reward: 33.77580642700195
Successful test levels: 86.30952380952381 %
Successful eval levels: 68.13186813186813 %
Step: 1138688
Mean test reward: 45.0
Mean eval reward: 32.95208740234375
Successful test levels: 84.70588235294117 %
Successful eval levels: 68.75 %
Step: 1146880
Mean test reward: 49.0625
Mean eval reward: 34.83583068847656
Successful test levels: 89.71428571428571 %
Successful eval levels: 68.81720430107528 %
Step: 1155072
Mean test reward: 48.125
Mean eval reward: 35.62517547607422
Successful test levels: 88.0 %
Successful eval levels: 73.59550561797754 %
Step: 1163264
Mean test reward: 47.5
Mean eval reward: 34.5181884765625
Successful test levels: 84.44444444444444 %
Successful eval levels: 71.75141242937853 %
Step: 1171456
Mean test reward: 54.0625
Mean eval reward: 31.790451049804688
Successful test levels: 91.53439153439153 %
Successful eval levels: 68.42105263157895 %
Step: 1179648
Mean test reward: 49.6875
Mean eval reward: 36.39156723022461
Successful test levels: 88.8268156424581 %
Successful eval levels: 71.27659574468085 %
Step: 1187840
Mean test reward: 51.5625
Mean eval reward: 33.6540641784668
Successful test levels: 85.9375 %
Successful eval levels: 67.3913043478261 %
Step: 1196032
Mean test reward: 53.125
Mean eval reward: 34.72435760498047
Successful test levels: 89.47368421052632 %
Successful eval levels: 71.11111111111111 %
Step: 1204224
Mean test reward: 46.5625
Mean eval reward: 39.032257080078125
Successful test levels: 82.32044198895028 %
Successful eval levels: 69.90291262135922 %
Step: 1212416
Mean test reward: 46.5625
Mean eval reward: 32.233314514160156
Successful test levels: 86.62790697674419 %
Successful eval levels: 68.78612716763006 %
Step: 1220608
Mean test reward: 47.8125
Mean eval reward: 31.95460319519043
Successful test levels: 89.47368421052632 %
Successful eval levels: 67.04545454545455 %
Step: 1228800
Mean test reward: 45.0
Mean eval reward: 34.92558288574219
Successful test levels: 84.21052631578947 %
Successful eval levels: 69.35483870967742 %
Step: 1236992
Mean test reward: 47.1875
Mean eval reward: 32.74307632446289
Successful test levels: 88.8235294117647 %
Successful eval levels: 69.14285714285714 %
Step: 1245184
Mean test reward: 43.75
Mean eval reward: 35.701908111572266
Successful test levels: 89.171974522293 %
Successful eval levels: 75.0 %
Step: 1253376
Mean test reward: 46.5625
Mean eval reward: 29.746061325073242
Successful test levels: 82.32044198895028 %
Successful eval levels: 67.90123456790124 %
Step: 1261568
Mean test reward: 43.4375
Mean eval reward: 31.093608856201172
Successful test levels: 88.53503184713377 %
Successful eval levels: 70.1219512195122 %
Step: 1269760
Mean test reward: 41.25
Mean eval reward: 36.48936080932617
Successful test levels: 84.07643312101911 %
Successful eval levels: 69.94818652849742 %
Step: 1277952
Mean test reward: 53.4375
Mean eval reward: 37.2704963684082
Successful test levels: 89.0625 %
Successful eval levels: 73.40425531914893 %
Step: 1286144
Mean test reward: 46.875
Mean eval reward: 34.54711151123047
Successful test levels: 86.70520231213872 %
Successful eval levels: 70.71823204419888 %
Step: 1294336
Mean test reward: 43.75
Mean eval reward: 31.840578079223633
Successful test levels: 85.88957055214725 %
Successful eval levels: 69.41176470588235 %
Step: 1302528
Mean test reward: 46.5625
Mean eval reward: 33.71567916870117
Successful test levels: 86.1271676300578 %
Successful eval levels: 69.06077348066299 %
Step: 1310720
Mean test reward: 47.5
Mean eval reward: 33.169132232666016
Successful test levels: 88.88888888888889 %
Successful eval levels: 68.71508379888269 %
Step: 1318912
Mean test reward: 46.875
Mean eval reward: 36.11552429199219
Successful test levels: 84.7457627118644 %
Successful eval levels: 72.43243243243244 %
Step: 1327104
Mean test reward: 43.125
Mean eval reward: 37.16868209838867
Successful test levels: 87.34177215189874 %
Successful eval levels: 72.63157894736842 %
Step: 1335296
Mean test reward: 41.5625
Mean eval reward: 35.80173110961914
Successful test levels: 91.0958904109589 %
Successful eval levels: 71.12299465240642 %
Step: 1343488
Mean test reward: 48.125
Mean eval reward: 30.67353057861328
Successful test levels: 90.05847953216374 %
Successful eval levels: 69.51219512195121 %
Step: 1351680
Mean test reward: 47.8125
Mean eval reward: 39.266090393066406
Successful test levels: 87.42857142857143 %
Successful eval levels: 75.64766839378238 %
Step: 1359872
Mean test reward: 53.4375
Mean eval reward: 32.259376525878906
Successful test levels: 88.60103626943005 %
Successful eval levels: 69.76744186046511 %
Step: 1368064
Mean test reward: 48.75
Mean eval reward: 37.88383483886719
Successful test levels: 90.17341040462428 %
Successful eval levels: 77.47252747252747 %
Step: 1376256
Mean test reward: 48.125
Mean eval reward: 34.90982437133789
Successful test levels: 88.50574712643679 %
Successful eval levels: 75.5813953488372 %
Step: 1384448
Mean test reward: 47.1875
Mean eval reward: 37.03439712524414
Successful test levels: 91.51515151515152 %
Successful eval levels: 73.79679144385027 %
Step: 1392640
Mean test reward: 47.5
Mean eval reward: 37.54971694946289
Successful test levels: 88.37209302325581 %
Successful eval levels: 75.67567567567568 %
Step: 1400832
Mean test reward: 48.75
Mean eval reward: 32.43571472167969
Successful test levels: 86.66666666666667 %
Successful eval levels: 71.17647058823529 %
Step: 1409024
Mean test reward: 52.8125
Mean eval reward: 35.37401580810547
Successful test levels: 90.86021505376344 %
Successful eval levels: 78.10650887573965 %
Step: 1417216
Mean test reward: 46.25
Mean eval reward: 29.20351791381836
Successful test levels: 90.79754601226993 %
Successful eval levels: 68.55345911949685 %
Step: 1425408
Mean test reward: 45.3125
Mean eval reward: 37.23145294189453
Successful test levels: 91.19496855345912 %
Successful eval levels: 73.54497354497354 %
Step: 1433600
Mean test reward: 50.3125
Mean eval reward: 38.00932693481445
Successful test levels: 87.5 %
Successful eval levels: 76.34408602150538 %
Step: 1441792
Mean test reward: 50.625
Mean eval reward: 36.110931396484375
Successful test levels: 92.04545454545455 %
Successful eval levels: 75.0 %
Step: 1449984
Mean test reward: 46.875
Mean eval reward: 31.289470672607422
Successful test levels: 89.82035928143712 %
Successful eval levels: 67.63005780346822 %
Step: 1458176
Mean test reward: 50.625
Mean eval reward: 33.95566177368164
Successful test levels: 91.01123595505618 %
Successful eval levels: 70.1657458563536 %
Step: 1466368
Mean test reward: 46.875
Mean eval reward: 36.87965774536133
Successful test levels: 92.5925925925926 %
Successful eval levels: 75.40983606557377 %
Step: 1474560
Mean test reward: 56.875
Mean eval reward: 39.25457000732422
Successful test levels: 91.91919191919192 %
Successful eval levels: 73.5 %
Step: 1482752
Mean test reward: 49.0625
Mean eval reward: 40.02710723876953
Successful test levels: 92.89940828402366 %
Successful eval levels: 77.720207253886 %
Step: 1490944
Mean test reward: 47.5
Mean eval reward: 32.803001403808594
Successful test levels: 92.12121212121212 %
Successful eval levels: 71.51162790697676 %
Step: 1499136
Mean test reward: 45.625
Mean eval reward: 31.195480346679688
Successful test levels: 86.90476190476191 %
Successful eval levels: 76.97368421052632 %
Step: 1507328
Mean test reward: 53.4375
Mean eval reward: 33.059349060058594
Successful test levels: 90.0 %
Successful eval levels: 77.5 %
Step: 1515520
Mean test reward: 44.375
Mean eval reward: 33.586387634277344
Successful test levels: 83.04093567251462 %
Successful eval levels: 75.0 %
Step: 1523712
Mean test reward: 51.25
Mean eval reward: 34.63835525512695
Successful test levels: 92.65536723163842 %
Successful eval levels: 70.27027027027027 %
Step: 1531904
Mean test reward: 50.9375
Mean eval reward: 35.959957122802734
Successful test levels: 94.21965317919076 %
Successful eval levels: 73.77049180327869 %
Step: 1540096
Mean test reward: 46.25
Mean eval reward: 34.07795715332031
Successful test levels: 89.1566265060241 %
Successful eval levels: 71.91011235955057 %
Step: 1548288
Mean test reward: 48.4375
Mean eval reward: 29.549846649169922
Successful test levels: 93.37349397590361 %
Successful eval levels: 69.81132075471697 %
Step: 1556480
Mean test reward: 49.6875
Mean eval reward: 35.39780807495117
Successful test levels: 87.36263736263736 %
Successful eval levels: 72.6775956284153 %
Step: 1564672
Mean test reward: 48.4375
Mean eval reward: 35.64868927001953
Successful test levels: 90.11627906976744 %
Successful eval levels: 75.70621468926554 %
Step: 1572864
Mean test reward: 50.3125
Mean eval reward: 37.75684356689453
Successful test levels: 90.96045197740112 %
Successful eval levels: 74.73684210526315 %
Step: 1581056
Mean test reward: 45.3125
Mean eval reward: 36.94197082519531
Successful test levels: 91.77215189873418 %
Successful eval levels: 75.95628415300546 %
Step: 1589248
Mean test reward: 51.875
Mean eval reward: 32.141632080078125
Successful test levels: 93.78531073446328 %
Successful eval levels: 69.14285714285714 %
Step: 1597440
Mean test reward: 45.0
Mean eval reward: 34.528846740722656
Successful test levels: 90.56603773584906 %
Successful eval levels: 71.42857142857143 %
Step: 1605632
Mean test reward: 46.875
Mean eval reward: 33.72145080566406
Successful test levels: 87.20930232558139 %
Successful eval levels: 72.1590909090909 %
Step: 1613824
Mean test reward: 57.5
Mean eval reward: 33.97870635986328
Successful test levels: 94.35897435897435 %
Successful eval levels: 69.94535519125684 %
Step: 1622016
Mean test reward: 45.9375
Mean eval reward: 39.79948806762695
Successful test levels: 94.23076923076923 %
Successful eval levels: 77.720207253886 %
Step: 1630208
Mean test reward: 49.6875
Mean eval reward: 31.823989868164062
Successful test levels: 94.64285714285714 %
Successful eval levels: 72.72727272727273 %
Step: 1638400
Mean test reward: 50.0
Mean eval reward: 31.82139778137207
Successful test levels: 93.02325581395348 %
Successful eval levels: 68.96551724137932 %
Step: 1646592
Mean test reward: 47.5
Mean eval reward: 31.816143035888672
Successful test levels: 93.25153374233128 %
Successful eval levels: 70.58823529411765 %
Step: 1654784
Mean test reward: 49.375
Mean eval reward: 38.4321174621582
Successful test levels: 88.76404494382022 %
Successful eval levels: 71.42857142857143 %
Step: 1662976
Mean test reward: 49.0625
Mean eval reward: 37.354183197021484
Successful test levels: 90.22988505747126 %
Successful eval levels: 73.05699481865285 %
Step: 1671168
Mean test reward: 50.625
Mean eval reward: 36.00960159301758
Successful test levels: 94.18604651162791 %
Successful eval levels: 75.97765363128491 %
Step: 1679360
Mean test reward: 48.75
Mean eval reward: 32.82221984863281
Successful test levels: 95.1219512195122 %
Successful eval levels: 73.80952380952381 %
Step: 1687552
Mean test reward: 50.0
Mean eval reward: 33.8751106262207
Successful test levels: 92.48554913294798 %
Successful eval levels: 72.72727272727273 %
Step: 1695744
Mean test reward: 47.5
Mean eval reward: 35.71406555175781
Successful test levels: 89.94082840236686 %
Successful eval levels: 77.14285714285715 %
Step: 1703936
Mean test reward: 56.25
Mean eval reward: 34.648101806640625
Successful test levels: 94.73684210526315 %
Successful eval levels: 74.01129943502825 %
Step: 1712128
Mean test reward: 49.6875
Mean eval reward: 29.614412307739258
Successful test levels: 90.85714285714286 %
Successful eval levels: 64.36781609195403 %
Step: 1720320
Mean test reward: 45.0
Mean eval reward: 38.59636306762695
Successful test levels: 92.3076923076923 %
Successful eval levels: 75.64766839378238 %
Step: 1728512
Mean test reward: 48.4375
Mean eval reward: 35.40966796875
Successful test levels: 91.17647058823529 %
Successful eval levels: 71.65775401069519 %
Step: 1736704
Mean test reward: 50.625
Mean eval reward: 33.81251525878906
Successful test levels: 91.01123595505618 %
Successful eval levels: 76.64670658682635 %
Step: 1744896
Mean test reward: 50.625
Mean eval reward: 30.638839721679688
Successful test levels: 94.73684210526315 %
Successful eval levels: 72.5 %
Step: 1753088
Mean test reward: 48.75
Mean eval reward: 34.59446334838867
Successful test levels: 92.3076923076923 %
Successful eval levels: 78.44311377245509 %
Step: 1761280
Mean test reward: 44.6875
Mean eval reward: 37.22357177734375
Successful test levels: 91.66666666666666 %
Successful eval levels: 75.80645161290323 %
Step: 1769472
Mean test reward: 45.625
Mean eval reward: 36.412742614746094
Successful test levels: 89.57055214723927 %
Successful eval levels: 75.0 %
Step: 1777664
Mean test reward: 40.9375
Mean eval reward: 29.815073013305664
Successful test levels: 90.97222222222221 %
Successful eval levels: 68.90243902439023 %
Step: 1785856
Mean test reward: 45.0
Mean eval reward: 35.3502197265625
Successful test levels: 91.71974522292994 %
Successful eval levels: 73.62637362637363 %
Step: 1794048
Mean test reward: 45.625
Mean eval reward: 34.01850891113281
Successful test levels: 93.58974358974359 %
Successful eval levels: 73.71428571428571 %
Step: 1802240
Mean test reward: 46.875
Mean eval reward: 30.588659286499023
Successful test levels: 94.33962264150944 %
Successful eval levels: 73.88535031847134 %
Step: 1810432
Mean test reward: 47.1875
Mean eval reward: 34.800079345703125
Successful test levels: 93.7888198757764 %
Successful eval levels: 72.92817679558011 %
Step: 1818624
Mean test reward: 50.625
Mean eval reward: 33.2127799987793
Successful test levels: 94.73684210526315 %
Successful eval levels: 72.83236994219652 %
Step: 1826816
Mean test reward: 49.0625
Mean eval reward: 34.52094650268555
Successful test levels: 94.57831325301204 %
Successful eval levels: 75.72254335260115 %
Step: 1835008
Mean test reward: 50.625
Mean eval reward: 31.0938720703125
Successful test levels: 92.57142857142857 %
Successful eval levels: 73.75 %
Step: 1843200
Mean test reward: 54.6875
Mean eval reward: 34.249107360839844
Successful test levels: 95.62841530054644 %
Successful eval levels: 76.0233918128655 %
Step: 1851392
Mean test reward: 49.0625
Mean eval reward: 32.40053176879883
Successful test levels: 93.45238095238095 %
Successful eval levels: 68.33333333333333 %
Step: 1859584
Mean test reward: 46.25
Mean eval reward: 33.707664489746094
Successful test levels: 93.08176100628931 %
Successful eval levels: 70.71823204419888 %
Step: 1867776
Mean test reward: 46.875
Mean eval reward: 32.387088775634766
Successful test levels: 91.46341463414635 %
Successful eval levels: 77.84810126582279 %
Step: 1875968
Mean test reward: 50.9375
Mean eval reward: 36.8549919128418
Successful test levels: 94.21965317919076 %
Successful eval levels: 80.92485549132948 %
Step: 1884160
Mean test reward: 52.5
Mean eval reward: 35.52861785888672
Successful test levels: 93.85474860335195 %
Successful eval levels: 77.58620689655173 %
Step: 1892352
Mean test reward: 50.0
Mean eval reward: 32.09617614746094
Successful test levels: 91.42857142857143 %
Successful eval levels: 75.30864197530865 %
Step: 1900544
Mean test reward: 49.375
Mean eval reward: 31.835195541381836
Successful test levels: 92.39766081871345 %
Successful eval levels: 75.15527950310559 %
Step: 1908736
Mean test reward: 49.375
Mean eval reward: 36.034969329833984
Successful test levels: 92.94117647058823 %
Successful eval levels: 72.87234042553192 %
Step: 1916928
Mean test reward: 54.375
Mean eval reward: 37.07011413574219
Successful test levels: 91.57894736842105 %
Successful eval levels: 79.66101694915254 %
Step: 1925120
Mean test reward: 51.5625
Mean eval reward: 34.954734802246094
Successful test levels: 94.28571428571428 %
Successful eval levels: 81.09756097560977 %
Step: 1933312
Mean test reward: 56.875
Mean eval reward: 30.747648239135742
Successful test levels: 93.81443298969072 %
Successful eval levels: 71.77914110429448 %
Step: 1941504
Mean test reward: 49.6875
Mean eval reward: 33.89731979370117
Successful test levels: 96.95121951219512 %
Successful eval levels: 77.71084337349397 %
Step: 1949696
Mean test reward: 51.25
Mean eval reward: 31.26510238647461
Successful test levels: 95.90643274853801 %
Successful eval levels: 68.0 %
Step: 1957888
Mean test reward: 47.8125
Mean eval reward: 31.00197410583496
Successful test levels: 91.07142857142857 %
Successful eval levels: 73.29192546583852 %
Step: 1966080
Mean test reward: 49.375
Mean eval reward: 34.67755889892578
Successful test levels: 92.39766081871345 %
Successful eval levels: 74.57627118644068 %
Step: 1974272
Mean test reward: 49.0625
Mean eval reward: 28.89389419555664
Successful test levels: 94.01197604790418 %
Successful eval levels: 64.70588235294117 %
Step: 1982464
Mean test reward: 48.75
Mean eval reward: 33.623939514160156
Successful test levels: 93.41317365269461 %
Successful eval levels: 73.5632183908046 %
Step: 1990656
Mean test reward: 41.875
Mean eval reward: 30.992504119873047
Successful test levels: 94.36619718309859 %
Successful eval levels: 72.8395061728395 %
Step: 1998848
Mean test reward: 50.3125
Mean eval reward: 38.07750701904297
Successful test levels: 92.52873563218391 %
Successful eval levels: 80.55555555555556 %
Step: 2007040
Mean test reward: 46.5625
Mean eval reward: 32.81475830078125
Successful test levels: 92.54658385093167 %
Successful eval levels: 71.83908045977012 %
Step: 2015232
Mean test reward: 52.1875
Mean eval reward: 35.16819763183594
Successful test levels: 93.82022471910112 %
Successful eval levels: 73.62637362637363 %
Step: 2023424
Mean test reward: 43.75
Mean eval reward: 27.55796241760254
Successful test levels: 90.32258064516128 %
Successful eval levels: 64.02439024390245 %
Step: 2031616
Mean test reward: 48.4375
Mean eval reward: 30.710575103759766
Successful test levels: 93.37349397590361 %
Successful eval levels: 68.82352941176471 %
Step: 2039808
Mean test reward: 49.375
Mean eval reward: 33.0748291015625
Successful test levels: 91.86046511627907 %
Successful eval levels: 70.39106145251397 %
Step: 2048000
Mean test reward: 48.75
Mean eval reward: 35.94740295410156
Successful test levels: 94.54545454545455 %
Successful eval levels: 76.53631284916202 %
Step: 2056192
Mean test reward: 49.375
Mean eval reward: 36.20342254638672
Successful test levels: 91.86046511627907 %
Successful eval levels: 75.40983606557377 %
Step: 2064384
Mean test reward: 47.1875
Mean eval reward: 29.903060913085938
Successful test levels: 92.63803680981594 %
Successful eval levels: 74.02597402597402 %
Step: 2072576
Mean test reward: 46.5625
Mean eval reward: 28.331933975219727
Successful test levels: 95.51282051282051 %
Successful eval levels: 71.05263157894737 %
Step: 2080768
Mean test reward: 51.875
Mean eval reward: 33.05303955078125
Successful test levels: 95.95375722543352 %
Successful eval levels: 69.61325966850829 %
Step: 2088960
Mean test reward: 47.8125
Mean eval reward: 31.477588653564453
Successful test levels: 91.07142857142857 %
Successful eval levels: 71.00591715976331 %
Step: 2097152
Mean test reward: 46.875
Mean eval reward: 34.35550308227539
Successful test levels: 92.5925925925926 %
Successful eval levels: 73.59550561797754 %
Step: 2105344
Mean test reward: 42.8125
Mean eval reward: 30.157257080078125
Successful test levels: 92.56756756756756 %
Successful eval levels: 75.16339869281046 %
Step: 2113536
Mean test reward: 44.6875
Mean eval reward: 32.5190544128418
Successful test levels: 88.81987577639751 %
Successful eval levels: 70.45454545454545 %
Step: 2121728
Mean test reward: 47.5
Mean eval reward: 33.823577880859375
Successful test levels: 91.56626506024097 %
Successful eval levels: 72.88135593220339 %
Step: 2129920
Mean test reward: 45.0
Mean eval reward: 35.12846374511719
Successful test levels: 89.44099378881988 %
Successful eval levels: 74.86033519553072 %
Step: 2138112
Mean test reward: 46.875
Mean eval reward: 33.02443313598633
Successful test levels: 92.5925925925926 %
Successful eval levels: 75.0 %
Step: 2146304
Mean test reward: 45.625
Mean eval reward: 31.711395263671875
Successful test levels: 91.25 %
Successful eval levels: 75.15527950310559 %
Step: 2154496
Mean test reward: 55.9375
Mean eval reward: 31.970251083374023
Successful test levels: 92.26804123711341 %
Successful eval levels: 69.31818181818183 %
Step: 2162688
Mean test reward: 51.5625
Mean eval reward: 34.84659194946289
Successful test levels: 93.75 %
Successful eval levels: 70.0 %
Step: 2170880
Mean test reward: 50.0
Mean eval reward: 31.176992416381836
Successful test levels: 92.48554913294798 %
Successful eval levels: 71.6867469879518 %
Step: 2179072
Mean test reward: 50.0
Mean eval reward: 31.435646057128906
Successful test levels: 91.42857142857143 %
Successful eval levels: 71.42857142857143 %
Step: 2187264
Mean test reward: 53.125
Mean eval reward: 28.294696807861328
Successful test levels: 92.3913043478261 %
Successful eval levels: 67.08074534161491 %
Step: 2195456
Mean test reward: 49.375
Mean eval reward: 28.03948211669922
Successful test levels: 95.18072289156626 %
Successful eval levels: 72.78911564625851 %
Step: 2203648
Mean test reward: 42.8125
Mean eval reward: 30.662256240844727
Successful test levels: 88.96103896103897 %
Successful eval levels: 69.23076923076923 %
Step: 2211840
Mean test reward: 47.1875
Mean eval reward: 29.092304229736328
Successful test levels: 92.63803680981594 %
Successful eval levels: 71.61290322580646 %
Step: 2220032
Mean test reward: 50.3125
Mean eval reward: 29.357254028320312
Successful test levels: 91.47727272727273 %
Successful eval levels: 71.7948717948718 %
Step: 2228224
Mean test reward: 43.4375
Mean eval reward: 35.12160873413086
Successful test levels: 94.5578231292517 %
Successful eval levels: 76.57142857142857 %
Step: 2236416
Mean test reward: 49.0625
Mean eval reward: 34.324302673339844
Successful test levels: 89.71428571428571 %
Successful eval levels: 71.58469945355192 %
Step: 2244608
Mean test reward: 57.5
Mean eval reward: 34.843719482421875
Successful test levels: 96.84210526315789 %
Successful eval levels: 76.878612716763 %
Step: 2252800
Mean test reward: 49.6875
Mean eval reward: 29.079593658447266
Successful test levels: 94.0828402366864 %
Successful eval levels: 75.51020408163265 %
Step: 2260992
Mean test reward: 54.375
Mean eval reward: 27.509521484375
Successful test levels: 92.06349206349206 %
Successful eval levels: 72.41379310344827 %
Step: 2269184
Mean test reward: 51.25
Mean eval reward: 30.918773651123047
Successful test levels: 93.18181818181817 %
Successful eval levels: 73.29192546583852 %
Step: 2277376
Mean test reward: 52.5
Mean eval reward: 29.611133575439453
Successful test levels: 92.3076923076923 %
Successful eval levels: 70.1863354037267 %
Step: 2285568
Mean test reward: 51.5625
Mean eval reward: 34.58761215209961
Successful test levels: 97.05882352941177 %
Successful eval levels: 72.1311475409836 %
Step: 2293760
Mean test reward: 46.875
Mean eval reward: 35.365379333496094
Successful test levels: 90.9090909090909 %
Successful eval levels: 73.36956521739131 %
Step: 2301952
Mean test reward: 53.75
Mean eval reward: 29.860910415649414
Successful test levels: 92.97297297297298 %
Successful eval levels: 66.66666666666666 %
Step: 2310144
Mean test reward: 55.9375
Mean eval reward: 31.433210372924805
Successful test levels: 94.21052631578948 %
Successful eval levels: 67.41573033707866 %
Step: 2318336
Mean test reward: 46.875
Mean eval reward: 35.09637451171875
Successful test levels: 90.36144578313254 %
Successful eval levels: 75.28089887640449 %
Step: 2326528
Mean test reward: 49.375
Mean eval reward: 33.25768280029297
Successful test levels: 95.18072289156626 %
Successful eval levels: 70.55555555555556 %
Step: 2334720
Mean test reward: 54.0625
Mean eval reward: 33.51511001586914
Successful test levels: 91.53439153439153 %
Successful eval levels: 70.71823204419888 %
Step: 2342912
Mean test reward: 45.9375
Mean eval reward: 33.24863815307617
Successful test levels: 93.63057324840764 %
Successful eval levels: 76.50602409638554 %
Step: 2351104
Mean test reward: 50.625
Mean eval reward: 33.24288558959961
Successful test levels: 89.50276243093923 %
Successful eval levels: 77.91411042944786 %
Step: 2359296
Mean test reward: 50.9375
Mean eval reward: 31.410018920898438
Successful test levels: 93.67816091954023 %
Successful eval levels: 74.53416149068323 %
Step: 2367488
Mean test reward: 45.9375
Mean eval reward: 34.28577423095703
Successful test levels: 92.45283018867924 %
Successful eval levels: 78.91566265060241 %
Step: 2375680
Mean test reward: 49.6875
Mean eval reward: 32.18907928466797
Successful test levels: 94.64285714285714 %
Successful eval levels: 72.7810650887574 %
Step: 2383872
Mean test reward: 51.25
Mean eval reward: 31.661998748779297
Successful test levels: 90.60773480662984 %
Successful eval levels: 70.34883720930233 %
Step: 2392064
Mean test reward: 48.125
Mean eval reward: 30.092926025390625
Successful test levels: 92.21556886227546 %
Successful eval levels: 75.16339869281046 %
Step: 2400256
Mean test reward: 53.75
Mean eval reward: 26.172195434570312
Successful test levels: 92.97297297297298 %
Successful eval levels: 63.69426751592356 %
Step: 2408448
Mean test reward: 53.125
Mean eval reward: 28.272281646728516
Successful test levels: 93.4065934065934 %
Successful eval levels: 71.52317880794702 %
Step: 2416640
Mean test reward: 50.625
Mean eval reward: 31.153379440307617
Successful test levels: 93.10344827586206 %
Successful eval levels: 72.12121212121212 %
Step: 2424832
Mean test reward: 49.0625
Mean eval reward: 30.628610610961914
Successful test levels: 93.45238095238095 %
Successful eval levels: 74.52229299363057 %
Step: 2433024
Mean test reward: 46.5625
Mean eval reward: 35.075584411621094
Successful test levels: 93.125 %
Successful eval levels: 78.3625730994152 %
Step: 2441216
Mean test reward: 45.9375
Mean eval reward: 28.793598175048828
Successful test levels: 90.1840490797546 %
Successful eval levels: 71.42857142857143 %
Step: 2449408
Mean test reward: 50.0
Mean eval reward: 33.243282318115234
Successful test levels: 94.11764705882352 %
Successful eval levels: 73.83720930232558 %
Step: 2457600
Mean test reward: 46.875
Mean eval reward: 31.146039962768555
Successful test levels: 92.5925925925926 %
Successful eval levels: 72.12121212121212 %
Step: 2465792
Mean test reward: 48.75
Mean eval reward: 36.90134811401367
Successful test levels: 92.85714285714286 %
Successful eval levels: 72.68041237113401 %
Step: 2473984
Mean test reward: 52.1875
Mean eval reward: 34.014442443847656
Successful test levels: 93.29608938547486 %
Successful eval levels: 75.14450867052022 %
Step: 2482176
Mean test reward: 43.125
Mean eval reward: 34.00770950317383
Successful test levels: 89.6103896103896 %
Successful eval levels: 74.28571428571429 %
Step: 2490368
Mean test reward: 53.4375
Mean eval reward: 34.78495407104492
Successful test levels: 95.53072625698324 %
Successful eval levels: 78.69822485207101 %
Step: 2498560
Mean test reward: 48.4375
Mean eval reward: 30.3391056060791
Successful test levels: 95.0920245398773 %
Successful eval levels: 73.41772151898735 %
Step: 2506752
Mean test reward: 48.75
Mean eval reward: 30.077762603759766
Successful test levels: 93.41317365269461 %
Successful eval levels: 70.5521472392638 %
Completed training!
