{'total_steps': 2500000.0, 'learning_rate': 0.0005, 'epsilon': 1e-05, 'state_dict_name': 'IMP_short'}
Start Training...
Step: 8192
Mean test reward: 0.625
Mean eval reward: 1.5625
Successful test levels: 50.0 %
Successful eval levels: 38.46153846153847 %
Step: 16384
Mean test reward: 3.125
Mean eval reward: 1.25
Successful test levels: 66.66666666666666 %
Successful eval levels: 44.44444444444444 %
Step: 24576
Mean test reward: 1.5625
Mean eval reward: 1.25
Successful test levels: 55.55555555555556 %
Successful eval levels: 28.57142857142857 %
Step: 32768
Mean test reward: 4.375
Mean eval reward: 5.0
Successful test levels: 51.85185185185185 %
Successful eval levels: 53.333333333333336 %
Step: 40960
Mean test reward: 7.5
Mean eval reward: 6.25
Successful test levels: 63.1578947368421 %
Successful eval levels: 58.82352941176471 %
Step: 49152
Mean test reward: 10.625
Mean eval reward: 7.8125
Successful test levels: 62.96296296296296 %
Successful eval levels: 51.02040816326531 %
Step: 57344
Mean test reward: 12.5
Mean eval reward: 9.375
Successful test levels: 57.14285714285714 %
Successful eval levels: 50.0 %
Step: 65536
Mean test reward: 15.9375
Mean eval reward: 13.75
Successful test levels: 54.25531914893617 %
Successful eval levels: 53.01204819277109 %
Step: 73728
Mean test reward: 20.625
Mean eval reward: 13.75
Successful test levels: 66.0 %
Successful eval levels: 45.36082474226804 %
Step: 81920
Mean test reward: 19.375
Mean eval reward: 17.1875
Successful test levels: 60.19417475728155 %
Successful eval levels: 55.00000000000001 %
Step: 90112
Mean test reward: 20.9375
Mean eval reward: 19.6875
Successful test levels: 59.29203539823009 %
Successful eval levels: 55.75221238938053 %
Step: 98304
Mean test reward: 22.5
Mean eval reward: 20.0
Successful test levels: 60.0 %
Successful eval levels: 55.172413793103445 %
Step: 106496
Mean test reward: 21.5625
Mean eval reward: 17.8125
Successful test levels: 61.06194690265486 %
Successful eval levels: 49.56521739130435 %
Step: 114688
Mean test reward: 26.875
Mean eval reward: 19.6875
Successful test levels: 68.25396825396825 %
Successful eval levels: 55.75221238938053 %
Step: 122880
Mean test reward: 25.0
Mean eval reward: 25.0
Successful test levels: 62.5 %
Successful eval levels: 66.11570247933885 %
Step: 131072
Mean test reward: 25.625
Mean eval reward: 21.25
Successful test levels: 61.65413533834586 %
Successful eval levels: 53.125 %
Step: 139264
Mean test reward: 27.1875
Mean eval reward: 21.25
Successful test levels: 68.50393700787401 %
Successful eval levels: 54.400000000000006 %
Step: 147456
Mean test reward: 27.5
Mean eval reward: 19.6875
Successful test levels: 70.96774193548387 %
Successful eval levels: 53.84615384615385 %
Step: 155648
Mean test reward: 27.8125
Mean eval reward: 21.875
Successful test levels: 70.63492063492063 %
Successful eval levels: 57.85123966942148 %
Step: 163840
Mean test reward: 23.125
Mean eval reward: 22.5
Successful test levels: 58.26771653543307 %
Successful eval levels: 57.599999999999994 %
Step: 172032
Mean test reward: 26.875
Mean eval reward: 22.1875
Successful test levels: 69.91869918699187 %
Successful eval levels: 53.383458646616546 %
Step: 180224
Mean test reward: 23.125
Mean eval reward: 25.625
Successful test levels: 58.730158730158735 %
Successful eval levels: 66.12903225806451 %
Step: 188416
Mean test reward: 27.8125
Mean eval reward: 25.9375
Successful test levels: 65.44117647058823 %
Successful eval levels: 59.71223021582733 %
Step: 196608
Mean test reward: 29.0625
Mean eval reward: 20.0
Successful test levels: 69.92481203007519 %
Successful eval levels: 54.700854700854705 %
Step: 204800
Mean test reward: 24.0625
Mean eval reward: 24.6875
Successful test levels: 60.15625 %
Successful eval levels: 62.20472440944882 %
Step: 212992
Mean test reward: 28.125
Mean eval reward: 22.5
Successful test levels: 65.69343065693431 %
Successful eval levels: 64.86486486486487 %
Step: 221184
Mean test reward: 28.125
Mean eval reward: 25.625
Successful test levels: 69.23076923076923 %
Successful eval levels: 60.74074074074074 %
Step: 229376
Mean test reward: 28.4375
Mean eval reward: 25.9375
Successful test levels: 68.42105263157895 %
Successful eval levels: 62.40601503759399 %
Step: 237568
Mean test reward: 28.4375
Mean eval reward: 25.0
Successful test levels: 68.93939393939394 %
Successful eval levels: 64.0 %
Step: 245760
Mean test reward: 27.1875
Mean eval reward: 25.9375
Successful test levels: 66.92307692307692 %
Successful eval levels: 62.40601503759399 %
Step: 253952
Mean test reward: 29.375
Mean eval reward: 27.5
Successful test levels: 67.14285714285714 %
Successful eval levels: 66.66666666666666 %
Step: 262144
Mean test reward: 29.6875
Mean eval reward: 24.375
Successful test levels: 70.37037037037037 %
Successful eval levels: 61.417322834645674 %
Step: 270336
Mean test reward: 28.75
Mean eval reward: 24.0625
Successful test levels: 75.40983606557377 %
Successful eval levels: 57.89473684210527 %
Step: 278528
Mean test reward: 30.9375
Mean eval reward: 22.5
Successful test levels: 70.2127659574468 %
Successful eval levels: 58.06451612903226 %
Step: 286720
Mean test reward: 33.75
Mean eval reward: 29.0625
Successful test levels: 75.0 %
Successful eval levels: 67.88321167883211 %
Step: 294912
Mean test reward: 32.8125
Mean eval reward: 24.375
Successful test levels: 77.20588235294117 %
Successful eval levels: 59.09090909090909 %
Step: 303104
Mean test reward: 29.375
Mean eval reward: 27.1875
Successful test levels: 66.66666666666666 %
Successful eval levels: 66.41221374045801 %
Step: 311296
Mean test reward: 32.5
Mean eval reward: 27.8125
Successful test levels: 72.22222222222221 %
Successful eval levels: 62.676056338028175 %
Step: 319488
Mean test reward: 35.0
Mean eval reward: 30.0
Successful test levels: 71.3375796178344 %
Successful eval levels: 64.42953020134227 %
Step: 327680
Mean test reward: 36.5625
Mean eval reward: 28.75
Successful test levels: 70.9090909090909 %
Successful eval levels: 67.15328467153284 %
Step: 335872
Mean test reward: 31.5625
Mean eval reward: 30.9375
Successful test levels: 69.17808219178082 %
Successful eval levels: 64.28571428571429 %
Step: 344064
Mean test reward: 34.375
Mean eval reward: 32.5
Successful test levels: 72.36842105263158 %
Successful eval levels: 66.66666666666666 %
Step: 352256
Mean test reward: 37.8125
Mean eval reward: 28.4375
Successful test levels: 73.33333333333333 %
Successful eval levels: 59.09090909090909 %
Step: 360448
Mean test reward: 37.1875
Mean eval reward: 30.625
Successful test levels: 74.375 %
Successful eval levels: 65.33333333333333 %
Step: 368640
Mean test reward: 38.75
Mean eval reward: 30.9375
Successful test levels: 72.94117647058823 %
Successful eval levels: 65.56291390728477 %
Step: 376832
Mean test reward: 40.0
Mean eval reward: 33.125
Successful test levels: 72.31638418079096 %
Successful eval levels: 68.38709677419355 %
Step: 385024
Mean test reward: 41.875
Mean eval reward: 31.875
Successful test levels: 69.79166666666666 %
Successful eval levels: 56.98324022346368 %
Step: 393216
Mean test reward: 44.0625
Mean eval reward: 36.5625
Successful test levels: 77.90055248618785 %
Successful eval levels: 63.24324324324324 %
Step: 401408
Mean test reward: 39.375
Mean eval reward: 33.125
Successful test levels: 69.61325966850829 %
Successful eval levels: 64.24242424242425 %
Step: 409600
Mean test reward: 39.6875
Mean eval reward: 37.8125
Successful test levels: 72.1590909090909 %
Successful eval levels: 69.54022988505747 %
Step: 417792
Mean test reward: 37.5
Mean eval reward: 30.9375
Successful test levels: 67.0391061452514 %
Successful eval levels: 66.44295302013423 %
Step: 425984
Mean test reward: 43.4375
Mean eval reward: 34.375
Successful test levels: 72.02072538860104 %
Successful eval levels: 65.86826347305389 %
Step: 434176
Mean test reward: 44.0625
Mean eval reward: 41.5625
Successful test levels: 71.57360406091371 %
Successful eval levels: 70.0 %
Step: 442368
Mean test reward: 45.0
Mean eval reward: 37.5
Successful test levels: 73.84615384615385 %
Successful eval levels: 66.66666666666666 %
Step: 450560
Mean test reward: 44.375
Mean eval reward: 34.0625
Successful test levels: 69.6078431372549 %
Successful eval levels: 64.11764705882354 %
Step: 458752
Mean test reward: 45.625
Mean eval reward: 36.875
Successful test levels: 77.6595744680851 %
Successful eval levels: 69.41176470588235 %
Step: 466944
Mean test reward: 41.5625
Mean eval reward: 37.1875
Successful test levels: 70.74468085106383 %
Successful eval levels: 62.63157894736842 %
Step: 475136
Mean test reward: 42.8125
Mean eval reward: 39.375
Successful test levels: 72.10526315789474 %
Successful eval levels: 67.37967914438502 %
Step: 483328
Mean test reward: 44.375
Mean eval reward: 40.625
Successful test levels: 75.53191489361703 %
Successful eval levels: 74.71264367816092 %
Step: 491520
Mean test reward: 43.125
Mean eval reward: 35.3125
Successful test levels: 72.25130890052355 %
Successful eval levels: 63.128491620111724 %
Step: 499712
Mean test reward: 45.0
Mean eval reward: 34.375
Successful test levels: 72.36180904522614 %
Successful eval levels: 61.79775280898876 %
Step: 507904
Mean test reward: 49.0625
Mean eval reward: 38.125
Successful test levels: 78.5 %
Successful eval levels: 68.92655367231639 %
Step: 516096
Mean test reward: 44.6875
Mean eval reward: 33.75
Successful test levels: 70.79207920792079 %
Successful eval levels: 56.84210526315789 %
Step: 524288
Mean test reward: 48.75
Mean eval reward: 39.6875
Successful test levels: 74.64114832535886 %
Successful eval levels: 69.78021978021978 %
Step: 532480
Mean test reward: 44.375
Mean eval reward: 37.8125
Successful test levels: 78.02197802197803 %
Successful eval levels: 63.35078534031413 %
Step: 540672
Mean test reward: 50.625
Mean eval reward: 30.0
Successful test levels: 77.14285714285715 %
Successful eval levels: 56.470588235294116 %
Step: 548864
Mean test reward: 41.875
Mean eval reward: 40.265663146972656
Successful test levels: 72.43243243243244 %
Successful eval levels: 70.49180327868852 %
Step: 557056
Mean test reward: 47.1875
Mean eval reward: 37.6337776184082
Successful test levels: 79.05759162303664 %
Successful eval levels: 66.48351648351648 %
Step: 565248
Mean test reward: 52.1875
Mean eval reward: 35.049530029296875
Successful test levels: 78.77358490566037 %
Successful eval levels: 61.74863387978142 %
Step: 573440
Mean test reward: 47.5
Mean eval reward: 38.035377502441406
Successful test levels: 75.24752475247524 %
Successful eval levels: 64.3979057591623 %
Step: 581632
Mean test reward: 50.0
Mean eval reward: 37.62131118774414
Successful test levels: 84.21052631578947 %
Successful eval levels: 66.30434782608695 %
Step: 589824
Mean test reward: 47.1875
Mean eval reward: 32.6077766418457
Successful test levels: 74.75247524752476 %
Successful eval levels: 69.28104575163398 %
Step: 598016
Mean test reward: 48.4375
Mean eval reward: 34.386199951171875
Successful test levels: 79.89690721649485 %
Successful eval levels: 61.87845303867403 %
Step: 606208
Mean test reward: 45.3125
Mean eval reward: 32.1855354309082
Successful test levels: 75.91623036649214 %
Successful eval levels: 60.3448275862069 %
Step: 614400
Mean test reward: 50.9375
Mean eval reward: 34.88492965698242
Successful test levels: 81.5 %
Successful eval levels: 63.687150837988824 %
Step: 622592
Mean test reward: 42.1875
Mean eval reward: 34.79976272583008
Successful test levels: 76.70454545454545 %
Successful eval levels: 63.687150837988824 %
Step: 630784
Mean test reward: 46.25
Mean eval reward: 36.24543762207031
Successful test levels: 78.72340425531915 %
Successful eval levels: 68.78612716763006 %
Step: 638976
Mean test reward: 43.125
Mean eval reward: 34.94781494140625
Successful test levels: 73.40425531914893 %
Successful eval levels: 64.24581005586593 %
Step: 647168
Mean test reward: 52.5
Mean eval reward: 40.91779327392578
Successful test levels: 81.55339805825243 %
Successful eval levels: 68.52791878172589 %
Step: 655360
Mean test reward: 51.25
Mean eval reward: 43.79924392700195
Successful test levels: 80.3921568627451 %
Successful eval levels: 73.9795918367347 %
Step: 663552
Mean test reward: 50.625
Mean eval reward: 35.524314880371094
Successful test levels: 74.31192660550458 %
Successful eval levels: 65.55555555555556 %
Step: 671744
Mean test reward: 54.375
Mean eval reward: 34.264854431152344
Successful test levels: 84.46601941747572 %
Successful eval levels: 60.317460317460316 %
Step: 679936
Mean test reward: 44.6875
Mean eval reward: 39.28974914550781
Successful test levels: 76.88172043010752 %
Successful eval levels: 68.22916666666666 %
Step: 688128
Mean test reward: 42.1875
Mean eval reward: 35.017147064208984
Successful test levels: 72.58064516129032 %
Successful eval levels: 64.64088397790056 %
Step: 696320
Mean test reward: 45.9375
Mean eval reward: 34.35573959350586
Successful test levels: 75.38461538461539 %
Successful eval levels: 70.5521472392638 %
Step: 704512
Mean test reward: 48.75
Mean eval reward: 41.72819900512695
Successful test levels: 83.87096774193549 %
Successful eval levels: 73.29842931937172 %
Step: 712704
Mean test reward: 48.125
Mean eval reward: 40.70947265625
Successful test levels: 81.48148148148148 %
Successful eval levels: 71.72774869109948 %
Step: 720896
Mean test reward: 45.3125
Mean eval reward: 37.04631805419922
Successful test levels: 77.54010695187165 %
Successful eval levels: 62.8140703517588 %
Step: 729088
Mean test reward: 44.375
Mean eval reward: 35.80509948730469
Successful test levels: 73.57512953367875 %
Successful eval levels: 66.85082872928176 %
Step: 737280
Mean test reward: 57.1875
Mean eval reward: 35.74060821533203
Successful test levels: 87.14285714285714 %
Successful eval levels: 68.75 %
Step: 745472
Mean test reward: 55.0
Mean eval reward: 36.277687072753906
Successful test levels: 81.10599078341014 %
Successful eval levels: 65.07936507936508 %
Step: 753664
Mean test reward: 46.25
Mean eval reward: 36.207183837890625
Successful test levels: 78.3068783068783 %
Successful eval levels: 67.95580110497238 %
Step: 761856
Mean test reward: 47.1875
Mean eval reward: 37.02709197998047
Successful test levels: 75.5 %
Successful eval levels: 64.61538461538461 %
Step: 770048
Mean test reward: 51.5625
Mean eval reward: 34.614013671875
Successful test levels: 82.91457286432161 %
Successful eval levels: 69.00584795321637 %
Step: 778240
Mean test reward: 45.625
Mean eval reward: 34.57416534423828
Successful test levels: 81.11111111111111 %
Successful eval levels: 68.20809248554913 %
Step: 786432
Mean test reward: 48.4375
Mean eval reward: 40.64471435546875
Successful test levels: 77.88944723618091 %
Successful eval levels: 73.15789473684211 %
Step: 794624
Mean test reward: 50.9375
Mean eval reward: 37.35027313232422
Successful test levels: 79.90196078431373 %
Successful eval levels: 65.97938144329896 %
Step: 802816
Mean test reward: 55.0
Mean eval reward: 36.706424713134766
Successful test levels: 85.85365853658537 %
Successful eval levels: 65.625 %
Step: 811008
Mean test reward: 45.3125
Mean eval reward: 35.77904510498047
Successful test levels: 78.37837837837837 %
Successful eval levels: 66.12903225806451 %
Step: 819200
Mean test reward: 51.5625
Mean eval reward: 35.43605041503906
Successful test levels: 82.91457286432161 %
Successful eval levels: 63.541666666666664 %
Step: 827392
Mean test reward: 52.8125
Mean eval reward: 40.87599182128906
Successful test levels: 83.2512315270936 %
Successful eval levels: 68.44660194174757 %
Step: 835584
Mean test reward: 48.4375
Mean eval reward: 38.772071838378906
Successful test levels: 83.33333333333334 %
Successful eval levels: 67.33668341708542 %
Step: 843776
Mean test reward: 53.4375
Mean eval reward: 30.345178604125977
Successful test levels: 82.21153846153845 %
Successful eval levels: 58.011049723756905 %
Step: 851968
Mean test reward: 45.0
Mean eval reward: 34.65611267089844
Successful test levels: 78.68852459016394 %
Successful eval levels: 71.8562874251497 %
Step: 860160
Mean test reward: 52.5
Mean eval reward: 39.50068664550781
Successful test levels: 81.55339805825243 %
Successful eval levels: 69.1919191919192 %
Step: 868352
Mean test reward: 52.5
Mean eval reward: 33.10696792602539
Successful test levels: 85.27918781725889 %
Successful eval levels: 67.2514619883041 %
Step: 876544
Mean test reward: 48.75
Mean eval reward: 39.108924865722656
Successful test levels: 78.78787878787878 %
Successful eval levels: 67.66169154228857 %
Step: 884736
Mean test reward: 48.75
Mean eval reward: 35.32106018066406
Successful test levels: 79.59183673469387 %
Successful eval levels: 71.09826589595376 %
Step: 892928
Mean test reward: 43.4375
Mean eval reward: 32.98828125
Successful test levels: 79.88505747126436 %
Successful eval levels: 64.97175141242938 %
Step: 901120
Mean test reward: 45.9375
Mean eval reward: 36.95925521850586
Successful test levels: 82.58426966292134 %
Successful eval levels: 68.61702127659575 %
Step: 909312
Mean test reward: 46.875
Mean eval reward: 36.62400817871094
Successful test levels: 81.08108108108108 %
Successful eval levels: 70.32967032967034 %
Step: 917504
Mean test reward: 52.5
Mean eval reward: 34.58635711669922
Successful test levels: 85.71428571428571 %
Successful eval levels: 69.94219653179191 %
Step: 925696
Mean test reward: 53.4375
Mean eval reward: 34.843177795410156
Successful test levels: 84.23645320197043 %
Successful eval levels: 64.55026455026454 %
Step: 933888
Mean test reward: 46.5625
Mean eval reward: 33.66716003417969
Successful test levels: 78.01047120418848 %
Successful eval levels: 69.00584795321637 %
Step: 942080
Mean test reward: 46.875
Mean eval reward: 35.62603759765625
Successful test levels: 80.21390374331551 %
Successful eval levels: 69.44444444444444 %
Step: 950272
Mean test reward: 52.5
Mean eval reward: 37.85862350463867
Successful test levels: 85.27918781725889 %
Successful eval levels: 68.2051282051282 %
Step: 958464
Mean test reward: 41.875
Mean eval reward: 34.69035720825195
Successful test levels: 80.23952095808383 %
Successful eval levels: 72.61904761904762 %
Step: 966656
Mean test reward: 47.1875
Mean eval reward: 32.10757827758789
Successful test levels: 82.5136612021858 %
Successful eval levels: 70.1863354037267 %
Step: 974848
Mean test reward: 49.375
Mean eval reward: 35.775394439697266
Successful test levels: 85.86956521739131 %
Successful eval levels: 69.61325966850829 %
Step: 983040
Mean test reward: 47.1875
Mean eval reward: 34.885101318359375
Successful test levels: 82.5136612021858 %
Successful eval levels: 67.58241758241759 %
Step: 991232
Mean test reward: 49.0625
Mean eval reward: 34.57111358642578
Successful test levels: 83.06878306878306 %
Successful eval levels: 70.11494252873564 %
Step: 999424
Mean test reward: 51.875
Mean eval reward: 35.389915466308594
Successful test levels: 85.56701030927834 %
Successful eval levels: 68.30601092896174 %
Step: 1007616
Mean test reward: 49.6875
Mean eval reward: 31.40724754333496
Successful test levels: 82.8125 %
Successful eval levels: 66.07142857142857 %
Step: 1015808
Mean test reward: 49.0625
Mean eval reward: 36.47068786621094
Successful test levels: 87.22222222222223 %
Successful eval levels: 67.1875 %
Step: 1024000
Mean test reward: 53.75
Mean eval reward: 36.99373245239258
Successful test levels: 86.4321608040201 %
Successful eval levels: 73.18435754189943 %
Step: 1032192
Mean test reward: 50.625
Mean eval reward: 31.881290435791016
Successful test levels: 81.4070351758794 %
Successful eval levels: 67.66467065868264 %
Step: 1040384
Mean test reward: 48.75
Mean eval reward: 38.908531188964844
Successful test levels: 85.71428571428571 %
Successful eval levels: 74.5945945945946 %
Step: 1048576
Mean test reward: 50.0
Mean eval reward: 36.04210662841797
Successful test levels: 84.65608465608466 %
Successful eval levels: 69.94535519125684 %
Step: 1056768
Mean test reward: 50.9375
Mean eval reward: 30.67624282836914
Successful test levels: 88.10810810810811 %
Successful eval levels: 62.28571428571429 %
Step: 1064960
Mean test reward: 50.625
Mean eval reward: 37.964046478271484
Successful test levels: 82.23350253807106 %
Successful eval levels: 73.36956521739131 %
Step: 1073152
Mean test reward: 51.5625
Mean eval reward: 33.71818161010742
Successful test levels: 85.9375 %
Successful eval levels: 65.21739130434783 %
Step: 1081344
Mean test reward: 45.3125
Mean eval reward: 36.20930480957031
Successful test levels: 85.29411764705883 %
Successful eval levels: 70.87912087912088 %
Step: 1089536
Mean test reward: 52.8125
Mean eval reward: 39.261295318603516
Successful test levels: 85.35353535353535 %
Successful eval levels: 70.70707070707071 %
Step: 1097728
Mean test reward: 50.0
Mean eval reward: 34.17716979980469
Successful test levels: 88.88888888888889 %
Successful eval levels: 68.92655367231639 %
Step: 1105920
Mean test reward: 51.5625
Mean eval reward: 33.31153869628906
Successful test levels: 85.49222797927462 %
Successful eval levels: 64.32432432432432 %
Step: 1114112
Mean test reward: 45.9375
Mean eval reward: 31.902868270874023
Successful test levels: 82.58426966292134 %
Successful eval levels: 63.687150837988824 %
Step: 1122304
Mean test reward: 50.0
Mean eval reward: 39.42613983154297
Successful test levels: 87.43169398907104 %
Successful eval levels: 75.0 %
Step: 1130496
Mean test reward: 46.25
Mean eval reward: 35.47212219238281
Successful test levels: 79.14438502673798 %
Successful eval levels: 70.94972067039106 %
Step: 1138688
Mean test reward: 49.0625
Mean eval reward: 34.328330993652344
Successful test levels: 87.22222222222223 %
Successful eval levels: 67.95580110497238 %
Step: 1146880
Mean test reward: 44.375
Mean eval reward: 35.13932800292969
Successful test levels: 79.7752808988764 %
Successful eval levels: 72.41379310344827 %
Step: 1155072
Mean test reward: 44.375
Mean eval reward: 34.0014762878418
Successful test levels: 81.14285714285714 %
Successful eval levels: 68.53932584269663 %
Step: 1163264
Mean test reward: 47.8125
Mean eval reward: 31.47931480407715
Successful test levels: 81.38297872340425 %
Successful eval levels: 68.07228915662651 %
Step: 1171456
Mean test reward: 51.25
Mean eval reward: 33.976707458496094
Successful test levels: 86.77248677248677 %
Successful eval levels: 67.77777777777779 %
Step: 1179648
Mean test reward: 42.5
Mean eval reward: 36.45879364013672
Successful test levels: 81.92771084337349 %
Successful eval levels: 70.05347593582889 %
Step: 1187840
Mean test reward: 48.75
Mean eval reward: 35.316009521484375
Successful test levels: 88.63636363636364 %
Successful eval levels: 70.94972067039106 %
Step: 1196032
Mean test reward: 47.8125
Mean eval reward: 31.958803176879883
Successful test levels: 81.81818181818183 %
Successful eval levels: 73.24840764331209 %
Step: 1204224
Mean test reward: 49.375
Mean eval reward: 31.94919204711914
Successful test levels: 83.5978835978836 %
Successful eval levels: 64.97175141242938 %
Step: 1212416
Mean test reward: 44.6875
Mean eval reward: 34.9866943359375
Successful test levels: 87.1951219512195 %
Successful eval levels: 69.23076923076923 %
Step: 1220608
Mean test reward: 40.0
Mean eval reward: 33.57875442504883
Successful test levels: 82.05128205128204 %
Successful eval levels: 76.10062893081762 %
Step: 1228800
Mean test reward: 43.125
Mean eval reward: 32.45550537109375
Successful test levels: 86.25 %
Successful eval levels: 68.42105263157895 %
Step: 1236992
Mean test reward: 45.625
Mean eval reward: 35.48640823364258
Successful test levels: 83.9080459770115 %
Successful eval levels: 71.11111111111111 %
Step: 1245184
Mean test reward: 51.25
Mean eval reward: 30.209888458251953
Successful test levels: 87.70053475935828 %
Successful eval levels: 65.66265060240963 %
Step: 1253376
Mean test reward: 46.5625
Mean eval reward: 31.31277084350586
Successful test levels: 85.63218390804597 %
Successful eval levels: 69.32515337423312 %
Step: 1261568
Mean test reward: 38.4375
Mean eval reward: 28.81317138671875
Successful test levels: 83.1081081081081 %
Successful eval levels: 66.66666666666666 %
Step: 1269760
Mean test reward: 45.3125
Mean eval reward: 32.962039947509766
Successful test levels: 79.67032967032966 %
Successful eval levels: 66.4804469273743 %
Step: 1277952
Mean test reward: 47.1875
Mean eval reward: 34.88772964477539
Successful test levels: 83.42541436464089 %
Successful eval levels: 73.68421052631578 %
Step: 1286144
Mean test reward: 44.6875
Mean eval reward: 31.55200958251953
Successful test levels: 85.62874251497006 %
Successful eval levels: 72.15189873417721 %
Step: 1294336
Mean test reward: 45.0
Mean eval reward: 30.43663215637207
Successful test levels: 83.72093023255815 %
Successful eval levels: 70.51282051282051 %
Step: 1302528
Mean test reward: 41.25
Mean eval reward: 36.23149108886719
Successful test levels: 79.51807228915662 %
Successful eval levels: 70.05347593582889 %
Step: 1310720
Mean test reward: 40.625
Mean eval reward: 33.99997329711914
Successful test levels: 86.09271523178808 %
Successful eval levels: 73.21428571428571 %
Step: 1318912
Mean test reward: 42.5
Mean eval reward: 30.121620178222656
Successful test levels: 85.0 %
Successful eval levels: 67.70186335403726 %
Step: 1327104
Mean test reward: 43.125
Mean eval reward: 32.5993537902832
Successful test levels: 87.89808917197452 %
Successful eval levels: 67.04545454545455 %
Step: 1335296
Mean test reward: 42.5
Mean eval reward: 32.59186553955078
Successful test levels: 85.0 %
Successful eval levels: 69.8224852071006 %
Step: 1343488
Mean test reward: 46.5625
Mean eval reward: 27.894580841064453
Successful test levels: 85.14285714285714 %
Successful eval levels: 56.424581005586596 %
Step: 1351680
Mean test reward: 40.9375
Mean eval reward: 32.85899353027344
Successful test levels: 82.38993710691824 %
Successful eval levels: 64.67391304347827 %
Step: 1359872
Mean test reward: 45.625
Mean eval reward: 34.77599334716797
Successful test levels: 87.95180722891565 %
Successful eval levels: 72.0 %
Step: 1368064
Mean test reward: 45.625
Mean eval reward: 33.93285369873047
Successful test levels: 88.48484848484848 %
Successful eval levels: 72.35294117647058 %
Step: 1376256
Mean test reward: 40.9375
Mean eval reward: 33.64204406738281
Successful test levels: 79.39393939393939 %
Successful eval levels: 65.59139784946237 %
Step: 1384448
Mean test reward: 44.375
Mean eval reward: 34.18315124511719
Successful test levels: 83.04093567251462 %
Successful eval levels: 69.27374301675978 %
Step: 1392640
Mean test reward: 45.625
Mean eval reward: 34.161582946777344
Successful test levels: 84.88372093023256 %
Successful eval levels: 71.67630057803468 %
Step: 1400832
Mean test reward: 41.5625
Mean eval reward: 34.693817138671875
Successful test levels: 83.64779874213836 %
Successful eval levels: 71.5909090909091 %
Step: 1409024
Mean test reward: 46.5625
Mean eval reward: 30.829608917236328
Successful test levels: 84.18079096045197 %
Successful eval levels: 63.63636363636363 %
Step: 1417216
Mean test reward: 42.1875
Mean eval reward: 36.044498443603516
Successful test levels: 85.44303797468355 %
Successful eval levels: 68.22916666666666 %
Step: 1425408
Mean test reward: 44.0625
Mean eval reward: 34.09938049316406
Successful test levels: 85.97560975609755 %
Successful eval levels: 72.94117647058823 %
Step: 1433600
Mean test reward: 49.0625
Mean eval reward: 33.80927276611328
Successful test levels: 86.26373626373626 %
Successful eval levels: 70.28571428571428 %
Step: 1441792
Mean test reward: 46.25
Mean eval reward: 34.89443588256836
Successful test levels: 84.57142857142857 %
Successful eval levels: 71.75141242937853 %
Step: 1449984
Mean test reward: 45.9375
Mean eval reward: 33.50731658935547
Successful test levels: 91.30434782608695 %
Successful eval levels: 65.59139784946237 %
Step: 1458176
Mean test reward: 53.75
Mean eval reward: 33.21946716308594
Successful test levels: 91.48936170212765 %
Successful eval levels: 71.17647058823529 %
Step: 1466368
Mean test reward: 47.1875
Mean eval reward: 34.849266052246094
Successful test levels: 90.41916167664671 %
Successful eval levels: 70.55555555555556 %
Step: 1474560
Mean test reward: 47.5
Mean eval reward: 31.27698516845703
Successful test levels: 84.44444444444444 %
Successful eval levels: 70.37037037037037 %
Step: 1482752
Mean test reward: 45.625
Mean eval reward: 33.183353424072266
Successful test levels: 82.48587570621469 %
Successful eval levels: 66.85082872928176 %
Step: 1490944
Mean test reward: 48.75
Mean eval reward: 34.544761657714844
Successful test levels: 86.66666666666667 %
Successful eval levels: 72.0 %
Step: 1499136
Mean test reward: 45.3125
Mean eval reward: 33.16063690185547
Successful test levels: 84.30232558139535 %
Successful eval levels: 70.76023391812866 %
Step: 1507328
Mean test reward: 50.625
Mean eval reward: 37.79740905761719
Successful test levels: 88.52459016393442 %
Successful eval levels: 73.01587301587301 %
Step: 1515520
Mean test reward: 45.9375
Mean eval reward: 33.12443923950195
Successful test levels: 86.98224852071006 %
Successful eval levels: 71.17647058823529 %
Step: 1523712
Mean test reward: 50.9375
Mean eval reward: 38.85226821899414
Successful test levels: 89.07103825136612 %
Successful eval levels: 74.3455497382199 %
Step: 1531904
Mean test reward: 45.0
Mean eval reward: 35.54338836669922
Successful test levels: 88.34355828220859 %
Successful eval levels: 70.27027027027027 %
Step: 1540096
Mean test reward: 44.375
Mean eval reward: 32.796409606933594
Successful test levels: 90.44585987261146 %
Successful eval levels: 64.86486486486487 %
Step: 1548288
Mean test reward: 50.625
Mean eval reward: 30.059505462646484
Successful test levels: 90.5027932960894 %
Successful eval levels: 64.32748538011695 %
Step: 1556480
Mean test reward: 51.25
Mean eval reward: 34.425018310546875
Successful test levels: 84.97409326424871 %
Successful eval levels: 72.41379310344827 %
Step: 1564672
Mean test reward: 45.9375
Mean eval reward: 36.04228973388672
Successful test levels: 88.55421686746988 %
Successful eval levels: 71.73913043478261 %
Step: 1572864
Mean test reward: 50.0
Mean eval reward: 33.3016357421875
Successful test levels: 88.39779005524862 %
Successful eval levels: 66.66666666666666 %
Step: 1581056
Mean test reward: 53.125
Mean eval reward: 33.83416748046875
Successful test levels: 93.92265193370166 %
Successful eval levels: 66.66666666666666 %
Step: 1589248
Mean test reward: 42.5
Mean eval reward: 33.006446838378906
Successful test levels: 87.17948717948718 %
Successful eval levels: 69.94219653179191 %
Step: 1597440
Mean test reward: 44.6875
Mean eval reward: 31.36241912841797
Successful test levels: 87.1951219512195 %
Successful eval levels: 67.64705882352942 %
Step: 1605632
Mean test reward: 53.4375
Mean eval reward: 30.54016876220703
Successful test levels: 91.44385026737967 %
Successful eval levels: 67.46987951807229 %
Step: 1613824
Mean test reward: 44.0625
Mean eval reward: 34.07797622680664
Successful test levels: 84.4311377245509 %
Successful eval levels: 76.68711656441718 %
Step: 1622016
Mean test reward: 53.4375
Mean eval reward: 28.624004364013672
Successful test levels: 91.44385026737967 %
Successful eval levels: 64.41717791411043 %
Step: 1630208
Mean test reward: 47.5
Mean eval reward: 32.980934143066406
Successful test levels: 88.37209302325581 %
Successful eval levels: 70.76023391812866 %
Step: 1638400
Mean test reward: 52.5
Mean eval reward: 32.97235870361328
Successful test levels: 93.33333333333333 %
Successful eval levels: 68.36158192090396 %
Step: 1646592
Mean test reward: 46.875
Mean eval reward: 30.23902130126953
Successful test levels: 89.82035928143712 %
Successful eval levels: 64.91228070175438 %
Step: 1654784
Mean test reward: 47.1875
Mean eval reward: 29.96895980834961
Successful test levels: 87.79069767441861 %
Successful eval levels: 67.07317073170732 %
Step: 1662976
Mean test reward: 46.5625
Mean eval reward: 31.32941246032715
Successful test levels: 84.6590909090909 %
Successful eval levels: 72.32704402515722 %
Step: 1671168
Mean test reward: 44.6875
Mean eval reward: 32.688140869140625
Successful test levels: 87.1951219512195 %
Successful eval levels: 73.61963190184049 %
Step: 1679360
Mean test reward: 44.6875
Mean eval reward: 29.95496940612793
Successful test levels: 92.25806451612904 %
Successful eval levels: 71.42857142857143 %
Step: 1687552
Mean test reward: 50.3125
Mean eval reward: 32.67707824707031
Successful test levels: 90.96045197740112 %
Successful eval levels: 74.53416149068323 %
Step: 1695744
Mean test reward: 48.125
Mean eval reward: 29.134967803955078
Successful test levels: 89.01734104046243 %
Successful eval levels: 65.6441717791411 %
Step: 1703936
Mean test reward: 46.5625
Mean eval reward: 32.945594787597656
Successful test levels: 91.9753086419753 %
Successful eval levels: 67.97752808988764 %
Step: 1712128
Mean test reward: 45.9375
Mean eval reward: 29.401371002197266
Successful test levels: 90.1840490797546 %
Successful eval levels: 68.78980891719745 %
Step: 1720320
Mean test reward: 56.25
Mean eval reward: 31.84481430053711
Successful test levels: 93.26424870466322 %
Successful eval levels: 70.9090909090909 %
Step: 1728512
Mean test reward: 45.625
Mean eval reward: 32.11494445800781
Successful test levels: 88.48484848484848 %
Successful eval levels: 71.95121951219512 %
Step: 1736704
Mean test reward: 44.6875
Mean eval reward: 35.91402816772461
Successful test levels: 88.81987577639751 %
Successful eval levels: 76.30057803468208 %
Step: 1744896
Mean test reward: 44.0625
Mean eval reward: 29.920568466186523
Successful test levels: 87.03703703703704 %
Successful eval levels: 68.32298136645963 %
Step: 1753088
Mean test reward: 45.0
Mean eval reward: 32.63778305053711
Successful test levels: 86.74698795180723 %
Successful eval levels: 73.17073170731707 %
Step: 1761280
Mean test reward: 42.1875
Mean eval reward: 32.085540771484375
Successful test levels: 85.44303797468355 %
Successful eval levels: 65.55555555555556 %
Step: 1769472
Mean test reward: 45.9375
Mean eval reward: 33.16682815551758
Successful test levels: 93.0379746835443 %
Successful eval levels: 67.40331491712708 %
Step: 1777664
Mean test reward: 41.5625
Mean eval reward: 30.98615837097168
Successful test levels: 88.0794701986755 %
Successful eval levels: 67.45562130177515 %
Step: 1785856
Mean test reward: 41.25
Mean eval reward: 32.6123161315918
Successful test levels: 85.71428571428571 %
Successful eval levels: 68.18181818181817 %
Step: 1794048
Mean test reward: 40.9375
Mean eval reward: 29.078174591064453
Successful test levels: 87.91946308724832 %
Successful eval levels: 69.93464052287581 %
Step: 1802240
Mean test reward: 44.0625
Mean eval reward: 30.43545150756836
Successful test levels: 88.67924528301887 %
Successful eval levels: 68.29268292682927 %
Step: 1810432
Mean test reward: 39.0625
Mean eval reward: 31.792285919189453
Successful test levels: 85.61643835616438 %
Successful eval levels: 66.47727272727273 %
Step: 1818624
Mean test reward: 38.75
Mean eval reward: 35.043617248535156
Successful test levels: 86.7132867132867 %
Successful eval levels: 70.49180327868852 %
Step: 1826816
Mean test reward: 46.875
Mean eval reward: 36.38715744018555
Successful test levels: 89.28571428571429 %
Successful eval levels: 77.45664739884393 %
Step: 1835008
Mean test reward: 41.875
Mean eval reward: 37.449947357177734
Successful test levels: 90.54054054054053 %
Successful eval levels: 75.40983606557377 %
Step: 1843200
Mean test reward: 44.375
Mean eval reward: 30.926252365112305
Successful test levels: 89.87341772151899 %
Successful eval levels: 67.85714285714286 %
Step: 1851392
Mean test reward: 46.875
Mean eval reward: 30.92550277709961
Successful test levels: 92.02453987730061 %
Successful eval levels: 69.0909090909091 %
Step: 1859584
Mean test reward: 47.8125
Mean eval reward: 35.257041931152344
Successful test levels: 90.0 %
Successful eval levels: 73.03370786516854 %
Step: 1867776
Mean test reward: 54.0625
Mean eval reward: 30.640832901000977
Successful test levels: 91.53439153439153 %
Successful eval levels: 68.07228915662651 %
Step: 1875968
Mean test reward: 44.0625
Mean eval reward: 33.62056350708008
Successful test levels: 87.5776397515528 %
Successful eval levels: 75.15151515151514 %
Step: 1884160
Mean test reward: 46.25
Mean eval reward: 34.15079879760742
Successful test levels: 89.6969696969697 %
Successful eval levels: 73.68421052631578 %
Step: 1892352
Mean test reward: 44.0625
Mean eval reward: 33.871620178222656
Successful test levels: 91.55844155844156 %
Successful eval levels: 66.84491978609626 %
Step: 1900544
Mean test reward: 52.5
Mean eval reward: 28.719398498535156
Successful test levels: 94.3820224719101 %
Successful eval levels: 62.721893491124256 %
Step: 1908736
Mean test reward: 48.4375
Mean eval reward: 31.96800994873047
Successful test levels: 87.07865168539325 %
Successful eval levels: 68.6046511627907 %
Step: 1916928
Mean test reward: 47.8125
Mean eval reward: 35.21177673339844
Successful test levels: 90.53254437869822 %
Successful eval levels: 68.78306878306879 %
Step: 1925120
Mean test reward: 49.0625
Mean eval reward: 31.682788848876953
Successful test levels: 90.22988505747126 %
Successful eval levels: 74.52229299363057 %
Step: 1933312
Mean test reward: 50.3125
Mean eval reward: 32.760765075683594
Successful test levels: 92.52873563218391 %
Successful eval levels: 73.78048780487805 %
Step: 1941504
Mean test reward: 50.3125
Mean eval reward: 31.941455841064453
Successful test levels: 89.44444444444444 %
Successful eval levels: 67.81609195402298 %
Step: 1949696
Mean test reward: 46.5625
Mean eval reward: 35.18260192871094
Successful test levels: 91.41104294478528 %
Successful eval levels: 68.42105263157895 %
Step: 1957888
Mean test reward: 51.5625
Mean eval reward: 30.035993576049805
Successful test levels: 92.69662921348315 %
Successful eval levels: 69.81132075471697 %
Step: 1966080
Mean test reward: 45.9375
Mean eval reward: 36.789791107177734
Successful test levels: 89.63414634146342 %
Successful eval levels: 72.3404255319149 %
Step: 1974272
Mean test reward: 51.5625
Mean eval reward: 32.7244758605957
Successful test levels: 93.75 %
Successful eval levels: 65.76086956521739 %
Step: 1982464
Mean test reward: 48.4375
Mean eval reward: 34.87773895263672
Successful test levels: 91.17647058823529 %
Successful eval levels: 76.33136094674556 %
Step: 1990656
Mean test reward: 48.125
Mean eval reward: 37.02605056762695
Successful test levels: 90.58823529411765 %
Successful eval levels: 73.65591397849462 %
Step: 1998848
Mean test reward: 49.6875
Mean eval reward: 32.959022521972656
Successful test levels: 90.3409090909091 %
Successful eval levels: 64.8936170212766 %
Step: 2007040
Mean test reward: 48.4375
Mean eval reward: 30.79739761352539
Successful test levels: 94.51219512195121 %
Successful eval levels: 68.26347305389223 %
Step: 2015232
Mean test reward: 45.3125
Mean eval reward: 28.903697967529297
Successful test levels: 91.77215189873418 %
Successful eval levels: 67.72151898734177 %
Step: 2023424
Mean test reward: 40.625
Mean eval reward: 28.9064884185791
Successful test levels: 89.65517241379311 %
Successful eval levels: 69.93464052287581 %
Step: 2031616
Mean test reward: 41.5625
Mean eval reward: 34.30672073364258
Successful test levels: 88.66666666666667 %
Successful eval levels: 69.02173913043478 %
Step: 2039808
Mean test reward: 39.6875
Mean eval reward: 31.05973243713379
Successful test levels: 88.81118881118881 %
Successful eval levels: 70.98765432098766 %
Step: 2048000
Mean test reward: 36.5625
Mean eval reward: 36.72315216064453
Successful test levels: 86.02941176470588 %
Successful eval levels: 76.8361581920904 %
Step: 2056192
Mean test reward: 39.6875
Mean eval reward: 32.122215270996094
Successful test levels: 91.36690647482014 %
Successful eval levels: 70.0 %
Step: 2064384
Mean test reward: 42.1875
Mean eval reward: 34.27492904663086
Successful test levels: 92.46575342465754 %
Successful eval levels: 73.41040462427746 %
Step: 2072576
Mean test reward: 41.5625
Mean eval reward: 35.34495544433594
Successful test levels: 90.47619047619048 %
Successful eval levels: 68.94736842105263 %
Step: 2080768
Mean test reward: 48.4375
Mean eval reward: 33.44434356689453
Successful test levels: 90.11627906976744 %
Successful eval levels: 67.3913043478261 %
Step: 2088960
Mean test reward: 47.1875
Mean eval reward: 30.204275131225586
Successful test levels: 89.3491124260355 %
Successful eval levels: 66.66666666666666 %
Step: 2097152
Mean test reward: 41.5625
Mean eval reward: 35.053897857666016
Successful test levels: 88.66666666666667 %
Successful eval levels: 73.03370786516854 %
Step: 2105344
Mean test reward: 46.5625
Mean eval reward: 33.15884017944336
Successful test levels: 94.90445859872611 %
Successful eval levels: 71.51162790697676 %
Step: 2113536
Mean test reward: 50.625
Mean eval reward: 31.80518341064453
Successful test levels: 94.18604651162791 %
Successful eval levels: 69.8224852071006 %
Step: 2121728
Mean test reward: 44.375
Mean eval reward: 31.260299682617188
Successful test levels: 88.75 %
Successful eval levels: 70.3030303030303 %
Step: 2129920
Mean test reward: 51.25
Mean eval reward: 30.992324829101562
Successful test levels: 93.71428571428572 %
Successful eval levels: 66.47398843930635 %
Step: 2138112
Mean test reward: 45.9375
Mean eval reward: 31.796157836914062
Successful test levels: 90.1840490797546 %
Successful eval levels: 71.95121951219512 %
Step: 2146304
Mean test reward: 41.5625
Mean eval reward: 31.791534423828125
Successful test levels: 85.80645161290322 %
Successful eval levels: 70.23809523809523 %
Step: 2154496
Mean test reward: 43.4375
Mean eval reward: 33.13489532470703
Successful test levels: 90.84967320261438 %
Successful eval levels: 66.48648648648648 %
Step: 2162688
Mean test reward: 44.6875
Mean eval reward: 34.204750061035156
Successful test levels: 91.0828025477707 %
Successful eval levels: 74.26900584795322 %
Step: 2170880
Mean test reward: 46.875
Mean eval reward: 32.04435348510742
Successful test levels: 93.16770186335404 %
Successful eval levels: 67.2316384180791 %
Step: 2179072
Mean test reward: 40.625
Mean eval reward: 31.23522186279297
Successful test levels: 86.09271523178808 %
Successful eval levels: 69.87951807228916 %
Step: 2187264
Mean test reward: 45.3125
Mean eval reward: 30.691679000854492
Successful test levels: 89.50617283950618 %
Successful eval levels: 67.45562130177515 %
Step: 2195456
Mean test reward: 44.0625
Mean eval reward: 32.30667495727539
Successful test levels: 92.76315789473685 %
Successful eval levels: 71.00591715976331 %
Step: 2203648
Mean test reward: 48.125
Mean eval reward: 34.991455078125
Successful test levels: 88.50574712643679 %
Successful eval levels: 74.28571428571429 %
Step: 2211840
Mean test reward: 45.0
Mean eval reward: 34.17569351196289
Successful test levels: 90.0 %
Successful eval levels: 74.70588235294117 %
Step: 2220032
Mean test reward: 50.3125
Mean eval reward: 29.05927848815918
Successful test levels: 90.4494382022472 %
Successful eval levels: 62.7906976744186 %
Step: 2228224
Mean test reward: 46.875
Mean eval reward: 33.36346435546875
Successful test levels: 96.7741935483871 %
Successful eval levels: 72.09302325581395 %
Step: 2236416
Mean test reward: 49.6875
Mean eval reward: 32.28313446044922
Successful test levels: 91.90751445086705 %
Successful eval levels: 68.18181818181817 %
Step: 2244608
Mean test reward: 49.6875
Mean eval reward: 31.473438262939453
Successful test levels: 90.85714285714286 %
Successful eval levels: 67.24137931034483 %
Step: 2252800
Mean test reward: 48.4375
Mean eval reward: 28.783672332763672
Successful test levels: 92.26190476190477 %
Successful eval levels: 64.07185628742515 %
Step: 2260992
Mean test reward: 50.3125
Mean eval reward: 32.00686264038086
Successful test levels: 92.0 %
Successful eval levels: 68.78612716763006 %
Step: 2269184
Mean test reward: 55.3125
Mean eval reward: 34.690391540527344
Successful test levels: 93.65079365079364 %
Successful eval levels: 72.06703910614524 %
Step: 2277376
Mean test reward: 53.4375
Mean eval reward: 34.951873779296875
Successful test levels: 93.95604395604396 %
Successful eval levels: 77.38095238095238 %
Step: 2285568
Mean test reward: 46.875
Mean eval reward: 34.67181396484375
Successful test levels: 90.36144578313254 %
Successful eval levels: 72.06703910614524 %
Step: 2293760
Mean test reward: 42.5
Mean eval reward: 30.36886215209961
Successful test levels: 88.88888888888889 %
Successful eval levels: 69.75308641975309 %
Step: 2301952
Mean test reward: 50.625
Mean eval reward: 32.784664154052734
Successful test levels: 97.59036144578313 %
Successful eval levels: 67.77777777777779 %
Step: 2310144
Mean test reward: 41.875
Mean eval reward: 31.705421447753906
Successful test levels: 90.54054054054053 %
Successful eval levels: 75.64102564102564 %
Step: 2318336
Mean test reward: 49.375
Mean eval reward: 30.897890090942383
Successful test levels: 92.94117647058823 %
Successful eval levels: 66.86046511627907 %
Step: 2326528
Mean test reward: 43.4375
Mean eval reward: 30.895917892456055
Successful test levels: 92.05298013245033 %
Successful eval levels: 68.45238095238095 %
Step: 2334720
Mean test reward: 46.5625
Mean eval reward: 31.699209213256836
Successful test levels: 89.7590361445783 %
Successful eval levels: 68.6046511627907 %
Step: 2342912
Mean test reward: 53.75
Mean eval reward: 29.81936264038086
Successful test levels: 93.47826086956522 %
Successful eval levels: 72.54901960784314 %
Step: 2351104
Mean test reward: 45.9375
Mean eval reward: 34.38106155395508
Successful test levels: 93.0379746835443 %
Successful eval levels: 73.5632183908046 %
Step: 2359296
Mean test reward: 51.5625
Mean eval reward: 33.56887435913086
Successful test levels: 97.63313609467455 %
Successful eval levels: 71.83908045977012 %
Step: 2367488
Mean test reward: 45.3125
Mean eval reward: 31.685319900512695
Successful test levels: 92.35668789808918 %
Successful eval levels: 69.41176470588235 %
Step: 2375680
Mean test reward: 44.6875
Mean eval reward: 33.024349212646484
Successful test levels: 89.937106918239 %
Successful eval levels: 70.6896551724138 %
Step: 2383872
Mean test reward: 51.875
Mean eval reward: 30.606115341186523
Successful test levels: 93.25842696629213 %
Successful eval levels: 69.93865030674846 %
Step: 2392064
Mean test reward: 51.5625
Mean eval reward: 30.33469009399414
Successful test levels: 92.17877094972067 %
Successful eval levels: 68.90243902439023 %
Step: 2400256
Mean test reward: 44.375
Mean eval reward: 33.82280731201172
Successful test levels: 95.30201342281879 %
Successful eval levels: 76.82926829268293 %
Step: 2408448
Mean test reward: 48.125
Mean eval reward: 33.27784729003906
Successful test levels: 94.47852760736197 %
Successful eval levels: 72.09302325581395 %
Step: 2416640
Mean test reward: 43.75
Mean eval reward: 35.68528366088867
Successful test levels: 91.50326797385621 %
Successful eval levels: 70.74468085106383 %
Step: 2424832
Mean test reward: 43.75
Mean eval reward: 28.436370849609375
Successful test levels: 91.50326797385621 %
Successful eval levels: 68.38709677419355 %
Step: 2433024
Mean test reward: 51.25
Mean eval reward: 30.316226959228516
Successful test levels: 94.25287356321839 %
Successful eval levels: 72.43589743589743 %
Step: 2441216
Mean test reward: 47.1875
Mean eval reward: 26.83071517944336
Successful test levels: 92.07317073170732 %
Successful eval levels: 64.51612903225806 %
Step: 2449408
Mean test reward: 42.8125
Mean eval reward: 30.325119018554688
Successful test levels: 94.48275862068965 %
Successful eval levels: 70.625 %
Step: 2457600
Mean test reward: 48.4375
Mean eval reward: 33.003021240234375
Successful test levels: 94.51219512195121 %
Successful eval levels: 72.7810650887574 %
Step: 2465792
Mean test reward: 43.75
Mean eval reward: 34.07057189941406
Successful test levels: 91.50326797385621 %
Successful eval levels: 69.02173913043478 %
Step: 2473984
Mean test reward: 39.0625
Mean eval reward: 31.920757293701172
Successful test levels: 92.5925925925926 %
Successful eval levels: 76.77419354838709 %
Step: 2482176
Mean test reward: 41.875
Mean eval reward: 34.59688186645508
Successful test levels: 94.36619718309859 %
Successful eval levels: 73.29545454545455 %
Step: 2490368
Mean test reward: 44.0625
Mean eval reward: 32.98174285888672
Successful test levels: 94.0 %
Successful eval levels: 77.35849056603774 %
Step: 2498560
Mean test reward: 44.6875
Mean eval reward: 30.567068099975586
Successful test levels: 91.0828025477707 %
Successful eval levels: 67.85714285714286 %
Step: 2506752
Mean test reward: 40.0
Mean eval reward: 29.760379791259766
Successful test levels: 94.11764705882352 %
Successful eval levels: 68.51851851851852 %
Completed training!
{'total_steps': 2500000.0, 'learning_rate': 0.0005, 'epsilon': 1e-05, 'state_dict_name': 'IMP_short'}
Start Training...
Step: 8192
Mean test reward: 0.625
Mean eval reward: 1.5625
Successful test levels: 50.0 %
Successful eval levels: 38.46153846153847 %
Step: 16384
Mean test reward: 3.125
Mean eval reward: 1.25
Successful test levels: 66.66666666666666 %
Successful eval levels: 44.44444444444444 %
Step: 24576
Mean test reward: 1.5625
Mean eval reward: 1.25
Successful test levels: 55.55555555555556 %
Successful eval levels: 28.57142857142857 %
Step: 32768
Mean test reward: 4.375
Mean eval reward: 5.0
Successful test levels: 51.85185185185185 %
Successful eval levels: 53.333333333333336 %
Step: 40960
Mean test reward: 7.5
Mean eval reward: 6.25
Successful test levels: 63.1578947368421 %
Successful eval levels: 58.82352941176471 %
Step: 49152
Mean test reward: 10.625
Mean eval reward: 7.8125
Successful test levels: 62.96296296296296 %
Successful eval levels: 51.02040816326531 %
Step: 57344
Mean test reward: 12.5
Mean eval reward: 9.375
Successful test levels: 57.14285714285714 %
Successful eval levels: 50.0 %
Step: 65536
Mean test reward: 15.9375
Mean eval reward: 13.75
Successful test levels: 54.25531914893617 %
Successful eval levels: 53.01204819277109 %
Step: 73728
Mean test reward: 20.625
Mean eval reward: 13.75
Successful test levels: 66.0 %
Successful eval levels: 45.36082474226804 %
Step: 81920
Mean test reward: 19.375
Mean eval reward: 17.1875
Successful test levels: 60.19417475728155 %
Successful eval levels: 55.00000000000001 %
Step: 90112
Mean test reward: 20.9375
Mean eval reward: 19.6875
Successful test levels: 59.29203539823009 %
Successful eval levels: 55.75221238938053 %
Step: 98304
Mean test reward: 22.5
Mean eval reward: 20.0
Successful test levels: 60.0 %
Successful eval levels: 55.172413793103445 %
Step: 106496
Mean test reward: 21.5625
Mean eval reward: 17.8125
Successful test levels: 61.06194690265486 %
Successful eval levels: 49.56521739130435 %
Step: 114688
Mean test reward: 26.875
Mean eval reward: 19.6875
Successful test levels: 68.25396825396825 %
Successful eval levels: 55.75221238938053 %
Step: 122880
Mean test reward: 25.0
Mean eval reward: 25.0
Successful test levels: 62.5 %
Successful eval levels: 66.11570247933885 %
Step: 131072
Mean test reward: 25.625
Mean eval reward: 21.25
Successful test levels: 61.65413533834586 %
Successful eval levels: 53.125 %
Step: 139264
Mean test reward: 27.1875
Mean eval reward: 21.25
Successful test levels: 68.50393700787401 %
Successful eval levels: 54.400000000000006 %
Step: 147456
Mean test reward: 27.5
Mean eval reward: 19.6875
Successful test levels: 70.96774193548387 %
Successful eval levels: 53.84615384615385 %
Step: 155648
Mean test reward: 27.8125
Mean eval reward: 21.875
Successful test levels: 70.63492063492063 %
Successful eval levels: 57.85123966942148 %
Step: 163840
Mean test reward: 23.125
Mean eval reward: 22.5
Successful test levels: 58.26771653543307 %
Successful eval levels: 57.599999999999994 %
Step: 172032
Mean test reward: 26.875
Mean eval reward: 22.1875
Successful test levels: 69.91869918699187 %
Successful eval levels: 53.383458646616546 %
Step: 180224
Mean test reward: 23.125
Mean eval reward: 25.625
Successful test levels: 58.730158730158735 %
Successful eval levels: 66.12903225806451 %
Step: 188416
Mean test reward: 27.8125
Mean eval reward: 25.9375
Successful test levels: 65.44117647058823 %
Successful eval levels: 59.71223021582733 %
Step: 196608
Mean test reward: 29.0625
Mean eval reward: 20.0
Successful test levels: 69.92481203007519 %
Successful eval levels: 54.700854700854705 %
Step: 204800
Mean test reward: 24.0625
Mean eval reward: 24.6875
Successful test levels: 60.15625 %
Successful eval levels: 62.20472440944882 %
Step: 212992
Mean test reward: 28.125
Mean eval reward: 22.5
Successful test levels: 65.69343065693431 %
Successful eval levels: 64.86486486486487 %
Step: 221184
Mean test reward: 28.125
Mean eval reward: 25.625
Successful test levels: 69.23076923076923 %
Successful eval levels: 60.74074074074074 %
Step: 229376
Mean test reward: 28.4375
Mean eval reward: 25.9375
Successful test levels: 68.42105263157895 %
Successful eval levels: 62.40601503759399 %
Step: 237568
Mean test reward: 28.4375
Mean eval reward: 25.0
Successful test levels: 68.93939393939394 %
Successful eval levels: 64.0 %
Step: 245760
Mean test reward: 27.1875
Mean eval reward: 25.9375
Successful test levels: 66.92307692307692 %
Successful eval levels: 62.40601503759399 %
Step: 253952
Mean test reward: 29.375
Mean eval reward: 27.5
Successful test levels: 67.14285714285714 %
Successful eval levels: 66.66666666666666 %
Step: 262144
Mean test reward: 29.6875
Mean eval reward: 24.375
Successful test levels: 70.37037037037037 %
Successful eval levels: 61.417322834645674 %
Step: 270336
Mean test reward: 28.75
Mean eval reward: 24.0625
Successful test levels: 75.40983606557377 %
Successful eval levels: 57.89473684210527 %
Step: 278528
Mean test reward: 30.9375
Mean eval reward: 22.5
Successful test levels: 70.2127659574468 %
Successful eval levels: 58.06451612903226 %
Step: 286720
Mean test reward: 33.75
Mean eval reward: 29.0625
Successful test levels: 75.0 %
Successful eval levels: 67.88321167883211 %
Step: 294912
Mean test reward: 32.8125
Mean eval reward: 24.375
Successful test levels: 77.20588235294117 %
Successful eval levels: 59.09090909090909 %
Step: 303104
Mean test reward: 29.375
Mean eval reward: 27.1875
Successful test levels: 66.66666666666666 %
Successful eval levels: 66.41221374045801 %
Step: 311296
Mean test reward: 32.5
Mean eval reward: 27.8125
Successful test levels: 72.22222222222221 %
Successful eval levels: 62.676056338028175 %
Step: 319488
Mean test reward: 35.0
Mean eval reward: 30.0
Successful test levels: 71.3375796178344 %
Successful eval levels: 64.42953020134227 %
Step: 327680
Mean test reward: 36.5625
Mean eval reward: 28.75
Successful test levels: 70.9090909090909 %
Successful eval levels: 67.15328467153284 %
Step: 335872
Mean test reward: 31.5625
Mean eval reward: 30.9375
Successful test levels: 69.17808219178082 %
Successful eval levels: 64.28571428571429 %
Step: 344064
Mean test reward: 34.375
Mean eval reward: 32.5
Successful test levels: 72.36842105263158 %
Successful eval levels: 66.66666666666666 %
Step: 352256
Mean test reward: 37.8125
Mean eval reward: 28.4375
Successful test levels: 73.33333333333333 %
Successful eval levels: 59.09090909090909 %
Step: 360448
Mean test reward: 37.1875
Mean eval reward: 30.625
Successful test levels: 74.375 %
Successful eval levels: 65.33333333333333 %
Step: 368640
Mean test reward: 38.75
Mean eval reward: 30.9375
Successful test levels: 72.94117647058823 %
Successful eval levels: 65.56291390728477 %
Step: 376832
Mean test reward: 40.0
Mean eval reward: 33.125
Successful test levels: 72.31638418079096 %
Successful eval levels: 68.38709677419355 %
Step: 385024
Mean test reward: 41.875
Mean eval reward: 31.875
Successful test levels: 69.79166666666666 %
Successful eval levels: 56.98324022346368 %
Step: 393216
Mean test reward: 44.0625
Mean eval reward: 36.5625
Successful test levels: 77.90055248618785 %
Successful eval levels: 63.24324324324324 %
Step: 401408
Mean test reward: 39.375
Mean eval reward: 33.125
Successful test levels: 69.61325966850829 %
Successful eval levels: 64.24242424242425 %
Step: 409600
Mean test reward: 39.6875
Mean eval reward: 37.8125
Successful test levels: 72.1590909090909 %
Successful eval levels: 69.54022988505747 %
Step: 417792
Mean test reward: 37.5
Mean eval reward: 30.9375
Successful test levels: 67.0391061452514 %
Successful eval levels: 66.44295302013423 %
Step: 425984
Mean test reward: 43.4375
Mean eval reward: 34.375
Successful test levels: 72.02072538860104 %
Successful eval levels: 65.86826347305389 %
Step: 434176
Mean test reward: 44.0625
Mean eval reward: 41.5625
Successful test levels: 71.57360406091371 %
Successful eval levels: 70.0 %
Step: 442368
Mean test reward: 45.0
Mean eval reward: 37.5
Successful test levels: 73.84615384615385 %
Successful eval levels: 66.66666666666666 %
Step: 450560
Mean test reward: 44.375
Mean eval reward: 34.0625
Successful test levels: 69.6078431372549 %
Successful eval levels: 64.11764705882354 %
Step: 458752
Mean test reward: 45.625
Mean eval reward: 36.875
Successful test levels: 77.6595744680851 %
Successful eval levels: 69.41176470588235 %
Step: 466944
Mean test reward: 41.5625
Mean eval reward: 37.1875
Successful test levels: 70.74468085106383 %
Successful eval levels: 62.63157894736842 %
Step: 475136
Mean test reward: 42.8125
Mean eval reward: 39.375
Successful test levels: 72.10526315789474 %
Successful eval levels: 67.37967914438502 %
Step: 483328
Mean test reward: 44.375
Mean eval reward: 40.625
Successful test levels: 75.53191489361703 %
Successful eval levels: 74.71264367816092 %
Step: 491520
Mean test reward: 43.125
Mean eval reward: 35.3125
Successful test levels: 72.25130890052355 %
Successful eval levels: 63.128491620111724 %
Step: 499712
Mean test reward: 45.0
Mean eval reward: 34.375
Successful test levels: 72.36180904522614 %
Successful eval levels: 61.79775280898876 %
Step: 507904
Mean test reward: 49.0625
Mean eval reward: 38.125
Successful test levels: 78.5 %
Successful eval levels: 68.92655367231639 %
Step: 516096
Mean test reward: 44.6875
Mean eval reward: 33.75
Successful test levels: 70.79207920792079 %
Successful eval levels: 56.84210526315789 %
Step: 524288
Mean test reward: 48.75
Mean eval reward: 39.6875
Successful test levels: 74.64114832535886 %
Successful eval levels: 69.78021978021978 %
Step: 532480
Mean test reward: 44.375
Mean eval reward: 37.8125
Successful test levels: 78.02197802197803 %
Successful eval levels: 63.35078534031413 %
Step: 540672
Mean test reward: 50.625
Mean eval reward: 30.0
Successful test levels: 77.14285714285715 %
Successful eval levels: 56.470588235294116 %
Step: 548864
Mean test reward: 41.875
Mean eval reward: 40.265663146972656
Successful test levels: 72.43243243243244 %
Successful eval levels: 70.49180327868852 %
Step: 557056
Mean test reward: 47.1875
Mean eval reward: 37.6337776184082
Successful test levels: 79.05759162303664 %
Successful eval levels: 66.48351648351648 %
Step: 565248
Mean test reward: 52.1875
Mean eval reward: 35.049530029296875
Successful test levels: 78.77358490566037 %
Successful eval levels: 61.74863387978142 %
Step: 573440
Mean test reward: 47.5
Mean eval reward: 38.035377502441406
Successful test levels: 75.24752475247524 %
Successful eval levels: 64.3979057591623 %
Step: 581632
Mean test reward: 50.0
Mean eval reward: 37.62131118774414
Successful test levels: 84.21052631578947 %
Successful eval levels: 66.30434782608695 %
Step: 589824
Mean test reward: 47.1875
Mean eval reward: 32.6077766418457
Successful test levels: 74.75247524752476 %
Successful eval levels: 69.28104575163398 %
Step: 598016
Mean test reward: 48.4375
Mean eval reward: 34.386199951171875
Successful test levels: 79.89690721649485 %
Successful eval levels: 61.87845303867403 %
Step: 606208
Mean test reward: 45.3125
Mean eval reward: 32.1855354309082
Successful test levels: 75.91623036649214 %
Successful eval levels: 60.3448275862069 %
Step: 614400
Mean test reward: 50.9375
Mean eval reward: 34.88492965698242
Successful test levels: 81.5 %
Successful eval levels: 63.687150837988824 %
Step: 622592
Mean test reward: 42.1875
Mean eval reward: 34.79976272583008
Successful test levels: 76.70454545454545 %
Successful eval levels: 63.687150837988824 %
Step: 630784
Mean test reward: 46.25
Mean eval reward: 36.24543762207031
Successful test levels: 78.72340425531915 %
Successful eval levels: 68.78612716763006 %
Step: 638976
Mean test reward: 43.125
Mean eval reward: 34.94781494140625
Successful test levels: 73.40425531914893 %
Successful eval levels: 64.24581005586593 %
Step: 647168
Mean test reward: 52.5
Mean eval reward: 40.91779327392578
Successful test levels: 81.55339805825243 %
Successful eval levels: 68.52791878172589 %
Step: 655360
Mean test reward: 51.25
Mean eval reward: 43.79924392700195
Successful test levels: 80.3921568627451 %
Successful eval levels: 73.9795918367347 %
Step: 663552
Mean test reward: 50.625
Mean eval reward: 35.524314880371094
Successful test levels: 74.31192660550458 %
Successful eval levels: 65.55555555555556 %
Step: 671744
Mean test reward: 54.375
Mean eval reward: 34.264854431152344
Successful test levels: 84.46601941747572 %
Successful eval levels: 60.317460317460316 %
Step: 679936
Mean test reward: 44.6875
Mean eval reward: 39.28974914550781
Successful test levels: 76.88172043010752 %
Successful eval levels: 68.22916666666666 %
Step: 688128
Mean test reward: 42.1875
Mean eval reward: 35.017147064208984
Successful test levels: 72.58064516129032 %
Successful eval levels: 64.64088397790056 %
Step: 696320
Mean test reward: 45.9375
Mean eval reward: 34.35573959350586
Successful test levels: 75.38461538461539 %
Successful eval levels: 70.5521472392638 %
Step: 704512
Mean test reward: 48.75
Mean eval reward: 41.72819900512695
Successful test levels: 83.87096774193549 %
Successful eval levels: 73.29842931937172 %
Step: 712704
Mean test reward: 48.125
Mean eval reward: 40.70947265625
Successful test levels: 81.48148148148148 %
Successful eval levels: 71.72774869109948 %
Step: 720896
Mean test reward: 45.3125
Mean eval reward: 37.04631805419922
Successful test levels: 77.54010695187165 %
Successful eval levels: 62.8140703517588 %
Step: 729088
Mean test reward: 44.375
Mean eval reward: 35.80509948730469
Successful test levels: 73.57512953367875 %
Successful eval levels: 66.85082872928176 %
Step: 737280
Mean test reward: 57.1875
Mean eval reward: 35.74060821533203
Successful test levels: 87.14285714285714 %
Successful eval levels: 68.75 %
Step: 745472
Mean test reward: 55.0
Mean eval reward: 36.277687072753906
Successful test levels: 81.10599078341014 %
Successful eval levels: 65.07936507936508 %
Step: 753664
Mean test reward: 46.25
Mean eval reward: 36.207183837890625
Successful test levels: 78.3068783068783 %
Successful eval levels: 67.95580110497238 %
Step: 761856
Mean test reward: 47.1875
Mean eval reward: 37.02709197998047
Successful test levels: 75.5 %
Successful eval levels: 64.61538461538461 %
Step: 770048
Mean test reward: 51.5625
Mean eval reward: 34.614013671875
Successful test levels: 82.91457286432161 %
Successful eval levels: 69.00584795321637 %
Step: 778240
Mean test reward: 45.625
Mean eval reward: 34.57416534423828
Successful test levels: 81.11111111111111 %
Successful eval levels: 68.20809248554913 %
Step: 786432
Mean test reward: 48.4375
Mean eval reward: 40.64471435546875
Successful test levels: 77.88944723618091 %
Successful eval levels: 73.15789473684211 %
Step: 794624
Mean test reward: 50.9375
Mean eval reward: 37.35027313232422
Successful test levels: 79.90196078431373 %
Successful eval levels: 65.97938144329896 %
Step: 802816
Mean test reward: 55.0
Mean eval reward: 36.706424713134766
Successful test levels: 85.85365853658537 %
Successful eval levels: 65.625 %
Step: 811008
Mean test reward: 45.3125
Mean eval reward: 35.77904510498047
Successful test levels: 78.37837837837837 %
Successful eval levels: 66.12903225806451 %
Step: 819200
Mean test reward: 51.5625
Mean eval reward: 35.43605041503906
Successful test levels: 82.91457286432161 %
Successful eval levels: 63.541666666666664 %
Step: 827392
Mean test reward: 52.8125
Mean eval reward: 40.87599182128906
Successful test levels: 83.2512315270936 %
Successful eval levels: 68.44660194174757 %
Step: 835584
Mean test reward: 48.4375
Mean eval reward: 38.772071838378906
Successful test levels: 83.33333333333334 %
Successful eval levels: 67.33668341708542 %
Step: 843776
Mean test reward: 53.4375
Mean eval reward: 30.345178604125977
Successful test levels: 82.21153846153845 %
Successful eval levels: 58.011049723756905 %
Step: 851968
Mean test reward: 45.0
Mean eval reward: 34.65611267089844
Successful test levels: 78.68852459016394 %
Successful eval levels: 71.8562874251497 %
Step: 860160
Mean test reward: 52.5
Mean eval reward: 39.50068664550781
Successful test levels: 81.55339805825243 %
Successful eval levels: 69.1919191919192 %
Step: 868352
Mean test reward: 52.5
Mean eval reward: 33.10696792602539
Successful test levels: 85.27918781725889 %
Successful eval levels: 67.2514619883041 %
Step: 876544
Mean test reward: 48.75
Mean eval reward: 39.108924865722656
Successful test levels: 78.78787878787878 %
Successful eval levels: 67.66169154228857 %
Step: 884736
Mean test reward: 48.75
Mean eval reward: 35.32106018066406
Successful test levels: 79.59183673469387 %
Successful eval levels: 71.09826589595376 %
Step: 892928
Mean test reward: 43.4375
Mean eval reward: 32.98828125
Successful test levels: 79.88505747126436 %
Successful eval levels: 64.97175141242938 %
Step: 901120
Mean test reward: 45.9375
Mean eval reward: 36.95925521850586
Successful test levels: 82.58426966292134 %
Successful eval levels: 68.61702127659575 %
Step: 909312
Mean test reward: 46.875
Mean eval reward: 36.62400817871094
Successful test levels: 81.08108108108108 %
Successful eval levels: 70.32967032967034 %
Step: 917504
Mean test reward: 52.5
Mean eval reward: 34.58635711669922
Successful test levels: 85.71428571428571 %
Successful eval levels: 69.94219653179191 %
Step: 925696
Mean test reward: 53.4375
Mean eval reward: 34.843177795410156
Successful test levels: 84.23645320197043 %
Successful eval levels: 64.55026455026454 %
Step: 933888
Mean test reward: 46.5625
Mean eval reward: 33.66716003417969
Successful test levels: 78.01047120418848 %
Successful eval levels: 69.00584795321637 %
Step: 942080
Mean test reward: 46.875
Mean eval reward: 35.62603759765625
Successful test levels: 80.21390374331551 %
Successful eval levels: 69.44444444444444 %
Step: 950272
Mean test reward: 52.5
Mean eval reward: 37.85862350463867
Successful test levels: 85.27918781725889 %
Successful eval levels: 68.2051282051282 %
Step: 958464
Mean test reward: 41.875
Mean eval reward: 34.69035720825195
Successful test levels: 80.23952095808383 %
Successful eval levels: 72.61904761904762 %
Step: 966656
Mean test reward: 47.1875
Mean eval reward: 32.10757827758789
Successful test levels: 82.5136612021858 %
Successful eval levels: 70.1863354037267 %
Step: 974848
Mean test reward: 49.375
Mean eval reward: 35.775394439697266
Successful test levels: 85.86956521739131 %
Successful eval levels: 69.61325966850829 %
Step: 983040
Mean test reward: 47.1875
Mean eval reward: 34.885101318359375
Successful test levels: 82.5136612021858 %
Successful eval levels: 67.58241758241759 %
Step: 991232
Mean test reward: 49.0625
Mean eval reward: 34.57111358642578
Successful test levels: 83.06878306878306 %
Successful eval levels: 70.11494252873564 %
Step: 999424
Mean test reward: 51.875
Mean eval reward: 35.389915466308594
Successful test levels: 85.56701030927834 %
Successful eval levels: 68.30601092896174 %
Step: 1007616
Mean test reward: 49.6875
Mean eval reward: 31.40724754333496
Successful test levels: 82.8125 %
Successful eval levels: 66.07142857142857 %
Step: 1015808
Mean test reward: 49.0625
Mean eval reward: 36.47068786621094
Successful test levels: 87.22222222222223 %
Successful eval levels: 67.1875 %
Step: 1024000
Mean test reward: 53.75
Mean eval reward: 36.99373245239258
Successful test levels: 86.4321608040201 %
Successful eval levels: 73.18435754189943 %
Step: 1032192
Mean test reward: 50.625
Mean eval reward: 31.881290435791016
Successful test levels: 81.4070351758794 %
Successful eval levels: 67.66467065868264 %
Step: 1040384
Mean test reward: 48.75
Mean eval reward: 38.908531188964844
Successful test levels: 85.71428571428571 %
Successful eval levels: 74.5945945945946 %
Step: 1048576
Mean test reward: 50.0
Mean eval reward: 36.04210662841797
Successful test levels: 84.65608465608466 %
Successful eval levels: 69.94535519125684 %
Step: 1056768
Mean test reward: 50.9375
Mean eval reward: 30.67624282836914
Successful test levels: 88.10810810810811 %
Successful eval levels: 62.28571428571429 %
Step: 1064960
Mean test reward: 50.625
Mean eval reward: 37.964046478271484
Successful test levels: 82.23350253807106 %
Successful eval levels: 73.36956521739131 %
Step: 1073152
Mean test reward: 51.5625
Mean eval reward: 33.71818161010742
Successful test levels: 85.9375 %
Successful eval levels: 65.21739130434783 %
Step: 1081344
Mean test reward: 45.3125
Mean eval reward: 36.20930480957031
Successful test levels: 85.29411764705883 %
Successful eval levels: 70.87912087912088 %
Step: 1089536
Mean test reward: 52.8125
Mean eval reward: 39.261295318603516
Successful test levels: 85.35353535353535 %
Successful eval levels: 70.70707070707071 %
Step: 1097728
Mean test reward: 50.0
Mean eval reward: 34.17716979980469
Successful test levels: 88.88888888888889 %
Successful eval levels: 68.92655367231639 %
Step: 1105920
Mean test reward: 51.5625
Mean eval reward: 33.31153869628906
Successful test levels: 85.49222797927462 %
Successful eval levels: 64.32432432432432 %
Step: 1114112
Mean test reward: 45.9375
Mean eval reward: 31.902868270874023
Successful test levels: 82.58426966292134 %
Successful eval levels: 63.687150837988824 %
Step: 1122304
Mean test reward: 50.0
Mean eval reward: 39.42613983154297
Successful test levels: 87.43169398907104 %
Successful eval levels: 75.0 %
Step: 1130496
Mean test reward: 46.25
Mean eval reward: 35.47212219238281
Successful test levels: 79.14438502673798 %
Successful eval levels: 70.94972067039106 %
Step: 1138688
Mean test reward: 49.0625
Mean eval reward: 34.328330993652344
Successful test levels: 87.22222222222223 %
Successful eval levels: 67.95580110497238 %
Step: 1146880
Mean test reward: 44.375
Mean eval reward: 35.13932800292969
Successful test levels: 79.7752808988764 %
Successful eval levels: 72.41379310344827 %
Step: 1155072
Mean test reward: 44.375
Mean eval reward: 34.0014762878418
Successful test levels: 81.14285714285714 %
Successful eval levels: 68.53932584269663 %
Step: 1163264
Mean test reward: 47.8125
Mean eval reward: 31.47931480407715
Successful test levels: 81.38297872340425 %
Successful eval levels: 68.07228915662651 %
Step: 1171456
Mean test reward: 51.25
Mean eval reward: 33.976707458496094
Successful test levels: 86.77248677248677 %
Successful eval levels: 67.77777777777779 %
Step: 1179648
Mean test reward: 42.5
Mean eval reward: 36.45879364013672
Successful test levels: 81.92771084337349 %
Successful eval levels: 70.05347593582889 %
Step: 1187840
Mean test reward: 48.75
Mean eval reward: 35.316009521484375
Successful test levels: 88.63636363636364 %
Successful eval levels: 70.94972067039106 %
Step: 1196032
Mean test reward: 47.8125
Mean eval reward: 31.958803176879883
Successful test levels: 81.81818181818183 %
Successful eval levels: 73.24840764331209 %
Step: 1204224
Mean test reward: 49.375
Mean eval reward: 31.94919204711914
Successful test levels: 83.5978835978836 %
Successful eval levels: 64.97175141242938 %
Step: 1212416
Mean test reward: 44.6875
Mean eval reward: 34.9866943359375
Successful test levels: 87.1951219512195 %
Successful eval levels: 69.23076923076923 %
Step: 1220608
Mean test reward: 40.0
Mean eval reward: 33.57875442504883
Successful test levels: 82.05128205128204 %
Successful eval levels: 76.10062893081762 %
Step: 1228800
Mean test reward: 43.125
Mean eval reward: 32.45550537109375
Successful test levels: 86.25 %
Successful eval levels: 68.42105263157895 %
Step: 1236992
Mean test reward: 45.625
Mean eval reward: 35.48640823364258
Successful test levels: 83.9080459770115 %
Successful eval levels: 71.11111111111111 %
Step: 1245184
Mean test reward: 51.25
Mean eval reward: 30.209888458251953
Successful test levels: 87.70053475935828 %
Successful eval levels: 65.66265060240963 %
Step: 1253376
Mean test reward: 46.5625
Mean eval reward: 31.31277084350586
Successful test levels: 85.63218390804597 %
Successful eval levels: 69.32515337423312 %
Step: 1261568
Mean test reward: 38.4375
Mean eval reward: 28.81317138671875
Successful test levels: 83.1081081081081 %
Successful eval levels: 66.66666666666666 %
Step: 1269760
Mean test reward: 45.3125
Mean eval reward: 32.962039947509766
Successful test levels: 79.67032967032966 %
Successful eval levels: 66.4804469273743 %
Step: 1277952
Mean test reward: 47.1875
Mean eval reward: 34.88772964477539
Successful test levels: 83.42541436464089 %
Successful eval levels: 73.68421052631578 %
Step: 1286144
Mean test reward: 44.6875
Mean eval reward: 31.55200958251953
Successful test levels: 85.62874251497006 %
Successful eval levels: 72.15189873417721 %
Step: 1294336
Mean test reward: 45.0
Mean eval reward: 30.43663215637207
Successful test levels: 83.72093023255815 %
Successful eval levels: 70.51282051282051 %
Step: 1302528
Mean test reward: 41.25
Mean eval reward: 36.23149108886719
Successful test levels: 79.51807228915662 %
Successful eval levels: 70.05347593582889 %
Step: 1310720
Mean test reward: 40.625
Mean eval reward: 33.99997329711914
Successful test levels: 86.09271523178808 %
Successful eval levels: 73.21428571428571 %
Step: 1318912
Mean test reward: 42.5
Mean eval reward: 30.121620178222656
Successful test levels: 85.0 %
Successful eval levels: 67.70186335403726 %
Step: 1327104
Mean test reward: 43.125
Mean eval reward: 32.5993537902832
Successful test levels: 87.89808917197452 %
Successful eval levels: 67.04545454545455 %
Step: 1335296
Mean test reward: 42.5
Mean eval reward: 32.59186553955078
Successful test levels: 85.0 %
Successful eval levels: 69.8224852071006 %
Step: 1343488
Mean test reward: 46.5625
Mean eval reward: 27.894580841064453
Successful test levels: 85.14285714285714 %
Successful eval levels: 56.424581005586596 %
Step: 1351680
Mean test reward: 40.9375
Mean eval reward: 32.85899353027344
Successful test levels: 82.38993710691824 %
Successful eval levels: 64.67391304347827 %
Step: 1359872
Mean test reward: 45.625
Mean eval reward: 34.77599334716797
Successful test levels: 87.95180722891565 %
Successful eval levels: 72.0 %
Step: 1368064
Mean test reward: 45.625
Mean eval reward: 33.93285369873047
Successful test levels: 88.48484848484848 %
Successful eval levels: 72.35294117647058 %
Step: 1376256
Mean test reward: 40.9375
Mean eval reward: 33.64204406738281
Successful test levels: 79.39393939393939 %
Successful eval levels: 65.59139784946237 %
Step: 1384448
Mean test reward: 44.375
Mean eval reward: 34.18315124511719
Successful test levels: 83.04093567251462 %
Successful eval levels: 69.27374301675978 %
Step: 1392640
Mean test reward: 45.625
Mean eval reward: 34.161582946777344
Successful test levels: 84.88372093023256 %
Successful eval levels: 71.67630057803468 %
Step: 1400832
Mean test reward: 41.5625
Mean eval reward: 34.693817138671875
Successful test levels: 83.64779874213836 %
Successful eval levels: 71.5909090909091 %
Step: 1409024
Mean test reward: 46.5625
Mean eval reward: 30.829608917236328
Successful test levels: 84.18079096045197 %
Successful eval levels: 63.63636363636363 %
Step: 1417216
Mean test reward: 42.1875
Mean eval reward: 36.044498443603516
Successful test levels: 85.44303797468355 %
Successful eval levels: 68.22916666666666 %
Step: 1425408
Mean test reward: 44.0625
Mean eval reward: 34.09938049316406
Successful test levels: 85.97560975609755 %
Successful eval levels: 72.94117647058823 %
Step: 1433600
Mean test reward: 49.0625
Mean eval reward: 33.80927276611328
Successful test levels: 86.26373626373626 %
Successful eval levels: 70.28571428571428 %
Step: 1441792
Mean test reward: 46.25
Mean eval reward: 34.89443588256836
Successful test levels: 84.57142857142857 %
Successful eval levels: 71.75141242937853 %
Step: 1449984
Mean test reward: 45.9375
Mean eval reward: 33.50731658935547
Successful test levels: 91.30434782608695 %
Successful eval levels: 65.59139784946237 %
Step: 1458176
Mean test reward: 53.75
Mean eval reward: 33.21946716308594
Successful test levels: 91.48936170212765 %
Successful eval levels: 71.17647058823529 %
Step: 1466368
Mean test reward: 47.1875
Mean eval reward: 34.849266052246094
Successful test levels: 90.41916167664671 %
Successful eval levels: 70.55555555555556 %
Step: 1474560
Mean test reward: 47.5
Mean eval reward: 31.27698516845703
Successful test levels: 84.44444444444444 %
Successful eval levels: 70.37037037037037 %
Step: 1482752
Mean test reward: 45.625
Mean eval reward: 33.183353424072266
Successful test levels: 82.48587570621469 %
Successful eval levels: 66.85082872928176 %
Step: 1490944
Mean test reward: 48.75
Mean eval reward: 34.544761657714844
Successful test levels: 86.66666666666667 %
Successful eval levels: 72.0 %
Step: 1499136
Mean test reward: 45.3125
Mean eval reward: 33.16063690185547
Successful test levels: 84.30232558139535 %
Successful eval levels: 70.76023391812866 %
Step: 1507328
Mean test reward: 50.625
Mean eval reward: 37.79740905761719
Successful test levels: 88.52459016393442 %
Successful eval levels: 73.01587301587301 %
Step: 1515520
Mean test reward: 45.9375
Mean eval reward: 33.12443923950195
Successful test levels: 86.98224852071006 %
Successful eval levels: 71.17647058823529 %
Step: 1523712
Mean test reward: 50.9375
Mean eval reward: 38.85226821899414
Successful test levels: 89.07103825136612 %
Successful eval levels: 74.3455497382199 %
Step: 1531904
Mean test reward: 45.0
Mean eval reward: 35.54338836669922
Successful test levels: 88.34355828220859 %
Successful eval levels: 70.27027027027027 %
Step: 1540096
Mean test reward: 44.375
Mean eval reward: 32.796409606933594
Successful test levels: 90.44585987261146 %
Successful eval levels: 64.86486486486487 %
Step: 1548288
Mean test reward: 50.625
Mean eval reward: 30.059505462646484
Successful test levels: 90.5027932960894 %
Successful eval levels: 64.32748538011695 %
Step: 1556480
Mean test reward: 51.25
Mean eval reward: 34.425018310546875
Successful test levels: 84.97409326424871 %
Successful eval levels: 72.41379310344827 %
Step: 1564672
Mean test reward: 45.9375
Mean eval reward: 36.04228973388672
Successful test levels: 88.55421686746988 %
Successful eval levels: 71.73913043478261 %
Step: 1572864
Mean test reward: 50.0
Mean eval reward: 33.3016357421875
Successful test levels: 88.39779005524862 %
Successful eval levels: 66.66666666666666 %
Step: 1581056
Mean test reward: 53.125
Mean eval reward: 33.83416748046875
Successful test levels: 93.92265193370166 %
Successful eval levels: 66.66666666666666 %
Step: 1589248
Mean test reward: 42.5
Mean eval reward: 33.006446838378906
Successful test levels: 87.17948717948718 %
Successful eval levels: 69.94219653179191 %
Step: 1597440
Mean test reward: 44.6875
Mean eval reward: 31.36241912841797
Successful test levels: 87.1951219512195 %
Successful eval levels: 67.64705882352942 %
Step: 1605632
Mean test reward: 53.4375
Mean eval reward: 30.54016876220703
Successful test levels: 91.44385026737967 %
Successful eval levels: 67.46987951807229 %
Step: 1613824
Mean test reward: 44.0625
Mean eval reward: 34.07797622680664
Successful test levels: 84.4311377245509 %
Successful eval levels: 76.68711656441718 %
Step: 1622016
Mean test reward: 53.4375
Mean eval reward: 28.624004364013672
Successful test levels: 91.44385026737967 %
Successful eval levels: 64.41717791411043 %
Step: 1630208
Mean test reward: 47.5
Mean eval reward: 32.980934143066406
Successful test levels: 88.37209302325581 %
Successful eval levels: 70.76023391812866 %
Step: 1638400
Mean test reward: 52.5
Mean eval reward: 32.97235870361328
Successful test levels: 93.33333333333333 %
Successful eval levels: 68.36158192090396 %
Step: 1646592
Mean test reward: 46.875
Mean eval reward: 30.23902130126953
Successful test levels: 89.82035928143712 %
Successful eval levels: 64.91228070175438 %
Step: 1654784
Mean test reward: 47.1875
Mean eval reward: 29.96895980834961
Successful test levels: 87.79069767441861 %
Successful eval levels: 67.07317073170732 %
Step: 1662976
Mean test reward: 46.5625
Mean eval reward: 31.32941246032715
Successful test levels: 84.6590909090909 %
Successful eval levels: 72.32704402515722 %
Step: 1671168
Mean test reward: 44.6875
Mean eval reward: 32.688140869140625
Successful test levels: 87.1951219512195 %
Successful eval levels: 73.61963190184049 %
Step: 1679360
Mean test reward: 44.6875
Mean eval reward: 29.95496940612793
Successful test levels: 92.25806451612904 %
Successful eval levels: 71.42857142857143 %
Step: 1687552
Mean test reward: 50.3125
Mean eval reward: 32.67707824707031
Successful test levels: 90.96045197740112 %
Successful eval levels: 74.53416149068323 %
Step: 1695744
Mean test reward: 48.125
Mean eval reward: 29.134967803955078
Successful test levels: 89.01734104046243 %
Successful eval levels: 65.6441717791411 %
Step: 1703936
Mean test reward: 46.5625
Mean eval reward: 32.945594787597656
Successful test levels: 91.9753086419753 %
Successful eval levels: 67.97752808988764 %
Step: 1712128
Mean test reward: 45.9375
Mean eval reward: 29.401371002197266
Successful test levels: 90.1840490797546 %
Successful eval levels: 68.78980891719745 %
Step: 1720320
Mean test reward: 56.25
Mean eval reward: 31.84481430053711
Successful test levels: 93.26424870466322 %
Successful eval levels: 70.9090909090909 %
Step: 1728512
Mean test reward: 45.625
Mean eval reward: 32.11494445800781
Successful test levels: 88.48484848484848 %
Successful eval levels: 71.95121951219512 %
Step: 1736704
Mean test reward: 44.6875
Mean eval reward: 35.91402816772461
Successful test levels: 88.81987577639751 %
Successful eval levels: 76.30057803468208 %
Step: 1744896
Mean test reward: 44.0625
Mean eval reward: 29.920568466186523
Successful test levels: 87.03703703703704 %
Successful eval levels: 68.32298136645963 %
Step: 1753088
Mean test reward: 45.0
Mean eval reward: 32.63778305053711
Successful test levels: 86.74698795180723 %
Successful eval levels: 73.17073170731707 %
Step: 1761280
Mean test reward: 42.1875
Mean eval reward: 32.085540771484375
Successful test levels: 85.44303797468355 %
Successful eval levels: 65.55555555555556 %
Step: 1769472
Mean test reward: 45.9375
Mean eval reward: 33.16682815551758
Successful test levels: 93.0379746835443 %
Successful eval levels: 67.40331491712708 %
Step: 1777664
Mean test reward: 41.5625
Mean eval reward: 30.98615837097168
Successful test levels: 88.0794701986755 %
Successful eval levels: 67.45562130177515 %
Step: 1785856
Mean test reward: 41.25
Mean eval reward: 32.6123161315918
Successful test levels: 85.71428571428571 %
Successful eval levels: 68.18181818181817 %
Step: 1794048
Mean test reward: 40.9375
Mean eval reward: 29.078174591064453
Successful test levels: 87.91946308724832 %
Successful eval levels: 69.93464052287581 %
Step: 1802240
Mean test reward: 44.0625
Mean eval reward: 30.43545150756836
Successful test levels: 88.67924528301887 %
Successful eval levels: 68.29268292682927 %
Step: 1810432
Mean test reward: 39.0625
Mean eval reward: 31.792285919189453
Successful test levels: 85.61643835616438 %
Successful eval levels: 66.47727272727273 %
Step: 1818624
Mean test reward: 38.75
Mean eval reward: 35.043617248535156
Successful test levels: 86.7132867132867 %
Successful eval levels: 70.49180327868852 %
Step: 1826816
Mean test reward: 46.875
Mean eval reward: 36.38715744018555
Successful test levels: 89.28571428571429 %
Successful eval levels: 77.45664739884393 %
Step: 1835008
Mean test reward: 41.875
Mean eval reward: 37.449947357177734
Successful test levels: 90.54054054054053 %
Successful eval levels: 75.40983606557377 %
Step: 1843200
Mean test reward: 44.375
Mean eval reward: 30.926252365112305
Successful test levels: 89.87341772151899 %
Successful eval levels: 67.85714285714286 %
Step: 1851392
Mean test reward: 46.875
Mean eval reward: 30.92550277709961
Successful test levels: 92.02453987730061 %
Successful eval levels: 69.0909090909091 %
Step: 1859584
Mean test reward: 47.8125
Mean eval reward: 35.257041931152344
Successful test levels: 90.0 %
Successful eval levels: 73.03370786516854 %
Step: 1867776
Mean test reward: 54.0625
Mean eval reward: 30.640832901000977
Successful test levels: 91.53439153439153 %
Successful eval levels: 68.07228915662651 %
Step: 1875968
Mean test reward: 44.0625
Mean eval reward: 33.62056350708008
Successful test levels: 87.5776397515528 %
Successful eval levels: 75.15151515151514 %
Step: 1884160
Mean test reward: 46.25
Mean eval reward: 34.15079879760742
Successful test levels: 89.6969696969697 %
Successful eval levels: 73.68421052631578 %
Step: 1892352
Mean test reward: 44.0625
Mean eval reward: 33.871620178222656
Successful test levels: 91.55844155844156 %
Successful eval levels: 66.84491978609626 %
Step: 1900544
Mean test reward: 52.5
Mean eval reward: 28.719398498535156
Successful test levels: 94.3820224719101 %
Successful eval levels: 62.721893491124256 %
Step: 1908736
Mean test reward: 48.4375
Mean eval reward: 31.96800994873047
Successful test levels: 87.07865168539325 %
Successful eval levels: 68.6046511627907 %
Step: 1916928
Mean test reward: 47.8125
Mean eval reward: 35.21177673339844
Successful test levels: 90.53254437869822 %
Successful eval levels: 68.78306878306879 %
Step: 1925120
Mean test reward: 49.0625
Mean eval reward: 31.682788848876953
Successful test levels: 90.22988505747126 %
Successful eval levels: 74.52229299363057 %
Step: 1933312
Mean test reward: 50.3125
Mean eval reward: 32.760765075683594
Successful test levels: 92.52873563218391 %
Successful eval levels: 73.78048780487805 %
Step: 1941504
Mean test reward: 50.3125
Mean eval reward: 31.941455841064453
Successful test levels: 89.44444444444444 %
Successful eval levels: 67.81609195402298 %
Step: 1949696
Mean test reward: 46.5625
Mean eval reward: 35.18260192871094
Successful test levels: 91.41104294478528 %
Successful eval levels: 68.42105263157895 %
Step: 1957888
Mean test reward: 51.5625
Mean eval reward: 30.035993576049805
Successful test levels: 92.69662921348315 %
Successful eval levels: 69.81132075471697 %
Step: 1966080
Mean test reward: 45.9375
Mean eval reward: 36.789791107177734
Successful test levels: 89.63414634146342 %
Successful eval levels: 72.3404255319149 %
Step: 1974272
Mean test reward: 51.5625
Mean eval reward: 32.7244758605957
Successful test levels: 93.75 %
Successful eval levels: 65.76086956521739 %
Step: 1982464
Mean test reward: 48.4375
Mean eval reward: 34.87773895263672
Successful test levels: 91.17647058823529 %
Successful eval levels: 76.33136094674556 %
Step: 1990656
Mean test reward: 48.125
Mean eval reward: 37.02605056762695
Successful test levels: 90.58823529411765 %
Successful eval levels: 73.65591397849462 %
Step: 1998848
Mean test reward: 49.6875
Mean eval reward: 32.959022521972656
Successful test levels: 90.3409090909091 %
Successful eval levels: 64.8936170212766 %
Step: 2007040
Mean test reward: 48.4375
Mean eval reward: 30.79739761352539
Successful test levels: 94.51219512195121 %
Successful eval levels: 68.26347305389223 %
Step: 2015232
Mean test reward: 45.3125
Mean eval reward: 28.903697967529297
Successful test levels: 91.77215189873418 %
Successful eval levels: 67.72151898734177 %
Step: 2023424
Mean test reward: 40.625
Mean eval reward: 28.9064884185791
Successful test levels: 89.65517241379311 %
Successful eval levels: 69.93464052287581 %
Step: 2031616
Mean test reward: 41.5625
Mean eval reward: 34.30672073364258
Successful test levels: 88.66666666666667 %
Successful eval levels: 69.02173913043478 %
Step: 2039808
Mean test reward: 39.6875
Mean eval reward: 31.05973243713379
Successful test levels: 88.81118881118881 %
Successful eval levels: 70.98765432098766 %
Step: 2048000
Mean test reward: 36.5625
Mean eval reward: 36.72315216064453
Successful test levels: 86.02941176470588 %
Successful eval levels: 76.8361581920904 %
Step: 2056192
Mean test reward: 39.6875
Mean eval reward: 32.122215270996094
Successful test levels: 91.36690647482014 %
Successful eval levels: 70.0 %
Step: 2064384
Mean test reward: 42.1875
Mean eval reward: 34.27492904663086
Successful test levels: 92.46575342465754 %
Successful eval levels: 73.41040462427746 %
Step: 2072576
Mean test reward: 41.5625
Mean eval reward: 35.34495544433594
Successful test levels: 90.47619047619048 %
Successful eval levels: 68.94736842105263 %
Step: 2080768
Mean test reward: 48.4375
Mean eval reward: 33.44434356689453
Successful test levels: 90.11627906976744 %
Successful eval levels: 67.3913043478261 %
Step: 2088960
Mean test reward: 47.1875
Mean eval reward: 30.204275131225586
Successful test levels: 89.3491124260355 %
Successful eval levels: 66.66666666666666 %
Step: 2097152
Mean test reward: 41.5625
Mean eval reward: 35.053897857666016
Successful test levels: 88.66666666666667 %
Successful eval levels: 73.03370786516854 %
Step: 2105344
Mean test reward: 46.5625
Mean eval reward: 33.15884017944336
Successful test levels: 94.90445859872611 %
Successful eval levels: 71.51162790697676 %
Step: 2113536
Mean test reward: 50.625
Mean eval reward: 31.80518341064453
Successful test levels: 94.18604651162791 %
Successful eval levels: 69.8224852071006 %
Step: 2121728
Mean test reward: 44.375
Mean eval reward: 31.260299682617188
Successful test levels: 88.75 %
Successful eval levels: 70.3030303030303 %
Step: 2129920
Mean test reward: 51.25
Mean eval reward: 30.992324829101562
Successful test levels: 93.71428571428572 %
Successful eval levels: 66.47398843930635 %
Step: 2138112
Mean test reward: 45.9375
Mean eval reward: 31.796157836914062
Successful test levels: 90.1840490797546 %
Successful eval levels: 71.95121951219512 %
Step: 2146304
Mean test reward: 41.5625
Mean eval reward: 31.791534423828125
Successful test levels: 85.80645161290322 %
Successful eval levels: 70.23809523809523 %
Step: 2154496
Mean test reward: 43.4375
Mean eval reward: 33.13489532470703
Successful test levels: 90.84967320261438 %
Successful eval levels: 66.48648648648648 %
Step: 2162688
Mean test reward: 44.6875
Mean eval reward: 34.204750061035156
Successful test levels: 91.0828025477707 %
Successful eval levels: 74.26900584795322 %
Step: 2170880
Mean test reward: 46.875
Mean eval reward: 32.04435348510742
Successful test levels: 93.16770186335404 %
Successful eval levels: 67.2316384180791 %
Step: 2179072
Mean test reward: 40.625
Mean eval reward: 31.23522186279297
Successful test levels: 86.09271523178808 %
Successful eval levels: 69.87951807228916 %
Step: 2187264
Mean test reward: 45.3125
Mean eval reward: 30.691679000854492
Successful test levels: 89.50617283950618 %
Successful eval levels: 67.45562130177515 %
Step: 2195456
Mean test reward: 44.0625
Mean eval reward: 32.30667495727539
Successful test levels: 92.76315789473685 %
Successful eval levels: 71.00591715976331 %
Step: 2203648
Mean test reward: 48.125
Mean eval reward: 34.991455078125
Successful test levels: 88.50574712643679 %
Successful eval levels: 74.28571428571429 %
Step: 2211840
Mean test reward: 45.0
Mean eval reward: 34.17569351196289
Successful test levels: 90.0 %
Successful eval levels: 74.70588235294117 %
Step: 2220032
Mean test reward: 50.3125
Mean eval reward: 29.05927848815918
Successful test levels: 90.4494382022472 %
Successful eval levels: 62.7906976744186 %
Step: 2228224
Mean test reward: 46.875
Mean eval reward: 33.36346435546875
Successful test levels: 96.7741935483871 %
Successful eval levels: 72.09302325581395 %
Step: 2236416
Mean test reward: 49.6875
Mean eval reward: 32.28313446044922
Successful test levels: 91.90751445086705 %
Successful eval levels: 68.18181818181817 %
Step: 2244608
Mean test reward: 49.6875
Mean eval reward: 31.473438262939453
Successful test levels: 90.85714285714286 %
Successful eval levels: 67.24137931034483 %
Step: 2252800
Mean test reward: 48.4375
Mean eval reward: 28.783672332763672
Successful test levels: 92.26190476190477 %
Successful eval levels: 64.07185628742515 %
Step: 2260992
Mean test reward: 50.3125
Mean eval reward: 32.00686264038086
Successful test levels: 92.0 %
Successful eval levels: 68.78612716763006 %
Step: 2269184
Mean test reward: 55.3125
Mean eval reward: 34.690391540527344
Successful test levels: 93.65079365079364 %
Successful eval levels: 72.06703910614524 %
Step: 2277376
Mean test reward: 53.4375
Mean eval reward: 34.951873779296875
Successful test levels: 93.95604395604396 %
Successful eval levels: 77.38095238095238 %
Step: 2285568
Mean test reward: 46.875
Mean eval reward: 34.67181396484375
Successful test levels: 90.36144578313254 %
Successful eval levels: 72.06703910614524 %
Step: 2293760
Mean test reward: 42.5
Mean eval reward: 30.36886215209961
Successful test levels: 88.88888888888889 %
Successful eval levels: 69.75308641975309 %
Step: 2301952
Mean test reward: 50.625
Mean eval reward: 32.784664154052734
Successful test levels: 97.59036144578313 %
Successful eval levels: 67.77777777777779 %
Step: 2310144
Mean test reward: 41.875
Mean eval reward: 31.705421447753906
Successful test levels: 90.54054054054053 %
Successful eval levels: 75.64102564102564 %
Step: 2318336
Mean test reward: 49.375
Mean eval reward: 30.897890090942383
Successful test levels: 92.94117647058823 %
Successful eval levels: 66.86046511627907 %
Step: 2326528
Mean test reward: 43.4375
Mean eval reward: 30.895917892456055
Successful test levels: 92.05298013245033 %
Successful eval levels: 68.45238095238095 %
Step: 2334720
Mean test reward: 46.5625
Mean eval reward: 31.699209213256836
Successful test levels: 89.7590361445783 %
Successful eval levels: 68.6046511627907 %
Step: 2342912
Mean test reward: 53.75
Mean eval reward: 29.81936264038086
Successful test levels: 93.47826086956522 %
Successful eval levels: 72.54901960784314 %
Step: 2351104
Mean test reward: 45.9375
Mean eval reward: 34.38106155395508
Successful test levels: 93.0379746835443 %
Successful eval levels: 73.5632183908046 %
Step: 2359296
Mean test reward: 51.5625
Mean eval reward: 33.56887435913086
Successful test levels: 97.63313609467455 %
Successful eval levels: 71.83908045977012 %
Step: 2367488
Mean test reward: 45.3125
Mean eval reward: 31.685319900512695
Successful test levels: 92.35668789808918 %
Successful eval levels: 69.41176470588235 %
Step: 2375680
Mean test reward: 44.6875
Mean eval reward: 33.024349212646484
Successful test levels: 89.937106918239 %
Successful eval levels: 70.6896551724138 %
Step: 2383872
Mean test reward: 51.875
Mean eval reward: 30.606115341186523
Successful test levels: 93.25842696629213 %
Successful eval levels: 69.93865030674846 %
Step: 2392064
Mean test reward: 51.5625
Mean eval reward: 30.33469009399414
Successful test levels: 92.17877094972067 %
Successful eval levels: 68.90243902439023 %
Step: 2400256
Mean test reward: 44.375
Mean eval reward: 33.82280731201172
Successful test levels: 95.30201342281879 %
Successful eval levels: 76.82926829268293 %
Step: 2408448
Mean test reward: 48.125
Mean eval reward: 33.27784729003906
Successful test levels: 94.47852760736197 %
Successful eval levels: 72.09302325581395 %
Step: 2416640
Mean test reward: 43.75
Mean eval reward: 35.68528366088867
Successful test levels: 91.50326797385621 %
Successful eval levels: 70.74468085106383 %
Step: 2424832
Mean test reward: 43.75
Mean eval reward: 28.436370849609375
Successful test levels: 91.50326797385621 %
Successful eval levels: 68.38709677419355 %
Step: 2433024
Mean test reward: 51.25
Mean eval reward: 30.316226959228516
Successful test levels: 94.25287356321839 %
Successful eval levels: 72.43589743589743 %
Step: 2441216
Mean test reward: 47.1875
Mean eval reward: 26.83071517944336
Successful test levels: 92.07317073170732 %
Successful eval levels: 64.51612903225806 %
Step: 2449408
Mean test reward: 42.8125
Mean eval reward: 30.325119018554688
Successful test levels: 94.48275862068965 %
Successful eval levels: 70.625 %
Step: 2457600
Mean test reward: 48.4375
Mean eval reward: 33.003021240234375
Successful test levels: 94.51219512195121 %
Successful eval levels: 72.7810650887574 %
Step: 2465792
Mean test reward: 43.75
Mean eval reward: 34.07057189941406
Successful test levels: 91.50326797385621 %
Successful eval levels: 69.02173913043478 %
Step: 2473984
Mean test reward: 39.0625
Mean eval reward: 31.920757293701172
Successful test levels: 92.5925925925926 %
Successful eval levels: 76.77419354838709 %
Step: 2482176
Mean test reward: 41.875
Mean eval reward: 34.59688186645508
Successful test levels: 94.36619718309859 %
Successful eval levels: 73.29545454545455 %
Step: 2490368
Mean test reward: 44.0625
Mean eval reward: 32.98174285888672
Successful test levels: 94.0 %
Successful eval levels: 77.35849056603774 %
Step: 2498560
Mean test reward: 44.6875
Mean eval reward: 30.567068099975586
Successful test levels: 91.0828025477707 %
Successful eval levels: 67.85714285714286 %
Step: 2506752
Mean test reward: 40.0
Mean eval reward: 29.760379791259766
Successful test levels: 94.11764705882352 %
Successful eval levels: 68.51851851851852 %
Completed training!
