{'total_steps': 2500000.0, 'learning_rate': 0.0005, 'epsilon': 1e-05, 'state_dict_name': 'STEPS_5000_IMP_large', 'seed': 0, 'levels': 5000}
Start Training...
Step: 8192
Mean test reward: 0.9375
Mean eval reward: 1.875
Successful test levels: 50.0 %
Successful eval levels: 54.54545454545454 %
Step: 16384
Mean test reward: 3.125
Mean eval reward: 1.5625
Successful test levels: 76.92307692307693 %
Successful eval levels: 45.45454545454545 %
Step: 24576
Mean test reward: 1.5625
Mean eval reward: 2.8125
Successful test levels: 27.77777777777778 %
Successful eval levels: 52.94117647058824 %
Step: 32768
Mean test reward: 5.0
Mean eval reward: 4.0625
Successful test levels: 45.714285714285715 %
Successful eval levels: 54.166666666666664 %
Step: 40960
Mean test reward: 7.1875
Mean eval reward: 6.875
Successful test levels: 51.11111111111111 %
Successful eval levels: 48.888888888888886 %
Step: 49152
Mean test reward: 9.6875
Mean eval reward: 10.0
Successful test levels: 46.26865671641791 %
Successful eval levels: 55.172413793103445 %
Step: 57344
Mean test reward: 11.875
Mean eval reward: 12.1875
Successful test levels: 45.23809523809524 %
Successful eval levels: 52.0 %
Step: 65536
Mean test reward: 15.625
Mean eval reward: 16.5625
Successful test levels: 55.55555555555556 %
Successful eval levels: 58.24175824175825 %
Step: 73728
Mean test reward: 16.25
Mean eval reward: 18.4375
Successful test levels: 52.52525252525253 %
Successful eval levels: 67.04545454545455 %
Step: 81920
Mean test reward: 15.3125
Mean eval reward: 17.5
Successful test levels: 52.68817204301075 %
Successful eval levels: 53.333333333333336 %
Step: 90112
Mean test reward: 20.9375
Mean eval reward: 15.3125
Successful test levels: 59.82142857142857 %
Successful eval levels: 52.68817204301075 %
Step: 98304
Mean test reward: 18.4375
Mean eval reward: 20.3125
Successful test levels: 56.19047619047619 %
Successful eval levels: 59.63302752293578 %
Step: 106496
Mean test reward: 21.875
Mean eval reward: 25.3125
Successful test levels: 60.86956521739131 %
Successful eval levels: 60.902255639097746 %
Step: 114688
Mean test reward: 19.0625
Mean eval reward: 20.625
Successful test levels: 53.50877192982456 %
Successful eval levels: 60.0 %
Step: 122880
Mean test reward: 19.6875
Mean eval reward: 20.0
Successful test levels: 54.310344827586206 %
Successful eval levels: 61.53846153846154 %
Step: 131072
Mean test reward: 22.5
Mean eval reward: 20.625
Successful test levels: 59.50413223140496 %
Successful eval levels: 56.41025641025641 %
Step: 139264
Mean test reward: 20.625
Mean eval reward: 21.5625
Successful test levels: 55.00000000000001 %
Successful eval levels: 59.48275862068966 %
Step: 147456
Mean test reward: 25.3125
Mean eval reward: 22.5
Successful test levels: 67.5 %
Successful eval levels: 62.60869565217392 %
Step: 155648
Mean test reward: 21.875
Mean eval reward: 21.875
Successful test levels: 57.85123966942148 %
Successful eval levels: 53.84615384615385 %
Step: 163840
Mean test reward: 21.5625
Mean eval reward: 19.375
Successful test levels: 52.67175572519084 %
Successful eval levels: 53.91304347826087 %
Step: 172032
Mean test reward: 25.9375
Mean eval reward: 25.3125
Successful test levels: 64.34108527131784 %
Successful eval levels: 64.28571428571429 %
Step: 180224
Mean test reward: 21.5625
Mean eval reward: 20.3125
Successful test levels: 57.49999999999999 %
Successful eval levels: 53.278688524590166 %
Step: 188416
Mean test reward: 23.4375
Mean eval reward: 21.5625
Successful test levels: 64.1025641025641 %
Successful eval levels: 55.2 %
Step: 196608
Mean test reward: 25.3125
Mean eval reward: 25.0
Successful test levels: 66.94214876033058 %
Successful eval levels: 66.66666666666666 %
Step: 204800
Mean test reward: 20.0
Mean eval reward: 19.6875
Successful test levels: 56.14035087719298 %
Successful eval levels: 55.75221238938053 %
Step: 212992
Mean test reward: 21.25
Mean eval reward: 22.8125
Successful test levels: 52.71317829457365 %
Successful eval levels: 57.48031496062992 %
Step: 221184
Mean test reward: 26.25
Mean eval reward: 21.875
Successful test levels: 70.58823529411765 %
Successful eval levels: 59.32203389830508 %
Step: 229376
Mean test reward: 24.6875
Mean eval reward: 24.0625
Successful test levels: 62.698412698412696 %
Successful eval levels: 64.16666666666667 %
Step: 237568
Mean test reward: 25.9375
Mean eval reward: 23.75
Successful test levels: 64.34108527131784 %
Successful eval levels: 61.78861788617886 %
Step: 245760
Mean test reward: 27.8125
Mean eval reward: 26.875
Successful test levels: 64.4927536231884 %
Successful eval levels: 65.15151515151516 %
Step: 253952
Mean test reward: 23.75
Mean eval reward: 26.25
Successful test levels: 59.375 %
Successful eval levels: 62.68656716417911 %
Step: 262144
Mean test reward: 25.9375
Mean eval reward: 26.25
Successful test levels: 61.48148148148148 %
Successful eval levels: 62.22222222222222 %
Step: 270336
Mean test reward: 26.5625
Mean eval reward: 21.875
Successful test levels: 65.38461538461539 %
Successful eval levels: 60.86956521739131 %
Step: 278528
Mean test reward: 23.75
Mean eval reward: 27.5
Successful test levels: 61.78861788617886 %
Successful eval levels: 65.67164179104478 %
Step: 286720
Mean test reward: 26.25
Mean eval reward: 24.0625
Successful test levels: 66.14173228346458 %
Successful eval levels: 61.111111111111114 %
Step: 294912
Mean test reward: 29.375
Mean eval reward: 26.5625
Successful test levels: 69.11764705882352 %
Successful eval levels: 64.39393939393939 %
Step: 303104
Mean test reward: 28.75
Mean eval reward: 25.3125
Successful test levels: 62.585034013605444 %
Successful eval levels: 60.0 %
Step: 311296
Mean test reward: 33.75
Mean eval reward: 27.8125
Successful test levels: 67.08074534161491 %
Successful eval levels: 62.23776223776224 %
Step: 319488
Mean test reward: 26.25
Mean eval reward: 27.1875
Successful test levels: 64.12213740458014 %
Successful eval levels: 63.04347826086957 %
Step: 327680
Mean test reward: 35.3125
Mean eval reward: 28.125
Successful test levels: 72.90322580645162 %
Successful eval levels: 62.93706293706294 %
Step: 335872
Mean test reward: 31.25
Mean eval reward: 29.375
Successful test levels: 62.11180124223602 %
Successful eval levels: 66.19718309859155 %
Step: 344064
Mean test reward: 27.8125
Mean eval reward: 30.0
Successful test levels: 61.80555555555556 %
Successful eval levels: 65.3061224489796 %
Step: 352256
Mean test reward: 26.5625
Mean eval reward: 28.75
Successful test levels: 62.5 %
Successful eval levels: 65.71428571428571 %
Step: 360448
Mean test reward: 23.125
Mean eval reward: 26.5625
Successful test levels: 65.48672566371681 %
Successful eval levels: 65.89147286821705 %
Step: 368640
Mean test reward: 25.3125
Mean eval reward: 30.0
Successful test levels: 67.5 %
Successful eval levels: 68.57142857142857 %
Step: 376832
Mean test reward: 27.1875
Mean eval reward: 27.5
Successful test levels: 60.0 %
Successful eval levels: 63.30935251798561 %
Step: 385024
Mean test reward: 25.3125
Mean eval reward: 30.9375
Successful test levels: 61.36363636363637 %
Successful eval levels: 69.23076923076923 %
Step: 393216
Mean test reward: 26.25
Mean eval reward: 22.5
Successful test levels: 67.2 %
Successful eval levels: 64.28571428571429 %
Step: 401408
Mean test reward: 21.875
Mean eval reward: 25.3125
Successful test levels: 60.86956521739131 %
Successful eval levels: 66.39344262295081 %
Step: 409600
Mean test reward: 24.6875
Mean eval reward: 20.625
Successful test levels: 61.71875 %
Successful eval levels: 62.264150943396224 %
Step: 417792
Mean test reward: 25.3125
Mean eval reward: 28.4375
Successful test levels: 60.447761194029844 %
Successful eval levels: 68.93939393939394 %
Step: 425984
Mean test reward: 25.0
Mean eval reward: 21.25
Successful test levels: 60.60606060606061 %
Successful eval levels: 57.14285714285714 %
Step: 434176
Mean test reward: 26.875
Mean eval reward: 28.4375
Successful test levels: 61.42857142857143 %
Successful eval levels: 71.65354330708661 %
Step: 442368
Mean test reward: 27.1875
Mean eval reward: 28.4375
Successful test levels: 66.41221374045801 %
Successful eval levels: 64.08450704225352 %
Step: 450560
Mean test reward: 28.4375
Mean eval reward: 28.4375
Successful test levels: 64.53900709219859 %
Successful eval levels: 65.94202898550725 %
Step: 458752
Mean test reward: 27.5
Mean eval reward: 28.75
Successful test levels: 65.67164179104478 %
Successful eval levels: 65.24822695035462 %
Step: 466944
Mean test reward: 31.875
Mean eval reward: 32.1875
Successful test levels: 68.91891891891892 %
Successful eval levels: 68.21192052980133 %
Step: 475136
Mean test reward: 25.0
Mean eval reward: 29.0625
Successful test levels: 64.0 %
Successful eval levels: 72.09302325581395 %
Step: 483328
Mean test reward: 21.5625
Mean eval reward: 28.75
Successful test levels: 54.330708661417326 %
Successful eval levels: 66.66666666666666 %
Step: 491520
Mean test reward: 26.5625
Mean eval reward: 25.0
Successful test levels: 61.15107913669065 %
Successful eval levels: 64.0 %
Step: 499712
Mean test reward: 31.25
Mean eval reward: 28.125
Successful test levels: 67.11409395973155 %
Successful eval levels: 69.76744186046511 %
Step: 507904
Mean test reward: 26.5625
Mean eval reward: 29.0625
Successful test levels: 62.5 %
Successful eval levels: 69.92481203007519 %
Step: 516096
Mean test reward: 26.875
Mean eval reward: 29.6875
Successful test levels: 60.56338028169014 %
Successful eval levels: 68.34532374100719 %
Step: 524288
Mean test reward: 26.5625
Mean eval reward: 29.0625
Successful test levels: 57.432432432432435 %
Successful eval levels: 64.13793103448275 %
Step: 532480
Mean test reward: 27.8125
Mean eval reward: 28.4375
Successful test levels: 65.92592592592592 %
Successful eval levels: 65.94202898550725 %
Step: 540672
Mean test reward: 25.9375
Mean eval reward: 30.625
Successful test levels: 62.40601503759399 %
Successful eval levels: 67.12328767123287 %
Step: 548864
Mean test reward: 26.5625
Mean eval reward: 28.4375
Successful test levels: 59.859154929577464 %
Successful eval levels: 68.93939393939394 %
Step: 557056
Mean test reward: 30.625
Mean eval reward: 28.75
Successful test levels: 69.50354609929079 %
Successful eval levels: 68.65671641791045 %
Step: 565248
Mean test reward: 27.8125
Mean eval reward: 20.3125
Successful test levels: 64.4927536231884 %
Successful eval levels: 56.52173913043478 %
Step: 573440
Mean test reward: 24.375
Mean eval reward: 28.125
Successful test levels: 66.10169491525424 %
Successful eval levels: 63.38028169014085 %
Step: 581632
Mean test reward: 27.8125
Mean eval reward: 22.5
Successful test levels: 68.46153846153847 %
Successful eval levels: 66.05504587155964 %
Step: 589824
Mean test reward: 24.375
Mean eval reward: 29.0625
Successful test levels: 61.417322834645674 %
Successful eval levels: 65.95744680851064 %
Step: 598016
Mean test reward: 25.625
Mean eval reward: 31.875
Successful test levels: 67.21311475409836 %
Successful eval levels: 71.32867132867133 %
Step: 606208
Mean test reward: 28.4375
Mean eval reward: 27.5
Successful test levels: 70.54263565891473 %
Successful eval levels: 68.21705426356588 %
Step: 614400
Mean test reward: 28.75
Mean eval reward: 24.375
Successful test levels: 67.64705882352942 %
Successful eval levels: 60.9375 %
Step: 622592
Mean test reward: 25.0
Mean eval reward: 26.25
Successful test levels: 59.25925925925925 %
Successful eval levels: 64.12213740458014 %
Step: 630784
Mean test reward: 30.3125
Mean eval reward: 30.0
Successful test levels: 67.83216783216784 %
Successful eval levels: 67.6056338028169 %
Step: 638976
Mean test reward: 26.5625
Mean eval reward: 24.6875
Successful test levels: 63.90977443609023 %
Successful eval levels: 64.22764227642277 %
Step: 647168
Mean test reward: 26.25
Mean eval reward: 27.5
Successful test levels: 65.625 %
Successful eval levels: 63.76811594202898 %
Step: 655360
Mean test reward: 27.1875
Mean eval reward: 23.4375
Successful test levels: 64.44444444444444 %
Successful eval levels: 60.97560975609756 %
Step: 663552
Mean test reward: 24.375
Mean eval reward: 25.9375
Successful test levels: 61.904761904761905 %
Successful eval levels: 63.358778625954194 %
Step: 671744
Mean test reward: 20.3125
Mean eval reward: 24.375
Successful test levels: 60.18518518518518 %
Successful eval levels: 60.9375 %
Step: 679936
Mean test reward: 28.4375
Mean eval reward: 19.6875
Successful test levels: 67.91044776119402 %
Successful eval levels: 55.26315789473685 %
Step: 688128
Mean test reward: 28.125
Mean eval reward: 25.9375
Successful test levels: 67.66917293233082 %
Successful eval levels: 68.59504132231406 %
Step: 696320
Mean test reward: 25.625
Mean eval reward: 25.625
Successful test levels: 66.12903225806451 %
Successful eval levels: 64.56692913385827 %
Step: 704512
Mean test reward: 24.6875
Mean eval reward: 23.125
Successful test levels: 65.28925619834712 %
Successful eval levels: 66.66666666666666 %
Step: 712704
Mean test reward: 22.8125
Mean eval reward: 22.8125
Successful test levels: 60.33057851239669 %
Successful eval levels: 60.33057851239669 %
Step: 720896
Mean test reward: 25.625
Mean eval reward: 21.875
Successful test levels: 66.12903225806451 %
Successful eval levels: 63.63636363636363 %
Step: 729088
Mean test reward: 22.1875
Mean eval reward: 25.625
Successful test levels: 59.66386554621849 %
Successful eval levels: 60.74074074074074 %
Step: 737280
Mean test reward: 29.375
Mean eval reward: 29.375
Successful test levels: 70.1492537313433 %
Successful eval levels: 70.1492537313433 %
Step: 745472
Mean test reward: 26.875
Mean eval reward: 25.3125
Successful test levels: 64.66165413533834 %
Successful eval levels: 68.0672268907563 %
Step: 753664
Mean test reward: 32.5
Mean eval reward: 22.1875
Successful test levels: 71.23287671232876 %
Successful eval levels: 60.68376068376068 %
Step: 761856
Mean test reward: 28.125
Mean eval reward: 28.75
Successful test levels: 73.17073170731707 %
Successful eval levels: 65.71428571428571 %
Step: 770048
Mean test reward: 24.0625
Mean eval reward: 26.5625
Successful test levels: 61.6 %
Successful eval levels: 65.89147286821705 %
Step: 778240
Mean test reward: 27.5
Mean eval reward: 23.75
Successful test levels: 65.18518518518519 %
Successful eval levels: 63.86554621848739 %
Step: 786432
Mean test reward: 24.6875
Mean eval reward: 28.4375
Successful test levels: 69.2982456140351 %
Successful eval levels: 66.42335766423358 %
Step: 794624
Mean test reward: 21.5625
Mean eval reward: 27.5
Successful test levels: 63.30275229357798 %
Successful eval levels: 72.72727272727273 %
Step: 802816
Mean test reward: 24.6875
Mean eval reward: 25.9375
Successful test levels: 63.70967741935484 %
Successful eval levels: 62.878787878787875 %
Step: 811008
Mean test reward: 25.9375
Mean eval reward: 25.0
Successful test levels: 69.74789915966386 %
Successful eval levels: 66.11570247933885 %
Step: 819200
Mean test reward: 26.25
Mean eval reward: 25.3125
Successful test levels: 74.33628318584071 %
Successful eval levels: 72.32142857142857 %
Step: 827392
Mean test reward: 29.6875
Mean eval reward: 26.25
Successful test levels: 69.85294117647058 %
Successful eval levels: 64.12213740458014 %
Step: 835584
Mean test reward: 28.125
Mean eval reward: 23.4375
Successful test levels: 65.69343065693431 %
Successful eval levels: 60.97560975609756 %
Step: 843776
Mean test reward: 25.3125
Mean eval reward: 22.8125
Successful test levels: 65.85365853658537 %
Successful eval levels: 61.86440677966102 %
Step: 851968
Mean test reward: 24.6875
Mean eval reward: 26.25
Successful test levels: 65.28925619834712 %
Successful eval levels: 63.63636363636363 %
Step: 860160
Mean test reward: 24.0625
Mean eval reward: 22.1875
Successful test levels: 62.601626016260155 %
Successful eval levels: 63.96396396396396 %
Step: 868352
Mean test reward: 24.375
Mean eval reward: 26.5625
Successful test levels: 66.66666666666666 %
Successful eval levels: 66.92913385826772 %
Step: 876544
Mean test reward: 24.0625
Mean eval reward: 22.1875
Successful test levels: 61.111111111111114 %
Successful eval levels: 63.96396396396396 %
Step: 884736
Mean test reward: 24.375
Mean eval reward: 21.875
Successful test levels: 63.41463414634146 %
Successful eval levels: 70.0 %
Step: 892928
Mean test reward: 20.625
Mean eval reward: 21.5625
Successful test levels: 52.800000000000004 %
Successful eval levels: 62.16216216216216 %
Step: 901120
Mean test reward: 22.8125
Mean eval reward: 24.375
Successful test levels: 60.83333333333333 %
Successful eval levels: 62.4 %
Step: 909312
Mean test reward: 28.125
Mean eval reward: 25.0
Successful test levels: 68.70229007633588 %
Successful eval levels: 65.04065040650406 %
Step: 917504
Mean test reward: 22.5
Mean eval reward: 28.4375
Successful test levels: 62.60869565217392 %
Successful eval levels: 65.0 %
Step: 925696
Mean test reward: 21.25
Mean eval reward: 20.3125
Successful test levels: 56.666666666666664 %
Successful eval levels: 55.08474576271186 %
Step: 933888
Mean test reward: 23.4375
Mean eval reward: 21.5625
Successful test levels: 63.559322033898304 %
Successful eval levels: 58.47457627118644 %
Step: 942080
Mean test reward: 25.9375
Mean eval reward: 25.9375
Successful test levels: 62.878787878787875 %
Successful eval levels: 70.94017094017094 %
Step: 950272
Mean test reward: 25.3125
Mean eval reward: 20.9375
Successful test levels: 71.05263157894737 %
Successful eval levels: 55.371900826446286 %
Step: 958464
Mean test reward: 22.1875
Mean eval reward: 25.3125
Successful test levels: 60.68376068376068 %
Successful eval levels: 59.55882352941176 %
Step: 966656
Mean test reward: 28.4375
Mean eval reward: 28.125
Successful test levels: 66.42335766423358 %
Successful eval levels: 65.69343065693431 %
Step: 974848
Mean test reward: 27.5
Mean eval reward: 25.9375
Successful test levels: 69.29133858267717 %
Successful eval levels: 61.48148148148148 %
Step: 983040
Mean test reward: 30.9375
Mean eval reward: 27.8125
Successful test levels: 70.2127659574468 %
Successful eval levels: 74.78991596638656 %
Step: 991232
Mean test reward: 26.25
Mean eval reward: 24.6875
Successful test levels: 66.14173228346458 %
Successful eval levels: 64.75409836065575 %
Step: 999424
Mean test reward: 28.4375
Mean eval reward: 24.6875
Successful test levels: 68.93939393939394 %
Successful eval levels: 59.84848484848485 %
Step: 1007616
Mean test reward: 27.8125
Mean eval reward: 24.6875
Successful test levels: 67.42424242424242 %
Successful eval levels: 61.240310077519375 %
Step: 1015808
Mean test reward: 28.75
Mean eval reward: 26.25
Successful test levels: 66.66666666666666 %
Successful eval levels: 64.12213740458014 %
Step: 1024000
Mean test reward: 23.75
Mean eval reward: 24.375
Successful test levels: 58.46153846153847 %
Successful eval levels: 55.714285714285715 %
Step: 1032192
Mean test reward: 29.0625
Mean eval reward: 28.4375
Successful test levels: 67.88321167883211 %
Successful eval levels: 65.0 %
Step: 1040384
Mean test reward: 29.0625
Mean eval reward: 26.25
Successful test levels: 64.13793103448275 %
Successful eval levels: 62.22222222222222 %
Step: 1048576
Mean test reward: 24.0625
Mean eval reward: 22.1875
Successful test levels: 59.68992248062015 %
Successful eval levels: 59.166666666666664 %
Step: 1056768
Mean test reward: 33.75
Mean eval reward: 23.75
Successful test levels: 76.05633802816901 %
Successful eval levels: 58.01526717557252 %
Step: 1064960
Mean test reward: 27.5
Mean eval reward: 29.6875
Successful test levels: 65.67164179104478 %
Successful eval levels: 67.37588652482269 %
Step: 1073152
Mean test reward: 33.125
Mean eval reward: 30.0
Successful test levels: 74.12587412587412 %
Successful eval levels: 67.6056338028169 %
Step: 1081344
Mean test reward: 29.6875
Mean eval reward: 29.0625
Successful test levels: 60.89743589743589 %
Successful eval levels: 75.0 %
Step: 1089536
Mean test reward: 29.0625
Mean eval reward: 25.9375
Successful test levels: 65.49295774647888 %
Successful eval levels: 61.940298507462686 %
Step: 1097728
Mean test reward: 24.375
Mean eval reward: 26.5625
Successful test levels: 59.541984732824424 %
Successful eval levels: 65.89147286821705 %
Step: 1105920
Mean test reward: 24.6875
Mean eval reward: 27.1875
Successful test levels: 64.22764227642277 %
Successful eval levels: 66.41221374045801 %
Step: 1114112
Mean test reward: 26.5625
Mean eval reward: 28.75
Successful test levels: 66.92913385826772 %
Successful eval levels: 64.33566433566433 %
Step: 1122304
Mean test reward: 32.8125
Mean eval reward: 26.875
Successful test levels: 67.74193548387096 %
Successful eval levels: 61.87050359712231 %
Step: 1130496
Mean test reward: 29.0625
Mean eval reward: 30.9375
Successful test levels: 65.49295774647888 %
Successful eval levels: 66.0 %
Step: 1138688
Mean test reward: 23.4375
Mean eval reward: 26.5625
Successful test levels: 64.65517241379311 %
Successful eval levels: 65.38461538461539 %
Step: 1146880
Mean test reward: 23.4375
Mean eval reward: 25.9375
Successful test levels: 60.483870967741936 %
Successful eval levels: 62.878787878787875 %
Step: 1155072
Mean test reward: 22.8125
Mean eval reward: 25.625
Successful test levels: 60.33057851239669 %
Successful eval levels: 61.65413533834586 %
Step: 1163264
Mean test reward: 27.5
Mean eval reward: 28.125
Successful test levels: 66.16541353383458 %
Successful eval levels: 67.16417910447761 %
Step: 1171456
Mean test reward: 28.75
Mean eval reward: 26.5625
Successful test levels: 69.6969696969697 %
Successful eval levels: 61.59420289855072 %
Step: 1179648
Mean test reward: 27.5
Mean eval reward: 26.875
Successful test levels: 61.97183098591549 %
Successful eval levels: 64.17910447761194 %
Step: 1187840
Mean test reward: 26.875
Mean eval reward: 27.8125
Successful test levels: 64.17910447761194 %
Successful eval levels: 63.57142857142857 %
Step: 1196032
Mean test reward: 27.8125
Mean eval reward: 25.9375
Successful test levels: 65.44117647058823 %
Successful eval levels: 62.878787878787875 %
Step: 1204224
Mean test reward: 28.4375
Mean eval reward: 26.25
Successful test levels: 62.328767123287676 %
Successful eval levels: 71.1864406779661 %
Step: 1212416
Mean test reward: 26.875
Mean eval reward: 28.4375
Successful test levels: 65.15151515151516 %
Successful eval levels: 68.42105263157895 %
Step: 1220608
Mean test reward: 26.875
Mean eval reward: 25.625
Successful test levels: 68.25396825396825 %
Successful eval levels: 64.56692913385827 %
Step: 1228800
Mean test reward: 26.875
Mean eval reward: 26.5625
Successful test levels: 63.70370370370371 %
Successful eval levels: 68.0 %
Step: 1236992
Mean test reward: 24.375
Mean eval reward: 25.3125
Successful test levels: 62.4 %
Successful eval levels: 60.902255639097746 %
Step: 1245184
Mean test reward: 26.25
Mean eval reward: 28.4375
Successful test levels: 61.76470588235294 %
Successful eval levels: 64.08450704225352 %
Step: 1253376
Mean test reward: 27.8125
Mean eval reward: 31.875
Successful test levels: 70.07874015748031 %
Successful eval levels: 76.11940298507463 %
Step: 1261568
Mean test reward: 24.0625
Mean eval reward: 27.8125
Successful test levels: 59.68992248062015 %
Successful eval levels: 65.92592592592592 %
Step: 1269760
Mean test reward: 23.125
Mean eval reward: 29.375
Successful test levels: 56.060606060606055 %
Successful eval levels: 72.3076923076923 %
Step: 1277952
Mean test reward: 28.125
Mean eval reward: 28.4375
Successful test levels: 64.74820143884892 %
Successful eval levels: 67.4074074074074 %
Step: 1286144
Mean test reward: 26.5625
Mean eval reward: 30.0
Successful test levels: 67.46031746031747 %
Successful eval levels: 67.6056338028169 %
Step: 1294336
Mean test reward: 23.125
Mean eval reward: 20.3125
Successful test levels: 65.48672566371681 %
Successful eval levels: 61.904761904761905 %
Step: 1302528
Mean test reward: 26.875
Mean eval reward: 26.5625
Successful test levels: 60.13986013986013 %
Successful eval levels: 64.39393939393939 %
Step: 1310720
Mean test reward: 23.125
Mean eval reward: 25.9375
Successful test levels: 61.15702479338842 %
Successful eval levels: 64.34108527131784 %
Step: 1318912
Mean test reward: 31.5625
Mean eval reward: 23.75
Successful test levels: 70.13888888888889 %
Successful eval levels: 58.01526717557252 %
Step: 1327104
Mean test reward: 27.5
Mean eval reward: 26.875
Successful test levels: 62.857142857142854 %
Successful eval levels: 68.25396825396825 %
Step: 1335296
Mean test reward: 28.125
Mean eval reward: 27.8125
Successful test levels: 67.66917293233082 %
Successful eval levels: 65.44117647058823 %
Step: 1343488
Mean test reward: 29.0625
Mean eval reward: 25.0
Successful test levels: 72.65625 %
Successful eval levels: 62.01550387596899 %
Step: 1351680
Mean test reward: 31.875
Mean eval reward: 30.625
Successful test levels: 68.45637583892618 %
Successful eval levels: 68.05555555555556 %
Step: 1359872
Mean test reward: 28.125
Mean eval reward: 27.5
Successful test levels: 62.06896551724138 %
Successful eval levels: 65.67164179104478 %
Step: 1368064
Mean test reward: 28.4375
Mean eval reward: 31.25
Successful test levels: 64.53900709219859 %
Successful eval levels: 72.46376811594203 %
Step: 1376256
Mean test reward: 29.375
Mean eval reward: 24.375
Successful test levels: 70.67669172932331 %
Successful eval levels: 65.54621848739495 %
Step: 1384448
Mean test reward: 18.125
Mean eval reward: 29.6875
Successful test levels: 54.20560747663551 %
Successful eval levels: 70.37037037037037 %
Step: 1392640
Mean test reward: 28.75
Mean eval reward: 24.375
Successful test levels: 66.66666666666666 %
Successful eval levels: 59.541984732824424 %
Step: 1400832
Mean test reward: 26.25
Mean eval reward: 27.5
Successful test levels: 65.11627906976744 %
Successful eval levels: 72.1311475409836 %
Step: 1409024
Mean test reward: 29.375
Mean eval reward: 27.5
Successful test levels: 69.11764705882352 %
Successful eval levels: 69.29133858267717 %
Step: 1417216
Mean test reward: 27.1875
Mean eval reward: 22.5
Successful test levels: 67.44186046511628 %
Successful eval levels: 63.1578947368421 %
Step: 1425408
Mean test reward: 25.9375
Mean eval reward: 30.0
Successful test levels: 61.940298507462686 %
Successful eval levels: 63.576158940397356 %
Step: 1433600
Mean test reward: 27.5
Mean eval reward: 21.5625
Successful test levels: 66.66666666666666 %
Successful eval levels: 64.48598130841121 %
Step: 1441792
Mean test reward: 23.4375
Mean eval reward: 28.75
Successful test levels: 62.5 %
Successful eval levels: 67.64705882352942 %
Step: 1449984
Mean test reward: 19.0625
Mean eval reward: 25.9375
Successful test levels: 55.96330275229357 %
Successful eval levels: 66.93548387096774 %
Step: 1458176
Mean test reward: 27.5
Mean eval reward: 26.25
Successful test levels: 64.23357664233576 %
Successful eval levels: 63.63636363636363 %
Step: 1466368
Mean test reward: 23.125
Mean eval reward: 20.3125
Successful test levels: 66.66666666666666 %
Successful eval levels: 60.18518518518518 %
Step: 1474560
Mean test reward: 22.5
Mean eval reward: 20.625
Successful test levels: 60.50420168067227 %
Successful eval levels: 65.34653465346535 %
Step: 1482752
Mean test reward: 25.625
Mean eval reward: 27.5
Successful test levels: 70.08547008547008 %
Successful eval levels: 64.23357664233576 %
Step: 1490944
Mean test reward: 27.1875
Mean eval reward: 25.625
Successful test levels: 63.503649635036496 %
Successful eval levels: 66.66666666666666 %
Step: 1499136
Mean test reward: 24.0625
Mean eval reward: 27.8125
Successful test levels: 57.03703703703704 %
Successful eval levels: 66.4179104477612 %
Step: 1507328
Mean test reward: 22.8125
Mean eval reward: 20.3125
Successful test levels: 60.33057851239669 %
Successful eval levels: 61.32075471698113 %
Step: 1515520
Mean test reward: 24.0625
Mean eval reward: 25.3125
Successful test levels: 61.111111111111114 %
Successful eval levels: 63.77952755905512 %
Step: 1523712
Mean test reward: 24.375
Mean eval reward: 25.0
Successful test levels: 63.41463414634146 %
Successful eval levels: 65.04065040650406 %
Step: 1531904
Mean test reward: 20.3125
Mean eval reward: 25.9375
Successful test levels: 60.18518518518518 %
Successful eval levels: 68.59504132231406 %
Step: 1540096
Mean test reward: 26.25
Mean eval reward: 24.375
Successful test levels: 70.58823529411765 %
Successful eval levels: 71.55963302752293 %
Step: 1548288
Mean test reward: 26.5625
Mean eval reward: 27.8125
Successful test levels: 75.22123893805309 %
Successful eval levels: 70.63492063492063 %
Step: 1556480
Mean test reward: 23.125
Mean eval reward: 20.625
Successful test levels: 58.730158730158735 %
Successful eval levels: 55.46218487394958 %
Step: 1564672
Mean test reward: 20.3125
Mean eval reward: 21.5625
Successful test levels: 60.747663551401864 %
Successful eval levels: 61.06194690265486 %
Step: 1572864
Mean test reward: 23.125
Mean eval reward: 25.625
Successful test levels: 61.15702479338842 %
Successful eval levels: 65.07936507936508 %
Step: 1581056
Mean test reward: 23.125
Mean eval reward: 20.625
Successful test levels: 61.15702479338842 %
Successful eval levels: 54.09836065573771 %
Step: 1589248
Mean test reward: 25.0
Mean eval reward: 19.6875
Successful test levels: 64.0 %
Successful eval levels: 57.27272727272727 %
Step: 1597440
Mean test reward: 26.875
Mean eval reward: 19.6875
Successful test levels: 69.91869918699187 %
Successful eval levels: 64.94845360824742 %
Step: 1605632
Mean test reward: 25.3125
Mean eval reward: 18.4375
Successful test levels: 68.64406779661016 %
Successful eval levels: 58.415841584158414 %
Step: 1613824
Mean test reward: 20.625
Mean eval reward: 21.5625
Successful test levels: 66.0 %
Successful eval levels: 66.99029126213593 %
Step: 1622016
Mean test reward: 22.5
Mean eval reward: 18.125
Successful test levels: 60.50420168067227 %
Successful eval levels: 51.78571428571429 %
Step: 1630208
Mean test reward: 20.625
Mean eval reward: 24.6875
Successful test levels: 64.70588235294117 %
Successful eval levels: 69.91150442477876 %
Step: 1638400
Mean test reward: 20.3125
Mean eval reward: 19.375
Successful test levels: 59.63302752293578 %
Successful eval levels: 55.85585585585585 %
Step: 1646592
Mean test reward: 25.0
Mean eval reward: 23.75
Successful test levels: 64.0 %
Successful eval levels: 63.33333333333333 %
Step: 1654784
Mean test reward: 24.0625
Mean eval reward: 16.5625
Successful test levels: 72.64150943396226 %
Successful eval levels: 53.535353535353536 %
Step: 1662976
Mean test reward: 22.5
Mean eval reward: 21.875
Successful test levels: 64.86486486486487 %
Successful eval levels: 62.5 %
Step: 1671168
Mean test reward: 19.0625
Mean eval reward: 22.1875
Successful test levels: 59.22330097087378 %
Successful eval levels: 62.28070175438597 %
Step: 1679360
Mean test reward: 19.375
Mean eval reward: 21.5625
Successful test levels: 57.943925233644855 %
Successful eval levels: 62.727272727272734 %
Step: 1687552
Mean test reward: 25.0
Mean eval reward: 22.8125
Successful test levels: 67.22689075630252 %
Successful eval levels: 69.52380952380952 %
Step: 1695744
Mean test reward: 22.5
Mean eval reward: 20.3125
Successful test levels: 63.716814159292035 %
Successful eval levels: 57.01754385964912 %
Step: 1703936
Mean test reward: 15.3125
Mean eval reward: 17.5
Successful test levels: 52.68817204301075 %
Successful eval levels: 59.57446808510638 %
Step: 1712128
Mean test reward: 26.5625
Mean eval reward: 19.6875
Successful test levels: 65.38461538461539 %
Successful eval levels: 62.37623762376238 %
Step: 1720320
Mean test reward: 21.875
Mean eval reward: 19.375
Successful test levels: 64.81481481481481 %
Successful eval levels: 65.26315789473685 %
Step: 1728512
Mean test reward: 20.9375
Mean eval reward: 14.6875
Successful test levels: 65.0485436893204 %
Successful eval levels: 47.0 %
Step: 1736704
Mean test reward: 19.0625
Mean eval reward: 21.5625
Successful test levels: 65.59139784946237 %
Successful eval levels: 60.526315789473685 %
Step: 1744896
Mean test reward: 21.25
Mean eval reward: 17.8125
Successful test levels: 62.38532110091744 %
Successful eval levels: 59.375 %
Step: 1753088
Mean test reward: 19.0625
Mean eval reward: 25.3125
Successful test levels: 62.88659793814433 %
Successful eval levels: 69.82758620689656 %
Step: 1761280
Mean test reward: 21.25
Mean eval reward: 19.375
Successful test levels: 66.66666666666666 %
Successful eval levels: 58.490566037735846 %
Step: 1769472
Mean test reward: 23.4375
Mean eval reward: 23.4375
Successful test levels: 62.5 %
Successful eval levels: 65.78947368421053 %
Step: 1777664
Mean test reward: 15.9375
Mean eval reward: 24.0625
Successful test levels: 54.25531914893617 %
Successful eval levels: 63.114754098360656 %
Step: 1785856
Mean test reward: 18.125
Mean eval reward: 21.875
Successful test levels: 55.23809523809524 %
Successful eval levels: 61.40350877192983 %
Step: 1794048
Mean test reward: 21.875
Mean eval reward: 21.5625
Successful test levels: 60.3448275862069 %
Successful eval levels: 62.727272727272734 %
Step: 1802240
Mean test reward: 20.9375
Mean eval reward: 24.6875
Successful test levels: 63.8095238095238 %
Successful eval levels: 58.08823529411765 %
Step: 1810432
Mean test reward: 26.875
Mean eval reward: 24.0625
Successful test levels: 71.66666666666667 %
Successful eval levels: 66.37931034482759 %
Step: 1818624
Mean test reward: 20.625
Mean eval reward: 21.25
Successful test levels: 66.0 %
Successful eval levels: 61.81818181818181 %
Step: 1826816
Mean test reward: 26.5625
Mean eval reward: 22.8125
Successful test levels: 63.90977443609023 %
Successful eval levels: 64.03508771929825 %
Step: 1835008
Mean test reward: 23.75
Mean eval reward: 25.9375
Successful test levels: 59.84251968503938 %
Successful eval levels: 68.59504132231406 %
Step: 1843200
Mean test reward: 21.875
Mean eval reward: 22.5
Successful test levels: 67.3076923076923 %
Successful eval levels: 61.53846153846154 %
Step: 1851392
Mean test reward: 22.8125
Mean eval reward: 29.0625
Successful test levels: 57.936507936507944 %
Successful eval levels: 66.42857142857143 %
Step: 1859584
Mean test reward: 23.4375
Mean eval reward: 24.0625
Successful test levels: 60.97560975609756 %
Successful eval levels: 64.70588235294117 %
Step: 1867776
Mean test reward: 24.6875
Mean eval reward: 25.3125
Successful test levels: 62.20472440944882 %
Successful eval levels: 68.0672268907563 %
Step: 1875968
Mean test reward: 21.25
Mean eval reward: 24.6875
Successful test levels: 59.130434782608695 %
Successful eval levels: 66.94915254237289 %
Step: 1884160
Mean test reward: 22.8125
Mean eval reward: 25.0
Successful test levels: 61.34453781512605 %
Successful eval levels: 64.51612903225806 %
Step: 1892352
Mean test reward: 25.0
Mean eval reward: 20.9375
Successful test levels: 64.51612903225806 %
Successful eval levels: 60.36036036036037 %
Step: 1900544
Mean test reward: 28.75
Mean eval reward: 25.3125
Successful test levels: 70.76923076923077 %
Successful eval levels: 69.82758620689656 %
Step: 1908736
Mean test reward: 24.6875
Mean eval reward: 23.75
Successful test levels: 68.69565217391305 %
Successful eval levels: 71.02803738317756 %
Step: 1916928
Mean test reward: 23.4375
Mean eval reward: 22.8125
Successful test levels: 66.96428571428571 %
Successful eval levels: 70.87378640776699 %
Step: 1925120
Mean test reward: 24.6875
Mean eval reward: 21.25
Successful test levels: 66.94915254237289 %
Successful eval levels: 63.55140186915887 %
Step: 1933312
Mean test reward: 22.5
Mean eval reward: 27.5
Successful test levels: 60.0 %
Successful eval levels: 68.75 %
Step: 1941504
Mean test reward: 24.0625
Mean eval reward: 26.5625
Successful test levels: 64.16666666666667 %
Successful eval levels: 66.40625 %
Step: 1949696
Mean test reward: 25.625
Mean eval reward: 25.0
Successful test levels: 70.6896551724138 %
Successful eval levels: 67.79661016949152 %
Step: 1957888
Mean test reward: 23.125
Mean eval reward: 20.9375
Successful test levels: 63.793103448275865 %
Successful eval levels: 65.68627450980392 %
Step: 1966080
Mean test reward: 24.0625
Mean eval reward: 23.75
Successful test levels: 62.096774193548384 %
Successful eval levels: 63.86554621848739 %
Step: 1974272
Mean test reward: 21.25
Mean eval reward: 18.75
Successful test levels: 61.81818181818181 %
Successful eval levels: 56.074766355140184 %
Step: 1982464
Mean test reward: 21.5625
Mean eval reward: 23.4375
Successful test levels: 60.526315789473685 %
Successful eval levels: 62.5 %
Step: 1990656
Mean test reward: 25.3125
Mean eval reward: 23.75
Successful test levels: 65.85365853658537 %
Successful eval levels: 61.78861788617886 %
Step: 1998848
Mean test reward: 21.25
Mean eval reward: 27.8125
Successful test levels: 53.96825396825397 %
Successful eval levels: 70.63492063492063 %
Step: 2007040
Mean test reward: 27.8125
Mean eval reward: 23.125
Successful test levels: 72.95081967213115 %
Successful eval levels: 63.24786324786324 %
Step: 2015232
Mean test reward: 24.6875
Mean eval reward: 25.3125
Successful test levels: 62.20472440944882 %
Successful eval levels: 68.0672268907563 %
Step: 2023424
Mean test reward: 25.625
Mean eval reward: 26.5625
Successful test levels: 68.90756302521008 %
Successful eval levels: 66.40625 %
Step: 2031616
Mean test reward: 25.625
Mean eval reward: 24.6875
Successful test levels: 69.49152542372882 %
Successful eval levels: 66.38655462184873 %
Step: 2039808
Mean test reward: 25.625
Mean eval reward: 29.6875
Successful test levels: 62.121212121212125 %
Successful eval levels: 71.42857142857143 %
Step: 2048000
Mean test reward: 23.4375
Mean eval reward: 25.3125
Successful test levels: 59.523809523809526 %
Successful eval levels: 66.94214876033058 %
Step: 2056192
Mean test reward: 26.25
Mean eval reward: 26.875
Successful test levels: 69.42148760330579 %
Successful eval levels: 68.25396825396825 %
Step: 2064384
Mean test reward: 28.125
Mean eval reward: 22.8125
Successful test levels: 64.28571428571429 %
Successful eval levels: 60.33057851239669 %
Step: 2072576
Mean test reward: 21.25
Mean eval reward: 27.8125
Successful test levels: 57.14285714285714 %
Successful eval levels: 69.53125 %
Step: 2080768
Mean test reward: 21.875
Mean eval reward: 21.5625
Successful test levels: 63.63636363636363 %
Successful eval levels: 62.727272727272734 %
Step: 2088960
Mean test reward: 25.0
Mean eval reward: 23.75
Successful test levels: 62.01550387596899 %
Successful eval levels: 64.40677966101694 %
Step: 2097152
Mean test reward: 29.0625
Mean eval reward: 26.875
Successful test levels: 71.53846153846153 %
Successful eval levels: 64.66165413533834 %
Step: 2105344
Mean test reward: 24.0625
Mean eval reward: 25.9375
Successful test levels: 62.096774193548384 %
Successful eval levels: 62.878787878787875 %
Step: 2113536
Mean test reward: 25.0
Mean eval reward: 21.5625
Successful test levels: 64.51612903225806 %
Successful eval levels: 65.09433962264151 %
Step: 2121728
Mean test reward: 25.3125
Mean eval reward: 21.875
Successful test levels: 63.77952755905512 %
Successful eval levels: 55.118110236220474 %
Step: 2129920
Mean test reward: 24.0625
Mean eval reward: 25.625
Successful test levels: 60.15625 %
Successful eval levels: 64.0625 %
Step: 2138112
Mean test reward: 29.375
Mean eval reward: 26.25
Successful test levels: 67.14285714285714 %
Successful eval levels: 63.1578947368421 %
Step: 2146304
Mean test reward: 22.1875
Mean eval reward: 28.125
Successful test levels: 60.16949152542372 %
Successful eval levels: 62.5 %
Step: 2154496
Mean test reward: 26.875
Mean eval reward: 23.4375
Successful test levels: 67.1875 %
Successful eval levels: 57.692307692307686 %
Step: 2162688
Mean test reward: 25.625
Mean eval reward: 29.6875
Successful test levels: 67.21311475409836 %
Successful eval levels: 69.34306569343066 %
Step: 2170880
Mean test reward: 26.5625
Mean eval reward: 25.9375
Successful test levels: 64.8854961832061 %
Successful eval levels: 60.14492753623188 %
Step: 2179072
Mean test reward: 22.8125
Mean eval reward: 23.75
Successful test levels: 55.72519083969466 %
Successful eval levels: 61.29032258064516 %
Step: 2187264
Mean test reward: 28.75
Mean eval reward: 25.9375
Successful test levels: 74.19354838709677 %
Successful eval levels: 68.0327868852459 %
Step: 2195456
Mean test reward: 25.0
Mean eval reward: 26.5625
Successful test levels: 65.57377049180327 %
Successful eval levels: 68.54838709677419 %
Step: 2203648
Mean test reward: 21.875
Mean eval reward: 25.3125
Successful test levels: 60.86956521739131 %
Successful eval levels: 61.36363636363637 %
Step: 2211840
Mean test reward: 29.375
Mean eval reward: 30.0
Successful test levels: 67.62589928057554 %
Successful eval levels: 64.86486486486487 %
Step: 2220032
Mean test reward: 25.625
Mean eval reward: 24.375
Successful test levels: 68.33333333333333 %
Successful eval levels: 61.417322834645674 %
Step: 2228224
Mean test reward: 25.0
Mean eval reward: 28.4375
Successful test levels: 60.60606060606061 %
Successful eval levels: 71.65354330708661 %
Step: 2236416
Mean test reward: 24.0625
Mean eval reward: 22.5
Successful test levels: 62.601626016260155 %
Successful eval levels: 59.01639344262295 %
Step: 2244608
Mean test reward: 23.75
Mean eval reward: 26.25
Successful test levels: 62.295081967213115 %
Successful eval levels: 64.61538461538461 %
Step: 2252800
Mean test reward: 23.75
Mean eval reward: 26.25
Successful test levels: 64.95726495726495 %
Successful eval levels: 62.68656716417911 %
Step: 2260992
Mean test reward: 21.5625
Mean eval reward: 24.6875
Successful test levels: 55.2 %
Successful eval levels: 64.75409836065575 %
Step: 2269184
Mean test reward: 30.625
Mean eval reward: 24.6875
Successful test levels: 70.50359712230215 %
Successful eval levels: 63.70967741935484 %
Step: 2277376
Mean test reward: 26.25
Mean eval reward: 18.125
Successful test levels: 67.74193548387096 %
Successful eval levels: 53.21100917431193 %
Step: 2285568
Mean test reward: 19.6875
Mean eval reward: 21.875
Successful test levels: 54.310344827586206 %
Successful eval levels: 59.32203389830508 %
Step: 2293760
Mean test reward: 27.8125
Mean eval reward: 22.8125
Successful test levels: 65.44117647058823 %
Successful eval levels: 62.93103448275862 %
Step: 2301952
Mean test reward: 23.75
Mean eval reward: 25.0
Successful test levels: 65.51724137931035 %
Successful eval levels: 61.06870229007634 %
Step: 2310144
Mean test reward: 28.75
Mean eval reward: 23.75
Successful test levels: 65.24822695035462 %
Successful eval levels: 61.78861788617886 %
Step: 2318336
Mean test reward: 29.0625
Mean eval reward: 25.9375
Successful test levels: 68.38235294117648 %
Successful eval levels: 68.0327868852459 %
Step: 2326528
Mean test reward: 24.0625
Mean eval reward: 26.25
Successful test levels: 60.629921259842526 %
Successful eval levels: 67.74193548387096 %
Step: 2334720
Mean test reward: 28.125
Mean eval reward: 27.8125
Successful test levels: 68.70229007633588 %
Successful eval levels: 66.4179104477612 %
Step: 2342912
Mean test reward: 26.5625
Mean eval reward: 20.9375
Successful test levels: 70.24793388429752 %
Successful eval levels: 54.47154471544715 %
Step: 2351104
Mean test reward: 24.6875
Mean eval reward: 25.625
Successful test levels: 61.71875 %
Successful eval levels: 64.56692913385827 %
Step: 2359296
Mean test reward: 27.8125
Mean eval reward: 31.5625
Successful test levels: 66.9172932330827 %
Successful eval levels: 75.3731343283582 %
Step: 2367488
Mean test reward: 24.0625
Mean eval reward: 25.3125
Successful test levels: 64.70588235294117 %
Successful eval levels: 63.77952755905512 %
Step: 2375680
Mean test reward: 29.0625
Mean eval reward: 30.0
Successful test levels: 68.88888888888889 %
Successful eval levels: 69.06474820143885 %
Step: 2383872
Mean test reward: 19.375
Mean eval reward: 23.4375
Successful test levels: 54.385964912280706 %
Successful eval levels: 57.25190839694656 %
Step: 2392064
Mean test reward: 23.4375
Mean eval reward: 24.6875
Successful test levels: 59.055118110236215 %
Successful eval levels: 63.2 %
Step: 2400256
Mean test reward: 23.125
Mean eval reward: 28.75
Successful test levels: 66.07142857142857 %
Successful eval levels: 70.76923076923077 %
Step: 2408448
Mean test reward: 23.125
Mean eval reward: 20.0
Successful test levels: 58.26771653543307 %
Successful eval levels: 56.14035087719298 %
Step: 2416640
Mean test reward: 28.75
Mean eval reward: 26.5625
Successful test levels: 70.22900763358778 %
Successful eval levels: 72.03389830508475 %
Step: 2424832
Mean test reward: 27.5
Mean eval reward: 28.4375
Successful test levels: 69.29133858267717 %
Successful eval levels: 65.46762589928058 %
Step: 2433024
Mean test reward: 30.0
Mean eval reward: 23.75
Successful test levels: 69.56521739130434 %
Successful eval levels: 66.08695652173913 %
Step: 2441216
Mean test reward: 21.25
Mean eval reward: 25.3125
Successful test levels: 62.38532110091744 %
Successful eval levels: 61.832061068702295 %
Step: 2449408
Mean test reward: 30.0
Mean eval reward: 29.375
Successful test levels: 69.56521739130434 %
Successful eval levels: 68.11594202898551 %
Step: 2457600
Mean test reward: 25.0
Mean eval reward: 28.75
Successful test levels: 62.5 %
Successful eval levels: 69.6969696969697 %
Step: 2465792
Mean test reward: 31.875
Mean eval reward: 30.3125
Successful test levels: 68.45637583892618 %
Successful eval levels: 67.36111111111111 %
Step: 2473984
Mean test reward: 28.4375
Mean eval reward: 28.75
Successful test levels: 65.94202898550725 %
Successful eval levels: 67.64705882352942 %
Step: 2482176
Mean test reward: 28.4375
Mean eval reward: 28.75
Successful test levels: 67.91044776119402 %
Successful eval levels: 68.14814814814815 %
Step: 2490368
Mean test reward: 27.1875
Mean eval reward: 27.5
Successful test levels: 66.92307692307692 %
Successful eval levels: 68.21705426356588 %
Step: 2498560
Mean test reward: 25.3125
Mean eval reward: 27.1875
Successful test levels: 62.30769230769231 %
Successful eval levels: 64.92537313432835 %
Step: 2506752
Mean test reward: 28.4375
Mean eval reward: 26.875
Successful test levels: 62.328767123287676 %
Successful eval levels: 71.07438016528926 %
Completed training!
