{'total_steps': 5000000.0, 'learning_rate': 0.0005, 'epsilon': 1e-05, 'state_dict_name': 'sd1.pt'}
Start Training...
Step: 24576	Mean reward: 0.9375
Step: 49152	Mean reward: 5.0
Step: 73728	Mean reward: 8.125
Step: 98304	Mean reward: 10.0
Step: 122880	Mean reward: 12.8125
Step: 147456	Mean reward: 22.5
Step: 172032	Mean reward: 24.0625
Step: 196608	Mean reward: 24.6875
Step: 221184	Mean reward: 28.125
Step: 245760	Mean reward: 34.0625
Step: 270336	Mean reward: 36.25
Step: 294912	Mean reward: 35.0
Step: 319488	Mean reward: 35.625
Step: 344064	Mean reward: 39.6875
Step: 368640	Mean reward: 40.3125
Step: 393216	Mean reward: 40.3125
Step: 417792	Mean reward: 39.6875
Step: 442368	Mean reward: 45.9375
Step: 466944	Mean reward: 42.5
Step: 491520	Mean reward: 44.0625
Step: 516096	Mean reward: 46.25
Step: 540672	Mean reward: 47.8125
Step: 565248	Mean reward: 47.5
Step: 589824	Mean reward: 46.875
Step: 614400	Mean reward: 52.1875
Step: 638976	Mean reward: 45.625
Step: 663552	Mean reward: 49.375
Step: 688128	Mean reward: 47.5
Step: 712704	Mean reward: 47.8125
Step: 737280	Mean reward: 43.4375
Step: 761856	Mean reward: 50.3125
Step: 786432	Mean reward: 48.75
Step: 811008	Mean reward: 47.1875
Step: 835584	Mean reward: 50.625
Step: 860160	Mean reward: 45.0
Step: 884736	Mean reward: 50.9375
Step: 909312	Mean reward: 50.9375
Step: 933888	Mean reward: 51.875
Step: 958464	Mean reward: 50.0
Step: 983040	Mean reward: 50.625
Step: 1007616	Mean reward: 46.875
Step: 1032192	Mean reward: 52.8125
Step: 1056768	Mean reward: 49.0625
Step: 1081344	Mean reward: 50.625
Step: 1105920	Mean reward: 51.25
Step: 1130496	Mean reward: 51.25
Step: 1155072	Mean reward: 48.75
Step: 1179648	Mean reward: 50.625
Step: 1204224	Mean reward: 49.375
Step: 1228800	Mean reward: 51.5625
Step: 1253376	Mean reward: 49.6875
Step: 1277952	Mean reward: 52.1875
Step: 1302528	Mean reward: 48.75
Step: 1327104	Mean reward: 49.6875
Step: 1351680	Mean reward: 46.25
Step: 1376256	Mean reward: 50.0
Step: 1400832	Mean reward: 51.25
Step: 1425408	Mean reward: 46.875
Step: 1449984	Mean reward: 48.4375
Step: 1474560	Mean reward: 52.5
Step: 1499136	Mean reward: 43.75
Step: 1523712	Mean reward: 46.25
Step: 1548288	Mean reward: 51.875
Step: 1572864	Mean reward: 52.1875
Step: 1597440	Mean reward: 53.4375
Step: 1622016	Mean reward: 50.625
Step: 1646592	Mean reward: 49.375
Step: 1671168	Mean reward: 47.1875
Step: 1695744	Mean reward: 49.375
Step: 1720320	Mean reward: 46.25
Step: 1744896	Mean reward: 49.0625
Step: 1769472	Mean reward: 50.0
Step: 1794048	Mean reward: 49.375
Step: 1818624	Mean reward: 50.3125
Step: 1843200	Mean reward: 49.6875
Step: 1867776	Mean reward: 50.0
Step: 1892352	Mean reward: 51.5625
Step: 1916928	Mean reward: 51.25
Step: 1941504	Mean reward: 56.875
Step: 1966080	Mean reward: 51.25
Step: 1990656	Mean reward: 50.0
Step: 2015232	Mean reward: 52.1875
Step: 2039808	Mean reward: 51.875
Step: 2064384	Mean reward: 52.8125
Step: 2088960	Mean reward: 50.3125
Step: 2113536	Mean reward: 54.0625
Step: 2138112	Mean reward: 51.5625
Step: 2162688	Mean reward: 50.625
Step: 2187264	Mean reward: 53.75
Step: 2211840	Mean reward: 53.4375
Step: 2236416	Mean reward: 55.625
Step: 2260992	Mean reward: 51.25
Step: 2285568	Mean reward: 53.125
Step: 2310144	Mean reward: 53.75
Step: 2334720	Mean reward: 52.8125
Step: 2359296	Mean reward: 51.5625
Step: 2383872	Mean reward: 53.4375
Step: 2408448	Mean reward: 52.5
Step: 2433024	Mean reward: 51.875
Step: 2457600	Mean reward: 54.0625
Step: 2482176	Mean reward: 54.6875
Step: 2506752	Mean reward: 52.1875
Step: 2531328	Mean reward: 54.375
Step: 2555904	Mean reward: 54.0625
Step: 2580480	Mean reward: 53.125
Step: 2605056	Mean reward: 52.5
Step: 2629632	Mean reward: 53.75
Step: 2654208	Mean reward: 51.5625
Step: 2678784	Mean reward: 53.75
Step: 2703360	Mean reward: 53.125
Step: 2727936	Mean reward: 54.375
Step: 2752512	Mean reward: 56.25
Step: 2777088	Mean reward: 50.625
Step: 2801664	Mean reward: 51.875
Step: 2826240	Mean reward: 54.375
Step: 2850816	Mean reward: 50.3125
Step: 2875392	Mean reward: 49.375
Step: 2899968	Mean reward: 51.25
Step: 2924544	Mean reward: 54.375
Step: 2949120	Mean reward: 51.25
Step: 2973696	Mean reward: 55.625
Step: 2998272	Mean reward: 55.3125
Step: 3022848	Mean reward: 53.75
Step: 3047424	Mean reward: 52.1875
Step: 3072000	Mean reward: 53.4375
Step: 3096576	Mean reward: 52.5
Step: 3121152	Mean reward: 55.3125
Step: 3145728	Mean reward: 50.3125
Step: 3170304	Mean reward: 52.8125
Step: 3194880	Mean reward: 53.4375
Step: 3219456	Mean reward: 52.5
Step: 3244032	Mean reward: 53.125
Step: 3268608	Mean reward: 53.125
Step: 3293184	Mean reward: 52.5
Step: 3317760	Mean reward: 52.5
Step: 3342336	Mean reward: 54.0625
Step: 3366912	Mean reward: 56.25
Step: 3391488	Mean reward: 53.125
Step: 3416064	Mean reward: 54.0625
Step: 3440640	Mean reward: 53.125
Step: 3465216	Mean reward: 52.1875
Step: 3489792	Mean reward: 50.0
Step: 3514368	Mean reward: 53.75
Step: 3538944	Mean reward: 52.8125
Step: 3563520	Mean reward: 54.6875
Step: 3588096	Mean reward: 53.4375
Step: 3612672	Mean reward: 51.5625
Step: 3637248	Mean reward: 57.5
Step: 3661824	Mean reward: 55.625
Step: 3686400	Mean reward: 55.3125
Step: 3710976	Mean reward: 53.4375
Step: 3735552	Mean reward: 52.5
Step: 3760128	Mean reward: 53.4375
Step: 3784704	Mean reward: 52.8125
Step: 3809280	Mean reward: 53.4375
Step: 3833856	Mean reward: 51.25
Step: 3858432	Mean reward: 50.0
Step: 3883008	Mean reward: 54.375
Step: 3907584	Mean reward: 53.4375
Step: 3932160	Mean reward: 54.375
Step: 3956736	Mean reward: 55.9375
Step: 3981312	Mean reward: 51.5625
Step: 4005888	Mean reward: 55.0
Step: 4030464	Mean reward: 53.75
Step: 4055040	Mean reward: 54.6875
Step: 4079616	Mean reward: 51.25
Step: 4104192	Mean reward: 55.0
Step: 4128768	Mean reward: 56.25
Step: 4153344	Mean reward: 51.875
Step: 4177920	Mean reward: 52.1875
Step: 4202496	Mean reward: 53.4375
Step: 4227072	Mean reward: 54.375
Step: 4251648	Mean reward: 53.75
Step: 4276224	Mean reward: 51.5625
Step: 4300800	Mean reward: 55.9375
Step: 4325376	Mean reward: 54.375
Step: 4349952	Mean reward: 49.375
Step: 4374528	Mean reward: 54.375
Step: 4399104	Mean reward: 52.5
Step: 4423680	Mean reward: 51.25
Step: 4448256	Mean reward: 52.8125
Step: 4472832	Mean reward: 54.375
Step: 4497408	Mean reward: 55.9375
Step: 4521984	Mean reward: 52.5
Step: 4546560	Mean reward: 55.3125
Step: 4571136	Mean reward: 51.5625
Step: 4595712	Mean reward: 53.75
Step: 4620288	Mean reward: 52.8125
Step: 4644864	Mean reward: 53.75
Step: 4669440	Mean reward: 52.5
Step: 4694016	Mean reward: 53.4375
Step: 4718592	Mean reward: 55.0
Step: 4743168	Mean reward: 53.4375
Step: 4767744	Mean reward: 51.5625
Step: 4792320	Mean reward: 50.9375
Step: 4816896	Mean reward: 55.0
Step: 4841472	Mean reward: 54.0625
Step: 4866048	Mean reward: 52.1875
Step: 4890624	Mean reward: 53.75
Step: 4915200	Mean reward: 54.375
Step: 4939776	Mean reward: 46.875
Step: 4964352	Mean reward: 50.9375
Step: 4988928	Mean reward: 55.3125
Completed training!
{'total_steps': 5000000.0, 'learning_rate': 5e-06, 'epsilon': 1e-05, 'state_dict_name': 'sd2.pt'}
Start Training...
Step: 24576	Mean reward: 0.9375
Step: 49152	Mean reward: 0.625
Step: 73728	Mean reward: 0.9375
Step: 98304	Mean reward: 0.625
Step: 122880	Mean reward: 0.625
Step: 147456	Mean reward: 0.9375
Step: 172032	Mean reward: 0.3125
Step: 196608	Mean reward: 1.5625
Step: 221184	Mean reward: 1.25
Step: 245760	Mean reward: 0.3125
Step: 270336	Mean reward: 0.625
Step: 294912	Mean reward: 0.625
Step: 319488	Mean reward: 1.875
Step: 344064	Mean reward: 1.875
Step: 368640	Mean reward: 1.25
Step: 393216	Mean reward: 2.1875
Step: 417792	Mean reward: 2.5
Step: 442368	Mean reward: 2.8125
Step: 466944	Mean reward: 3.125
Step: 491520	Mean reward: 1.25
Step: 516096	Mean reward: 4.0625
Step: 540672	Mean reward: 5.3125
Step: 565248	Mean reward: 5.3125
Step: 589824	Mean reward: 3.75
Step: 614400	Mean reward: 4.0625
Step: 638976	Mean reward: 7.1875
Step: 663552	Mean reward: 5.9375
Step: 688128	Mean reward: 7.1875
Step: 712704	Mean reward: 6.5625
Step: 737280	Mean reward: 10.3125
Step: 761856	Mean reward: 11.5625
Step: 786432	Mean reward: 11.875
Step: 811008	Mean reward: 10.9375
Step: 835584	Mean reward: 12.5
Step: 860160	Mean reward: 12.8125
Step: 884736	Mean reward: 15.3125
Step: 909312	Mean reward: 13.125
Step: 933888	Mean reward: 15.3125
Step: 958464	Mean reward: 11.5625
Step: 983040	Mean reward: 13.125
Step: 1007616	Mean reward: 13.125
Step: 1032192	Mean reward: 15.625
Step: 1056768	Mean reward: 12.8125
Step: 1081344	Mean reward: 16.25
Step: 1105920	Mean reward: 16.5625
Step: 1130496	Mean reward: 14.0625
Step: 1155072	Mean reward: 15.3125
Step: 1179648	Mean reward: 18.4375
Step: 1204224	Mean reward: 15.3125
Step: 1228800	Mean reward: 19.0625
Step: 1253376	Mean reward: 15.625
Step: 1277952	Mean reward: 15.3125
Step: 1302528	Mean reward: 18.75
Step: 1327104	Mean reward: 18.4375
Step: 1351680	Mean reward: 18.125
Step: 1376256	Mean reward: 17.8125
Step: 1400832	Mean reward: 17.8125
Step: 1425408	Mean reward: 19.375
Step: 1449984	Mean reward: 19.0625
Step: 1474560	Mean reward: 16.875
Step: 1499136	Mean reward: 20.625
Step: 1523712	Mean reward: 20.0
Step: 1548288	Mean reward: 18.75
Step: 1572864	Mean reward: 16.875
Step: 1597440	Mean reward: 18.75
Step: 1622016	Mean reward: 18.125
Step: 1646592	Mean reward: 21.5625
Step: 1671168	Mean reward: 20.9375
Step: 1695744	Mean reward: 23.125
Step: 1720320	Mean reward: 22.5
Step: 1744896	Mean reward: 19.375
Step: 1769472	Mean reward: 18.75
Step: 1794048	Mean reward: 19.6875
Step: 1818624	Mean reward: 23.75
Step: 1843200	Mean reward: 22.8125
Step: 1867776	Mean reward: 20.9375
Step: 1892352	Mean reward: 20.3125
Step: 1916928	Mean reward: 20.0
Step: 1941504	Mean reward: 20.625
Step: 1966080	Mean reward: 18.125
Step: 1990656	Mean reward: 19.375
Step: 2015232	Mean reward: 24.0625
Step: 2039808	Mean reward: 19.0625
Step: 2064384	Mean reward: 21.5625
Step: 2088960	Mean reward: 21.25
Step: 2113536	Mean reward: 23.4375
Step: 2138112	Mean reward: 20.3125
Step: 2162688	Mean reward: 18.4375
Step: 2187264	Mean reward: 19.6875
Step: 2211840	Mean reward: 22.1875
Step: 2236416	Mean reward: 20.3125
Step: 2260992	Mean reward: 22.1875
Step: 2285568	Mean reward: 18.75
Step: 2310144	Mean reward: 23.125
Step: 2334720	Mean reward: 20.9375
Step: 2359296	Mean reward: 22.8125
Step: 2383872	Mean reward: 18.75
Step: 2408448	Mean reward: 18.75
Step: 2433024	Mean reward: 20.9375
Step: 2457600	Mean reward: 20.625
Step: 2482176	Mean reward: 18.75
Step: 2506752	Mean reward: 24.0625
Step: 2531328	Mean reward: 24.6875
Step: 2555904	Mean reward: 25.0
Step: 2580480	Mean reward: 22.1875
Step: 2605056	Mean reward: 23.4375
Step: 2629632	Mean reward: 19.6875
Step: 2654208	Mean reward: 22.5
Step: 2678784	Mean reward: 20.625
Step: 2703360	Mean reward: 22.5
Step: 2727936	Mean reward: 22.8125
Step: 2752512	Mean reward: 21.5625
Step: 2777088	Mean reward: 21.25
Step: 2801664	Mean reward: 24.0625
Step: 2826240	Mean reward: 25.0
Step: 2850816	Mean reward: 24.6875
Step: 2875392	Mean reward: 23.4375
Step: 2899968	Mean reward: 22.5
Step: 2924544	Mean reward: 26.875
Step: 2949120	Mean reward: 26.25
Step: 2973696	Mean reward: 24.375
Step: 2998272	Mean reward: 22.5
Step: 3022848	Mean reward: 23.125
Step: 3047424	Mean reward: 24.375
Step: 3072000	Mean reward: 22.8125
Step: 3096576	Mean reward: 25.625
Step: 3121152	Mean reward: 23.125
Step: 3145728	Mean reward: 25.9375
Step: 3170304	Mean reward: 25.0
Step: 3194880	Mean reward: 21.5625
Step: 3219456	Mean reward: 25.9375
Step: 3244032	Mean reward: 21.875
Step: 3268608	Mean reward: 23.125
Step: 3293184	Mean reward: 23.4375
Step: 3317760	Mean reward: 23.4375
Step: 3342336	Mean reward: 24.6875
Step: 3366912	Mean reward: 22.1875
Step: 3391488	Mean reward: 24.6875
Step: 3416064	Mean reward: 25.3125
Step: 3440640	Mean reward: 25.3125
Step: 3465216	Mean reward: 23.75
Step: 3489792	Mean reward: 24.6875
Step: 3514368	Mean reward: 24.0625
Step: 3538944	Mean reward: 21.875
Step: 3563520	Mean reward: 25.0
Step: 3588096	Mean reward: 25.3125
Step: 3612672	Mean reward: 22.5
Step: 3637248	Mean reward: 25.3125
Step: 3661824	Mean reward: 25.0
Step: 3686400	Mean reward: 21.25
Step: 3710976	Mean reward: 24.0625
Step: 3735552	Mean reward: 25.3125
Step: 3760128	Mean reward: 26.25
Step: 3784704	Mean reward: 26.25
Step: 3809280	Mean reward: 23.125
Step: 3833856	Mean reward: 24.6875
Step: 3858432	Mean reward: 23.4375
Step: 3883008	Mean reward: 23.4375
Step: 3907584	Mean reward: 26.25
Step: 3932160	Mean reward: 24.6875
Step: 3956736	Mean reward: 25.9375
Step: 3981312	Mean reward: 22.5
Step: 4005888	Mean reward: 25.0
Step: 4030464	Mean reward: 27.8125
Step: 4055040	Mean reward: 23.75
Step: 4079616	Mean reward: 25.9375
Step: 4104192	Mean reward: 24.375
Step: 4128768	Mean reward: 22.8125
Step: 4153344	Mean reward: 26.5625
Step: 4177920	Mean reward: 25.3125
Step: 4202496	Mean reward: 25.3125
Step: 4227072	Mean reward: 25.0
Step: 4251648	Mean reward: 25.3125
Step: 4276224	Mean reward: 24.0625
Step: 4300800	Mean reward: 24.0625
Step: 4325376	Mean reward: 25.9375
Step: 4349952	Mean reward: 27.8125
Step: 4374528	Mean reward: 25.9375
Step: 4399104	Mean reward: 24.375
Step: 4423680	Mean reward: 25.9375
Step: 4448256	Mean reward: 29.0625
Step: 4472832	Mean reward: 24.375
Step: 4497408	Mean reward: 26.25
Step: 4521984	Mean reward: 22.5
Step: 4546560	Mean reward: 23.4375
Step: 4571136	Mean reward: 25.3125
Step: 4595712	Mean reward: 24.0625
Step: 4620288	Mean reward: 25.0
Step: 4644864	Mean reward: 27.8125
Step: 4669440	Mean reward: 21.875
Step: 4694016	Mean reward: 25.9375
Step: 4718592	Mean reward: 27.5
Step: 4743168	Mean reward: 25.3125
Step: 4767744	Mean reward: 26.875
Step: 4792320	Mean reward: 26.25
Step: 4816896	Mean reward: 26.875
Step: 4841472	Mean reward: 25.9375
Step: 4866048	Mean reward: 28.125
Step: 4890624	Mean reward: 28.125
Step: 4915200	Mean reward: 24.375
Step: 4939776	Mean reward: 28.125
Step: 4964352	Mean reward: 26.5625
Step: 4988928	Mean reward: 25.0
Completed training!
{'total_steps': 5000000.0, 'learning_rate': 0.0005, 'epsilon': 1e-08, 'state_dict_name': 'sd3.pt'}
Start Training...
Step: 24576	Mean reward: 0.9375
Step: 49152	Mean reward: 3.4375
Step: 73728	Mean reward: 7.5
Step: 98304	Mean reward: 9.6875
Step: 122880	Mean reward: 13.75
Step: 147456	Mean reward: 15.3125
Step: 172032	Mean reward: 15.625
Step: 196608	Mean reward: 15.625
Step: 221184	Mean reward: 18.75
Step: 245760	Mean reward: 27.1875
Step: 270336	Mean reward: 26.25
Step: 294912	Mean reward: 31.875
Step: 319488	Mean reward: 30.3125
Step: 344064	Mean reward: 32.8125
Step: 368640	Mean reward: 34.6875
Step: 393216	Mean reward: 36.5625
Step: 417792	Mean reward: 31.875
Step: 442368	Mean reward: 35.9375
Step: 466944	Mean reward: 32.8125
Step: 491520	Mean reward: 38.125
Step: 516096	Mean reward: 41.5625
Step: 540672	Mean reward: 41.25
Step: 565248	Mean reward: 43.75
Step: 589824	Mean reward: 39.0625
Step: 614400	Mean reward: 39.6875
Step: 638976	Mean reward: 43.125
Step: 663552	Mean reward: 44.6875
Step: 688128	Mean reward: 46.5625
Step: 712704	Mean reward: 41.25
Step: 737280	Mean reward: 45.3125
Step: 761856	Mean reward: 40.3125
Step: 786432	Mean reward: 39.0625
Step: 811008	Mean reward: 42.5
Step: 835584	Mean reward: 47.1875
Step: 860160	Mean reward: 47.8125
Step: 884736	Mean reward: 42.1875
Step: 909312	Mean reward: 43.125
Step: 933888	Mean reward: 41.5625
Step: 958464	Mean reward: 45.3125
Step: 983040	Mean reward: 49.375
Step: 1007616	Mean reward: 42.5
Step: 1032192	Mean reward: 44.375
Step: 1056768	Mean reward: 42.1875
Step: 1081344	Mean reward: 45.3125
Step: 1105920	Mean reward: 42.8125
Step: 1130496	Mean reward: 42.1875
Step: 1155072	Mean reward: 47.8125
Step: 1179648	Mean reward: 45.0
Step: 1204224	Mean reward: 45.0
Step: 1228800	Mean reward: 48.75
Step: 1253376	Mean reward: 46.875
Step: 1277952	Mean reward: 45.9375
Step: 1302528	Mean reward: 49.375
Step: 1327104	Mean reward: 46.25
Step: 1351680	Mean reward: 44.375
Step: 1376256	Mean reward: 49.6875
Step: 1400832	Mean reward: 50.625
Step: 1425408	Mean reward: 47.5
Step: 1449984	Mean reward: 43.125
Step: 1474560	Mean reward: 45.3125
Step: 1499136	Mean reward: 45.0
Step: 1523712	Mean reward: 46.25
Step: 1548288	Mean reward: 47.5
Step: 1572864	Mean reward: 45.9375
Step: 1597440	Mean reward: 46.5625
Step: 1622016	Mean reward: 45.625
Step: 1646592	Mean reward: 45.0
Step: 1671168	Mean reward: 45.9375
Step: 1695744	Mean reward: 49.6875
Step: 1720320	Mean reward: 46.875
Step: 1744896	Mean reward: 46.875
Step: 1769472	Mean reward: 48.125
Step: 1794048	Mean reward: 48.4375
Step: 1818624	Mean reward: 43.4375
Step: 1843200	Mean reward: 46.25
Step: 1867776	Mean reward: 48.4375
Step: 1892352	Mean reward: 47.1875
Step: 1916928	Mean reward: 46.5625
Step: 1941504	Mean reward: 49.6875
Step: 1966080	Mean reward: 50.625
Step: 1990656	Mean reward: 48.75
Step: 2015232	Mean reward: 47.1875
Step: 2039808	Mean reward: 48.4375
Step: 2064384	Mean reward: 46.875
Step: 2088960	Mean reward: 47.1875
Step: 2113536	Mean reward: 44.0625
Step: 2138112	Mean reward: 48.125
Step: 2162688	Mean reward: 50.3125
Step: 2187264	Mean reward: 46.25
Step: 2211840	Mean reward: 49.375
Step: 2236416	Mean reward: 50.3125
Step: 2260992	Mean reward: 41.25
Step: 2285568	Mean reward: 45.3125
Step: 2310144	Mean reward: 47.1875
Step: 2334720	Mean reward: 43.75
Step: 2359296	Mean reward: 48.125
Step: 2383872	Mean reward: 47.5
Step: 2408448	Mean reward: 45.3125
Step: 2433024	Mean reward: 46.875
Step: 2457600	Mean reward: 49.375
Step: 2482176	Mean reward: 48.75
Step: 2506752	Mean reward: 45.9375
Step: 2531328	Mean reward: 48.4375
Step: 2555904	Mean reward: 44.0625
Step: 2580480	Mean reward: 48.125
Step: 2605056	Mean reward: 45.625
Step: 2629632	Mean reward: 46.875
Step: 2654208	Mean reward: 49.375
Step: 2678784	Mean reward: 50.625
Step: 2703360	Mean reward: 50.0
Step: 2727936	Mean reward: 48.125
Step: 2752512	Mean reward: 50.0
Step: 2777088	Mean reward: 47.5
Step: 2801664	Mean reward: 49.6875
Step: 2826240	Mean reward: 45.625
Step: 2850816	Mean reward: 47.1875
Step: 2875392	Mean reward: 47.5
Step: 2899968	Mean reward: 49.6875
Step: 2924544	Mean reward: 50.625
Step: 2949120	Mean reward: 52.8125
Step: 2973696	Mean reward: 42.1875
Step: 2998272	Mean reward: 49.6875
Step: 3022848	Mean reward: 50.3125
Step: 3047424	Mean reward: 46.25
Step: 3072000	Mean reward: 47.1875
Step: 3096576	Mean reward: 48.125
Step: 3121152	Mean reward: 48.125
Step: 3145728	Mean reward: 49.375
Step: 3170304	Mean reward: 50.625
Step: 3194880	Mean reward: 52.8125
Step: 3219456	Mean reward: 49.0625
Step: 3244032	Mean reward: 51.25
Step: 3268608	Mean reward: 50.9375
Step: 3293184	Mean reward: 46.5625
Step: 3317760	Mean reward: 48.125
Step: 3342336	Mean reward: 50.9375
Step: 3366912	Mean reward: 51.5625
Step: 3391488	Mean reward: 51.5625
Step: 3416064	Mean reward: 50.625
Step: 3440640	Mean reward: 52.8125
Step: 3465216	Mean reward: 50.625
Step: 3489792	Mean reward: 48.4375
Step: 3514368	Mean reward: 47.1875
Step: 3538944	Mean reward: 50.0
Step: 3563520	Mean reward: 51.5625
Step: 3588096	Mean reward: 48.4375
Step: 3612672	Mean reward: 49.6875
Step: 3637248	Mean reward: 46.5625
Step: 3661824	Mean reward: 48.125
Step: 3686400	Mean reward: 50.0
Step: 3710976	Mean reward: 49.0625
Step: 3735552	Mean reward: 48.4375
Step: 3760128	Mean reward: 52.1875
Step: 3784704	Mean reward: 49.375
Step: 3809280	Mean reward: 48.125
Step: 3833856	Mean reward: 51.5625
Step: 3858432	Mean reward: 53.125
Step: 3883008	Mean reward: 53.75
Step: 3907584	Mean reward: 50.3125
Step: 3932160	Mean reward: 50.3125
Step: 3956736	Mean reward: 49.6875
Step: 3981312	Mean reward: 53.125
Step: 4005888	Mean reward: 53.125
Step: 4030464	Mean reward: 49.0625
Step: 4055040	Mean reward: 51.875
Step: 4079616	Mean reward: 50.9375
Step: 4104192	Mean reward: 53.75
Step: 4128768	Mean reward: 52.1875
Step: 4153344	Mean reward: 50.625
Step: 4177920	Mean reward: 51.25
Step: 4202496	Mean reward: 48.4375
Step: 4227072	Mean reward: 47.1875
Step: 4251648	Mean reward: 49.0625
Step: 4276224	Mean reward: 50.3125
Step: 4300800	Mean reward: 50.3125
Step: 4325376	Mean reward: 54.6875
Step: 4349952	Mean reward: 50.9375
Step: 4374528	Mean reward: 47.1875
Step: 4399104	Mean reward: 51.25
Step: 4423680	Mean reward: 50.9375
Step: 4448256	Mean reward: 50.9375
Step: 4472832	Mean reward: 52.8125
Step: 4497408	Mean reward: 49.375
Step: 4521984	Mean reward: 52.8125
Step: 4546560	Mean reward: 52.1875
Step: 4571136	Mean reward: 47.1875
Step: 4595712	Mean reward: 51.25
Step: 4620288	Mean reward: 53.125
Step: 4644864	Mean reward: 51.25
Step: 4669440	Mean reward: 51.25
Step: 4694016	Mean reward: 50.9375
Step: 4718592	Mean reward: 47.1875
Step: 4743168	Mean reward: 47.8125
Step: 4767744	Mean reward: 47.8125
Step: 4792320	Mean reward: 49.375
Step: 4816896	Mean reward: 49.375
Step: 4841472	Mean reward: 51.875
Step: 4866048	Mean reward: 51.875
Step: 4890624	Mean reward: 51.25
Step: 4915200	Mean reward: 50.625
Step: 4939776	Mean reward: 49.6875
Step: 4964352	Mean reward: 52.1875
Step: 4988928	Mean reward: 53.125
Completed training!
{'total_steps': 5000000.0, 'learning_rate': 0.0005, 'epsilon': 0.01, 'state_dict_name': 'sd4.pt'}
Start Training...
Step: 24576	Mean reward: 0.9375
Step: 49152	Mean reward: 0.9375
Step: 73728	Mean reward: 0.3125
Step: 98304	Mean reward: 0.3125
Step: 122880	Mean reward: 0.9375
Step: 147456	Mean reward: 1.25
Step: 172032	Mean reward: 2.5
Step: 196608	Mean reward: 2.5
Step: 221184	Mean reward: 3.4375
Step: 245760	Mean reward: 3.75
Step: 270336	Mean reward: 7.1875
Step: 294912	Mean reward: 8.4375
Step: 319488	Mean reward: 11.5625
Step: 344064	Mean reward: 14.375
Step: 368640	Mean reward: 11.875
Step: 393216	Mean reward: 10.3125
Step: 417792	Mean reward: 15.3125
Step: 442368	Mean reward: 11.875
Step: 466944	Mean reward: 11.5625
Step: 491520	Mean reward: 15.3125
Step: 516096	Mean reward: 13.125
Step: 540672	Mean reward: 17.8125
Step: 565248	Mean reward: 16.5625
Step: 589824	Mean reward: 13.75
Step: 614400	Mean reward: 13.75
Step: 638976	Mean reward: 16.875
Step: 663552	Mean reward: 15.3125
Step: 688128	Mean reward: 16.5625
Step: 712704	Mean reward: 16.5625
Step: 737280	Mean reward: 18.125
Step: 761856	Mean reward: 15.9375
Step: 786432	Mean reward: 14.0625
Step: 811008	Mean reward: 17.5
Step: 835584	Mean reward: 21.25
Step: 860160	Mean reward: 15.625
Step: 884736	Mean reward: 19.375
Step: 909312	Mean reward: 19.375
Step: 933888	Mean reward: 19.375
Step: 958464	Mean reward: 18.125
Step: 983040	Mean reward: 19.375
Step: 1007616	Mean reward: 20.0
Step: 1032192	Mean reward: 17.8125
Step: 1056768	Mean reward: 19.0625
Step: 1081344	Mean reward: 18.125
Step: 1105920	Mean reward: 18.125
Step: 1130496	Mean reward: 19.375
Step: 1155072	Mean reward: 20.625
Step: 1179648	Mean reward: 18.75
Step: 1204224	Mean reward: 16.25
Step: 1228800	Mean reward: 19.6875
Step: 1253376	Mean reward: 20.3125
Step: 1277952	Mean reward: 22.5
Step: 1302528	Mean reward: 21.25
Step: 1327104	Mean reward: 18.75
Step: 1351680	Mean reward: 22.8125
Step: 1376256	Mean reward: 22.5
Step: 1400832	Mean reward: 20.0
Step: 1425408	Mean reward: 20.3125
Step: 1449984	Mean reward: 22.8125
Step: 1474560	Mean reward: 24.375
Step: 1499136	Mean reward: 19.0625
Step: 1523712	Mean reward: 21.5625
Step: 1548288	Mean reward: 20.625
Step: 1572864	Mean reward: 25.3125
Step: 1597440	Mean reward: 22.1875
Step: 1622016	Mean reward: 21.5625
Step: 1646592	Mean reward: 15.9375
Step: 1671168	Mean reward: 22.1875
Step: 1695744	Mean reward: 22.5
Step: 1720320	Mean reward: 20.0
Step: 1744896	Mean reward: 22.5
Step: 1769472	Mean reward: 23.125
Step: 1794048	Mean reward: 20.9375
Step: 1818624	Mean reward: 22.8125
Step: 1843200	Mean reward: 21.875
Step: 1867776	Mean reward: 21.5625
Step: 1892352	Mean reward: 21.25
Step: 1916928	Mean reward: 23.4375
Step: 1941504	Mean reward: 20.3125
Step: 1966080	Mean reward: 18.4375
Step: 1990656	Mean reward: 20.3125
Step: 2015232	Mean reward: 19.0625
Step: 2039808	Mean reward: 24.0625
Step: 2064384	Mean reward: 18.75
Step: 2088960	Mean reward: 20.3125
Step: 2113536	Mean reward: 21.5625
Step: 2138112	Mean reward: 19.375
Step: 2162688	Mean reward: 20.625
Step: 2187264	Mean reward: 20.625
Step: 2211840	Mean reward: 21.25
Step: 2236416	Mean reward: 21.25
Step: 2260992	Mean reward: 22.8125
Step: 2285568	Mean reward: 23.75
Step: 2310144	Mean reward: 21.25
Step: 2334720	Mean reward: 20.3125
Step: 2359296	Mean reward: 23.4375
Step: 2383872	Mean reward: 21.875
Step: 2408448	Mean reward: 21.5625
Step: 2433024	Mean reward: 22.8125
Step: 2457600	Mean reward: 23.4375
Step: 2482176	Mean reward: 23.125
Step: 2506752	Mean reward: 21.5625
Step: 2531328	Mean reward: 19.6875
Step: 2555904	Mean reward: 25.625
Step: 2580480	Mean reward: 22.1875
Step: 2605056	Mean reward: 21.875
Step: 2629632	Mean reward: 23.125
Step: 2654208	Mean reward: 21.875
Step: 2678784	Mean reward: 23.125
Step: 2703360	Mean reward: 22.1875
Step: 2727936	Mean reward: 25.3125
Step: 2752512	Mean reward: 24.0625
Step: 2777088	Mean reward: 23.125
Step: 2801664	Mean reward: 23.125
Step: 2826240	Mean reward: 20.9375
Step: 2850816	Mean reward: 19.375
Step: 2875392	Mean reward: 23.125
Step: 2899968	Mean reward: 21.5625
Step: 2924544	Mean reward: 20.0
Step: 2949120	Mean reward: 22.5
Step: 2973696	Mean reward: 22.5
Step: 2998272	Mean reward: 21.5625
Step: 3022848	Mean reward: 21.25
Step: 3047424	Mean reward: 20.625
Step: 3072000	Mean reward: 19.0625
Step: 3096576	Mean reward: 22.8125
Step: 3121152	Mean reward: 26.5625
Step: 3145728	Mean reward: 21.5625
Step: 3170304	Mean reward: 22.8125
Step: 3194880	Mean reward: 25.0
Step: 3219456	Mean reward: 25.0
Step: 3244032	Mean reward: 22.5
Step: 3268608	Mean reward: 24.0625
Step: 3293184	Mean reward: 23.125
Step: 3317760	Mean reward: 22.8125
Step: 3342336	Mean reward: 24.6875
Step: 3366912	Mean reward: 25.3125
Step: 3391488	Mean reward: 23.125
Step: 3416064	Mean reward: 23.125
Step: 3440640	Mean reward: 23.4375
Step: 3465216	Mean reward: 23.125
Step: 3489792	Mean reward: 25.0
Step: 3514368	Mean reward: 25.9375
Step: 3538944	Mean reward: 22.5
Step: 3563520	Mean reward: 25.0
Step: 3588096	Mean reward: 23.75
Step: 3612672	Mean reward: 22.5
Step: 3637248	Mean reward: 24.0625
Step: 3661824	Mean reward: 20.9375
Step: 3686400	Mean reward: 25.0
Step: 3710976	Mean reward: 23.125
Step: 3735552	Mean reward: 25.9375
Step: 3760128	Mean reward: 21.25
Step: 3784704	Mean reward: 24.375
Step: 3809280	Mean reward: 21.875
Step: 3833856	Mean reward: 25.9375
Step: 3858432	Mean reward: 24.6875
Step: 3883008	Mean reward: 24.0625
Step: 3907584	Mean reward: 23.125
Step: 3932160	Mean reward: 25.3125
Step: 3956736	Mean reward: 23.125
Step: 3981312	Mean reward: 24.0625
Step: 4005888	Mean reward: 20.3125
Step: 4030464	Mean reward: 23.125
Step: 4055040	Mean reward: 23.4375
Step: 4079616	Mean reward: 24.0625
Step: 4104192	Mean reward: 24.0625
Step: 4128768	Mean reward: 25.3125
Step: 4153344	Mean reward: 24.0625
Step: 4177920	Mean reward: 21.25
Step: 4202496	Mean reward: 28.125
Step: 4227072	Mean reward: 23.75
Step: 4251648	Mean reward: 25.9375
Step: 4276224	Mean reward: 21.25
Step: 4300800	Mean reward: 22.5
Step: 4325376	Mean reward: 24.375
Step: 4349952	Mean reward: 22.5
Step: 4374528	Mean reward: 24.0625
Step: 4399104	Mean reward: 25.3125
Step: 4423680	Mean reward: 26.5625
Step: 4448256	Mean reward: 26.5625
Step: 4472832	Mean reward: 25.3125
Step: 4497408	Mean reward: 22.8125
Step: 4521984	Mean reward: 26.25
Step: 4546560	Mean reward: 24.6875
Step: 4571136	Mean reward: 23.125
Step: 4595712	Mean reward: 31.25
Step: 4620288	Mean reward: 24.375
Step: 4644864	Mean reward: 23.125
Step: 4669440	Mean reward: 25.625
Step: 4694016	Mean reward: 23.125
Step: 4718592	Mean reward: 23.125
Step: 4743168	Mean reward: 25.3125
Step: 4767744	Mean reward: 23.4375
Step: 4792320	Mean reward: 21.5625
Step: 4816896	Mean reward: 25.3125
Step: 4841472	Mean reward: 26.25
Step: 4866048	Mean reward: 24.375
Step: 4890624	Mean reward: 22.5
Step: 4915200	Mean reward: 27.8125
Step: 4939776	Mean reward: 25.625
Step: 4964352	Mean reward: 25.625
Step: 4988928	Mean reward: 25.9375
Completed training!
