{'total_steps': 2500000.0, 'learning_rate': 0.0005, 'epsilon': 1e-05, 'state_dict_name': 'STEPS_10000_IMP_large', 'seed': 0, 'levels': 10000}
Start Training...
Step: 8192
Mean test reward: 1.25
Mean eval reward: 0.0
Successful test levels: 80.0 %
Successful eval levels: 0.0 %
Step: 16384
Mean test reward: 3.4375
Mean eval reward: 0.625
Successful test levels: 78.57142857142857 %
Successful eval levels: 25.0 %
Step: 24576
Mean test reward: 1.5625
Mean eval reward: 3.4375
Successful test levels: 35.714285714285715 %
Successful eval levels: 64.70588235294117 %
Step: 32768
Mean test reward: 3.75
Mean eval reward: 4.0625
Successful test levels: 44.44444444444444 %
Successful eval levels: 43.333333333333336 %
Step: 40960
Mean test reward: 8.4375
Mean eval reward: 5.625
Successful test levels: 57.446808510638306 %
Successful eval levels: 50.0 %
Step: 49152
Mean test reward: 10.0
Mean eval reward: 8.125
Successful test levels: 57.14285714285714 %
Successful eval levels: 46.42857142857143 %
Step: 57344
Mean test reward: 10.3125
Mean eval reward: 8.125
Successful test levels: 48.529411764705884 %
Successful eval levels: 44.827586206896555 %
Step: 65536
Mean test reward: 12.1875
Mean eval reward: 14.0625
Successful test levels: 50.649350649350644 %
Successful eval levels: 51.724137931034484 %
Step: 73728
Mean test reward: 13.4375
Mean eval reward: 15.0
Successful test levels: 51.19047619047619 %
Successful eval levels: 51.06382978723404 %
Step: 81920
Mean test reward: 15.625
Mean eval reward: 18.75
Successful test levels: 55.55555555555556 %
Successful eval levels: 62.5 %
Step: 90112
Mean test reward: 18.75
Mean eval reward: 20.3125
Successful test levels: 53.57142857142857 %
Successful eval levels: 64.35643564356435 %
Step: 98304
Mean test reward: 21.875
Mean eval reward: 17.8125
Successful test levels: 60.86956521739131 %
Successful eval levels: 52.293577981651374 %
Step: 106496
Mean test reward: 20.9375
Mean eval reward: 16.5625
Successful test levels: 52.34375 %
Successful eval levels: 47.74774774774775 %
Step: 114688
Mean test reward: 22.5
Mean eval reward: 21.25
Successful test levels: 59.01639344262295 %
Successful eval levels: 55.28455284552846 %
Step: 122880
Mean test reward: 21.25
Mean eval reward: 25.0
Successful test levels: 53.54330708661418 %
Successful eval levels: 62.99212598425197 %
Step: 131072
Mean test reward: 22.5
Mean eval reward: 20.0
Successful test levels: 54.961832061068705 %
Successful eval levels: 52.03252032520326 %
Step: 139264
Mean test reward: 25.0
Mean eval reward: 19.0625
Successful test levels: 65.57377049180327 %
Successful eval levels: 50.83333333333333 %
Step: 147456
Mean test reward: 17.8125
Mean eval reward: 23.75
Successful test levels: 49.137931034482754 %
Successful eval levels: 57.57575757575758 %
Step: 155648
Mean test reward: 21.5625
Mean eval reward: 19.0625
Successful test levels: 59.48275862068966 %
Successful eval levels: 53.04347826086957 %
Step: 163840
Mean test reward: 20.625
Mean eval reward: 24.0625
Successful test levels: 55.932203389830505 %
Successful eval levels: 59.23076923076923 %
Step: 172032
Mean test reward: 22.1875
Mean eval reward: 23.75
Successful test levels: 65.74074074074075 %
Successful eval levels: 60.8 %
Step: 180224
Mean test reward: 24.375
Mean eval reward: 20.0
Successful test levels: 60.9375 %
Successful eval levels: 59.25925925925925 %
Step: 188416
Mean test reward: 21.5625
Mean eval reward: 20.0
Successful test levels: 60.526315789473685 %
Successful eval levels: 54.23728813559322 %
Step: 196608
Mean test reward: 25.9375
Mean eval reward: 21.875
Successful test levels: 63.84615384615384 %
Successful eval levels: 56.00000000000001 %
Step: 204800
Mean test reward: 18.75
Mean eval reward: 23.75
Successful test levels: 51.28205128205128 %
Successful eval levels: 59.375 %
Step: 212992
Mean test reward: 20.3125
Mean eval reward: 26.25
Successful test levels: 51.587301587301596 %
Successful eval levels: 66.14173228346458 %
Step: 221184
Mean test reward: 26.5625
Mean eval reward: 24.0625
Successful test levels: 70.24793388429752 %
Successful eval levels: 59.68992248062015 %
Step: 229376
Mean test reward: 22.5
Mean eval reward: 22.5
Successful test levels: 56.69291338582677 %
Successful eval levels: 60.0 %
Step: 237568
Mean test reward: 27.8125
Mean eval reward: 23.4375
Successful test levels: 65.44117647058823 %
Successful eval levels: 57.25190839694656 %
Step: 245760
Mean test reward: 25.9375
Mean eval reward: 20.0
Successful test levels: 65.87301587301587 %
Successful eval levels: 52.459016393442624 %
Step: 253952
Mean test reward: 29.0625
Mean eval reward: 23.75
Successful test levels: 68.88888888888889 %
Successful eval levels: 55.072463768115945 %
Step: 262144
Mean test reward: 25.625
Mean eval reward: 25.9375
Successful test levels: 62.59541984732825 %
Successful eval levels: 60.58394160583942 %
Step: 270336
Mean test reward: 22.5
Mean eval reward: 22.5
Successful test levels: 54.961832061068705 %
Successful eval levels: 60.50420168067227 %
Step: 278528
Mean test reward: 27.8125
Mean eval reward: 25.625
Successful test levels: 65.44117647058823 %
Successful eval levels: 63.07692307692307 %
Step: 286720
Mean test reward: 26.5625
Mean eval reward: 26.25
Successful test levels: 59.859154929577464 %
Successful eval levels: 60.431654676258994 %
Step: 294912
Mean test reward: 28.4375
Mean eval reward: 25.3125
Successful test levels: 66.91176470588235 %
Successful eval levels: 59.55882352941176 %
Step: 303104
Mean test reward: 28.125
Mean eval reward: 25.625
Successful test levels: 60.0 %
Successful eval levels: 62.59541984732825 %
Step: 311296
Mean test reward: 25.3125
Mean eval reward: 28.125
Successful test levels: 56.25 %
Successful eval levels: 68.18181818181817 %
Step: 319488
Mean test reward: 25.9375
Mean eval reward: 23.4375
Successful test levels: 60.14492753623188 %
Successful eval levels: 56.390977443609025 %
Step: 327680
Mean test reward: 24.0625
Mean eval reward: 26.5625
Successful test levels: 60.629921259842526 %
Successful eval levels: 60.71428571428571 %
Step: 335872
Mean test reward: 22.5
Mean eval reward: 27.8125
Successful test levels: 55.81395348837209 %
Successful eval levels: 63.12056737588653 %
Step: 344064
Mean test reward: 28.4375
Mean eval reward: 29.375
Successful test levels: 61.48648648648649 %
Successful eval levels: 63.51351351351351 %
Step: 352256
Mean test reward: 28.4375
Mean eval reward: 31.875
Successful test levels: 66.91176470588235 %
Successful eval levels: 66.66666666666666 %
Step: 360448
Mean test reward: 24.375
Mean eval reward: 29.375
Successful test levels: 56.11510791366906 %
Successful eval levels: 60.256410256410255 %
Step: 368640
Mean test reward: 26.875
Mean eval reward: 28.75
Successful test levels: 61.87050359712231 %
Successful eval levels: 62.585034013605444 %
Step: 376832
Mean test reward: 24.375
Mean eval reward: 28.75
Successful test levels: 60.0 %
Successful eval levels: 64.7887323943662 %
Step: 385024
Mean test reward: 27.1875
Mean eval reward: 25.9375
Successful test levels: 60.83916083916085 %
Successful eval levels: 57.638888888888886 %
Step: 393216
Mean test reward: 25.3125
Mean eval reward: 27.5
Successful test levels: 60.447761194029844 %
Successful eval levels: 56.774193548387096 %
Step: 401408
Mean test reward: 25.0
Mean eval reward: 30.3125
Successful test levels: 57.55395683453237 %
Successful eval levels: 69.28571428571428 %
Step: 409600
Mean test reward: 27.5
Mean eval reward: 27.5
Successful test levels: 66.16541353383458 %
Successful eval levels: 61.97183098591549 %
Step: 417792
Mean test reward: 27.8125
Mean eval reward: 28.4375
Successful test levels: 62.676056338028175 %
Successful eval levels: 65.46762589928058 %
Step: 425984
Mean test reward: 24.0625
Mean eval reward: 31.5625
Successful test levels: 57.03703703703704 %
Successful eval levels: 66.88741721854305 %
Step: 434176
Mean test reward: 30.0
Mean eval reward: 27.5
Successful test levels: 68.08510638297872 %
Successful eval levels: 63.30935251798561 %
Step: 442368
Mean test reward: 28.125
Mean eval reward: 24.375
Successful test levels: 66.66666666666666 %
Successful eval levels: 52.348993288590606 %
Step: 450560
Mean test reward: 25.0
Mean eval reward: 24.375
Successful test levels: 64.0 %
Successful eval levels: 60.46511627906976 %
Step: 458752
Mean test reward: 27.5
Mean eval reward: 25.0
Successful test levels: 63.30935251798561 %
Successful eval levels: 58.82352941176471 %
Step: 466944
Mean test reward: 30.9375
Mean eval reward: 25.625
Successful test levels: 68.27586206896552 %
Successful eval levels: 61.65413533834586 %
Step: 475136
Mean test reward: 26.25
Mean eval reward: 27.1875
Successful test levels: 64.61538461538461 %
Successful eval levels: 66.41221374045801 %
Step: 483328
Mean test reward: 28.4375
Mean eval reward: 26.875
Successful test levels: 64.08450704225352 %
Successful eval levels: 64.66165413533834 %
Step: 491520
Mean test reward: 31.25
Mean eval reward: 26.25
Successful test levels: 67.56756756756756 %
Successful eval levels: 62.22222222222222 %
Step: 499712
Mean test reward: 31.25
Mean eval reward: 31.5625
Successful test levels: 70.92198581560284 %
Successful eval levels: 65.16129032258064 %
Step: 507904
Mean test reward: 29.0625
Mean eval reward: 28.75
Successful test levels: 62.41610738255034 %
Successful eval levels: 66.18705035971223 %
Step: 516096
Mean test reward: 28.125
Mean eval reward: 23.75
Successful test levels: 61.224489795918366 %
Successful eval levels: 54.285714285714285 %
Step: 524288
Mean test reward: 30.0
Mean eval reward: 28.75
Successful test levels: 69.06474820143885 %
Successful eval levels: 63.888888888888886 %
Step: 532480
Mean test reward: 26.25
Mean eval reward: 29.6875
Successful test levels: 61.31386861313869 %
Successful eval levels: 69.34306569343066 %
Step: 540672
Mean test reward: 31.875
Mean eval reward: 26.25
Successful test levels: 72.3404255319149 %
Successful eval levels: 63.63636363636363 %
Step: 548864
Mean test reward: 30.9375
Mean eval reward: 30.9375
Successful test levels: 64.28571428571429 %
Successful eval levels: 66.0 %
Step: 557056
Mean test reward: 25.9375
Mean eval reward: 28.4375
Successful test levels: 58.45070422535211 %
Successful eval levels: 65.0 %
Step: 565248
Mean test reward: 24.0625
Mean eval reward: 27.5
Successful test levels: 60.629921259842526 %
Successful eval levels: 64.23357664233576 %
Step: 573440
Mean test reward: 31.875
Mean eval reward: 27.1875
Successful test levels: 64.55696202531645 %
Successful eval levels: 59.589041095890416 %
Step: 581632
Mean test reward: 30.9375
Mean eval reward: 27.8125
Successful test levels: 70.2127659574468 %
Successful eval levels: 71.7741935483871 %
Step: 589824
Mean test reward: 29.0625
Mean eval reward: 30.9375
Successful test levels: 64.13793103448275 %
Successful eval levels: 71.22302158273382 %
Step: 598016
Mean test reward: 29.375
Mean eval reward: 26.5625
Successful test levels: 63.08724832214765 %
Successful eval levels: 63.90977443609023 %
Step: 606208
Mean test reward: 29.375
Mean eval reward: 31.25
Successful test levels: 64.38356164383562 %
Successful eval levels: 73.52941176470588 %
Step: 614400
Mean test reward: 27.1875
Mean eval reward: 29.375
Successful test levels: 62.142857142857146 %
Successful eval levels: 66.19718309859155 %
Step: 622592
Mean test reward: 30.625
Mean eval reward: 32.5
Successful test levels: 69.01408450704226 %
Successful eval levels: 69.79865771812081 %
Step: 630784
Mean test reward: 29.375
Mean eval reward: 30.625
Successful test levels: 66.66666666666666 %
Successful eval levels: 65.33333333333333 %
Step: 638976
Mean test reward: 26.25
Mean eval reward: 27.8125
Successful test levels: 64.12213740458014 %
Successful eval levels: 62.676056338028175 %
Step: 647168
Mean test reward: 26.875
Mean eval reward: 25.3125
Successful test levels: 63.70370370370371 %
Successful eval levels: 59.12408759124088 %
Step: 655360
Mean test reward: 31.875
Mean eval reward: 28.4375
Successful test levels: 72.3404255319149 %
Successful eval levels: 66.42335766423358 %
Step: 663552
Mean test reward: 27.8125
Mean eval reward: 28.75
Successful test levels: 64.4927536231884 %
Successful eval levels: 63.013698630136986 %
Step: 671744
Mean test reward: 29.0625
Mean eval reward: 30.3125
Successful test levels: 65.95744680851064 %
Successful eval levels: 68.30985915492957 %
Step: 679936
Mean test reward: 28.125
Mean eval reward: 27.8125
Successful test levels: 77.58620689655173 %
Successful eval levels: 67.42424242424242 %
Step: 688128
Mean test reward: 25.625
Mean eval reward: 31.25
Successful test levels: 63.565891472868216 %
Successful eval levels: 68.02721088435374 %
Step: 696320
Mean test reward: 31.5625
Mean eval reward: 28.125
Successful test levels: 69.17808219178082 %
Successful eval levels: 66.17647058823529 %
Step: 704512
Mean test reward: 31.25
Mean eval reward: 27.5
Successful test levels: 65.78947368421053 %
Successful eval levels: 69.29133858267717 %
Step: 712704
Mean test reward: 31.875
Mean eval reward: 35.9375
Successful test levels: 70.34482758620689 %
Successful eval levels: 69.27710843373494 %
Step: 720896
Mean test reward: 27.1875
Mean eval reward: 35.0
Successful test levels: 60.83916083916085 %
Successful eval levels: 73.20261437908496 %
Step: 729088
Mean test reward: 29.0625
Mean eval reward: 28.4375
Successful test levels: 65.03496503496503 %
Successful eval levels: 68.42105263157895 %
Step: 737280
Mean test reward: 27.8125
Mean eval reward: 27.1875
Successful test levels: 68.46153846153847 %
Successful eval levels: 68.50393700787401 %
Step: 745472
Mean test reward: 31.5625
Mean eval reward: 32.8125
Successful test levels: 71.63120567375887 %
Successful eval levels: 77.20588235294117 %
Step: 753664
Mean test reward: 30.3125
Mean eval reward: 29.0625
Successful test levels: 64.66666666666666 %
Successful eval levels: 65.49295774647888 %
Step: 761856
Mean test reward: 30.0
Mean eval reward: 27.8125
Successful test levels: 75.0 %
Successful eval levels: 64.4927536231884 %
Step: 770048
Mean test reward: 30.0
Mean eval reward: 28.125
Successful test levels: 71.64179104477611 %
Successful eval levels: 60.810810810810814 %
Step: 778240
Mean test reward: 31.875
Mean eval reward: 32.5
Successful test levels: 72.85714285714285 %
Successful eval levels: 70.27027027027027 %
Step: 786432
Mean test reward: 31.5625
Mean eval reward: 30.0
Successful test levels: 76.51515151515152 %
Successful eval levels: 66.20689655172414 %
Step: 794624
Mean test reward: 28.125
Mean eval reward: 28.125
Successful test levels: 64.74820143884892 %
Successful eval levels: 63.829787234042556 %
Step: 802816
Mean test reward: 30.625
Mean eval reward: 26.25
Successful test levels: 71.01449275362319 %
Successful eval levels: 67.2 %
Step: 811008
Mean test reward: 25.625
Mean eval reward: 27.1875
Successful test levels: 64.0625 %
Successful eval levels: 67.96875 %
Step: 819200
Mean test reward: 23.4375
Mean eval reward: 26.875
Successful test levels: 66.96428571428571 %
Successful eval levels: 64.66165413533834 %
Step: 827392
Mean test reward: 27.8125
Mean eval reward: 28.4375
Successful test levels: 71.2 %
Successful eval levels: 69.46564885496184 %
Step: 835584
Mean test reward: 28.125
Mean eval reward: 27.1875
Successful test levels: 71.42857142857143 %
Successful eval levels: 66.41221374045801 %
Step: 843776
Mean test reward: 29.0625
Mean eval reward: 28.75
Successful test levels: 74.4 %
Successful eval levels: 68.14814814814815 %
Step: 851968
Mean test reward: 22.8125
Mean eval reward: 25.0
Successful test levels: 60.33057851239669 %
Successful eval levels: 62.5 %
Step: 860160
Mean test reward: 29.375
Mean eval reward: 23.75
Successful test levels: 69.11764705882352 %
Successful eval levels: 57.57575757575758 %
Step: 868352
Mean test reward: 26.5625
Mean eval reward: 26.875
Successful test levels: 64.39393939393939 %
Successful eval levels: 67.1875 %
Step: 876544
Mean test reward: 31.5625
Mean eval reward: 26.5625
Successful test levels: 72.66187050359713 %
Successful eval levels: 68.54838709677419 %
Step: 884736
Mean test reward: 29.6875
Mean eval reward: 31.5625
Successful test levels: 67.85714285714286 %
Successful eval levels: 74.81481481481481 %
Step: 892928
Mean test reward: 31.25
Mean eval reward: 32.8125
Successful test levels: 71.94244604316546 %
Successful eval levels: 76.08695652173914 %
Step: 901120
Mean test reward: 28.75
Mean eval reward: 29.375
Successful test levels: 70.22900763358778 %
Successful eval levels: 63.94557823129252 %
Step: 909312
Mean test reward: 28.125
Mean eval reward: 28.75
Successful test levels: 69.76744186046511 %
Successful eval levels: 71.875 %
Step: 917504
Mean test reward: 26.25
Mean eval reward: 30.0
Successful test levels: 68.85245901639344 %
Successful eval levels: 72.18045112781954 %
Step: 925696
Mean test reward: 23.75
Mean eval reward: 29.0625
Successful test levels: 63.86554621848739 %
Successful eval levels: 72.09302325581395 %
Step: 933888
Mean test reward: 25.9375
Mean eval reward: 21.875
Successful test levels: 66.93548387096774 %
Successful eval levels: 61.94690265486725 %
Step: 942080
Mean test reward: 23.125
Mean eval reward: 25.3125
Successful test levels: 64.91228070175438 %
Successful eval levels: 66.94214876033058 %
Step: 950272
Mean test reward: 31.25
Mean eval reward: 26.875
Successful test levels: 71.42857142857143 %
Successful eval levels: 68.25396825396825 %
Step: 958464
Mean test reward: 26.25
Mean eval reward: 30.3125
Successful test levels: 61.76470588235294 %
Successful eval levels: 71.85185185185186 %
Step: 966656
Mean test reward: 26.25
Mean eval reward: 29.375
Successful test levels: 67.74193548387096 %
Successful eval levels: 74.60317460317461 %
Step: 974848
Mean test reward: 28.75
Mean eval reward: 23.125
Successful test levels: 70.22900763358778 %
Successful eval levels: 61.15702479338842 %
Step: 983040
Mean test reward: 26.25
Mean eval reward: 30.0
Successful test levels: 66.66666666666666 %
Successful eval levels: 68.57142857142857 %
Step: 991232
Mean test reward: 27.5
Mean eval reward: 31.25
Successful test levels: 71.54471544715447 %
Successful eval levels: 75.75757575757575 %
Step: 999424
Mean test reward: 30.0
Mean eval reward: 25.625
Successful test levels: 76.19047619047619 %
Successful eval levels: 62.121212121212125 %
Step: 1007616
Mean test reward: 26.875
Mean eval reward: 31.25
Successful test levels: 65.15151515151516 %
Successful eval levels: 75.18796992481202 %
Step: 1015808
Mean test reward: 24.0625
Mean eval reward: 25.625
Successful test levels: 63.63636363636363 %
Successful eval levels: 73.21428571428571 %
Step: 1024000
Mean test reward: 27.5
Mean eval reward: 30.3125
Successful test levels: 68.21705426356588 %
Successful eval levels: 68.30985915492957 %
Step: 1032192
Mean test reward: 31.25
Mean eval reward: 25.9375
Successful test levels: 72.99270072992701 %
Successful eval levels: 62.40601503759399 %
Step: 1040384
Mean test reward: 30.3125
Mean eval reward: 25.625
Successful test levels: 70.28985507246377 %
Successful eval levels: 59.42028985507246 %
Step: 1048576
Mean test reward: 28.4375
Mean eval reward: 27.5
Successful test levels: 68.42105263157895 %
Successful eval levels: 66.16541353383458 %
Step: 1056768
Mean test reward: 30.3125
Mean eval reward: 30.3125
Successful test levels: 62.98701298701299 %
Successful eval levels: 66.89655172413794 %
Step: 1064960
Mean test reward: 30.0
Mean eval reward: 30.3125
Successful test levels: 66.66666666666666 %
Successful eval levels: 69.7841726618705 %
Step: 1073152
Mean test reward: 30.9375
Mean eval reward: 32.8125
Successful test levels: 68.27586206896552 %
Successful eval levels: 68.62745098039215 %
Step: 1081344
Mean test reward: 30.9375
Mean eval reward: 28.75
Successful test levels: 71.73913043478261 %
Successful eval levels: 69.6969696969697 %
Step: 1089536
Mean test reward: 29.6875
Mean eval reward: 30.9375
Successful test levels: 64.62585034013605 %
Successful eval levels: 68.75 %
Step: 1097728
Mean test reward: 29.0625
Mean eval reward: 28.125
Successful test levels: 66.90647482014388 %
Successful eval levels: 67.66917293233082 %
Step: 1105920
Mean test reward: 26.5625
Mean eval reward: 26.5625
Successful test levels: 66.92913385826772 %
Successful eval levels: 62.04379562043796 %
Step: 1114112
Mean test reward: 34.375
Mean eval reward: 31.25
Successful test levels: 74.82993197278913 %
Successful eval levels: 72.46376811594203 %
Step: 1122304
Mean test reward: 32.1875
Mean eval reward: 26.5625
Successful test levels: 63.580246913580254 %
Successful eval levels: 61.59420289855072 %
Step: 1130496
Mean test reward: 33.75
Mean eval reward: 33.75
Successful test levels: 72.0 %
Successful eval levels: 69.6774193548387 %
Step: 1138688
Mean test reward: 26.875
Mean eval reward: 32.8125
Successful test levels: 67.71653543307087 %
Successful eval levels: 70.46979865771812 %
Step: 1146880
Mean test reward: 27.8125
Mean eval reward: 30.31173324584961
Successful test levels: 66.9172932330827 %
Successful eval levels: 68.30985915492957 %
Step: 1155072
Mean test reward: 27.1875
Mean eval reward: 33.419891357421875
Successful test levels: 69.04761904761905 %
Successful eval levels: 74.30555555555556 %
Step: 1163264
Mean test reward: 31.5625
Mean eval reward: 32.13283920288086
Successful test levels: 73.18840579710145 %
Successful eval levels: 76.86567164179104 %
Step: 1171456
Mean test reward: 31.5625
Mean eval reward: 28.37763214111328
Successful test levels: 68.70748299319727 %
Successful eval levels: 71.65354330708661 %
Step: 1179648
Mean test reward: 32.5
Mean eval reward: 29.925537109375
Successful test levels: 75.91240875912408 %
Successful eval levels: 69.56521739130434 %
Step: 1187840
Mean test reward: 26.5625
Mean eval reward: 27.111122131347656
Successful test levels: 62.04379562043796 %
Successful eval levels: 73.10924369747899 %
Step: 1196032
Mean test reward: 25.9375
Mean eval reward: 33.944698333740234
Successful test levels: 62.878787878787875 %
Successful eval levels: 75.17241379310344 %
Step: 1204224
Mean test reward: 29.375
Mean eval reward: 24.908401489257812
Successful test levels: 64.38356164383562 %
Successful eval levels: 65.04065040650406 %
Step: 1212416
Mean test reward: 24.6875
Mean eval reward: 25.213945388793945
Successful test levels: 63.2 %
Successful eval levels: 64.8 %
Step: 1220608
Mean test reward: 30.9375
Mean eval reward: 29.260059356689453
Successful test levels: 70.71428571428572 %
Successful eval levels: 69.62962962962963 %
Step: 1228800
Mean test reward: 25.9375
Mean eval reward: 26.139638900756836
Successful test levels: 66.4 %
Successful eval levels: 68.29268292682927 %
Step: 1236992
Mean test reward: 25.625
Mean eval reward: 25.82952308654785
Successful test levels: 63.565891472868216 %
Successful eval levels: 64.34108527131784 %
Step: 1245184
Mean test reward: 33.125
Mean eval reward: 29.864809036254883
Successful test levels: 72.10884353741497 %
Successful eval levels: 72.18045112781954 %
Step: 1253376
Mean test reward: 25.625
Mean eval reward: 27.680639266967773
Successful test levels: 70.6896551724138 %
Successful eval levels: 66.9172932330827 %
Step: 1261568
Mean test reward: 27.1875
Mean eval reward: 27.986373901367188
Successful test levels: 64.92537313432835 %
Successful eval levels: 65.69343065693431 %
Step: 1269760
Mean test reward: 22.8125
Mean eval reward: 29.216922760009766
Successful test levels: 55.72519083969466 %
Successful eval levels: 77.04918032786885 %
Step: 1277952
Mean test reward: 28.75
Mean eval reward: 25.7977294921875
Successful test levels: 67.64705882352942 %
Successful eval levels: 65.35433070866141 %
Step: 1286144
Mean test reward: 28.75
Mean eval reward: 28.895584106445312
Successful test levels: 70.22900763358778 %
Successful eval levels: 72.65625 %
Step: 1294336
Mean test reward: 24.6875
Mean eval reward: 24.23818588256836
Successful test levels: 64.75409836065575 %
Successful eval levels: 67.82608695652173 %
Step: 1302528
Mean test reward: 29.375
Mean eval reward: 27.030067443847656
Successful test levels: 65.73426573426573 %
Successful eval levels: 64.44444444444444 %
Step: 1310720
Mean test reward: 26.25
Mean eval reward: 25.478431701660156
Successful test levels: 64.61538461538461 %
Successful eval levels: 65.07936507936508 %
Step: 1318912
Mean test reward: 28.125
Mean eval reward: 34.476524353027344
Successful test levels: 72.0 %
Successful eval levels: 76.02739726027397 %
Step: 1327104
Mean test reward: 29.0625
Mean eval reward: 25.147035598754883
Successful test levels: 70.45454545454545 %
Successful eval levels: 64.28571428571429 %
Step: 1335296
Mean test reward: 31.875
Mean eval reward: 23.598670959472656
Successful test levels: 71.83098591549296 %
Successful eval levels: 63.86554621848739 %
Step: 1343488
Mean test reward: 24.375
Mean eval reward: 32.90171432495117
Successful test levels: 64.46280991735537 %
Successful eval levels: 73.10344827586206 %
Step: 1351680
Mean test reward: 32.1875
Mean eval reward: 30.39946174621582
Successful test levels: 71.52777777777779 %
Successful eval levels: 68.05555555555556 %
Step: 1359872
Mean test reward: 31.875
Mean eval reward: 27.91315460205078
Successful test levels: 70.34482758620689 %
Successful eval levels: 63.829787234042556 %
Step: 1368064
Mean test reward: 28.75
Mean eval reward: 28.83641242980957
Successful test levels: 65.71428571428571 %
Successful eval levels: 65.95744680851064 %
Step: 1376256
Mean test reward: 33.125
Mean eval reward: 26.342466354370117
Successful test levels: 70.66666666666667 %
Successful eval levels: 65.38461538461539 %
Step: 1384448
Mean test reward: 29.6875
Mean eval reward: 26.343196868896484
Successful test levels: 70.8955223880597 %
Successful eval levels: 66.92913385826772 %
Step: 1392640
Mean test reward: 29.375
Mean eval reward: 29.127750396728516
Successful test levels: 70.1492537313433 %
Successful eval levels: 68.61313868613139 %
Step: 1400832
Mean test reward: 33.125
Mean eval reward: 29.115966796875
Successful test levels: 74.64788732394366 %
Successful eval levels: 67.62589928057554 %
Step: 1409024
Mean test reward: 27.5
Mean eval reward: 21.376445770263672
Successful test levels: 70.96774193548387 %
Successful eval levels: 56.09756097560976 %
Step: 1417216
Mean test reward: 29.0625
Mean eval reward: 28.8123779296875
Successful test levels: 73.22834645669292 %
Successful eval levels: 67.3913043478261 %
Step: 1425408
Mean test reward: 26.5625
Mean eval reward: 26.953079223632812
Successful test levels: 68.54838709677419 %
Successful eval levels: 73.10924369747899 %
Step: 1433600
Mean test reward: 30.3125
Mean eval reward: 26.02042007446289
Successful test levels: 66.43835616438356 %
Successful eval levels: 63.1578947368421 %
Step: 1441792
Mean test reward: 24.6875
Mean eval reward: 28.18853187561035
Successful test levels: 66.38655462184873 %
Successful eval levels: 70.54263565891473 %
Step: 1449984
Mean test reward: 25.3125
Mean eval reward: 24.468233108520508
Successful test levels: 66.39344262295081 %
Successful eval levels: 65.83333333333333 %
Step: 1458176
Mean test reward: 23.75
Mean eval reward: 30.9713134765625
Successful test levels: 60.8 %
Successful eval levels: 64.93506493506493 %
Step: 1466368
Mean test reward: 32.8125
Mean eval reward: 30.338085174560547
Successful test levels: 71.42857142857143 %
Successful eval levels: 69.01408450704226 %
Step: 1474560
Mean test reward: 32.8125
Mean eval reward: 31.867815017700195
Successful test levels: 68.18181818181817 %
Successful eval levels: 69.12751677852349 %
Step: 1482752
Mean test reward: 30.3125
Mean eval reward: 31.227645874023438
Successful test levels: 69.28571428571428 %
Successful eval levels: 71.63120567375887 %
Step: 1490944
Mean test reward: 27.5
Mean eval reward: 28.748239517211914
Successful test levels: 69.29133858267717 %
Successful eval levels: 65.49295774647888 %
Step: 1499136
Mean test reward: 29.0625
Mean eval reward: 30.586339950561523
Successful test levels: 67.88321167883211 %
Successful eval levels: 66.44295302013423 %
Step: 1507328
Mean test reward: 27.5
Mean eval reward: 25.01791000366211
Successful test levels: 68.75 %
Successful eval levels: 66.94214876033058 %
Step: 1515520
Mean test reward: 27.1875
Mean eval reward: 25.94896125793457
Successful test levels: 65.9090909090909 %
Successful eval levels: 69.42148760330579 %
Step: 1523712
Mean test reward: 29.375
Mean eval reward: 31.195810317993164
Successful test levels: 72.3076923076923 %
Successful eval levels: 73.18840579710145 %
Step: 1531904
Mean test reward: 26.875
Mean eval reward: 27.78861427307129
Successful test levels: 66.66666666666666 %
Successful eval levels: 73.77049180327869 %
Step: 1540096
Mean test reward: 30.3125
Mean eval reward: 28.09389877319336
Successful test levels: 71.85185185185186 %
Successful eval levels: 72.22222222222221 %
Step: 1548288
Mean test reward: 26.5625
Mean eval reward: 26.543262481689453
Successful test levels: 64.8854961832061 %
Successful eval levels: 68.25396825396825 %
Step: 1556480
Mean test reward: 26.875
Mean eval reward: 26.546527862548828
Successful test levels: 68.25396825396825 %
Successful eval levels: 68.8 %
Step: 1564672
Mean test reward: 28.4375
Mean eval reward: 26.850828170776367
Successful test levels: 73.38709677419355 %
Successful eval levels: 67.96875 %
Step: 1572864
Mean test reward: 28.75
Mean eval reward: 24.381690979003906
Successful test levels: 70.76923076923077 %
Successful eval levels: 66.94915254237289 %
Step: 1581056
Mean test reward: 25.625
Mean eval reward: 23.15399169921875
Successful test levels: 68.33333333333333 %
Successful eval levels: 64.65517241379311 %
Step: 1589248
Mean test reward: 28.75
Mean eval reward: 26.858673095703125
Successful test levels: 68.65671641791045 %
Successful eval levels: 63.04347826086957 %
Step: 1597440
Mean test reward: 31.875
Mean eval reward: 27.476425170898438
Successful test levels: 75.55555555555556 %
Successful eval levels: 68.9922480620155 %
Step: 1605632
Mean test reward: 30.9375
Mean eval reward: 31.790557861328125
Successful test levels: 69.71830985915493 %
Successful eval levels: 70.54794520547945 %
Step: 1613824
Mean test reward: 28.4375
Mean eval reward: 23.760658264160156
Successful test levels: 67.4074074074074 %
Successful eval levels: 64.16666666666667 %
Step: 1622016
Mean test reward: 29.6875
Mean eval reward: 27.773475646972656
Successful test levels: 76.61290322580645 %
Successful eval levels: 67.66917293233082 %
Step: 1630208
Mean test reward: 27.1875
Mean eval reward: 24.99409294128418
Successful test levels: 69.6 %
Successful eval levels: 70.43478260869566 %
Step: 1638400
Mean test reward: 28.4375
Mean eval reward: 24.382755279541016
Successful test levels: 73.38709677419355 %
Successful eval levels: 62.20472440944882 %
Step: 1646592
Mean test reward: 26.5625
Mean eval reward: 24.078044891357422
Successful test levels: 66.92913385826772 %
Successful eval levels: 66.66666666666666 %
Step: 1654784
Mean test reward: 26.5625
Mean eval reward: 29.016559600830078
Successful test levels: 66.40625 %
Successful eval levels: 74.60317460317461 %
Step: 1662976
Mean test reward: 26.5625
Mean eval reward: 23.767934799194336
Successful test levels: 64.8854961832061 %
Successful eval levels: 61.6 %
Step: 1671168
Mean test reward: 24.0625
Mean eval reward: 24.083229064941406
Successful test levels: 66.37931034482759 %
Successful eval levels: 69.02654867256636 %
Step: 1679360
Mean test reward: 26.5625
Mean eval reward: 29.944744110107422
Successful test levels: 69.10569105691057 %
Successful eval levels: 76.98412698412699 %
Step: 1687552
Mean test reward: 23.4375
Mean eval reward: 29.01241683959961
Successful test levels: 60.483870967741936 %
Successful eval levels: 71.21212121212122 %
Step: 1695744
Mean test reward: 24.0625
Mean eval reward: 29.00383758544922
Successful test levels: 61.6 %
Successful eval levels: 72.86821705426357 %
Step: 1703936
Mean test reward: 26.25
Mean eval reward: 32.69108200073242
Successful test levels: 69.42148760330579 %
Successful eval levels: 80.91603053435115 %
Step: 1712128
Mean test reward: 26.25
Mean eval reward: 27.74810218811035
Successful test levels: 70.0 %
Successful eval levels: 66.66666666666666 %
Step: 1720320
Mean test reward: 25.625
Mean eval reward: 25.89655113220215
Successful test levels: 63.07692307692307 %
Successful eval levels: 63.1578947368421 %
Step: 1728512
Mean test reward: 27.5
Mean eval reward: 27.748273849487305
Successful test levels: 69.84126984126983 %
Successful eval levels: 68.70229007633588 %
Step: 1736704
Mean test reward: 25.0
Mean eval reward: 26.510969161987305
Successful test levels: 67.79661016949152 %
Successful eval levels: 69.35483870967742 %
Step: 1744896
Mean test reward: 28.4375
Mean eval reward: 25.27692413330078
Successful test levels: 70.54263565891473 %
Successful eval levels: 68.33333333333333 %
Step: 1753088
Mean test reward: 23.4375
Mean eval reward: 27.742870330810547
Successful test levels: 68.80733944954129 %
Successful eval levels: 66.66666666666666 %
Step: 1761280
Mean test reward: 27.8125
Mean eval reward: 24.35235595703125
Successful test levels: 68.9922480620155 %
Successful eval levels: 62.698412698412696 %
Step: 1769472
Mean test reward: 29.0625
Mean eval reward: 25.895912170410156
Successful test levels: 74.4 %
Successful eval levels: 63.1578947368421 %
Step: 1777664
Mean test reward: 25.9375
Mean eval reward: 25.588958740234375
Successful test levels: 71.55172413793103 %
Successful eval levels: 63.358778625954194 %
Step: 1785856
Mean test reward: 29.6875
Mean eval reward: 27.13115119934082
Successful test levels: 73.64341085271317 %
Successful eval levels: 68.21705426356588 %
Step: 1794048
Mean test reward: 26.25
Mean eval reward: 28.360374450683594
Successful test levels: 65.11627906976744 %
Successful eval levels: 71.31782945736434 %
Step: 1802240
Mean test reward: 26.5625
Mean eval reward: 29.58470344543457
Successful test levels: 65.89147286821705 %
Successful eval levels: 67.6056338028169 %
Step: 1810432
Mean test reward: 30.3125
Mean eval reward: 28.959888458251953
Successful test levels: 68.30985915492957 %
Successful eval levels: 71.7557251908397 %
Step: 1818624
Mean test reward: 30.625
Mean eval reward: 22.493017196655273
Successful test levels: 69.50354609929079 %
Successful eval levels: 64.60176991150442 %
Step: 1826816
Mean test reward: 28.75
Mean eval reward: 30.809553146362305
Successful test levels: 67.64705882352942 %
Successful eval levels: 72.46376811594203 %
Step: 1835008
Mean test reward: 28.4375
Mean eval reward: 24.644439697265625
Successful test levels: 63.19444444444444 %
Successful eval levels: 67.22689075630252 %
Step: 1843200
Mean test reward: 25.0
Mean eval reward: 35.41361999511719
Successful test levels: 67.79661016949152 %
Successful eval levels: 79.86111111111111 %
Step: 1851392
Mean test reward: 35.3125
Mean eval reward: 25.246183395385742
Successful test levels: 75.33333333333333 %
Successful eval levels: 64.56692913385827 %
Step: 1859584
Mean test reward: 29.375
Mean eval reward: 24.014732360839844
Successful test levels: 68.61313868613139 %
Successful eval levels: 65.54621848739495 %
Step: 1867776
Mean test reward: 29.375
Mean eval reward: 30.169466018676758
Successful test levels: 71.7557251908397 %
Successful eval levels: 73.13432835820896 %
Step: 1875968
Mean test reward: 27.5
Mean eval reward: 32.621009826660156
Successful test levels: 66.66666666666666 %
Successful eval levels: 72.10884353741497 %
Step: 1884160
Mean test reward: 25.9375
Mean eval reward: 33.21887969970703
Successful test levels: 73.45132743362832 %
Successful eval levels: 77.6978417266187 %
Step: 1892352
Mean test reward: 31.5625
Mean eval reward: 31.357357025146484
Successful test levels: 72.66187050359713 %
Successful eval levels: 78.46153846153847 %
Step: 1900544
Mean test reward: 27.5
Mean eval reward: 28.580322265625
Successful test levels: 69.29133858267717 %
Successful eval levels: 69.92481203007519 %
Step: 1908736
Mean test reward: 34.375
Mean eval reward: 33.792049407958984
Successful test levels: 78.01418439716312 %
Successful eval levels: 73.8255033557047 %
Step: 1916928
Mean test reward: 28.4375
Mean eval reward: 28.55782127380371
Successful test levels: 67.4074074074074 %
Successful eval levels: 66.42857142857143 %
Step: 1925120
Mean test reward: 36.875
Mean eval reward: 32.542274475097656
Successful test levels: 79.19463087248322 %
Successful eval levels: 70.19867549668875 %
Step: 1933312
Mean test reward: 27.1875
Mean eval reward: 28.5413818359375
Successful test levels: 68.50393700787401 %
Successful eval levels: 76.22950819672131 %
Step: 1941504
Mean test reward: 27.8125
Mean eval reward: 32.82363510131836
Successful test levels: 72.95081967213115 %
Successful eval levels: 74.30555555555556 %
Step: 1949696
Mean test reward: 29.6875
Mean eval reward: 32.195858001708984
Successful test levels: 62.913907284768214 %
Successful eval levels: 73.42657342657343 %
Step: 1957888
Mean test reward: 29.6875
Mean eval reward: 30.9536190032959
Successful test levels: 67.37588652482269 %
Successful eval levels: 75.93984962406014 %
Step: 1966080
Mean test reward: 29.6875
Mean eval reward: 28.802383422851562
Successful test levels: 64.1891891891892 %
Successful eval levels: 64.38356164383562 %
Step: 1974272
Mean test reward: 40.3125
Mean eval reward: 37.36338806152344
Successful test levels: 79.14110429447852 %
Successful eval levels: 73.05389221556887 %
Step: 1982464
Mean test reward: 35.625
Mean eval reward: 27.54914093017578
Successful test levels: 76.51006711409396 %
Successful eval levels: 64.74820143884892 %
Step: 1990656
Mean test reward: 30.0
Mean eval reward: 32.4379997253418
Successful test levels: 67.6056338028169 %
Successful eval levels: 70.19867549668875 %
Step: 1998848
Mean test reward: 29.0625
Mean eval reward: 30.897483825683594
Successful test levels: 66.42857142857143 %
Successful eval levels: 68.24324324324324 %
Step: 2007040
Mean test reward: 33.4375
Mean eval reward: 26.912757873535156
Successful test levels: 71.33333333333334 %
Successful eval levels: 69.29133858267717 %
Step: 2015232
Mean test reward: 32.5
Mean eval reward: 27.83078956604004
Successful test levels: 78.19548872180451 %
Successful eval levels: 69.46564885496184 %
Step: 2023424
Mean test reward: 25.625
Mean eval reward: 26.301244735717773
Successful test levels: 66.66666666666666 %
Successful eval levels: 67.1875 %
Step: 2031616
Mean test reward: 25.3125
Mean eval reward: 24.77030372619629
Successful test levels: 69.23076923076923 %
Successful eval levels: 66.94214876033058 %
Step: 2039808
Mean test reward: 26.5625
Mean eval reward: 33.32994842529297
Successful test levels: 69.67213114754098 %
Successful eval levels: 81.95488721804512 %
Step: 2048000
Mean test reward: 30.625
Mean eval reward: 25.373252868652344
Successful test levels: 77.16535433070865 %
Successful eval levels: 66.4 %
Step: 2056192
Mean test reward: 33.125
Mean eval reward: 28.431154251098633
Successful test levels: 77.37226277372264 %
Successful eval levels: 70.99236641221374 %
Step: 2064384
Mean test reward: 26.25
Mean eval reward: 22.316038131713867
Successful test levels: 74.33628318584071 %
Successful eval levels: 66.97247706422019 %
Step: 2072576
Mean test reward: 29.375
Mean eval reward: 24.766231536865234
Successful test levels: 69.62962962962963 %
Successful eval levels: 69.23076923076923 %
Step: 2080768
Mean test reward: 24.6875
Mean eval reward: 25.380496978759766
Successful test levels: 66.38655462184873 %
Successful eval levels: 70.94017094017094 %
Step: 2088960
Mean test reward: 29.6875
Mean eval reward: 27.830289840698242
Successful test levels: 74.80314960629921 %
Successful eval levels: 75.83333333333333 %
Step: 2097152
Mean test reward: 31.25
Mean eval reward: 26.29899787902832
Successful test levels: 80.0 %
Successful eval levels: 74.78260869565217 %
Step: 2105344
Mean test reward: 26.25
Mean eval reward: 27.21615982055664
Successful test levels: 68.85245901639344 %
Successful eval levels: 69.53125 %
Step: 2113536
Mean test reward: 30.0
Mean eval reward: 23.242996215820312
Successful test levels: 71.64179104477611 %
Successful eval levels: 66.08695652173913 %
Step: 2121728
Mean test reward: 30.625
Mean eval reward: 27.525121688842773
Successful test levels: 72.05882352941177 %
Successful eval levels: 70.86614173228347 %
Step: 2129920
Mean test reward: 28.125
Mean eval reward: 29.663803100585938
Successful test levels: 72.58064516129032 %
Successful eval levels: 70.8029197080292 %
Step: 2138112
Mean test reward: 31.25
Mean eval reward: 30.875404357910156
Successful test levels: 75.18796992481202 %
Successful eval levels: 75.3731343283582 %
Step: 2146304
Mean test reward: 27.5
Mean eval reward: 29.949634552001953
Successful test levels: 67.17557251908397 %
Successful eval levels: 69.50354609929079 %
Step: 2154496
Mean test reward: 26.5625
Mean eval reward: 30.553024291992188
Successful test levels: 68.0 %
Successful eval levels: 76.92307692307693 %
Step: 2162688
Mean test reward: 29.375
Mean eval reward: 26.88457489013672
Successful test levels: 70.67669172932331 %
Successful eval levels: 67.6923076923077 %
Step: 2170880
Mean test reward: 30.0
Mean eval reward: 25.048871994018555
Successful test levels: 72.18045112781954 %
Successful eval levels: 67.76859504132231 %
Step: 2179072
Mean test reward: 30.0
Mean eval reward: 31.464750289916992
Successful test levels: 70.07299270072993 %
Successful eval levels: 70.54794520547945 %
Step: 2187264
Mean test reward: 32.8125
Mean eval reward: 33.58654022216797
Successful test levels: 69.07894736842105 %
Successful eval levels: 73.8255033557047 %
Step: 2195456
Mean test reward: 27.5
Mean eval reward: 26.861581802368164
Successful test levels: 64.70588235294117 %
Successful eval levels: 67.17557251908397 %
Step: 2203648
Mean test reward: 28.4375
Mean eval reward: 28.081769943237305
Successful test levels: 67.91044776119402 %
Successful eval levels: 69.6969696969697 %
Step: 2211840
Mean test reward: 29.0625
Mean eval reward: 22.890941619873047
Successful test levels: 66.90647482014388 %
Successful eval levels: 59.055118110236215 %
Step: 2220032
Mean test reward: 30.3125
Mean eval reward: 30.218791961669922
Successful test levels: 67.83216783216784 %
Successful eval levels: 70.71428571428572 %
Step: 2228224
Mean test reward: 28.75
Mean eval reward: 24.115116119384766
Successful test levels: 70.76923076923077 %
Successful eval levels: 67.52136752136752 %
Step: 2236416
Mean test reward: 29.375
Mean eval reward: 27.780088424682617
Successful test levels: 75.2 %
Successful eval levels: 65.94202898550725 %
Step: 2244608
Mean test reward: 27.1875
Mean eval reward: 28.081207275390625
Successful test levels: 75.65217391304347 %
Successful eval levels: 73.6 %
Step: 2252800
Mean test reward: 34.0625
Mean eval reward: 26.247278213500977
Successful test levels: 76.22377622377621 %
Successful eval levels: 78.18181818181819 %
Step: 2260992
Mean test reward: 29.0625
Mean eval reward: 30.21137237548828
Successful test levels: 76.22950819672131 %
Successful eval levels: 71.73913043478261 %
Step: 2269184
Mean test reward: 27.8125
Mean eval reward: 25.9344539642334
Successful test levels: 72.95081967213115 %
Successful eval levels: 69.10569105691057 %
Step: 2277376
Mean test reward: 29.0625
Mean eval reward: 29.597518920898438
Successful test levels: 72.09302325581395 %
Successful eval levels: 66.89655172413794 %
Step: 2285568
Mean test reward: 26.5625
Mean eval reward: 27.15279197692871
Successful test levels: 68.0 %
Successful eval levels: 74.16666666666667 %
Step: 2293760
Mean test reward: 27.1875
Mean eval reward: 23.493854522705078
Successful test levels: 69.6 %
Successful eval levels: 61.111111111111114 %
Step: 2301952
Mean test reward: 30.0
Mean eval reward: 25.329496383666992
Successful test levels: 72.18045112781954 %
Successful eval levels: 70.33898305084746 %
Step: 2310144
Mean test reward: 30.0
Mean eval reward: 25.634727478027344
Successful test levels: 70.07299270072993 %
Successful eval levels: 70.58823529411765 %
Step: 2318336
Mean test reward: 33.125
Mean eval reward: 26.550689697265625
Successful test levels: 75.177304964539 %
Successful eval levels: 65.41353383458647 %
Step: 2326528
Mean test reward: 29.375
Mean eval reward: 25.02507972717285
Successful test levels: 71.21212121212122 %
Successful eval levels: 61.19402985074627 %
Step: 2334720
Mean test reward: 30.3125
Mean eval reward: 28.684640884399414
Successful test levels: 73.48484848484848 %
Successful eval levels: 71.21212121212122 %
Step: 2342912
Mean test reward: 28.4375
Mean eval reward: 22.275957107543945
Successful test levels: 68.93939393939394 %
Successful eval levels: 61.34453781512605 %
Step: 2351104
Mean test reward: 27.8125
Mean eval reward: 25.334623336791992
Successful test levels: 70.07874015748031 %
Successful eval levels: 61.48148148148148 %
Step: 2359296
Mean test reward: 24.0625
Mean eval reward: 31.43681526184082
Successful test levels: 69.36936936936937 %
Successful eval levels: 74.10071942446042 %
Step: 2367488
Mean test reward: 30.3125
Mean eval reward: 29.293434143066406
Successful test levels: 76.37795275590551 %
Successful eval levels: 75.59055118110236 %
Step: 2375680
Mean test reward: 25.0
Mean eval reward: 31.726831436157227
Successful test levels: 61.06870229007634 %
Successful eval levels: 74.28571428571429 %
Step: 2383872
Mean test reward: 33.75
Mean eval reward: 26.230615615844727
Successful test levels: 79.41176470588235 %
Successful eval levels: 67.71653543307087 %
Step: 2392064
Mean test reward: 27.8125
Mean eval reward: 27.450143814086914
Successful test levels: 70.07874015748031 %
Successful eval levels: 68.70229007633588 %
Step: 2400256
Mean test reward: 30.3125
Mean eval reward: 29.581382751464844
Successful test levels: 71.32352941176471 %
Successful eval levels: 73.48484848484848 %
Step: 2408448
Mean test reward: 26.5625
Mean eval reward: 30.181846618652344
Successful test levels: 72.03389830508475 %
Successful eval levels: 78.57142857142857 %
Step: 2416640
Mean test reward: 29.375
Mean eval reward: 27.436758041381836
Successful test levels: 71.21212121212122 %
Successful eval levels: 66.66666666666666 %
Step: 2424832
Mean test reward: 28.125
Mean eval reward: 28.959552764892578
Successful test levels: 80.35714285714286 %
Successful eval levels: 72.51908396946564 %
Step: 2433024
Mean test reward: 25.9375
Mean eval reward: 31.086143493652344
Successful test levels: 64.34108527131784 %
Successful eval levels: 75.0 %
Step: 2441216
Mean test reward: 27.1875
Mean eval reward: 28.946250915527344
Successful test levels: 66.92307692307692 %
Successful eval levels: 75.39682539682539 %
Step: 2449408
Mean test reward: 31.875
Mean eval reward: 27.419755935668945
Successful test levels: 73.38129496402878 %
Successful eval levels: 68.18181818181817 %
Step: 2457600
Mean test reward: 29.0625
Mean eval reward: 25.896203994750977
Successful test levels: 66.42857142857143 %
Successful eval levels: 69.67213114754098 %
Step: 2465792
Mean test reward: 26.5625
Mean eval reward: 28.635549545288086
Successful test levels: 67.46031746031747 %
Successful eval levels: 69.11764705882352 %
Step: 2473984
Mean test reward: 33.125
Mean eval reward: 24.370006561279297
Successful test levels: 77.37226277372264 %
Successful eval levels: 67.22689075630252 %
Step: 2482176
Mean test reward: 25.0
Mean eval reward: 28.331554412841797
Successful test levels: 71.42857142857143 %
Successful eval levels: 69.92481203007519 %
Step: 2490368
Mean test reward: 28.75
Mean eval reward: 26.502471923828125
Successful test levels: 65.24822695035462 %
Successful eval levels: 69.6 %
Step: 2498560
Mean test reward: 32.8125
Mean eval reward: 26.80888557434082
Successful test levels: 72.91666666666666 %
Successful eval levels: 64.23357664233576 %
Step: 2506752
Mean test reward: 27.5
Mean eval reward: 28.024932861328125
Successful test levels: 72.72727272727273 %
Successful eval levels: 71.875 %
Completed training!
