{'total_steps': 2500000.0, 'learning_rate': 0.0005, 'epsilon': 1e-05, 'state_dict_name': 'IMP_large'}
Start Training...
Step: 8192
Mean test reward: 0.9375
Mean eval reward: 1.5625
Successful test levels: 60.0 %
Successful eval levels: 35.714285714285715 %
Step: 16384
Mean test reward: 3.75
Mean eval reward: 0.9375
Successful test levels: 66.66666666666666 %
Successful eval levels: 42.857142857142854 %
Step: 24576
Mean test reward: 2.5
Mean eval reward: 2.8125
Successful test levels: 66.66666666666666 %
Successful eval levels: 64.28571428571429 %
Step: 32768
Mean test reward: 5.9375
Mean eval reward: 4.375
Successful test levels: 59.375 %
Successful eval levels: 48.275862068965516 %
Step: 40960
Mean test reward: 6.875
Mean eval reward: 8.4375
Successful test levels: 52.38095238095239 %
Successful eval levels: 64.28571428571429 %
Step: 49152
Mean test reward: 10.625
Mean eval reward: 8.4375
Successful test levels: 66.66666666666666 %
Successful eval levels: 48.214285714285715 %
Step: 57344
Mean test reward: 10.3125
Mean eval reward: 8.75
Successful test levels: 52.38095238095239 %
Successful eval levels: 40.57971014492754 %
Step: 65536
Mean test reward: 15.625
Mean eval reward: 9.6875
Successful test levels: 65.78947368421053 %
Successful eval levels: 48.4375 %
Step: 73728
Mean test reward: 13.125
Mean eval reward: 14.6875
Successful test levels: 48.837209302325576 %
Successful eval levels: 55.952380952380956 %
Step: 81920
Mean test reward: 15.625
Mean eval reward: 14.6875
Successful test levels: 52.63157894736842 %
Successful eval levels: 47.0 %
Step: 90112
Mean test reward: 22.1875
Mean eval reward: 16.875
Successful test levels: 67.61904761904762 %
Successful eval levels: 52.94117647058824 %
Step: 98304
Mean test reward: 24.0625
Mean eval reward: 22.8125
Successful test levels: 69.36936936936937 %
Successful eval levels: 59.34959349593496 %
Step: 106496
Mean test reward: 22.1875
Mean eval reward: 17.1875
Successful test levels: 57.25806451612904 %
Successful eval levels: 50.0 %
Step: 114688
Mean test reward: 27.1875
Mean eval reward: 18.75
Successful test levels: 70.73170731707317 %
Successful eval levels: 50.42016806722689 %
Step: 122880
Mean test reward: 25.9375
Mean eval reward: 21.5625
Successful test levels: 68.0327868852459 %
Successful eval levels: 59.48275862068966 %
Step: 131072
Mean test reward: 24.375
Mean eval reward: 25.9375
Successful test levels: 56.52173913043478 %
Successful eval levels: 62.40601503759399 %
Step: 139264
Mean test reward: 25.9375
Mean eval reward: 18.75
Successful test levels: 68.0327868852459 %
Successful eval levels: 47.61904761904761 %
Step: 147456
Mean test reward: 25.625
Mean eval reward: 22.1875
Successful test levels: 64.0625 %
Successful eval levels: 60.68376068376068 %
Step: 155648
Mean test reward: 26.875
Mean eval reward: 22.5
Successful test levels: 61.87050359712231 %
Successful eval levels: 52.55474452554745 %
Step: 163840
Mean test reward: 30.625
Mean eval reward: 21.875
Successful test levels: 72.05882352941177 %
Successful eval levels: 58.82352941176471 %
Step: 172032
Mean test reward: 26.875
Mean eval reward: 25.0
Successful test levels: 64.66165413533834 %
Successful eval levels: 57.971014492753625 %
Step: 180224
Mean test reward: 30.0
Mean eval reward: 25.0
Successful test levels: 71.11111111111111 %
Successful eval levels: 61.06870229007634 %
Step: 188416
Mean test reward: 25.9375
Mean eval reward: 24.6875
Successful test levels: 59.71223021582733 %
Successful eval levels: 56.83453237410072 %
Step: 196608
Mean test reward: 28.75
Mean eval reward: 25.625
Successful test levels: 69.6969696969697 %
Successful eval levels: 61.19402985074627 %
Step: 204800
Mean test reward: 28.75
Mean eval reward: 25.3125
Successful test levels: 65.24822695035462 %
Successful eval levels: 63.28125 %
Step: 212992
Mean test reward: 30.9375
Mean eval reward: 23.4375
Successful test levels: 63.87096774193548 %
Successful eval levels: 55.14705882352941 %
Step: 221184
Mean test reward: 29.0625
Mean eval reward: 28.4375
Successful test levels: 66.42857142857143 %
Successful eval levels: 66.91176470588235 %
Step: 229376
Mean test reward: 30.625
Mean eval reward: 27.8125
Successful test levels: 66.66666666666666 %
Successful eval levels: 61.80555555555556 %
Step: 237568
Mean test reward: 27.8125
Mean eval reward: 28.75
Successful test levels: 65.44117647058823 %
Successful eval levels: 66.18705035971223 %
Step: 245760
Mean test reward: 33.75
Mean eval reward: 24.375
Successful test levels: 67.9245283018868 %
Successful eval levels: 56.52173913043478 %
Step: 253952
Mean test reward: 30.9375
Mean eval reward: 25.9375
Successful test levels: 71.22302158273382 %
Successful eval levels: 63.84615384615384 %
Step: 262144
Mean test reward: 24.0625
Mean eval reward: 22.8125
Successful test levels: 61.111111111111114 %
Successful eval levels: 57.48031496062992 %
Step: 270336
Mean test reward: 35.0
Mean eval reward: 25.0
Successful test levels: 69.56521739130434 %
Successful eval levels: 57.14285714285714 %
Step: 278528
Mean test reward: 31.5625
Mean eval reward: 25.9375
Successful test levels: 69.6551724137931 %
Successful eval levels: 61.48148148148148 %
Step: 286720
Mean test reward: 30.3125
Mean eval reward: 27.5
Successful test levels: 68.30985915492957 %
Successful eval levels: 62.857142857142854 %
Step: 294912
Mean test reward: 29.375
Mean eval reward: 23.125
Successful test levels: 67.62589928057554 %
Successful eval levels: 62.18487394957983 %
Step: 303104
Mean test reward: 29.6875
Mean eval reward: 28.125
Successful test levels: 67.85714285714286 %
Successful eval levels: 63.38028169014085 %
Step: 311296
Mean test reward: 30.9375
Mean eval reward: 24.375
Successful test levels: 69.23076923076923 %
Successful eval levels: 61.904761904761905 %
Step: 319488
Mean test reward: 30.625
Mean eval reward: 22.8125
Successful test levels: 71.01449275362319 %
Successful eval levels: 57.48031496062992 %
Step: 327680
Mean test reward: 27.1875
Mean eval reward: 20.3125
Successful test levels: 66.92307692307692 %
Successful eval levels: 50.0 %
Step: 335872
Mean test reward: 30.9375
Mean eval reward: 29.375
Successful test levels: 64.70588235294117 %
Successful eval levels: 68.61313868613139 %
Step: 344064
Mean test reward: 28.125
Mean eval reward: 26.5625
Successful test levels: 67.66917293233082 %
Successful eval levels: 62.5 %
Step: 352256
Mean test reward: 29.6875
Mean eval reward: 26.5625
Successful test levels: 67.37588652482269 %
Successful eval levels: 61.15107913669065 %
Step: 360448
Mean test reward: 27.5
Mean eval reward: 17.1875
Successful test levels: 62.4113475177305 %
Successful eval levels: 46.21848739495798 %
Step: 368640
Mean test reward: 29.375
Mean eval reward: 23.4375
Successful test levels: 69.11764705882352 %
Successful eval levels: 57.25190839694656 %
Step: 376832
Mean test reward: 30.0
Mean eval reward: 31.25
Successful test levels: 69.56521739130434 %
Successful eval levels: 74.6268656716418 %
Step: 385024
Mean test reward: 25.3125
Mean eval reward: 19.0625
Successful test levels: 68.64406779661016 %
Successful eval levels: 55.96330275229357 %
Step: 393216
Mean test reward: 31.25
Mean eval reward: 25.9375
Successful test levels: 76.33587786259542 %
Successful eval levels: 63.358778625954194 %
Step: 401408
Mean test reward: 28.75
Mean eval reward: 22.1875
Successful test levels: 73.01587301587301 %
Successful eval levels: 60.68376068376068 %
Step: 409600
Mean test reward: 25.3125
Mean eval reward: 21.875
Successful test levels: 68.64406779661016 %
Successful eval levels: 57.377049180327866 %
Step: 417792
Mean test reward: 27.5
Mean eval reward: 22.5
Successful test levels: 68.21705426356588 %
Successful eval levels: 63.716814159292035 %
Step: 425984
Mean test reward: 27.1875
Mean eval reward: 25.3125
Successful test levels: 63.970588235294116 %
Successful eval levels: 62.7906976744186 %
Step: 434176
Mean test reward: 33.75
Mean eval reward: 25.0
Successful test levels: 71.52317880794702 %
Successful eval levels: 60.60606060606061 %
Step: 442368
Mean test reward: 32.5
Mean eval reward: 25.625
Successful test levels: 70.27027027027027 %
Successful eval levels: 59.42028985507246 %
Step: 450560
Mean test reward: 27.8125
Mean eval reward: 28.4375
Successful test levels: 66.9172932330827 %
Successful eval levels: 66.91176470588235 %
Step: 458752
Mean test reward: 27.5
Mean eval reward: 23.4375
Successful test levels: 65.18518518518519 %
Successful eval levels: 63.02521008403361 %
Step: 466944
Mean test reward: 22.8125
Mean eval reward: 27.8125
Successful test levels: 67.5925925925926 %
Successful eval levels: 63.12056737588653 %
Step: 475136
Mean test reward: 29.0625
Mean eval reward: 22.5
Successful test levels: 73.22834645669292 %
Successful eval levels: 56.69291338582677 %
Step: 483328
Mean test reward: 23.4375
Mean eval reward: 25.3125
Successful test levels: 64.1025641025641 %
Successful eval levels: 58.69565217391305 %
Step: 491520
Mean test reward: 25.3125
Mean eval reward: 23.4375
Successful test levels: 65.32258064516128 %
Successful eval levels: 61.47540983606557 %
Step: 499712
Mean test reward: 27.1875
Mean eval reward: 21.5625
Successful test levels: 66.92307692307692 %
Successful eval levels: 55.64516129032258 %
Step: 507904
Mean test reward: 28.125
Mean eval reward: 24.375
Successful test levels: 74.3801652892562 %
Successful eval levels: 61.904761904761905 %
Step: 516096
Mean test reward: 23.4375
Mean eval reward: 22.8125
Successful test levels: 68.18181818181817 %
Successful eval levels: 60.33057851239669 %
Step: 524288
Mean test reward: 27.5
Mean eval reward: 25.0
Successful test levels: 72.1311475409836 %
Successful eval levels: 61.06870229007634 %
Step: 532480
Mean test reward: 25.625
Mean eval reward: 26.875
Successful test levels: 73.21428571428571 %
Successful eval levels: 66.15384615384615 %
Step: 540672
Mean test reward: 29.0625
Mean eval reward: 26.25
Successful test levels: 68.38235294117648 %
Successful eval levels: 65.625 %
Step: 548864
Mean test reward: 31.875
Mean eval reward: 29.6875
Successful test levels: 71.32867132867133 %
Successful eval levels: 59.74842767295597 %
Step: 557056
Mean test reward: 29.375
Mean eval reward: 23.125
Successful test levels: 68.11594202898551 %
Successful eval levels: 57.8125 %
Step: 565248
Mean test reward: 28.75
Mean eval reward: 20.9375
Successful test levels: 63.888888888888886 %
Successful eval levels: 52.75590551181102 %
Step: 573440
Mean test reward: 28.125
Mean eval reward: 22.8125
Successful test levels: 68.18181818181817 %
Successful eval levels: 59.83606557377049 %
Step: 581632
Mean test reward: 36.25
Mean eval reward: 26.5625
Successful test levels: 77.85234899328859 %
Successful eval levels: 59.02777777777778 %
Step: 589824
Mean test reward: 31.875
Mean eval reward: 23.4375
Successful test levels: 65.80645161290323 %
Successful eval levels: 58.59375 %
Step: 598016
Mean test reward: 33.125
Mean eval reward: 27.5
Successful test levels: 67.94871794871796 %
Successful eval levels: 60.689655172413794 %
Step: 606208
Mean test reward: 31.5625
Mean eval reward: 25.625
Successful test levels: 73.72262773722628 %
Successful eval levels: 61.19402985074627 %
Step: 614400
Mean test reward: 30.0
Mean eval reward: 22.1875
Successful test levels: 68.08510638297872 %
Successful eval levels: 55.90551181102362 %
Step: 622592
Mean test reward: 33.4375
Mean eval reward: 26.5625
Successful test levels: 71.81208053691275 %
Successful eval levels: 62.96296296296296 %
Step: 630784
Mean test reward: 27.1875
Mean eval reward: 28.4375
Successful test levels: 73.10924369747899 %
Successful eval levels: 65.46762589928058 %
Step: 638976
Mean test reward: 31.875
Mean eval reward: 26.5625
Successful test levels: 70.83333333333334 %
Successful eval levels: 62.5 %
Step: 647168
Mean test reward: 33.125
Mean eval reward: 31.25
Successful test levels: 69.28104575163398 %
Successful eval levels: 69.93006993006993 %
Step: 655360
Mean test reward: 33.75
Mean eval reward: 29.0625
Successful test levels: 67.5 %
Successful eval levels: 62.0 %
Step: 663552
Mean test reward: 36.875
Mean eval reward: 29.375
Successful test levels: 75.64102564102564 %
Successful eval levels: 65.27777777777779 %
Step: 671744
Mean test reward: 32.1875
Mean eval reward: 30.0
Successful test levels: 66.02564102564102 %
Successful eval levels: 61.53846153846154 %
Step: 679936
Mean test reward: 34.6875
Mean eval reward: 27.5
Successful test levels: 76.02739726027397 %
Successful eval levels: 57.51633986928104 %
Step: 688128
Mean test reward: 33.75
Mean eval reward: 29.375
Successful test levels: 71.52317880794702 %
Successful eval levels: 62.251655629139066 %
Step: 696320
Mean test reward: 40.0
Mean eval reward: 25.0
Successful test levels: 77.57575757575758 %
Successful eval levels: 55.94405594405595 %
Step: 704512
Mean test reward: 30.9375
Mean eval reward: 25.625
Successful test levels: 69.71830985915493 %
Successful eval levels: 60.74074074074074 %
Step: 712704
Mean test reward: 29.6875
Mean eval reward: 27.1875
Successful test levels: 65.97222222222221 %
Successful eval levels: 64.44444444444444 %
Step: 720896
Mean test reward: 33.125
Mean eval reward: 25.9375
Successful test levels: 72.10884353741497 %
Successful eval levels: 61.029411764705884 %
Step: 729088
Mean test reward: 34.0625
Mean eval reward: 30.3125
Successful test levels: 72.18543046357617 %
Successful eval levels: 64.66666666666666 %
Step: 737280
Mean test reward: 33.4375
Mean eval reward: 30.625
Successful test levels: 75.88652482269504 %
Successful eval levels: 66.66666666666666 %
Step: 745472
Mean test reward: 32.5
Mean eval reward: 29.375
Successful test levels: 69.79865771812081 %
Successful eval levels: 66.66666666666666 %
Step: 753664
Mean test reward: 30.625
Mean eval reward: 25.625
Successful test levels: 72.05882352941177 %
Successful eval levels: 56.94444444444444 %
Step: 761856
Mean test reward: 35.9375
Mean eval reward: 34.0625
Successful test levels: 76.66666666666667 %
Successful eval levels: 74.65753424657534 %
Step: 770048
Mean test reward: 40.625
Mean eval reward: 26.875
Successful test levels: 77.84431137724552 %
Successful eval levels: 61.87050359712231 %
Step: 778240
Mean test reward: 32.1875
Mean eval reward: 28.125
Successful test levels: 69.5945945945946 %
Successful eval levels: 65.21739130434783 %
Step: 786432
Mean test reward: 38.4375
Mean eval reward: 28.75
Successful test levels: 72.35294117647058 %
Successful eval levels: 69.6969696969697 %
Step: 794624
Mean test reward: 30.0
Mean eval reward: 30.0
Successful test levels: 71.64179104477611 %
Successful eval levels: 65.3061224489796 %
Step: 802816
Mean test reward: 30.3125
Mean eval reward: 25.0
Successful test levels: 70.8029197080292 %
Successful eval levels: 65.57377049180327 %
Step: 811008
Mean test reward: 36.5625
Mean eval reward: 24.0625
Successful test levels: 79.59183673469387 %
Successful eval levels: 60.15625 %
Step: 819200
Mean test reward: 30.9375
Mean eval reward: 26.5625
Successful test levels: 75.57251908396947 %
Successful eval levels: 62.96296296296296 %
Step: 827392
Mean test reward: 30.625
Mean eval reward: 28.125
Successful test levels: 72.05882352941177 %
Successful eval levels: 64.28571428571429 %
Step: 835584
Mean test reward: 35.625
Mean eval reward: 28.125
Successful test levels: 79.16666666666666 %
Successful eval levels: 68.18181818181817 %
Step: 843776
Mean test reward: 30.9375
Mean eval reward: 22.8125
Successful test levels: 73.33333333333333 %
Successful eval levels: 57.48031496062992 %
Step: 851968
Mean test reward: 29.375
Mean eval reward: 25.9375
Successful test levels: 74.01574803149606 %
Successful eval levels: 68.59504132231406 %
Step: 860160
Mean test reward: 33.4375
Mean eval reward: 21.25
Successful test levels: 78.67647058823529 %
Successful eval levels: 61.261261261261254 %
Step: 868352
Mean test reward: 26.875
Mean eval reward: 26.5625
Successful test levels: 71.66666666666667 %
Successful eval levels: 66.40625 %
Step: 876544
Mean test reward: 34.0625
Mean eval reward: 23.4375
Successful test levels: 77.30496453900709 %
Successful eval levels: 64.65517241379311 %
Step: 884736
Mean test reward: 29.375
Mean eval reward: 23.75
Successful test levels: 77.68595041322314 %
Successful eval levels: 63.33333333333333 %
Step: 892928
Mean test reward: 32.1875
Mean eval reward: 20.625
Successful test levels: 76.86567164179104 %
Successful eval levels: 62.857142857142854 %
Step: 901120
Mean test reward: 25.625
Mean eval reward: 26.875
Successful test levels: 73.87387387387388 %
Successful eval levels: 67.1875 %
Step: 909312
Mean test reward: 29.0625
Mean eval reward: 20.625
Successful test levels: 69.40298507462687 %
Successful eval levels: 62.264150943396224 %
Step: 917504
Mean test reward: 35.625
Mean eval reward: 26.25
Successful test levels: 76.51006711409396 %
Successful eval levels: 65.625 %
Step: 925696
Mean test reward: 33.125
Mean eval reward: 31.25
Successful test levels: 74.12587412587412 %
Successful eval levels: 75.18796992481202 %
Step: 933888
Mean test reward: 31.25
Mean eval reward: 26.25
Successful test levels: 76.33587786259542 %
Successful eval levels: 65.625 %
Step: 942080
Mean test reward: 28.125
Mean eval reward: 21.5625
Successful test levels: 74.3801652892562 %
Successful eval levels: 63.888888888888886 %
Step: 950272
Mean test reward: 32.1875
Mean eval reward: 28.125
Successful test levels: 71.52777777777779 %
Successful eval levels: 70.3125 %
Step: 958464
Mean test reward: 32.1875
Mean eval reward: 30.0
Successful test levels: 74.10071942446042 %
Successful eval levels: 68.57142857142857 %
Step: 966656
Mean test reward: 27.8125
Mean eval reward: 28.4375
Successful test levels: 71.7741935483871 %
Successful eval levels: 68.42105263157895 %
Step: 974848
Mean test reward: 33.125
Mean eval reward: 24.0625
Successful test levels: 73.61111111111111 %
Successful eval levels: 61.111111111111114 %
Step: 983040
Mean test reward: 38.125
Mean eval reward: 22.1875
Successful test levels: 79.22077922077922 %
Successful eval levels: 56.34920634920635 %
Step: 991232
Mean test reward: 29.0625
Mean eval reward: 24.6875
Successful test levels: 70.99236641221374 %
Successful eval levels: 69.91150442477876 %
Step: 999424
Mean test reward: 31.25
Mean eval reward: 31.875
Successful test levels: 71.42857142857143 %
Successful eval levels: 70.83333333333334 %
Step: 1007616
Mean test reward: 35.9375
Mean eval reward: 30.0
Successful test levels: 78.2312925170068 %
Successful eval levels: 74.4186046511628 %
Step: 1015808
Mean test reward: 35.9375
Mean eval reward: 23.75
Successful test levels: 77.18120805369128 %
Successful eval levels: 62.295081967213115 %
Step: 1024000
Mean test reward: 26.5625
Mean eval reward: 27.1875
Successful test levels: 69.10569105691057 %
Successful eval levels: 69.04761904761905 %
Step: 1032192
Mean test reward: 32.5
Mean eval reward: 24.0625
Successful test levels: 73.23943661971832 %
Successful eval levels: 65.8119658119658 %
Step: 1040384
Mean test reward: 33.125
Mean eval reward: 26.875
Successful test levels: 75.71428571428571 %
Successful eval levels: 68.25396825396825 %
Step: 1048576
Mean test reward: 33.125
Mean eval reward: 25.0
Successful test levels: 77.37226277372264 %
Successful eval levels: 67.22689075630252 %
Step: 1056768
Mean test reward: 31.875
Mean eval reward: 26.5625
Successful test levels: 78.46153846153847 %
Successful eval levels: 63.90977443609023 %
Step: 1064960
Mean test reward: 27.5
Mean eval reward: 21.25
Successful test levels: 80.0 %
Successful eval levels: 67.32673267326733 %
Step: 1073152
Mean test reward: 30.3125
Mean eval reward: 25.9375
Successful test levels: 75.78125 %
Successful eval levels: 70.33898305084746 %
Step: 1081344
Mean test reward: 31.25
Mean eval reward: 26.25
Successful test levels: 74.07407407407408 %
Successful eval levels: 64.61538461538461 %
Step: 1089536
Mean test reward: 31.875
Mean eval reward: 23.4375
Successful test levels: 75.55555555555556 %
Successful eval levels: 61.47540983606557 %
Step: 1097728
Mean test reward: 38.125
Mean eval reward: 26.25
Successful test levels: 80.26315789473685 %
Successful eval levels: 69.42148760330579 %
Step: 1105920
Mean test reward: 33.4375
Mean eval reward: 27.5
Successful test levels: 76.97841726618705 %
Successful eval levels: 69.29133858267717 %
Step: 1114112
Mean test reward: 40.9375
Mean eval reward: 25.625
Successful test levels: 81.36645962732919 %
Successful eval levels: 69.49152542372882 %
Step: 1122304
Mean test reward: 34.375
Mean eval reward: 25.0
Successful test levels: 77.46478873239437 %
Successful eval levels: 62.99212598425197 %
Step: 1130496
Mean test reward: 29.6875
Mean eval reward: 29.0625
Successful test levels: 69.85294117647058 %
Successful eval levels: 71.53846153846153 %
Step: 1138688
Mean test reward: 30.9375
Mean eval reward: 29.375
Successful test levels: 74.43609022556392 %
Successful eval levels: 67.62589928057554 %
Step: 1146880
Mean test reward: 33.125
Mean eval reward: 31.25
Successful test levels: 72.6027397260274 %
Successful eval levels: 68.96551724137932 %
Step: 1155072
Mean test reward: 37.8125
Mean eval reward: 29.6875
Successful test levels: 79.60526315789474 %
Successful eval levels: 67.37588652482269 %
Step: 1163264
Mean test reward: 32.8125
Mean eval reward: 33.4375
Successful test levels: 73.94366197183099 %
Successful eval levels: 73.28767123287672 %
Step: 1171456
Mean test reward: 37.5
Mean eval reward: 33.75
Successful test levels: 80.53691275167785 %
Successful eval levels: 67.9245283018868 %
Step: 1179648
Mean test reward: 35.9375
Mean eval reward: 29.0625
Successful test levels: 73.71794871794873 %
Successful eval levels: 67.3913043478261 %
Step: 1187840
Mean test reward: 38.4375
Mean eval reward: 25.625
Successful test levels: 78.84615384615384 %
Successful eval levels: 64.0625 %
Step: 1196032
Mean test reward: 38.125
Mean eval reward: 30.625
Successful test levels: 79.73856209150327 %
Successful eval levels: 67.58620689655173 %
Step: 1204224
Mean test reward: 30.9375
Mean eval reward: 23.4375
Successful test levels: 73.88059701492537 %
Successful eval levels: 58.59375 %
Step: 1212416
Mean test reward: 34.6875
Mean eval reward: 26.875
Successful test levels: 79.85611510791367 %
Successful eval levels: 74.13793103448276 %
Step: 1220608
Mean test reward: 30.625
Mean eval reward: 24.6875
Successful test levels: 77.16535433070865 %
Successful eval levels: 67.52136752136752 %
Step: 1228800
Mean test reward: 41.25
Mean eval reward: 29.375
Successful test levels: 80.0 %
Successful eval levels: 72.86821705426357 %
Step: 1236992
Mean test reward: 36.5625
Mean eval reward: 29.375
Successful test levels: 76.97368421052632 %
Successful eval levels: 66.66666666666666 %
Step: 1245184
Mean test reward: 40.0
Mean eval reward: 26.25
Successful test levels: 76.64670658682635 %
Successful eval levels: 64.61538461538461 %
Step: 1253376
Mean test reward: 37.5
Mean eval reward: 30.3125
Successful test levels: 82.1917808219178 %
Successful eval levels: 70.8029197080292 %
Step: 1261568
Mean test reward: 35.625
Mean eval reward: 26.875
Successful test levels: 77.55102040816327 %
Successful eval levels: 65.64885496183206 %
Step: 1269760
Mean test reward: 40.3125
Mean eval reward: 25.0
Successful test levels: 80.625 %
Successful eval levels: 62.01550387596899 %
Step: 1277952
Mean test reward: 37.8125
Mean eval reward: 29.375
Successful test levels: 76.10062893081762 %
Successful eval levels: 62.251655629139066 %
Step: 1286144
Mean test reward: 33.75
Mean eval reward: 29.375
Successful test levels: 72.97297297297297 %
Successful eval levels: 68.11594202898551 %
Step: 1294336
Mean test reward: 40.3125
Mean eval reward: 30.3125
Successful test levels: 83.22580645161291 %
Successful eval levels: 70.28985507246377 %
Step: 1302528
Mean test reward: 42.1875
Mean eval reward: 28.125
Successful test levels: 81.32530120481928 %
Successful eval levels: 73.17073170731707 %
Step: 1310720
Mean test reward: 36.5625
Mean eval reward: 27.8125
Successful test levels: 76.97368421052632 %
Successful eval levels: 64.96350364963503 %
Step: 1318912
Mean test reward: 37.1875
Mean eval reward: 31.25
Successful test levels: 80.95238095238095 %
Successful eval levels: 74.07407407407408 %
Step: 1327104
Mean test reward: 40.0
Mean eval reward: 32.8125
Successful test levels: 74.85380116959064 %
Successful eval levels: 72.41379310344827 %
Step: 1335296
Mean test reward: 42.5
Mean eval reward: 34.375
Successful test levels: 84.472049689441 %
Successful eval levels: 73.8255033557047 %
Step: 1343488
Mean test reward: 33.125
Mean eval reward: 31.5625
Successful test levels: 79.1044776119403 %
Successful eval levels: 69.6551724137931 %
Step: 1351680
Mean test reward: 40.625
Mean eval reward: 35.0
Successful test levels: 79.26829268292683 %
Successful eval levels: 74.66666666666667 %
Step: 1359872
Mean test reward: 39.375
Mean eval reward: 26.5625
Successful test levels: 81.29032258064515 %
Successful eval levels: 65.38461538461539 %
Step: 1368064
Mean test reward: 38.4375
Mean eval reward: 32.1875
Successful test levels: 78.84615384615384 %
Successful eval levels: 74.10071942446042 %
Step: 1376256
Mean test reward: 35.625
Mean eval reward: 28.125
Successful test levels: 77.02702702702703 %
Successful eval levels: 66.66666666666666 %
Step: 1384448
Mean test reward: 40.625
Mean eval reward: 30.625
Successful test levels: 80.24691358024691 %
Successful eval levels: 73.68421052631578 %
Step: 1392640
Mean test reward: 43.125
Mean eval reward: 31.5625
Successful test levels: 81.17647058823529 %
Successful eval levels: 66.88741721854305 %
Step: 1400832
Mean test reward: 34.375
Mean eval reward: 32.5
Successful test levels: 77.46478873239437 %
Successful eval levels: 69.33333333333334 %
Step: 1409024
Mean test reward: 36.25
Mean eval reward: 31.5625
Successful test levels: 78.37837837837837 %
Successful eval levels: 74.81481481481481 %
Step: 1417216
Mean test reward: 33.125
Mean eval reward: 27.8125
Successful test levels: 73.61111111111111 %
Successful eval levels: 68.9922480620155 %
Step: 1425408
Mean test reward: 35.9375
Mean eval reward: 30.9375
Successful test levels: 75.16339869281046 %
Successful eval levels: 63.87096774193548 %
Step: 1433600
Mean test reward: 37.5
Mean eval reward: 28.125
Successful test levels: 78.43137254901961 %
Successful eval levels: 67.16417910447761 %
Step: 1441792
Mean test reward: 39.375
Mean eval reward: 37.5
Successful test levels: 84.56375838926175 %
Successful eval levels: 74.53416149068323 %
Step: 1449984
Mean test reward: 38.125
Mean eval reward: 34.6875
Successful test levels: 81.33333333333333 %
Successful eval levels: 78.72340425531915 %
Step: 1458176
Mean test reward: 38.125
Mean eval reward: 30.3125
Successful test levels: 79.73856209150327 %
Successful eval levels: 69.28571428571428 %
Step: 1466368
Mean test reward: 42.1875
Mean eval reward: 34.6875
Successful test levels: 85.98726114649682 %
Successful eval levels: 74.49664429530202 %
Step: 1474560
Mean test reward: 36.25
Mean eval reward: 31.875
Successful test levels: 80.0 %
Successful eval levels: 71.83098591549296 %
Step: 1482752
Mean test reward: 35.0
Mean eval reward: 32.5
Successful test levels: 77.24137931034483 %
Successful eval levels: 73.75886524822694 %
Step: 1490944
Mean test reward: 36.25
Mean eval reward: 34.375
Successful test levels: 79.45205479452055 %
Successful eval levels: 75.34246575342466 %
Step: 1499136
Mean test reward: 33.4375
Mean eval reward: 30.0
Successful test levels: 81.67938931297711 %
Successful eval levels: 71.64179104477611 %
Step: 1507328
Mean test reward: 31.25
Mean eval reward: 29.375
Successful test levels: 75.18796992481202 %
Successful eval levels: 75.2 %
Step: 1515520
Mean test reward: 30.625
Mean eval reward: 27.8125
Successful test levels: 73.68421052631578 %
Successful eval levels: 74.16666666666667 %
Step: 1523712
Mean test reward: 32.1875
Mean eval reward: 29.375
Successful test levels: 81.10236220472441 %
Successful eval levels: 73.4375 %
Step: 1531904
Mean test reward: 37.8125
Mean eval reward: 29.375
Successful test levels: 77.07006369426752 %
Successful eval levels: 73.4375 %
Step: 1540096
Mean test reward: 34.0625
Mean eval reward: 28.4375
Successful test levels: 77.30496453900709 %
Successful eval levels: 68.42105263157895 %
Step: 1548288
Mean test reward: 40.625
Mean eval reward: 26.25
Successful test levels: 84.9673202614379 %
Successful eval levels: 68.29268292682927 %
Step: 1556480
Mean test reward: 34.0625
Mean eval reward: 24.375
Successful test levels: 80.74074074074075 %
Successful eval levels: 66.10169491525424 %
Step: 1564672
Mean test reward: 28.75
Mean eval reward: 26.25
Successful test levels: 76.03305785123968 %
Successful eval levels: 65.11627906976744 %
Step: 1572864
Mean test reward: 38.75
Mean eval reward: 25.3125
Successful test levels: 81.57894736842105 %
Successful eval levels: 65.32258064516128 %
Step: 1581056
Mean test reward: 30.0
Mean eval reward: 26.5625
Successful test levels: 84.95575221238938 %
Successful eval levels: 72.03389830508475 %
Step: 1589248
Mean test reward: 31.5625
Mean eval reward: 27.1875
Successful test levels: 75.93984962406014 %
Successful eval levels: 71.900826446281 %
Step: 1597440
Mean test reward: 33.75
Mean eval reward: 25.9375
Successful test levels: 81.203007518797 %
Successful eval levels: 70.94017094017094 %
Step: 1605632
Mean test reward: 32.1875
Mean eval reward: 32.5
Successful test levels: 79.84496124031007 %
Successful eval levels: 72.22222222222221 %
Step: 1613824
Mean test reward: 34.0625
Mean eval reward: 25.625
Successful test levels: 79.56204379562044 %
Successful eval levels: 67.76859504132231 %
Step: 1622016
Mean test reward: 28.125
Mean eval reward: 30.0
Successful test levels: 73.17073170731707 %
Successful eval levels: 70.58823529411765 %
Step: 1630208
Mean test reward: 31.875
Mean eval reward: 28.4375
Successful test levels: 75.55555555555556 %
Successful eval levels: 71.65354330708661 %
Step: 1638400
Mean test reward: 37.1875
Mean eval reward: 32.1875
Successful test levels: 79.86577181208054 %
Successful eval levels: 77.44360902255639 %
Step: 1646592
Mean test reward: 32.5
Mean eval reward: 25.0
Successful test levels: 79.38931297709924 %
Successful eval levels: 71.42857142857143 %
Step: 1654784
Mean test reward: 33.75
Mean eval reward: 27.8125
Successful test levels: 83.72093023255815 %
Successful eval levels: 67.42424242424242 %
Step: 1662976
Mean test reward: 30.3125
Mean eval reward: 29.375
Successful test levels: 73.48484848484848 %
Successful eval levels: 74.60317460317461 %
Step: 1671168
Mean test reward: 34.375
Mean eval reward: 31.874752044677734
Successful test levels: 79.71014492753623 %
Successful eval levels: 75.0 %
Step: 1679360
Mean test reward: 33.4375
Mean eval reward: 28.74224090576172
Successful test levels: 79.8507462686567 %
Successful eval levels: 69.6969696969697 %
Step: 1687552
Mean test reward: 29.0625
Mean eval reward: 22.809497833251953
Successful test levels: 79.48717948717949 %
Successful eval levels: 62.93103448275862 %
Step: 1695744
Mean test reward: 32.5
Mean eval reward: 26.24846649169922
Successful test levels: 80.0 %
Successful eval levels: 76.36363636363637 %
Step: 1703936
Mean test reward: 36.875
Mean eval reward: 30.92896270751953
Successful test levels: 84.28571428571429 %
Successful eval levels: 75.0 %
Step: 1712128
Mean test reward: 32.5
Mean eval reward: 24.675453186035156
Successful test levels: 87.39495798319328 %
Successful eval levels: 71.17117117117117 %
Step: 1720320
Mean test reward: 34.6875
Mean eval reward: 24.052032470703125
Successful test levels: 82.22222222222221 %
Successful eval levels: 66.95652173913044 %
Step: 1728512
Mean test reward: 30.0
Mean eval reward: 29.04861068725586
Successful test levels: 80.0 %
Successful eval levels: 80.8695652173913 %
Step: 1736704
Mean test reward: 31.25
Mean eval reward: 23.428428649902344
Successful test levels: 80.64516129032258 %
Successful eval levels: 71.42857142857143 %
Step: 1744896
Mean test reward: 33.125
Mean eval reward: 26.242345809936523
Successful test levels: 78.51851851851852 %
Successful eval levels: 73.04347826086956 %
Step: 1753088
Mean test reward: 34.6875
Mean eval reward: 27.486806869506836
Successful test levels: 82.22222222222221 %
Successful eval levels: 73.33333333333333 %
Step: 1761280
Mean test reward: 30.9375
Mean eval reward: 29.979480743408203
Successful test levels: 81.81818181818183 %
Successful eval levels: 71.11111111111111 %
Step: 1769472
Mean test reward: 37.1875
Mean eval reward: 25.291095733642578
Successful test levels: 80.4054054054054 %
Successful eval levels: 68.64406779661016 %
Step: 1777664
Mean test reward: 39.6875
Mean eval reward: 28.410573959350586
Successful test levels: 85.8108108108108 %
Successful eval levels: 73.38709677419355 %
Step: 1785856
Mean test reward: 31.5625
Mean eval reward: 27.154979705810547
Successful test levels: 78.90625 %
Successful eval levels: 72.5 %
Step: 1794048
Mean test reward: 29.375
Mean eval reward: 27.78002166748047
Successful test levels: 78.99159663865547 %
Successful eval levels: 72.35772357723577 %
Step: 1802240
Mean test reward: 38.125
Mean eval reward: 25.901491165161133
Successful test levels: 85.91549295774648 %
Successful eval levels: 76.85185185185185 %
Step: 1810432
Mean test reward: 31.875
Mean eval reward: 24.343183517456055
Successful test levels: 80.31496062992126 %
Successful eval levels: 77.22772277227723 %
Step: 1818624
Mean test reward: 34.6875
Mean eval reward: 23.412654876708984
Successful test levels: 84.0909090909091 %
Successful eval levels: 73.52941176470588 %
Step: 1826816
Mean test reward: 31.875
Mean eval reward: 21.23256492614746
Successful test levels: 82.25806451612904 %
Successful eval levels: 72.3404255319149 %
Step: 1835008
Mean test reward: 29.0625
Mean eval reward: 24.364225387573242
Successful test levels: 78.15126050420169 %
Successful eval levels: 72.22222222222221 %
Step: 1843200
Mean test reward: 31.5625
Mean eval reward: 26.548234939575195
Successful test levels: 85.59322033898306 %
Successful eval levels: 77.27272727272727 %
Step: 1851392
Mean test reward: 28.75
Mean eval reward: 29.35160255432129
Successful test levels: 83.63636363636363 %
Successful eval levels: 80.34188034188034 %
Step: 1859584
Mean test reward: 38.4375
Mean eval reward: 24.97934913635254
Successful test levels: 88.48920863309353 %
Successful eval levels: 86.95652173913044 %
Step: 1867776
Mean test reward: 34.0625
Mean eval reward: 24.04500389099121
Successful test levels: 86.5079365079365 %
Successful eval levels: 76.23762376237624 %
Step: 1875968
Mean test reward: 37.8125
Mean eval reward: 17.806583404541016
Successful test levels: 80.66666666666666 %
Successful eval levels: 66.27906976744185 %
Step: 1884160
Mean test reward: 34.375
Mean eval reward: 24.0625
Successful test levels: 85.9375 %
Successful eval levels: 74.75728155339806 %
Step: 1892352
Mean test reward: 38.4375
Mean eval reward: 30.62450408935547
Successful test levels: 87.85714285714286 %
Successful eval levels: 77.16535433070865 %
Step: 1900544
Mean test reward: 37.1875
Mean eval reward: 21.561586380004883
Successful test levels: 83.21678321678321 %
Successful eval levels: 67.64705882352942 %
Step: 1908736
Mean test reward: 26.5625
Mean eval reward: 25.0
Successful test levels: 79.43925233644859 %
Successful eval levels: 66.66666666666666 %
Step: 1916928
Mean test reward: 28.125
Mean eval reward: 27.1875
Successful test levels: 80.35714285714286 %
Successful eval levels: 74.35897435897436 %
Step: 1925120
Mean test reward: 27.1875
Mean eval reward: 25.0
Successful test levels: 79.0909090909091 %
Successful eval levels: 72.07207207207207 %
Step: 1933312
Mean test reward: 23.75
Mean eval reward: 19.375
Successful test levels: 75.24752475247524 %
Successful eval levels: 62.0 %
Step: 1941504
Mean test reward: 34.6875
Mean eval reward: 20.3125
Successful test levels: 79.28571428571428 %
Successful eval levels: 72.22222222222221 %
Step: 1949696
Mean test reward: 35.0
Mean eval reward: 24.6875
Successful test levels: 87.5 %
Successful eval levels: 72.47706422018348 %
Step: 1957888
Mean test reward: 30.9375
Mean eval reward: 26.875
Successful test levels: 76.74418604651163 %
Successful eval levels: 70.49180327868852 %
Step: 1966080
Mean test reward: 24.0625
Mean eval reward: 18.75
Successful test levels: 82.79569892473118 %
Successful eval levels: 62.5 %
Step: 1974272
Mean test reward: 25.9375
Mean eval reward: 28.125
Successful test levels: 76.85185185185185 %
Successful eval levels: 80.35714285714286 %
Step: 1982464
Mean test reward: 25.3125
Mean eval reward: 18.125
Successful test levels: 77.14285714285715 %
Successful eval levels: 66.66666666666666 %
Step: 1990656
Mean test reward: 26.5625
Mean eval reward: 22.5
Successful test levels: 72.03389830508475 %
Successful eval levels: 76.59574468085107 %
Step: 1998848
Mean test reward: 27.5
Mean eval reward: 16.25
Successful test levels: 76.52173913043478 %
Successful eval levels: 66.66666666666666 %
Step: 2007040
Mean test reward: 24.6875
Mean eval reward: 15.9375
Successful test levels: 77.45098039215686 %
Successful eval levels: 60.0 %
Step: 2015232
Mean test reward: 26.5625
Mean eval reward: 18.75
Successful test levels: 79.43925233644859 %
Successful eval levels: 65.21739130434783 %
Step: 2023424
Mean test reward: 28.75
Mean eval reward: 19.375
Successful test levels: 88.46153846153845 %
Successful eval levels: 71.26436781609196 %
Step: 2031616
Mean test reward: 28.125
Mean eval reward: 12.5
Successful test levels: 76.92307692307693 %
Successful eval levels: 63.49206349206349 %
Step: 2039808
Mean test reward: 20.625
Mean eval reward: 23.4375
Successful test levels: 74.15730337078652 %
Successful eval levels: 78.125 %
Step: 2048000
Mean test reward: 22.5
Mean eval reward: 24.6875
Successful test levels: 72.72727272727273 %
Successful eval levels: 70.53571428571429 %
Step: 2056192
Mean test reward: 33.125
Mean eval reward: 21.25
Successful test levels: 80.3030303030303 %
Successful eval levels: 70.10309278350515 %
Step: 2064384
Mean test reward: 34.6875
Mean eval reward: 22.8125
Successful test levels: 83.45864661654136 %
Successful eval levels: 70.87378640776699 %
Step: 2072576
Mean test reward: 29.0625
Mean eval reward: 29.0625
Successful test levels: 81.57894736842105 %
Successful eval levels: 83.03571428571429 %
Step: 2080768
Mean test reward: 26.5625
Mean eval reward: 23.75
Successful test levels: 76.57657657657657 %
Successful eval levels: 76.0 %
Step: 2088960
Mean test reward: 31.5625
Mean eval reward: 26.25
Successful test levels: 88.59649122807018 %
Successful eval levels: 70.58823529411765 %
Step: 2097152
Mean test reward: 35.3125
Mean eval reward: 22.1875
Successful test levels: 83.7037037037037 %
Successful eval levels: 70.29702970297029 %
Step: 2105344
Mean test reward: 33.75
Mean eval reward: 25.9375
Successful test levels: 83.07692307692308 %
Successful eval levels: 72.17391304347827 %
Step: 2113536
Mean test reward: 39.6875
Mean eval reward: 22.1875
Successful test levels: 87.58620689655172 %
Successful eval levels: 78.02197802197803 %
Step: 2121728
Mean test reward: 36.5625
Mean eval reward: 24.6875
Successful test levels: 90.0 %
Successful eval levels: 79.0 %
Step: 2129920
Mean test reward: 35.3125
Mean eval reward: 23.75
Successful test levels: 84.32835820895522 %
Successful eval levels: 74.50980392156863 %
Step: 2138112
Mean test reward: 34.6875
Mean eval reward: 20.9375
Successful test levels: 87.4015748031496 %
Successful eval levels: 75.28089887640449 %
Step: 2146304
Mean test reward: 32.5
Mean eval reward: 22.8125
Successful test levels: 82.53968253968253 %
Successful eval levels: 72.27722772277228 %
Step: 2154496
Mean test reward: 35.3125
Mean eval reward: 26.25
Successful test levels: 88.28125 %
Successful eval levels: 74.33628318584071 %
Step: 2162688
Mean test reward: 33.4375
Mean eval reward: 25.625
Successful test levels: 81.67938931297711 %
Successful eval levels: 71.9298245614035 %
Step: 2170880
Mean test reward: 34.6875
Mean eval reward: 21.25
Successful test levels: 86.71875 %
Successful eval levels: 71.57894736842105 %
Step: 2179072
Mean test reward: 30.625
Mean eval reward: 23.125
Successful test levels: 84.48275862068965 %
Successful eval levels: 71.15384615384616 %
Step: 2187264
Mean test reward: 29.375
Mean eval reward: 21.25
Successful test levels: 80.34188034188034 %
Successful eval levels: 66.66666666666666 %
Step: 2195456
Mean test reward: 33.4375
Mean eval reward: 23.4375
Successful test levels: 81.06060606060606 %
Successful eval levels: 72.11538461538461 %
Step: 2203648
Mean test reward: 37.1875
Mean eval reward: 25.0
Successful test levels: 80.4054054054054 %
Successful eval levels: 76.92307692307693 %
Step: 2211840
Mean test reward: 32.1875
Mean eval reward: 20.0
Successful test levels: 79.84496124031007 %
Successful eval levels: 66.66666666666666 %
Step: 2220032
Mean test reward: 23.75
Mean eval reward: 25.9375
Successful test levels: 78.35051546391753 %
Successful eval levels: 72.80701754385966 %
Step: 2228224
Mean test reward: 30.625
Mean eval reward: 25.9375
Successful test levels: 80.32786885245902 %
Successful eval levels: 69.74789915966386 %
Step: 2236416
Mean test reward: 29.0625
Mean eval reward: 27.1875
Successful test levels: 81.57894736842105 %
Successful eval levels: 72.5 %
Step: 2244608
Mean test reward: 30.625
Mean eval reward: 26.25
Successful test levels: 78.4 %
Successful eval levels: 75.67567567567568 %
Step: 2252800
Mean test reward: 25.625
Mean eval reward: 21.875
Successful test levels: 79.6116504854369 %
Successful eval levels: 73.68421052631578 %
Step: 2260992
Mean test reward: 31.5625
Mean eval reward: 24.0625
Successful test levels: 88.59649122807018 %
Successful eval levels: 74.75728155339806 %
Step: 2269184
Mean test reward: 30.9375
Mean eval reward: 20.0
Successful test levels: 82.5 %
Successful eval levels: 73.5632183908046 %
Step: 2277376
Mean test reward: 32.8125
Mean eval reward: 20.625
Successful test levels: 81.3953488372093 %
Successful eval levels: 75.0 %
Step: 2285568
Mean test reward: 35.625
Mean eval reward: 25.625
Successful test levels: 92.6829268292683 %
Successful eval levels: 70.08547008547008 %
Step: 2293760
Mean test reward: 32.1875
Mean eval reward: 26.875
Successful test levels: 83.73983739837398 %
Successful eval levels: 74.13793103448276 %
Step: 2301952
Mean test reward: 29.375
Mean eval reward: 19.375
Successful test levels: 81.03448275862068 %
Successful eval levels: 70.45454545454545 %
Step: 2310144
Mean test reward: 29.6875
Mean eval reward: 22.8125
Successful test levels: 85.58558558558559 %
Successful eval levels: 79.34782608695652 %
Step: 2318336
Mean test reward: 21.25
Mean eval reward: 21.5625
Successful test levels: 73.91304347826086 %
Successful eval levels: 70.40816326530613 %
Step: 2326528
Mean test reward: 23.4375
Mean eval reward: 19.0625
Successful test levels: 70.75471698113208 %
Successful eval levels: 70.11494252873564 %
Step: 2334720
Mean test reward: 28.75
Mean eval reward: 25.0
Successful test levels: 80.7017543859649 %
Successful eval levels: 73.39449541284404 %
Step: 2342912
Mean test reward: 30.625
Mean eval reward: 24.0625
Successful test levels: 86.72566371681415 %
Successful eval levels: 77.77777777777779 %
Step: 2351104
Mean test reward: 31.25
Mean eval reward: 28.75
Successful test levels: 83.33333333333334 %
Successful eval levels: 82.88288288288288 %
Step: 2359296
Mean test reward: 33.75
Mean eval reward: 23.125
Successful test levels: 83.07692307692308 %
Successful eval levels: 76.28865979381443 %
Step: 2367488
Mean test reward: 31.5625
Mean eval reward: 23.75
Successful test levels: 84.16666666666667 %
Successful eval levels: 75.24752475247524 %
Step: 2375680
Mean test reward: 31.5625
Mean eval reward: 25.3125
Successful test levels: 77.6923076923077 %
Successful eval levels: 71.68141592920354 %
Step: 2383872
Mean test reward: 33.75
Mean eval reward: 21.25
Successful test levels: 81.81818181818183 %
Successful eval levels: 70.83333333333334 %
Step: 2392064
Mean test reward: 31.5625
Mean eval reward: 25.9375
Successful test levels: 82.78688524590164 %
Successful eval levels: 70.94017094017094 %
Step: 2400256
Mean test reward: 39.6875
Mean eval reward: 24.0625
Successful test levels: 86.39455782312925 %
Successful eval levels: 71.96261682242991 %
Step: 2408448
Mean test reward: 31.875
Mean eval reward: 28.125
Successful test levels: 85.71428571428571 %
Successful eval levels: 75.63025210084034 %
Step: 2416640
Mean test reward: 32.1875
Mean eval reward: 23.75
Successful test levels: 86.5546218487395 %
Successful eval levels: 69.72477064220183 %
Step: 2424832
Mean test reward: 27.5
Mean eval reward: 15.0
Successful test levels: 83.80952380952381 %
Successful eval levels: 71.64179104477611 %
Step: 2433024
Mean test reward: 27.5
Mean eval reward: 18.75
Successful test levels: 90.72164948453609 %
Successful eval levels: 71.42857142857143 %
Step: 2441216
Mean test reward: 31.25
Mean eval reward: 22.5
Successful test levels: 85.47008547008546 %
Successful eval levels: 72.0 %
Step: 2449408
Mean test reward: 30.9375
Mean eval reward: 31.5625
Successful test levels: 83.19327731092437 %
Successful eval levels: 74.26470588235294 %
Step: 2457600
Mean test reward: 30.9375
Mean eval reward: 23.4375
Successful test levels: 83.89830508474576 %
Successful eval levels: 65.21739130434783 %
Step: 2465792
Mean test reward: 28.4375
Mean eval reward: 28.75
Successful test levels: 82.72727272727273 %
Successful eval levels: 76.66666666666667 %
Step: 2473984
Mean test reward: 33.75
Mean eval reward: 22.8125
Successful test levels: 84.375 %
Successful eval levels: 71.56862745098039 %
Step: 2482176
Mean test reward: 30.9375
Mean eval reward: 22.1875
Successful test levels: 84.61538461538461 %
Successful eval levels: 71.71717171717171 %
Step: 2490368
Mean test reward: 23.75
Mean eval reward: 25.9375
Successful test levels: 85.39325842696628 %
Successful eval levels: 82.17821782178217 %
Step: 2498560
Mean test reward: 32.5
Mean eval reward: 19.375
Successful test levels: 81.88976377952756 %
Successful eval levels: 59.61538461538461 %
Step: 2506752
Mean test reward: 30.0
Mean eval reward: 26.875
Successful test levels: 85.71428571428571 %
Successful eval levels: 75.43859649122807 %
Completed training!
{'total_steps': 2500000.0, 'learning_rate': 0.0005, 'epsilon': 1e-05, 'state_dict_name': 'IMP_large'}
Start Training...
Step: 8192
Mean test reward: 0.9375
Mean eval reward: 1.5625
Successful test levels: 60.0 %
Successful eval levels: 35.714285714285715 %
Step: 16384
Mean test reward: 3.75
Mean eval reward: 0.9375
Successful test levels: 66.66666666666666 %
Successful eval levels: 42.857142857142854 %
Step: 24576
Mean test reward: 2.5
Mean eval reward: 2.8125
Successful test levels: 66.66666666666666 %
Successful eval levels: 64.28571428571429 %
Step: 32768
Mean test reward: 5.9375
Mean eval reward: 4.375
Successful test levels: 59.375 %
Successful eval levels: 48.275862068965516 %
Step: 40960
Mean test reward: 6.875
Mean eval reward: 8.4375
Successful test levels: 52.38095238095239 %
Successful eval levels: 64.28571428571429 %
Step: 49152
Mean test reward: 10.625
Mean eval reward: 8.4375
Successful test levels: 66.66666666666666 %
Successful eval levels: 48.214285714285715 %
Step: 57344
Mean test reward: 10.3125
Mean eval reward: 8.75
Successful test levels: 52.38095238095239 %
Successful eval levels: 40.57971014492754 %
Step: 65536
Mean test reward: 15.625
Mean eval reward: 9.6875
Successful test levels: 65.78947368421053 %
Successful eval levels: 48.4375 %
Step: 73728
Mean test reward: 13.125
Mean eval reward: 14.6875
Successful test levels: 48.837209302325576 %
Successful eval levels: 55.952380952380956 %
Step: 81920
Mean test reward: 15.625
Mean eval reward: 14.6875
Successful test levels: 52.63157894736842 %
Successful eval levels: 47.0 %
Step: 90112
Mean test reward: 22.1875
Mean eval reward: 16.875
Successful test levels: 67.61904761904762 %
Successful eval levels: 52.94117647058824 %
Step: 98304
Mean test reward: 24.0625
Mean eval reward: 22.8125
Successful test levels: 69.36936936936937 %
Successful eval levels: 59.34959349593496 %
Step: 106496
Mean test reward: 22.1875
Mean eval reward: 17.1875
Successful test levels: 57.25806451612904 %
Successful eval levels: 50.0 %
Step: 114688
Mean test reward: 27.1875
Mean eval reward: 18.75
Successful test levels: 70.73170731707317 %
Successful eval levels: 50.42016806722689 %
Step: 122880
Mean test reward: 25.9375
Mean eval reward: 21.5625
Successful test levels: 68.0327868852459 %
Successful eval levels: 59.48275862068966 %
Step: 131072
Mean test reward: 24.375
Mean eval reward: 25.9375
Successful test levels: 56.52173913043478 %
Successful eval levels: 62.40601503759399 %
Step: 139264
Mean test reward: 25.9375
Mean eval reward: 18.75
Successful test levels: 68.0327868852459 %
Successful eval levels: 47.61904761904761 %
Step: 147456
Mean test reward: 25.625
Mean eval reward: 22.1875
Successful test levels: 64.0625 %
Successful eval levels: 60.68376068376068 %
Step: 155648
Mean test reward: 26.875
Mean eval reward: 22.5
Successful test levels: 61.87050359712231 %
Successful eval levels: 52.55474452554745 %
Step: 163840
Mean test reward: 30.625
Mean eval reward: 21.875
Successful test levels: 72.05882352941177 %
Successful eval levels: 58.82352941176471 %
Step: 172032
Mean test reward: 26.875
Mean eval reward: 25.0
Successful test levels: 64.66165413533834 %
Successful eval levels: 57.971014492753625 %
Step: 180224
Mean test reward: 30.0
Mean eval reward: 25.0
Successful test levels: 71.11111111111111 %
Successful eval levels: 61.06870229007634 %
Step: 188416
Mean test reward: 25.9375
Mean eval reward: 24.6875
Successful test levels: 59.71223021582733 %
Successful eval levels: 56.83453237410072 %
Step: 196608
Mean test reward: 28.75
Mean eval reward: 25.625
Successful test levels: 69.6969696969697 %
Successful eval levels: 61.19402985074627 %
Step: 204800
Mean test reward: 28.75
Mean eval reward: 25.3125
Successful test levels: 65.24822695035462 %
Successful eval levels: 63.28125 %
Step: 212992
Mean test reward: 30.9375
Mean eval reward: 23.4375
Successful test levels: 63.87096774193548 %
Successful eval levels: 55.14705882352941 %
Step: 221184
Mean test reward: 29.0625
Mean eval reward: 28.4375
Successful test levels: 66.42857142857143 %
Successful eval levels: 66.91176470588235 %
Step: 229376
Mean test reward: 30.625
Mean eval reward: 27.8125
Successful test levels: 66.66666666666666 %
Successful eval levels: 61.80555555555556 %
Step: 237568
Mean test reward: 27.8125
Mean eval reward: 28.75
Successful test levels: 65.44117647058823 %
Successful eval levels: 66.18705035971223 %
Step: 245760
Mean test reward: 33.75
Mean eval reward: 24.375
Successful test levels: 67.9245283018868 %
Successful eval levels: 56.52173913043478 %
Step: 253952
Mean test reward: 30.9375
Mean eval reward: 25.9375
Successful test levels: 71.22302158273382 %
Successful eval levels: 63.84615384615384 %
Step: 262144
Mean test reward: 24.0625
Mean eval reward: 22.8125
Successful test levels: 61.111111111111114 %
Successful eval levels: 57.48031496062992 %
Step: 270336
Mean test reward: 35.0
Mean eval reward: 25.0
Successful test levels: 69.56521739130434 %
Successful eval levels: 57.14285714285714 %
Step: 278528
Mean test reward: 31.5625
Mean eval reward: 25.9375
Successful test levels: 69.6551724137931 %
Successful eval levels: 61.48148148148148 %
Step: 286720
Mean test reward: 30.3125
Mean eval reward: 27.5
Successful test levels: 68.30985915492957 %
Successful eval levels: 62.857142857142854 %
Step: 294912
Mean test reward: 29.375
Mean eval reward: 23.125
Successful test levels: 67.62589928057554 %
Successful eval levels: 62.18487394957983 %
Step: 303104
Mean test reward: 29.6875
Mean eval reward: 28.125
Successful test levels: 67.85714285714286 %
Successful eval levels: 63.38028169014085 %
Step: 311296
Mean test reward: 30.9375
Mean eval reward: 24.375
Successful test levels: 69.23076923076923 %
Successful eval levels: 61.904761904761905 %
Step: 319488
Mean test reward: 30.625
Mean eval reward: 22.8125
Successful test levels: 71.01449275362319 %
Successful eval levels: 57.48031496062992 %
Step: 327680
Mean test reward: 27.1875
Mean eval reward: 20.3125
Successful test levels: 66.92307692307692 %
Successful eval levels: 50.0 %
Step: 335872
Mean test reward: 30.9375
Mean eval reward: 29.375
Successful test levels: 64.70588235294117 %
Successful eval levels: 68.61313868613139 %
Step: 344064
Mean test reward: 28.125
Mean eval reward: 26.5625
Successful test levels: 67.66917293233082 %
Successful eval levels: 62.5 %
Step: 352256
Mean test reward: 29.6875
Mean eval reward: 26.5625
Successful test levels: 67.37588652482269 %
Successful eval levels: 61.15107913669065 %
Step: 360448
Mean test reward: 27.5
Mean eval reward: 17.1875
Successful test levels: 62.4113475177305 %
Successful eval levels: 46.21848739495798 %
Step: 368640
Mean test reward: 29.375
Mean eval reward: 23.4375
Successful test levels: 69.11764705882352 %
Successful eval levels: 57.25190839694656 %
Step: 376832
Mean test reward: 30.0
Mean eval reward: 31.25
Successful test levels: 69.56521739130434 %
Successful eval levels: 74.6268656716418 %
Step: 385024
Mean test reward: 25.3125
Mean eval reward: 19.0625
Successful test levels: 68.64406779661016 %
Successful eval levels: 55.96330275229357 %
Step: 393216
Mean test reward: 31.25
Mean eval reward: 25.9375
Successful test levels: 76.33587786259542 %
Successful eval levels: 63.358778625954194 %
Step: 401408
Mean test reward: 28.75
Mean eval reward: 22.1875
Successful test levels: 73.01587301587301 %
Successful eval levels: 60.68376068376068 %
Step: 409600
Mean test reward: 25.3125
Mean eval reward: 21.875
Successful test levels: 68.64406779661016 %
Successful eval levels: 57.377049180327866 %
Step: 417792
Mean test reward: 27.5
Mean eval reward: 22.5
Successful test levels: 68.21705426356588 %
Successful eval levels: 63.716814159292035 %
Step: 425984
Mean test reward: 27.1875
Mean eval reward: 25.3125
Successful test levels: 63.970588235294116 %
Successful eval levels: 62.7906976744186 %
Step: 434176
Mean test reward: 33.75
Mean eval reward: 25.0
Successful test levels: 71.52317880794702 %
Successful eval levels: 60.60606060606061 %
Step: 442368
Mean test reward: 32.5
Mean eval reward: 25.625
Successful test levels: 70.27027027027027 %
Successful eval levels: 59.42028985507246 %
Step: 450560
Mean test reward: 27.8125
Mean eval reward: 28.4375
Successful test levels: 66.9172932330827 %
Successful eval levels: 66.91176470588235 %
Step: 458752
Mean test reward: 27.5
Mean eval reward: 23.4375
Successful test levels: 65.18518518518519 %
Successful eval levels: 63.02521008403361 %
Step: 466944
Mean test reward: 22.8125
Mean eval reward: 27.8125
Successful test levels: 67.5925925925926 %
Successful eval levels: 63.12056737588653 %
Step: 475136
Mean test reward: 29.0625
Mean eval reward: 22.5
Successful test levels: 73.22834645669292 %
Successful eval levels: 56.69291338582677 %
Step: 483328
Mean test reward: 23.4375
Mean eval reward: 25.3125
Successful test levels: 64.1025641025641 %
Successful eval levels: 58.69565217391305 %
Step: 491520
Mean test reward: 25.3125
Mean eval reward: 23.4375
Successful test levels: 65.32258064516128 %
Successful eval levels: 61.47540983606557 %
Step: 499712
Mean test reward: 27.1875
Mean eval reward: 21.5625
Successful test levels: 66.92307692307692 %
Successful eval levels: 55.64516129032258 %
Step: 507904
Mean test reward: 28.125
Mean eval reward: 24.375
Successful test levels: 74.3801652892562 %
Successful eval levels: 61.904761904761905 %
Step: 516096
Mean test reward: 23.4375
Mean eval reward: 22.8125
Successful test levels: 68.18181818181817 %
Successful eval levels: 60.33057851239669 %
Step: 524288
Mean test reward: 27.5
Mean eval reward: 25.0
Successful test levels: 72.1311475409836 %
Successful eval levels: 61.06870229007634 %
Step: 532480
Mean test reward: 25.625
Mean eval reward: 26.875
Successful test levels: 73.21428571428571 %
Successful eval levels: 66.15384615384615 %
Step: 540672
Mean test reward: 29.0625
Mean eval reward: 26.25
Successful test levels: 68.38235294117648 %
Successful eval levels: 65.625 %
Step: 548864
Mean test reward: 31.875
Mean eval reward: 29.6875
Successful test levels: 71.32867132867133 %
Successful eval levels: 59.74842767295597 %
Step: 557056
Mean test reward: 29.375
Mean eval reward: 23.125
Successful test levels: 68.11594202898551 %
Successful eval levels: 57.8125 %
Step: 565248
Mean test reward: 28.75
Mean eval reward: 20.9375
Successful test levels: 63.888888888888886 %
Successful eval levels: 52.75590551181102 %
Step: 573440
Mean test reward: 28.125
Mean eval reward: 22.8125
Successful test levels: 68.18181818181817 %
Successful eval levels: 59.83606557377049 %
Step: 581632
Mean test reward: 36.25
Mean eval reward: 26.5625
Successful test levels: 77.85234899328859 %
Successful eval levels: 59.02777777777778 %
Step: 589824
Mean test reward: 31.875
Mean eval reward: 23.4375
Successful test levels: 65.80645161290323 %
Successful eval levels: 58.59375 %
Step: 598016
Mean test reward: 33.125
Mean eval reward: 27.5
Successful test levels: 67.94871794871796 %
Successful eval levels: 60.689655172413794 %
Step: 606208
Mean test reward: 31.5625
Mean eval reward: 25.625
Successful test levels: 73.72262773722628 %
Successful eval levels: 61.19402985074627 %
Step: 614400
Mean test reward: 30.0
Mean eval reward: 22.1875
Successful test levels: 68.08510638297872 %
Successful eval levels: 55.90551181102362 %
Step: 622592
Mean test reward: 33.4375
Mean eval reward: 26.5625
Successful test levels: 71.81208053691275 %
Successful eval levels: 62.96296296296296 %
Step: 630784
Mean test reward: 27.1875
Mean eval reward: 28.4375
Successful test levels: 73.10924369747899 %
Successful eval levels: 65.46762589928058 %
Step: 638976
Mean test reward: 31.875
Mean eval reward: 26.5625
Successful test levels: 70.83333333333334 %
Successful eval levels: 62.5 %
Step: 647168
Mean test reward: 33.125
Mean eval reward: 31.25
Successful test levels: 69.28104575163398 %
Successful eval levels: 69.93006993006993 %
Step: 655360
Mean test reward: 33.75
Mean eval reward: 29.0625
Successful test levels: 67.5 %
Successful eval levels: 62.0 %
Step: 663552
Mean test reward: 36.875
Mean eval reward: 29.375
Successful test levels: 75.64102564102564 %
Successful eval levels: 65.27777777777779 %
Step: 671744
Mean test reward: 32.1875
Mean eval reward: 30.0
Successful test levels: 66.02564102564102 %
Successful eval levels: 61.53846153846154 %
Step: 679936
Mean test reward: 34.6875
Mean eval reward: 27.5
Successful test levels: 76.02739726027397 %
Successful eval levels: 57.51633986928104 %
Step: 688128
Mean test reward: 33.75
Mean eval reward: 29.375
Successful test levels: 71.52317880794702 %
Successful eval levels: 62.251655629139066 %
Step: 696320
Mean test reward: 40.0
Mean eval reward: 25.0
Successful test levels: 77.57575757575758 %
Successful eval levels: 55.94405594405595 %
Step: 704512
Mean test reward: 30.9375
Mean eval reward: 25.625
Successful test levels: 69.71830985915493 %
Successful eval levels: 60.74074074074074 %
Step: 712704
Mean test reward: 29.6875
Mean eval reward: 27.1875
Successful test levels: 65.97222222222221 %
Successful eval levels: 64.44444444444444 %
Step: 720896
Mean test reward: 33.125
Mean eval reward: 25.9375
Successful test levels: 72.10884353741497 %
Successful eval levels: 61.029411764705884 %
Step: 729088
Mean test reward: 34.0625
Mean eval reward: 30.3125
Successful test levels: 72.18543046357617 %
Successful eval levels: 64.66666666666666 %
Step: 737280
Mean test reward: 33.4375
Mean eval reward: 30.625
Successful test levels: 75.88652482269504 %
Successful eval levels: 66.66666666666666 %
Step: 745472
Mean test reward: 32.5
Mean eval reward: 29.375
Successful test levels: 69.79865771812081 %
Successful eval levels: 66.66666666666666 %
Step: 753664
Mean test reward: 30.625
Mean eval reward: 25.625
Successful test levels: 72.05882352941177 %
Successful eval levels: 56.94444444444444 %
Step: 761856
Mean test reward: 35.9375
Mean eval reward: 34.0625
Successful test levels: 76.66666666666667 %
Successful eval levels: 74.65753424657534 %
Step: 770048
Mean test reward: 40.625
Mean eval reward: 26.875
Successful test levels: 77.84431137724552 %
Successful eval levels: 61.87050359712231 %
Step: 778240
Mean test reward: 32.1875
Mean eval reward: 28.125
Successful test levels: 69.5945945945946 %
Successful eval levels: 65.21739130434783 %
Step: 786432
Mean test reward: 38.4375
Mean eval reward: 28.75
Successful test levels: 72.35294117647058 %
Successful eval levels: 69.6969696969697 %
Step: 794624
Mean test reward: 30.0
Mean eval reward: 30.0
Successful test levels: 71.64179104477611 %
Successful eval levels: 65.3061224489796 %
Step: 802816
Mean test reward: 30.3125
Mean eval reward: 25.0
Successful test levels: 70.8029197080292 %
Successful eval levels: 65.57377049180327 %
Step: 811008
Mean test reward: 36.5625
Mean eval reward: 24.0625
Successful test levels: 79.59183673469387 %
Successful eval levels: 60.15625 %
Step: 819200
Mean test reward: 30.9375
Mean eval reward: 26.5625
Successful test levels: 75.57251908396947 %
Successful eval levels: 62.96296296296296 %
Step: 827392
Mean test reward: 30.625
Mean eval reward: 28.125
Successful test levels: 72.05882352941177 %
Successful eval levels: 64.28571428571429 %
Step: 835584
Mean test reward: 35.625
Mean eval reward: 28.125
Successful test levels: 79.16666666666666 %
Successful eval levels: 68.18181818181817 %
Step: 843776
Mean test reward: 30.9375
Mean eval reward: 22.8125
Successful test levels: 73.33333333333333 %
Successful eval levels: 57.48031496062992 %
Step: 851968
Mean test reward: 29.375
Mean eval reward: 25.9375
Successful test levels: 74.01574803149606 %
Successful eval levels: 68.59504132231406 %
Step: 860160
Mean test reward: 33.4375
Mean eval reward: 21.25
Successful test levels: 78.67647058823529 %
Successful eval levels: 61.261261261261254 %
Step: 868352
Mean test reward: 26.875
Mean eval reward: 26.5625
Successful test levels: 71.66666666666667 %
Successful eval levels: 66.40625 %
Step: 876544
Mean test reward: 34.0625
Mean eval reward: 23.4375
Successful test levels: 77.30496453900709 %
Successful eval levels: 64.65517241379311 %
Step: 884736
Mean test reward: 29.375
Mean eval reward: 23.75
Successful test levels: 77.68595041322314 %
Successful eval levels: 63.33333333333333 %
Step: 892928
Mean test reward: 32.1875
Mean eval reward: 20.625
Successful test levels: 76.86567164179104 %
Successful eval levels: 62.857142857142854 %
Step: 901120
Mean test reward: 25.625
Mean eval reward: 26.875
Successful test levels: 73.87387387387388 %
Successful eval levels: 67.1875 %
Step: 909312
Mean test reward: 29.0625
Mean eval reward: 20.625
Successful test levels: 69.40298507462687 %
Successful eval levels: 62.264150943396224 %
Step: 917504
Mean test reward: 35.625
Mean eval reward: 26.25
Successful test levels: 76.51006711409396 %
Successful eval levels: 65.625 %
Step: 925696
Mean test reward: 33.125
Mean eval reward: 31.25
Successful test levels: 74.12587412587412 %
Successful eval levels: 75.18796992481202 %
Step: 933888
Mean test reward: 31.25
Mean eval reward: 26.25
Successful test levels: 76.33587786259542 %
Successful eval levels: 65.625 %
Step: 942080
Mean test reward: 28.125
Mean eval reward: 21.5625
Successful test levels: 74.3801652892562 %
Successful eval levels: 63.888888888888886 %
Step: 950272
Mean test reward: 32.1875
Mean eval reward: 28.125
Successful test levels: 71.52777777777779 %
Successful eval levels: 70.3125 %
Step: 958464
Mean test reward: 32.1875
Mean eval reward: 30.0
Successful test levels: 74.10071942446042 %
Successful eval levels: 68.57142857142857 %
Step: 966656
Mean test reward: 27.8125
Mean eval reward: 28.4375
Successful test levels: 71.7741935483871 %
Successful eval levels: 68.42105263157895 %
Step: 974848
Mean test reward: 33.125
Mean eval reward: 24.0625
Successful test levels: 73.61111111111111 %
Successful eval levels: 61.111111111111114 %
Step: 983040
Mean test reward: 38.125
Mean eval reward: 22.1875
Successful test levels: 79.22077922077922 %
Successful eval levels: 56.34920634920635 %
Step: 991232
Mean test reward: 29.0625
Mean eval reward: 24.6875
Successful test levels: 70.99236641221374 %
Successful eval levels: 69.91150442477876 %
Step: 999424
Mean test reward: 31.25
Mean eval reward: 31.875
Successful test levels: 71.42857142857143 %
Successful eval levels: 70.83333333333334 %
Step: 1007616
Mean test reward: 35.9375
Mean eval reward: 30.0
Successful test levels: 78.2312925170068 %
Successful eval levels: 74.4186046511628 %
Step: 1015808
Mean test reward: 35.9375
Mean eval reward: 23.75
Successful test levels: 77.18120805369128 %
Successful eval levels: 62.295081967213115 %
Step: 1024000
Mean test reward: 26.5625
Mean eval reward: 27.1875
Successful test levels: 69.10569105691057 %
Successful eval levels: 69.04761904761905 %
Step: 1032192
Mean test reward: 32.5
Mean eval reward: 24.0625
Successful test levels: 73.23943661971832 %
Successful eval levels: 65.8119658119658 %
Step: 1040384
Mean test reward: 33.125
Mean eval reward: 26.875
Successful test levels: 75.71428571428571 %
Successful eval levels: 68.25396825396825 %
Step: 1048576
Mean test reward: 33.125
Mean eval reward: 25.0
Successful test levels: 77.37226277372264 %
Successful eval levels: 67.22689075630252 %
Step: 1056768
Mean test reward: 31.875
Mean eval reward: 26.5625
Successful test levels: 78.46153846153847 %
Successful eval levels: 63.90977443609023 %
Step: 1064960
Mean test reward: 27.5
Mean eval reward: 21.25
Successful test levels: 80.0 %
Successful eval levels: 67.32673267326733 %
Step: 1073152
Mean test reward: 30.3125
Mean eval reward: 25.9375
Successful test levels: 75.78125 %
Successful eval levels: 70.33898305084746 %
Step: 1081344
Mean test reward: 31.25
Mean eval reward: 26.25
Successful test levels: 74.07407407407408 %
Successful eval levels: 64.61538461538461 %
Step: 1089536
Mean test reward: 31.875
Mean eval reward: 23.4375
Successful test levels: 75.55555555555556 %
Successful eval levels: 61.47540983606557 %
Step: 1097728
Mean test reward: 38.125
Mean eval reward: 26.25
Successful test levels: 80.26315789473685 %
Successful eval levels: 69.42148760330579 %
Step: 1105920
Mean test reward: 33.4375
Mean eval reward: 27.5
Successful test levels: 76.97841726618705 %
Successful eval levels: 69.29133858267717 %
Step: 1114112
Mean test reward: 40.9375
Mean eval reward: 25.625
Successful test levels: 81.36645962732919 %
Successful eval levels: 69.49152542372882 %
Step: 1122304
Mean test reward: 34.375
Mean eval reward: 25.0
Successful test levels: 77.46478873239437 %
Successful eval levels: 62.99212598425197 %
Step: 1130496
Mean test reward: 29.6875
Mean eval reward: 29.0625
Successful test levels: 69.85294117647058 %
Successful eval levels: 71.53846153846153 %
Step: 1138688
Mean test reward: 30.9375
Mean eval reward: 29.375
Successful test levels: 74.43609022556392 %
Successful eval levels: 67.62589928057554 %
Step: 1146880
Mean test reward: 33.125
Mean eval reward: 31.25
Successful test levels: 72.6027397260274 %
Successful eval levels: 68.96551724137932 %
Step: 1155072
Mean test reward: 37.8125
Mean eval reward: 29.6875
Successful test levels: 79.60526315789474 %
Successful eval levels: 67.37588652482269 %
Step: 1163264
Mean test reward: 32.8125
Mean eval reward: 33.4375
Successful test levels: 73.94366197183099 %
Successful eval levels: 73.28767123287672 %
Step: 1171456
Mean test reward: 37.5
Mean eval reward: 33.75
Successful test levels: 80.53691275167785 %
Successful eval levels: 67.9245283018868 %
Step: 1179648
Mean test reward: 35.9375
Mean eval reward: 29.0625
Successful test levels: 73.71794871794873 %
Successful eval levels: 67.3913043478261 %
Step: 1187840
Mean test reward: 38.4375
Mean eval reward: 25.625
Successful test levels: 78.84615384615384 %
Successful eval levels: 64.0625 %
Step: 1196032
Mean test reward: 38.125
Mean eval reward: 30.625
Successful test levels: 79.73856209150327 %
Successful eval levels: 67.58620689655173 %
Step: 1204224
Mean test reward: 30.9375
Mean eval reward: 23.4375
Successful test levels: 73.88059701492537 %
Successful eval levels: 58.59375 %
Step: 1212416
Mean test reward: 34.6875
Mean eval reward: 26.875
Successful test levels: 79.85611510791367 %
Successful eval levels: 74.13793103448276 %
Step: 1220608
Mean test reward: 30.625
Mean eval reward: 24.6875
Successful test levels: 77.16535433070865 %
Successful eval levels: 67.52136752136752 %
Step: 1228800
Mean test reward: 41.25
Mean eval reward: 29.375
Successful test levels: 80.0 %
Successful eval levels: 72.86821705426357 %
Step: 1236992
Mean test reward: 36.5625
Mean eval reward: 29.375
Successful test levels: 76.97368421052632 %
Successful eval levels: 66.66666666666666 %
Step: 1245184
Mean test reward: 40.0
Mean eval reward: 26.25
Successful test levels: 76.64670658682635 %
Successful eval levels: 64.61538461538461 %
Step: 1253376
Mean test reward: 37.5
Mean eval reward: 30.3125
Successful test levels: 82.1917808219178 %
Successful eval levels: 70.8029197080292 %
Step: 1261568
Mean test reward: 35.625
Mean eval reward: 26.875
Successful test levels: 77.55102040816327 %
Successful eval levels: 65.64885496183206 %
Step: 1269760
Mean test reward: 40.3125
Mean eval reward: 25.0
Successful test levels: 80.625 %
Successful eval levels: 62.01550387596899 %
Step: 1277952
Mean test reward: 37.8125
Mean eval reward: 29.375
Successful test levels: 76.10062893081762 %
Successful eval levels: 62.251655629139066 %
Step: 1286144
Mean test reward: 33.75
Mean eval reward: 29.375
Successful test levels: 72.97297297297297 %
Successful eval levels: 68.11594202898551 %
Step: 1294336
Mean test reward: 40.3125
Mean eval reward: 30.3125
Successful test levels: 83.22580645161291 %
Successful eval levels: 70.28985507246377 %
Step: 1302528
Mean test reward: 42.1875
Mean eval reward: 28.125
Successful test levels: 81.32530120481928 %
Successful eval levels: 73.17073170731707 %
Step: 1310720
Mean test reward: 36.5625
Mean eval reward: 27.8125
Successful test levels: 76.97368421052632 %
Successful eval levels: 64.96350364963503 %
Step: 1318912
Mean test reward: 37.1875
Mean eval reward: 31.25
Successful test levels: 80.95238095238095 %
Successful eval levels: 74.07407407407408 %
Step: 1327104
Mean test reward: 40.0
Mean eval reward: 32.8125
Successful test levels: 74.85380116959064 %
Successful eval levels: 72.41379310344827 %
Step: 1335296
Mean test reward: 42.5
Mean eval reward: 34.375
Successful test levels: 84.472049689441 %
Successful eval levels: 73.8255033557047 %
Step: 1343488
Mean test reward: 33.125
Mean eval reward: 31.5625
Successful test levels: 79.1044776119403 %
Successful eval levels: 69.6551724137931 %
Step: 1351680
Mean test reward: 40.625
Mean eval reward: 35.0
Successful test levels: 79.26829268292683 %
Successful eval levels: 74.66666666666667 %
Step: 1359872
Mean test reward: 39.375
Mean eval reward: 26.5625
Successful test levels: 81.29032258064515 %
Successful eval levels: 65.38461538461539 %
Step: 1368064
Mean test reward: 38.4375
Mean eval reward: 32.1875
Successful test levels: 78.84615384615384 %
Successful eval levels: 74.10071942446042 %
Step: 1376256
Mean test reward: 35.625
Mean eval reward: 28.125
Successful test levels: 77.02702702702703 %
Successful eval levels: 66.66666666666666 %
Step: 1384448
Mean test reward: 40.625
Mean eval reward: 30.625
Successful test levels: 80.24691358024691 %
Successful eval levels: 73.68421052631578 %
Step: 1392640
Mean test reward: 43.125
Mean eval reward: 31.5625
Successful test levels: 81.17647058823529 %
Successful eval levels: 66.88741721854305 %
Step: 1400832
Mean test reward: 34.375
Mean eval reward: 32.5
Successful test levels: 77.46478873239437 %
Successful eval levels: 69.33333333333334 %
Step: 1409024
Mean test reward: 36.25
Mean eval reward: 31.5625
Successful test levels: 78.37837837837837 %
Successful eval levels: 74.81481481481481 %
Step: 1417216
Mean test reward: 33.125
Mean eval reward: 27.8125
Successful test levels: 73.61111111111111 %
Successful eval levels: 68.9922480620155 %
Step: 1425408
Mean test reward: 35.9375
Mean eval reward: 30.9375
Successful test levels: 75.16339869281046 %
Successful eval levels: 63.87096774193548 %
Step: 1433600
Mean test reward: 37.5
Mean eval reward: 28.125
Successful test levels: 78.43137254901961 %
Successful eval levels: 67.16417910447761 %
Step: 1441792
Mean test reward: 39.375
Mean eval reward: 37.5
Successful test levels: 84.56375838926175 %
Successful eval levels: 74.53416149068323 %
Step: 1449984
Mean test reward: 38.125
Mean eval reward: 34.6875
Successful test levels: 81.33333333333333 %
Successful eval levels: 78.72340425531915 %
Step: 1458176
Mean test reward: 38.125
Mean eval reward: 30.3125
Successful test levels: 79.73856209150327 %
Successful eval levels: 69.28571428571428 %
Step: 1466368
Mean test reward: 42.1875
Mean eval reward: 34.6875
Successful test levels: 85.98726114649682 %
Successful eval levels: 74.49664429530202 %
Step: 1474560
Mean test reward: 36.25
Mean eval reward: 31.875
Successful test levels: 80.0 %
Successful eval levels: 71.83098591549296 %
Step: 1482752
Mean test reward: 35.0
Mean eval reward: 32.5
Successful test levels: 77.24137931034483 %
Successful eval levels: 73.75886524822694 %
Step: 1490944
Mean test reward: 36.25
Mean eval reward: 34.375
Successful test levels: 79.45205479452055 %
Successful eval levels: 75.34246575342466 %
Step: 1499136
Mean test reward: 33.4375
Mean eval reward: 30.0
Successful test levels: 81.67938931297711 %
Successful eval levels: 71.64179104477611 %
Step: 1507328
Mean test reward: 31.25
Mean eval reward: 29.375
Successful test levels: 75.18796992481202 %
Successful eval levels: 75.2 %
Step: 1515520
Mean test reward: 30.625
Mean eval reward: 27.8125
Successful test levels: 73.68421052631578 %
Successful eval levels: 74.16666666666667 %
Step: 1523712
Mean test reward: 32.1875
Mean eval reward: 29.375
Successful test levels: 81.10236220472441 %
Successful eval levels: 73.4375 %
Step: 1531904
Mean test reward: 37.8125
Mean eval reward: 29.375
Successful test levels: 77.07006369426752 %
Successful eval levels: 73.4375 %
Step: 1540096
Mean test reward: 34.0625
Mean eval reward: 28.4375
Successful test levels: 77.30496453900709 %
Successful eval levels: 68.42105263157895 %
Step: 1548288
Mean test reward: 40.625
Mean eval reward: 26.25
Successful test levels: 84.9673202614379 %
Successful eval levels: 68.29268292682927 %
Step: 1556480
Mean test reward: 34.0625
Mean eval reward: 24.375
Successful test levels: 80.74074074074075 %
Successful eval levels: 66.10169491525424 %
Step: 1564672
Mean test reward: 28.75
Mean eval reward: 26.25
Successful test levels: 76.03305785123968 %
Successful eval levels: 65.11627906976744 %
Step: 1572864
Mean test reward: 38.75
Mean eval reward: 25.3125
Successful test levels: 81.57894736842105 %
Successful eval levels: 65.32258064516128 %
Step: 1581056
Mean test reward: 30.0
Mean eval reward: 26.5625
Successful test levels: 84.95575221238938 %
Successful eval levels: 72.03389830508475 %
Step: 1589248
Mean test reward: 31.5625
Mean eval reward: 27.1875
Successful test levels: 75.93984962406014 %
Successful eval levels: 71.900826446281 %
Step: 1597440
Mean test reward: 33.75
Mean eval reward: 25.9375
Successful test levels: 81.203007518797 %
Successful eval levels: 70.94017094017094 %
Step: 1605632
Mean test reward: 32.1875
Mean eval reward: 32.5
Successful test levels: 79.84496124031007 %
Successful eval levels: 72.22222222222221 %
Step: 1613824
Mean test reward: 34.0625
Mean eval reward: 25.625
Successful test levels: 79.56204379562044 %
Successful eval levels: 67.76859504132231 %
Step: 1622016
Mean test reward: 28.125
Mean eval reward: 30.0
Successful test levels: 73.17073170731707 %
Successful eval levels: 70.58823529411765 %
Step: 1630208
Mean test reward: 31.875
Mean eval reward: 28.4375
Successful test levels: 75.55555555555556 %
Successful eval levels: 71.65354330708661 %
Step: 1638400
Mean test reward: 37.1875
Mean eval reward: 32.1875
Successful test levels: 79.86577181208054 %
Successful eval levels: 77.44360902255639 %
Step: 1646592
Mean test reward: 32.5
Mean eval reward: 25.0
Successful test levels: 79.38931297709924 %
Successful eval levels: 71.42857142857143 %
Step: 1654784
Mean test reward: 33.75
Mean eval reward: 27.8125
Successful test levels: 83.72093023255815 %
Successful eval levels: 67.42424242424242 %
Step: 1662976
Mean test reward: 30.3125
Mean eval reward: 29.375
Successful test levels: 73.48484848484848 %
Successful eval levels: 74.60317460317461 %
Step: 1671168
Mean test reward: 34.375
Mean eval reward: 31.874752044677734
Successful test levels: 79.71014492753623 %
Successful eval levels: 75.0 %
Step: 1679360
Mean test reward: 33.4375
Mean eval reward: 28.74224090576172
Successful test levels: 79.8507462686567 %
Successful eval levels: 69.6969696969697 %
Step: 1687552
Mean test reward: 29.0625
Mean eval reward: 22.809497833251953
Successful test levels: 79.48717948717949 %
Successful eval levels: 62.93103448275862 %
Step: 1695744
Mean test reward: 32.5
Mean eval reward: 26.24846649169922
Successful test levels: 80.0 %
Successful eval levels: 76.36363636363637 %
Step: 1703936
Mean test reward: 36.875
Mean eval reward: 30.92896270751953
Successful test levels: 84.28571428571429 %
Successful eval levels: 75.0 %
Step: 1712128
Mean test reward: 32.5
Mean eval reward: 24.675453186035156
Successful test levels: 87.39495798319328 %
Successful eval levels: 71.17117117117117 %
Step: 1720320
Mean test reward: 34.6875
Mean eval reward: 24.052032470703125
Successful test levels: 82.22222222222221 %
Successful eval levels: 66.95652173913044 %
Step: 1728512
Mean test reward: 30.0
Mean eval reward: 29.04861068725586
Successful test levels: 80.0 %
Successful eval levels: 80.8695652173913 %
Step: 1736704
Mean test reward: 31.25
Mean eval reward: 23.428428649902344
Successful test levels: 80.64516129032258 %
Successful eval levels: 71.42857142857143 %
Step: 1744896
Mean test reward: 33.125
Mean eval reward: 26.242345809936523
Successful test levels: 78.51851851851852 %
Successful eval levels: 73.04347826086956 %
Step: 1753088
Mean test reward: 34.6875
Mean eval reward: 27.486806869506836
Successful test levels: 82.22222222222221 %
Successful eval levels: 73.33333333333333 %
Step: 1761280
Mean test reward: 30.9375
Mean eval reward: 29.979480743408203
Successful test levels: 81.81818181818183 %
Successful eval levels: 71.11111111111111 %
Step: 1769472
Mean test reward: 37.1875
Mean eval reward: 25.291095733642578
Successful test levels: 80.4054054054054 %
Successful eval levels: 68.64406779661016 %
Step: 1777664
Mean test reward: 39.6875
Mean eval reward: 28.410573959350586
Successful test levels: 85.8108108108108 %
Successful eval levels: 73.38709677419355 %
Step: 1785856
Mean test reward: 31.5625
Mean eval reward: 27.154979705810547
Successful test levels: 78.90625 %
Successful eval levels: 72.5 %
Step: 1794048
Mean test reward: 29.375
Mean eval reward: 27.78002166748047
Successful test levels: 78.99159663865547 %
Successful eval levels: 72.35772357723577 %
Step: 1802240
Mean test reward: 38.125
Mean eval reward: 25.901491165161133
Successful test levels: 85.91549295774648 %
Successful eval levels: 76.85185185185185 %
Step: 1810432
Mean test reward: 31.875
Mean eval reward: 24.343183517456055
Successful test levels: 80.31496062992126 %
Successful eval levels: 77.22772277227723 %
Step: 1818624
Mean test reward: 34.6875
Mean eval reward: 23.412654876708984
Successful test levels: 84.0909090909091 %
Successful eval levels: 73.52941176470588 %
Step: 1826816
Mean test reward: 31.875
Mean eval reward: 21.23256492614746
Successful test levels: 82.25806451612904 %
Successful eval levels: 72.3404255319149 %
Step: 1835008
Mean test reward: 29.0625
Mean eval reward: 24.364225387573242
Successful test levels: 78.15126050420169 %
Successful eval levels: 72.22222222222221 %
Step: 1843200
Mean test reward: 31.5625
Mean eval reward: 26.548234939575195
Successful test levels: 85.59322033898306 %
Successful eval levels: 77.27272727272727 %
Step: 1851392
Mean test reward: 28.75
Mean eval reward: 29.35160255432129
Successful test levels: 83.63636363636363 %
Successful eval levels: 80.34188034188034 %
Step: 1859584
Mean test reward: 38.4375
Mean eval reward: 24.97934913635254
Successful test levels: 88.48920863309353 %
Successful eval levels: 86.95652173913044 %
Step: 1867776
Mean test reward: 34.0625
Mean eval reward: 24.04500389099121
Successful test levels: 86.5079365079365 %
Successful eval levels: 76.23762376237624 %
Step: 1875968
Mean test reward: 37.8125
Mean eval reward: 17.806583404541016
Successful test levels: 80.66666666666666 %
Successful eval levels: 66.27906976744185 %
Step: 1884160
Mean test reward: 34.375
Mean eval reward: 24.0625
Successful test levels: 85.9375 %
Successful eval levels: 74.75728155339806 %
Step: 1892352
Mean test reward: 38.4375
Mean eval reward: 30.62450408935547
Successful test levels: 87.85714285714286 %
Successful eval levels: 77.16535433070865 %
Step: 1900544
Mean test reward: 37.1875
Mean eval reward: 21.561586380004883
Successful test levels: 83.21678321678321 %
Successful eval levels: 67.64705882352942 %
Step: 1908736
Mean test reward: 26.5625
Mean eval reward: 25.0
Successful test levels: 79.43925233644859 %
Successful eval levels: 66.66666666666666 %
Step: 1916928
Mean test reward: 28.125
Mean eval reward: 27.1875
Successful test levels: 80.35714285714286 %
Successful eval levels: 74.35897435897436 %
Step: 1925120
Mean test reward: 27.1875
Mean eval reward: 25.0
Successful test levels: 79.0909090909091 %
Successful eval levels: 72.07207207207207 %
Step: 1933312
Mean test reward: 23.75
Mean eval reward: 19.375
Successful test levels: 75.24752475247524 %
Successful eval levels: 62.0 %
Step: 1941504
Mean test reward: 34.6875
Mean eval reward: 20.3125
Successful test levels: 79.28571428571428 %
Successful eval levels: 72.22222222222221 %
Step: 1949696
Mean test reward: 35.0
Mean eval reward: 24.6875
Successful test levels: 87.5 %
Successful eval levels: 72.47706422018348 %
Step: 1957888
Mean test reward: 30.9375
Mean eval reward: 26.875
Successful test levels: 76.74418604651163 %
Successful eval levels: 70.49180327868852 %
Step: 1966080
Mean test reward: 24.0625
Mean eval reward: 18.75
Successful test levels: 82.79569892473118 %
Successful eval levels: 62.5 %
Step: 1974272
Mean test reward: 25.9375
Mean eval reward: 28.125
Successful test levels: 76.85185185185185 %
Successful eval levels: 80.35714285714286 %
Step: 1982464
Mean test reward: 25.3125
Mean eval reward: 18.125
Successful test levels: 77.14285714285715 %
Successful eval levels: 66.66666666666666 %
Step: 1990656
Mean test reward: 26.5625
Mean eval reward: 22.5
Successful test levels: 72.03389830508475 %
Successful eval levels: 76.59574468085107 %
Step: 1998848
Mean test reward: 27.5
Mean eval reward: 16.25
Successful test levels: 76.52173913043478 %
Successful eval levels: 66.66666666666666 %
Step: 2007040
Mean test reward: 24.6875
Mean eval reward: 15.9375
Successful test levels: 77.45098039215686 %
Successful eval levels: 60.0 %
Step: 2015232
Mean test reward: 26.5625
Mean eval reward: 18.75
Successful test levels: 79.43925233644859 %
Successful eval levels: 65.21739130434783 %
Step: 2023424
Mean test reward: 28.75
Mean eval reward: 19.375
Successful test levels: 88.46153846153845 %
Successful eval levels: 71.26436781609196 %
Step: 2031616
Mean test reward: 28.125
Mean eval reward: 12.5
Successful test levels: 76.92307692307693 %
Successful eval levels: 63.49206349206349 %
Step: 2039808
Mean test reward: 20.625
Mean eval reward: 23.4375
Successful test levels: 74.15730337078652 %
Successful eval levels: 78.125 %
Step: 2048000
Mean test reward: 22.5
Mean eval reward: 24.6875
Successful test levels: 72.72727272727273 %
Successful eval levels: 70.53571428571429 %
Step: 2056192
Mean test reward: 33.125
Mean eval reward: 21.25
Successful test levels: 80.3030303030303 %
Successful eval levels: 70.10309278350515 %
Step: 2064384
Mean test reward: 34.6875
Mean eval reward: 22.8125
Successful test levels: 83.45864661654136 %
Successful eval levels: 70.87378640776699 %
Step: 2072576
Mean test reward: 29.0625
Mean eval reward: 29.0625
Successful test levels: 81.57894736842105 %
Successful eval levels: 83.03571428571429 %
Step: 2080768
Mean test reward: 26.5625
Mean eval reward: 23.75
Successful test levels: 76.57657657657657 %
Successful eval levels: 76.0 %
Step: 2088960
Mean test reward: 31.5625
Mean eval reward: 26.25
Successful test levels: 88.59649122807018 %
Successful eval levels: 70.58823529411765 %
Step: 2097152
Mean test reward: 35.3125
Mean eval reward: 22.1875
Successful test levels: 83.7037037037037 %
Successful eval levels: 70.29702970297029 %
Step: 2105344
Mean test reward: 33.75
Mean eval reward: 25.9375
Successful test levels: 83.07692307692308 %
Successful eval levels: 72.17391304347827 %
Step: 2113536
Mean test reward: 39.6875
Mean eval reward: 22.1875
Successful test levels: 87.58620689655172 %
Successful eval levels: 78.02197802197803 %
Step: 2121728
Mean test reward: 36.5625
Mean eval reward: 24.6875
Successful test levels: 90.0 %
Successful eval levels: 79.0 %
Step: 2129920
Mean test reward: 35.3125
Mean eval reward: 23.75
Successful test levels: 84.32835820895522 %
Successful eval levels: 74.50980392156863 %
Step: 2138112
Mean test reward: 34.6875
Mean eval reward: 20.9375
Successful test levels: 87.4015748031496 %
Successful eval levels: 75.28089887640449 %
Step: 2146304
Mean test reward: 32.5
Mean eval reward: 22.8125
Successful test levels: 82.53968253968253 %
Successful eval levels: 72.27722772277228 %
Step: 2154496
Mean test reward: 35.3125
Mean eval reward: 26.25
Successful test levels: 88.28125 %
Successful eval levels: 74.33628318584071 %
Step: 2162688
Mean test reward: 33.4375
Mean eval reward: 25.625
Successful test levels: 81.67938931297711 %
Successful eval levels: 71.9298245614035 %
Step: 2170880
Mean test reward: 34.6875
Mean eval reward: 21.25
Successful test levels: 86.71875 %
Successful eval levels: 71.57894736842105 %
Step: 2179072
Mean test reward: 30.625
Mean eval reward: 23.125
Successful test levels: 84.48275862068965 %
Successful eval levels: 71.15384615384616 %
Step: 2187264
Mean test reward: 29.375
Mean eval reward: 21.25
Successful test levels: 80.34188034188034 %
Successful eval levels: 66.66666666666666 %
Step: 2195456
Mean test reward: 33.4375
Mean eval reward: 23.4375
Successful test levels: 81.06060606060606 %
Successful eval levels: 72.11538461538461 %
Step: 2203648
Mean test reward: 37.1875
Mean eval reward: 25.0
Successful test levels: 80.4054054054054 %
Successful eval levels: 76.92307692307693 %
Step: 2211840
Mean test reward: 32.1875
Mean eval reward: 20.0
Successful test levels: 79.84496124031007 %
Successful eval levels: 66.66666666666666 %
Step: 2220032
Mean test reward: 23.75
Mean eval reward: 25.9375
Successful test levels: 78.35051546391753 %
Successful eval levels: 72.80701754385966 %
Step: 2228224
Mean test reward: 30.625
Mean eval reward: 25.9375
Successful test levels: 80.32786885245902 %
Successful eval levels: 69.74789915966386 %
Step: 2236416
Mean test reward: 29.0625
Mean eval reward: 27.1875
Successful test levels: 81.57894736842105 %
Successful eval levels: 72.5 %
Step: 2244608
Mean test reward: 30.625
Mean eval reward: 26.25
Successful test levels: 78.4 %
Successful eval levels: 75.67567567567568 %
Step: 2252800
Mean test reward: 25.625
Mean eval reward: 21.875
Successful test levels: 79.6116504854369 %
Successful eval levels: 73.68421052631578 %
Step: 2260992
Mean test reward: 31.5625
Mean eval reward: 24.0625
Successful test levels: 88.59649122807018 %
Successful eval levels: 74.75728155339806 %
Step: 2269184
Mean test reward: 30.9375
Mean eval reward: 20.0
Successful test levels: 82.5 %
Successful eval levels: 73.5632183908046 %
Step: 2277376
Mean test reward: 32.8125
Mean eval reward: 20.625
Successful test levels: 81.3953488372093 %
Successful eval levels: 75.0 %
Step: 2285568
Mean test reward: 35.625
Mean eval reward: 25.625
Successful test levels: 92.6829268292683 %
Successful eval levels: 70.08547008547008 %
Step: 2293760
Mean test reward: 32.1875
Mean eval reward: 26.875
Successful test levels: 83.73983739837398 %
Successful eval levels: 74.13793103448276 %
Step: 2301952
Mean test reward: 29.375
Mean eval reward: 19.375
Successful test levels: 81.03448275862068 %
Successful eval levels: 70.45454545454545 %
Step: 2310144
Mean test reward: 29.6875
Mean eval reward: 22.8125
Successful test levels: 85.58558558558559 %
Successful eval levels: 79.34782608695652 %
Step: 2318336
Mean test reward: 21.25
Mean eval reward: 21.5625
Successful test levels: 73.91304347826086 %
Successful eval levels: 70.40816326530613 %
Step: 2326528
Mean test reward: 23.4375
Mean eval reward: 19.0625
Successful test levels: 70.75471698113208 %
Successful eval levels: 70.11494252873564 %
Step: 2334720
Mean test reward: 28.75
Mean eval reward: 25.0
Successful test levels: 80.7017543859649 %
Successful eval levels: 73.39449541284404 %
Step: 2342912
Mean test reward: 30.625
Mean eval reward: 24.0625
Successful test levels: 86.72566371681415 %
Successful eval levels: 77.77777777777779 %
Step: 2351104
Mean test reward: 31.25
Mean eval reward: 28.75
Successful test levels: 83.33333333333334 %
Successful eval levels: 82.88288288288288 %
Step: 2359296
Mean test reward: 33.75
Mean eval reward: 23.125
Successful test levels: 83.07692307692308 %
Successful eval levels: 76.28865979381443 %
Step: 2367488
Mean test reward: 31.5625
Mean eval reward: 23.75
Successful test levels: 84.16666666666667 %
Successful eval levels: 75.24752475247524 %
Step: 2375680
Mean test reward: 31.5625
Mean eval reward: 25.3125
Successful test levels: 77.6923076923077 %
Successful eval levels: 71.68141592920354 %
Step: 2383872
Mean test reward: 33.75
Mean eval reward: 21.25
Successful test levels: 81.81818181818183 %
Successful eval levels: 70.83333333333334 %
Step: 2392064
Mean test reward: 31.5625
Mean eval reward: 25.9375
Successful test levels: 82.78688524590164 %
Successful eval levels: 70.94017094017094 %
Step: 2400256
Mean test reward: 39.6875
Mean eval reward: 24.0625
Successful test levels: 86.39455782312925 %
Successful eval levels: 71.96261682242991 %
Step: 2408448
Mean test reward: 31.875
Mean eval reward: 28.125
Successful test levels: 85.71428571428571 %
Successful eval levels: 75.63025210084034 %
Step: 2416640
Mean test reward: 32.1875
Mean eval reward: 23.75
Successful test levels: 86.5546218487395 %
Successful eval levels: 69.72477064220183 %
Step: 2424832
Mean test reward: 27.5
Mean eval reward: 15.0
Successful test levels: 83.80952380952381 %
Successful eval levels: 71.64179104477611 %
Step: 2433024
Mean test reward: 27.5
Mean eval reward: 18.75
Successful test levels: 90.72164948453609 %
Successful eval levels: 71.42857142857143 %
Step: 2441216
Mean test reward: 31.25
Mean eval reward: 22.5
Successful test levels: 85.47008547008546 %
Successful eval levels: 72.0 %
Step: 2449408
Mean test reward: 30.9375
Mean eval reward: 31.5625
Successful test levels: 83.19327731092437 %
Successful eval levels: 74.26470588235294 %
Step: 2457600
Mean test reward: 30.9375
Mean eval reward: 23.4375
Successful test levels: 83.89830508474576 %
Successful eval levels: 65.21739130434783 %
Step: 2465792
Mean test reward: 28.4375
Mean eval reward: 28.75
Successful test levels: 82.72727272727273 %
Successful eval levels: 76.66666666666667 %
Step: 2473984
Mean test reward: 33.75
Mean eval reward: 22.8125
Successful test levels: 84.375 %
Successful eval levels: 71.56862745098039 %
Step: 2482176
Mean test reward: 30.9375
Mean eval reward: 22.1875
Successful test levels: 84.61538461538461 %
Successful eval levels: 71.71717171717171 %
Step: 2490368
Mean test reward: 23.75
Mean eval reward: 25.9375
Successful test levels: 85.39325842696628 %
Successful eval levels: 82.17821782178217 %
Step: 2498560
Mean test reward: 32.5
Mean eval reward: 19.375
Successful test levels: 81.88976377952756 %
Successful eval levels: 59.61538461538461 %
Step: 2506752
Mean test reward: 30.0
Mean eval reward: 26.875
Successful test levels: 85.71428571428571 %
Successful eval levels: 75.43859649122807 %
Completed training!
